SF:/home/runner/work/wangkanai/wangkanai/Federation/src/Federation/DependencyInjection/ApplicationBuilderExtensions.cs
FN:19,Microsoft.AspNetCore.Builder.IApplicationBuilder Microsoft.Extensions.DependencyInjection.FederationApplicationExtensions::UseFederation(Microsoft.AspNetCore.Builder.IApplicationBuilder)
FNDA:0,Microsoft.AspNetCore.Builder.IApplicationBuilder Microsoft.Extensions.DependencyInjection.FederationApplicationExtensions::UseFederation(Microsoft.AspNetCore.Builder.IApplicationBuilder)
DA:20,0
DA:22,0
DA:23,0
DA:24,0
DA:26,0
DA:27,0
DA:29,0
DA:31,0
FN:33,System.Void Microsoft.Extensions.DependencyInjection.FederationApplicationExtensions::ValidationOptions(Wangkanai.Federation.FederationOptions)
FNDA:0,System.Void Microsoft.Extensions.DependencyInjection.FederationApplicationExtensions::ValidationOptions(Wangkanai.Federation.FederationOptions)
DA:34,0
FN:37,System.Void Microsoft.Extensions.DependencyInjection.FederationApplicationExtensions::Validate(Microsoft.AspNetCore.Builder.IApplicationBuilder)
FNDA:0,System.Void Microsoft.Extensions.DependencyInjection.FederationApplicationExtensions::Validate(Microsoft.AspNetCore.Builder.IApplicationBuilder)
DA:38,0
DA:40,0
DA:41,0
DA:43,0
DA:44,0
DA:45,0
LF:15
LH:0
BRF:0
BRH:0
FNF:3
FNH:0
end_of_record
SF:/home/runner/work/wangkanai/wangkanai/Federation/src/Federation/DependencyInjection/Builders/Core.cs
FN:15,Microsoft.Extensions.DependencyInjection.IFederationBuilder Microsoft.Extensions.DependencyInjection.FederationCoreBuilderExtensions::AddRequiredServices(Microsoft.Extensions.DependencyInjection.IFederationBuilder)
FNDA:1,Microsoft.Extensions.DependencyInjection.IFederationBuilder Microsoft.Extensions.DependencyInjection.FederationCoreBuilderExtensions::AddRequiredServices(Microsoft.Extensions.DependencyInjection.IFederationBuilder)
DA:16,1
DA:18,1
DA:19,1
DA:20,1
DA:21,1
DA:22,1
DA:24,1
FN:29,Microsoft.Extensions.DependencyInjection.IFederationBuilder Microsoft.Extensions.DependencyInjection.FederationCoreBuilderExtensions::AddCoreServices(Microsoft.Extensions.DependencyInjection.IFederationBuilder)
FNDA:1,Microsoft.Extensions.DependencyInjection.IFederationBuilder Microsoft.Extensions.DependencyInjection.FederationCoreBuilderExtensions::AddCoreServices(Microsoft.Extensions.DependencyInjection.IFederationBuilder)
DA:30,1
DA:31,1
DA:33,1
FN:37,Microsoft.Extensions.DependencyInjection.IFederationBuilder Microsoft.Extensions.DependencyInjection.FederationCoreBuilderExtensions::AddMarkerService(Microsoft.Extensions.DependencyInjection.IFederationBuilder)
FNDA:1,Microsoft.Extensions.DependencyInjection.IFederationBuilder Microsoft.Extensions.DependencyInjection.FederationCoreBuilderExtensions::AddMarkerService(Microsoft.Extensions.DependencyInjection.IFederationBuilder)
DA:38,1
DA:40,1
LF:12
LH:12
BRF:0
BRH:0
FNF:3
FNH:3
end_of_record
SF:/home/runner/work/wangkanai/wangkanai/Federation/src/Federation/DependencyInjection/Builders/Endpoint.cs
FN:20,Microsoft.Extensions.DependencyInjection.IFederationBuilder Microsoft.Extensions.DependencyInjection.FederationEndpointBuilderExtensions::AddDefaultEndpoints(Microsoft.Extensions.DependencyInjection.IFederationBuilder)
FNDA:0,Microsoft.Extensions.DependencyInjection.IFederationBuilder Microsoft.Extensions.DependencyInjection.FederationEndpointBuilderExtensions::AddDefaultEndpoints(Microsoft.Extensions.DependencyInjection.IFederationBuilder)
DA:21,0
DA:23,0
DA:25,0
FN:30,Microsoft.Extensions.DependencyInjection.IFederationBuilder Microsoft.Extensions.DependencyInjection.FederationEndpointBuilderExtensions::AddEndpoint(Microsoft.Extensions.DependencyInjection.IFederationBuilder,System.String,Microsoft.AspNetCore.Http.PathString)
FNDA:0,Microsoft.Extensions.DependencyInjection.IFederationBuilder Microsoft.Extensions.DependencyInjection.FederationEndpointBuilderExtensions::AddEndpoint(Microsoft.Extensions.DependencyInjection.IFederationBuilder,System.String,Microsoft.AspNetCore.Http.PathString)
DA:31,0
DA:32,0
DA:34,0
LF:6
LH:0
BRF:0
BRH:0
FNF:2
FNH:0
end_of_record
SF:/home/runner/work/wangkanai/wangkanai/Federation/src/Federation/DependencyInjection/Builders/Response.cs
FN:12,Microsoft.Extensions.DependencyInjection.IFederationBuilder Microsoft.Extensions.DependencyInjection.FederationResponseBuilderExtensions::AddResponseMakers(Microsoft.Extensions.DependencyInjection.IFederationBuilder)
FNDA:0,Microsoft.Extensions.DependencyInjection.IFederationBuilder Microsoft.Extensions.DependencyInjection.FederationResponseBuilderExtensions::AddResponseMakers(Microsoft.Extensions.DependencyInjection.IFederationBuilder)
DA:13,0
DA:15,0
LF:2
LH:0
BRF:0
BRH:0
FNF:1
FNH:0
end_of_record
SF:/home/runner/work/wangkanai/wangkanai/Federation/src/Federation/DependencyInjection/Builders/Runnable.cs
FN:12,Microsoft.Extensions.DependencyInjection.IFederationBuilder Microsoft.Extensions.DependencyInjection.FederationRunnableBuilderExtensions::AddRunnableServices(Microsoft.Extensions.DependencyInjection.IFederationBuilder)
FNDA:0,Microsoft.Extensions.DependencyInjection.IFederationBuilder Microsoft.Extensions.DependencyInjection.FederationRunnableBuilderExtensions::AddRunnableServices(Microsoft.Extensions.DependencyInjection.IFederationBuilder)
DA:13,0
DA:15,0
LF:2
LH:0
BRF:0
BRH:0
FNF:1
FNH:0
end_of_record
SF:/home/runner/work/wangkanai/wangkanai/Federation/src/Federation/DependencyInjection/Builders/Validator.cs
FN:11,Microsoft.Extensions.DependencyInjection.IFederationBuilder Microsoft.Extensions.DependencyInjection.FederationValidatorBuilderExtensions::AddResourceOwnerValidator(Microsoft.Extensions.DependencyInjection.IFederationBuilder)
FNDA:0,Microsoft.Extensions.DependencyInjection.IFederationBuilder Microsoft.Extensions.DependencyInjection.FederationValidatorBuilderExtensions::AddResourceOwnerValidator(Microsoft.Extensions.DependencyInjection.IFederationBuilder)
DA:12,0
DA:14,0
LF:2
LH:0
BRF:0
BRH:0
FNF:1
FNH:0
end_of_record
SF:/home/runner/work/wangkanai/wangkanai/Federation/src/Federation/DependencyInjection/FederationBuilder.cs
FN:14,Microsoft.Extensions.DependencyInjection.IServiceCollection Microsoft.Extensions.DependencyInjection.FederationBuilder::get_Services()
FNDA:14,Microsoft.Extensions.DependencyInjection.IServiceCollection Microsoft.Extensions.DependencyInjection.FederationBuilder::get_Services()
DA:15,14
FN:9,System.Void Microsoft.Extensions.DependencyInjection.FederationBuilder::.ctor(Microsoft.Extensions.DependencyInjection.IServiceCollection)
FNDA:5,System.Void Microsoft.Extensions.DependencyInjection.FederationBuilder::.ctor(Microsoft.Extensions.DependencyInjection.IServiceCollection)
DA:10,5
DA:11,5
LF:3
LH:3
BRF:0
BRH:0
FNF:2
FNH:2
end_of_record
SF:/home/runner/work/wangkanai/wangkanai/Federation/src/Federation/DependencyInjection/FederationCollectionExtensions.cs
FN:13,Microsoft.Extensions.DependencyInjection.IFederationBuilder Microsoft.Extensions.DependencyInjection.FederationCollectionExtensions::AddFederation(Microsoft.Extensions.DependencyInjection.IServiceCollection)
FNDA:1,Microsoft.Extensions.DependencyInjection.IFederationBuilder Microsoft.Extensions.DependencyInjection.FederationCollectionExtensions::AddFederation(Microsoft.Extensions.DependencyInjection.IServiceCollection)
DA:14,1
DA:15,1
DA:16,1
DA:17,1
DA:18,1
DA:19,1
DA:20,1
FN:26,Microsoft.Extensions.DependencyInjection.IFederationBuilder Microsoft.Extensions.DependencyInjection.FederationCollectionExtensions::AddFederation(Microsoft.Extensions.DependencyInjection.IServiceCollection,System.Action`1<Wangkanai.Federation.FederationOptions>)
FNDA:0,Microsoft.Extensions.DependencyInjection.IFederationBuilder Microsoft.Extensions.DependencyInjection.FederationCollectionExtensions::AddFederation(Microsoft.Extensions.DependencyInjection.IServiceCollection,System.Action`1<Wangkanai.Federation.FederationOptions>)
DA:27,0
DA:28,0
FN:30,Microsoft.Extensions.DependencyInjection.IFederationBuilder Microsoft.Extensions.DependencyInjection.FederationCollectionExtensions::AddFederationBuilder(Microsoft.Extensions.DependencyInjection.IServiceCollection)
FNDA:5,Microsoft.Extensions.DependencyInjection.IFederationBuilder Microsoft.Extensions.DependencyInjection.FederationCollectionExtensions::AddFederationBuilder(Microsoft.Extensions.DependencyInjection.IServiceCollection)
DA:31,5
LF:10
LH:8
BRF:0
BRH:0
FNF:3
FNH:2
end_of_record
SF:/home/runner/work/wangkanai/wangkanai/Federation/src/Federation/DependencyInjection/Options/AuthenticationOptions.cs
FN:8,System.String Wangkanai.Federation.AuthenticationOptions::get_CookieAuthenticationScheme()
FNDA:0,System.String Wangkanai.Federation.AuthenticationOptions::get_CookieAuthenticationScheme()
DA:9,0
FN:9,System.TimeSpan Wangkanai.Federation.AuthenticationOptions::get_CookieLifetime()
FNDA:0,System.TimeSpan Wangkanai.Federation.AuthenticationOptions::get_CookieLifetime()
DA:10,0
FN:10,System.String Wangkanai.Federation.AuthenticationOptions::get_SessionCookieName()
FNDA:0,System.String Wangkanai.Federation.AuthenticationOptions::get_SessionCookieName()
DA:11,0
FN:11,System.String Wangkanai.Federation.AuthenticationOptions::get_SessionCookieDomain()
FNDA:0,System.String Wangkanai.Federation.AuthenticationOptions::get_SessionCookieDomain()
DA:12,0
FN:12,Microsoft.AspNetCore.Http.SameSiteMode Wangkanai.Federation.AuthenticationOptions::get_SessionCookieSameSiteMode()
FNDA:0,Microsoft.AspNetCore.Http.SameSiteMode Wangkanai.Federation.AuthenticationOptions::get_SessionCookieSameSiteMode()
DA:13,0
LF:5
LH:0
BRF:0
BRH:0
FNF:5
FNH:0
end_of_record
SF:/home/runner/work/wangkanai/wangkanai/Federation/src/Federation/DependencyInjection/Options/CachingOptions.cs
FN:6,System.Boolean Wangkanai.Federation.CachingOptions::get_Enabled()
FNDA:0,System.Boolean Wangkanai.Federation.CachingOptions::get_Enabled()
DA:7,0
LF:1
LH:0
BRF:0
BRH:0
FNF:1
FNH:0
end_of_record
SF:/home/runner/work/wangkanai/wangkanai/Federation/src/Federation/DependencyInjection/Options/ConfigurationOptions.cs
FN:13,System.Int32 Wangkanai.Federation.ConfigurationOptions::get_MaxLengthForKeys()
FNDA:0,System.Int32 Wangkanai.Federation.ConfigurationOptions::get_MaxLengthForKeys()
DA:14,0
FN:19,System.Boolean Wangkanai.Federation.ConfigurationOptions::get_EncryptData()
FNDA:0,System.Boolean Wangkanai.Federation.ConfigurationOptions::get_EncryptData()
DA:20,0
FN:21,System.String Wangkanai.Federation.ConfigurationOptions::get_Client()
FNDA:0,System.String Wangkanai.Federation.ConfigurationOptions::get_Client()
DA:22,0
FN:22,System.String Wangkanai.Federation.ConfigurationOptions::get_ClientOrigin()
FNDA:0,System.String Wangkanai.Federation.ConfigurationOptions::get_ClientOrigin()
DA:23,0
FN:23,System.String Wangkanai.Federation.ConfigurationOptions::get_ClientFlowType()
FNDA:0,System.String Wangkanai.Federation.ConfigurationOptions::get_ClientFlowType()
DA:24,0
FN:24,System.String Wangkanai.Federation.ConfigurationOptions::get_ClientRedirectUri()
FNDA:0,System.String Wangkanai.Federation.ConfigurationOptions::get_ClientRedirectUri()
DA:25,0
FN:25,System.String Wangkanai.Federation.ConfigurationOptions::get_Scope()
FNDA:0,System.String Wangkanai.Federation.ConfigurationOptions::get_Scope()
DA:26,0
FN:26,System.String Wangkanai.Federation.ConfigurationOptions::get_Resource()
FNDA:0,System.String Wangkanai.Federation.ConfigurationOptions::get_Resource()
DA:27,0
FN:27,System.String Wangkanai.Federation.ConfigurationOptions::get_Directory()
FNDA:0,System.String Wangkanai.Federation.ConfigurationOptions::get_Directory()
DA:28,0
FN:28,System.String Wangkanai.Federation.ConfigurationOptions::get_Group()
FNDA:0,System.String Wangkanai.Federation.ConfigurationOptions::get_Group()
DA:29,0
LF:10
LH:0
BRF:0
BRH:0
FNF:10
FNH:0
end_of_record
SF:/home/runner/work/wangkanai/wangkanai/Federation/src/Federation/DependencyInjection/Options/CspOptions.cs
FN:6,System.Boolean Wangkanai.Federation.CspOptions::get_Enabled()
FNDA:0,System.Boolean Wangkanai.Federation.CspOptions::get_Enabled()
DA:7,0
LF:1
LH:0
BRF:0
BRH:0
FNF:1
FNH:0
end_of_record
SF:/home/runner/work/wangkanai/wangkanai/Federation/src/Federation/DependencyInjection/Options/DiscoveryOptions.cs
FN:14,System.Int32 Wangkanai.Federation.DiscoveryOptions::get_ResponseCacheMaxAge()
FNDA:0,System.Int32 Wangkanai.Federation.DiscoveryOptions::get_ResponseCacheMaxAge()
DA:15,0
LF:1
LH:0
BRF:0
BRH:0
FNF:1
FNH:0
end_of_record
SF:/home/runner/work/wangkanai/wangkanai/Federation/src/Federation/DependencyInjection/Options/EndpointsOptions.cs
FN:9,System.Boolean Wangkanai.Federation.EndpointsOptions::get_EnableDiscoveryEndpoint()
FNDA:0,System.Boolean Wangkanai.Federation.EndpointsOptions::get_EnableDiscoveryEndpoint()
DA:10,0
LF:1
LH:0
BRF:0
BRH:0
FNF:1
FNH:0
end_of_record
SF:/home/runner/work/wangkanai/wangkanai/Federation/src/Federation/DependencyInjection/Options/FederationOptions.cs
FN:12,Wangkanai.Federation.DiscoveryOptions Wangkanai.Federation.FederationOptions::get_Discovery()
FNDA:0,Wangkanai.Federation.DiscoveryOptions Wangkanai.Federation.FederationOptions::get_Discovery()
DA:13,0
FN:13,Wangkanai.Federation.IssuerOptions Wangkanai.Federation.FederationOptions::get_Issuer()
FNDA:0,Wangkanai.Federation.IssuerOptions Wangkanai.Federation.FederationOptions::get_Issuer()
DA:14,0
FN:14,Wangkanai.Federation.EndpointsOptions Wangkanai.Federation.FederationOptions::get_Endpoints()
FNDA:0,Wangkanai.Federation.EndpointsOptions Wangkanai.Federation.FederationOptions::get_Endpoints()
DA:15,0
FN:15,Wangkanai.Federation.ConfigurationOptions Wangkanai.Federation.FederationOptions::get_Stores()
FNDA:0,Wangkanai.Federation.ConfigurationOptions Wangkanai.Federation.FederationOptions::get_Stores()
DA:16,0
FN:16,Wangkanai.Federation.ValidationOptions Wangkanai.Federation.FederationOptions::get_Validation()
FNDA:0,Wangkanai.Federation.ValidationOptions Wangkanai.Federation.FederationOptions::get_Validation()
DA:17,0
FN:17,Wangkanai.Federation.CorsOptions Wangkanai.Federation.FederationOptions::get_Cors()
FNDA:0,Wangkanai.Federation.CorsOptions Wangkanai.Federation.FederationOptions::get_Cors()
DA:18,0
FN:18,Wangkanai.Federation.CspOptions Wangkanai.Federation.FederationOptions::get_Csp()
FNDA:0,Wangkanai.Federation.CspOptions Wangkanai.Federation.FederationOptions::get_Csp()
DA:19,0
FN:19,Wangkanai.Federation.CachingOptions Wangkanai.Federation.FederationOptions::get_Caching()
FNDA:0,Wangkanai.Federation.CachingOptions Wangkanai.Federation.FederationOptions::get_Caching()
DA:20,0
FN:20,Wangkanai.Federation.AuthenticationOptions Wangkanai.Federation.FederationOptions::get_Authentication()
FNDA:0,Wangkanai.Federation.AuthenticationOptions Wangkanai.Federation.FederationOptions::get_Authentication()
DA:21,0
FN:21,Wangkanai.Federation.Options.PersistentGrantOptions Wangkanai.Federation.FederationOptions::get_PersistentGrants()
FNDA:0,Wangkanai.Federation.Options.PersistentGrantOptions Wangkanai.Federation.FederationOptions::get_PersistentGrants()
DA:22,0
LF:10
LH:0
BRF:0
BRH:0
FNF:10
FNH:0
end_of_record
SF:/home/runner/work/wangkanai/wangkanai/Federation/src/Federation/DependencyInjection/Options/IssuerOptions.cs
FN:6,System.String Wangkanai.Federation.IssuerOptions::get_Name()
FNDA:0,System.String Wangkanai.Federation.IssuerOptions::get_Name()
DA:7,0
LF:1
LH:0
BRF:0
BRH:0
FNF:1
FNH:0
end_of_record
SF:/home/runner/work/wangkanai/wangkanai/Federation/src/Federation/FederationConstants.cs
FN:11,System.Void Wangkanai.Federation.FederationConstants::.cctor()
FNDA:0,System.Void Wangkanai.Federation.FederationConstants::.cctor()
DA:12,0
DA:13,0
LF:2
LH:0
BRF:0
BRH:0
FNF:1
FNH:0
end_of_record
SF:/home/runner/work/wangkanai/wangkanai/Federation/src/Federation/Validations/ResourceOwnerPasswordValidationContext.cs
FN:6,System.String Wangkanai.Federation.Validations.ResourceOwnerPasswordValidationContext::get_Username()
FNDA:0,System.String Wangkanai.Federation.Validations.ResourceOwnerPasswordValidationContext::get_Username()
DA:7,0
LF:1
LH:0
BRF:0
BRH:0
FNF:1
FNH:0
end_of_record
SF:/home/runner/work/wangkanai/wangkanai/Federation/src/Federation/Validations/Results/ParsedScopeValue.cs
FN:16,System.String Wangkanai.Federation.Validations.ParsedScopeValue::get_Value()
FNDA:0,System.String Wangkanai.Federation.Validations.ParsedScopeValue::get_Value()
DA:17,0
FN:17,System.String Wangkanai.Federation.Validations.ParsedScopeValue::get_Name()
FNDA:0,System.String Wangkanai.Federation.Validations.ParsedScopeValue::get_Name()
DA:18,0
FN:18,System.String Wangkanai.Federation.Validations.ParsedScopeValue::get_Parameter()
FNDA:0,System.String Wangkanai.Federation.Validations.ParsedScopeValue::get_Parameter()
DA:19,0
FN:7,System.Void Wangkanai.Federation.Validations.ParsedScopeValue::.ctor(System.String)
FNDA:0,System.Void Wangkanai.Federation.Validations.ParsedScopeValue::.ctor(System.String)
DA:8,0
FN:9,System.Void Wangkanai.Federation.Validations.ParsedScopeValue::.ctor(System.String,System.String,System.String)
FNDA:0,System.Void Wangkanai.Federation.Validations.ParsedScopeValue::.ctor(System.String,System.String,System.String)
DA:10,0
DA:12,0
DA:13,0
DA:14,0
DA:15,0
LF:9
LH:0
BRF:0
BRH:0
FNF:5
FNH:0
end_of_record
SF:/home/runner/work/wangkanai/wangkanai/Federation/src/Federation/Validations/Results/ResourceValidationResult.cs
FN:23,System.Boolean Wangkanai.Federation.Validations.ResourceValidationResult::get_Succeed()
FNDA:0,System.Boolean Wangkanai.Federation.Validations.ResourceValidationResult::get_Succeed()
DA:24,0
DA:25,0
DA:26,0
BRDA:24,11,0,0
BRDA:24,24,0,0
BRDA:24,11,1,0
BRDA:24,24,1,0
FN:28,System.Collections.Generic.IEnumerable`1<System.String> Wangkanai.Federation.Validations.ResourceValidationResult::get_RawScopeValues()
FNDA:0,System.Collections.Generic.IEnumerable`1<System.String> Wangkanai.Federation.Validations.ResourceValidationResult::get_RawScopeValues()
DA:29,0
FN:30,Wangkanai.Federation.Models.FederationResources Wangkanai.Federation.Validations.ResourceValidationResult::get_Resources()
FNDA:0,Wangkanai.Federation.Models.FederationResources Wangkanai.Federation.Validations.ResourceValidationResult::get_Resources()
DA:31,0
FN:32,System.Collections.Generic.ICollection`1<Wangkanai.Federation.Validations.ParsedScopeValue> Wangkanai.Federation.Validations.ResourceValidationResult::get_ParsedScopes()
FNDA:0,System.Collections.Generic.ICollection`1<Wangkanai.Federation.Validations.ParsedScopeValue> Wangkanai.Federation.Validations.ResourceValidationResult::get_ParsedScopes()
DA:33,0
FN:34,System.Collections.Generic.ICollection`1<System.String> Wangkanai.Federation.Validations.ResourceValidationResult::get_InvalidScopes()
FNDA:0,System.Collections.Generic.ICollection`1<System.String> Wangkanai.Federation.Validations.ResourceValidationResult::get_InvalidScopes()
DA:35,0
FN:35,System.Collections.Generic.ICollection`1<System.String> Wangkanai.Federation.Validations.ResourceValidationResult::get_InvalidResources()
FNDA:0,System.Collections.Generic.ICollection`1<System.String> Wangkanai.Federation.Validations.ResourceValidationResult::get_InvalidResources()
DA:36,0
FN:36,System.Collections.Generic.ICollection`1<System.String> Wangkanai.Federation.Validations.ResourceValidationResult::get_InvalidResourceIndicators()
FNDA:0,System.Collections.Generic.ICollection`1<System.String> Wangkanai.Federation.Validations.ResourceValidationResult::get_InvalidResourceIndicators()
DA:37,0
FN:8,System.Void Wangkanai.Federation.Validations.ResourceValidationResult::.ctor()
FNDA:0,System.Void Wangkanai.Federation.Validations.ResourceValidationResult::.ctor()
DA:9,0
FN:10,System.Void Wangkanai.Federation.Validations.ResourceValidationResult::.ctor(Wangkanai.Federation.Models.FederationResources)
FNDA:0,System.Void Wangkanai.Federation.Validations.ResourceValidationResult::.ctor(Wangkanai.Federation.Models.FederationResources)
DA:11,0
DA:13,0
DA:14,0
DA:15,0
FN:16,System.Void Wangkanai.Federation.Validations.ResourceValidationResult::.ctor(Wangkanai.Federation.Models.FederationResources,System.Collections.Generic.IEnumerable`1<Wangkanai.Federation.Validations.ParsedScopeValue>)
FNDA:0,System.Void Wangkanai.Federation.Validations.ResourceValidationResult::.ctor(Wangkanai.Federation.Models.FederationResources,System.Collections.Generic.IEnumerable`1<Wangkanai.Federation.Validations.ParsedScopeValue>)
DA:17,0
DA:19,0
DA:20,0
DA:21,0
LF:18
LH:0
BRF:4
BRH:0
FNF:10
FNH:0
end_of_record
SF:/home/runner/work/wangkanai/wangkanai/Federation/src/Federation/Validations/Results/ValidationResult.cs
FN:6,System.Boolean Wangkanai.Federation.Validations.ValidationResult::get_IsError()
FNDA:0,System.Boolean Wangkanai.Federation.Validations.ValidationResult::get_IsError()
DA:7,0
FN:7,System.String Wangkanai.Federation.Validations.ValidationResult::get_Error()
FNDA:0,System.String Wangkanai.Federation.Validations.ValidationResult::get_Error()
DA:8,0
FN:8,System.String Wangkanai.Federation.Validations.ValidationResult::get_Description()
FNDA:0,System.String Wangkanai.Federation.Validations.ValidationResult::get_Description()
DA:9,0
LF:3
LH:0
BRF:0
BRH:0
FNF:3
FNH:0
end_of_record
SF:/home/runner/work/wangkanai/wangkanai/Federation/src/Federation/Validations/ValidationAuthorizeRequest.cs
FN:6,System.String Wangkanai.Federation.Validations.ValidationAuthorizeRequest::get_RedirectUri()
FNDA:0,System.String Wangkanai.Federation.Validations.ValidationAuthorizeRequest::get_RedirectUri()
DA:7,0
FN:7,System.String Wangkanai.Federation.Validations.ValidationAuthorizeRequest::get_State()
FNDA:0,System.String Wangkanai.Federation.Validations.ValidationAuthorizeRequest::get_State()
DA:8,0
LF:2
LH:0
BRF:0
BRH:0
FNF:2
FNH:0
end_of_record
SF:/home/runner/work/wangkanai/wangkanai/Federation/src/Federation/Validations/ValidationRequest.cs
FN:8,System.String Wangkanai.Federation.Validations.ValidationRequest::get_Issuer()
FNDA:0,System.String Wangkanai.Federation.Validations.ValidationRequest::get_Issuer()
DA:9,0
FN:9,System.Int32 Wangkanai.Federation.Validations.ValidationRequest::get_AccessTokenLifetime()
FNDA:0,System.Int32 Wangkanai.Federation.Validations.ValidationRequest::get_AccessTokenLifetime()
DA:10,0
FN:10,System.Security.Claims.ClaimsPrincipal Wangkanai.Federation.Validations.ValidationRequest::get_Subject()
FNDA:0,System.Security.Claims.ClaimsPrincipal Wangkanai.Federation.Validations.ValidationRequest::get_Subject()
DA:11,0
FN:11,System.String Wangkanai.Federation.Validations.ValidationRequest::get_SessionId()
FNDA:0,System.String Wangkanai.Federation.Validations.ValidationRequest::get_SessionId()
DA:12,0
FN:13,Wangkanai.Federation.Validations.ResourceValidationResult Wangkanai.Federation.Validations.ValidationRequest::get_ValidationResources()
FNDA:0,Wangkanai.Federation.Validations.ResourceValidationResult Wangkanai.Federation.Validations.ValidationRequest::get_ValidationResources()
DA:14,0
LF:5
LH:0
BRF:0
BRH:0
FNF:5
FNH:0
end_of_record
SF:/home/runner/work/wangkanai/wangkanai/Federation/src/Federation/Validations/ValidationTokenRequest.cs
FN:6,System.String Wangkanai.Federation.Validations.ValidationTokenRequest::get_GrantType()
FNDA:0,System.String Wangkanai.Federation.Validations.ValidationTokenRequest::get_GrantType()
DA:7,0
FN:7,System.String Wangkanai.Federation.Validations.ValidationTokenRequest::get_RequestedResourceIndicator()
FNDA:0,System.String Wangkanai.Federation.Validations.ValidationTokenRequest::get_RequestedResourceIndicator()
DA:8,0
FN:8,System.String Wangkanai.Federation.Validations.ValidationTokenRequest::get_Username()
FNDA:0,System.String Wangkanai.Federation.Validations.ValidationTokenRequest::get_Username()
DA:9,0
LF:3
LH:0
BRF:0
BRH:0
FNF:3
FNH:0
end_of_record
SF:/home/runner/work/wangkanai/wangkanai/Federation/src/Federation/Services/FederationIssuerNameService.cs
FN:15,System.Threading.Tasks.Task`1<System.String> Wangkanai.Federation.Services.FederationIssuerNameService::GetCurrentAsync()
FNDA:0,System.Threading.Tasks.Task`1<System.String> Wangkanai.Federation.Services.FederationIssuerNameService::GetCurrentAsync()
DA:16,0
DA:18,0
FN:8,System.Void Wangkanai.Federation.Services.FederationIssuerNameService::.ctor(Wangkanai.Federation.FederationOptions)
FNDA:0,System.Void Wangkanai.Federation.Services.FederationIssuerNameService::.ctor(Wangkanai.Federation.FederationOptions)
DA:9,0
DA:11,0
DA:12,0
LF:5
LH:0
BRF:0
BRH:0
FNF:2
FNH:0
end_of_record
SF:/home/runner/work/wangkanai/wangkanai/Federation/src/Federation/Services/FederationKeyMaterialService.cs
FN:24,System.Threading.Tasks.Task`1<System.Collections.Generic.IEnumerable`1<Microsoft.IdentityModel.Tokens.SigningCredentials>> Wangkanai.Federation.Services.FederationKeyMaterialService::GetSigningCredentialsAsync()
FNDA:0,System.Threading.Tasks.Task`1<System.Collections.Generic.IEnumerable`1<Microsoft.IdentityModel.Tokens.SigningCredentials>> Wangkanai.Federation.Services.FederationKeyMaterialService::GetSigningCredentialsAsync()
DA:25,0
FN:10,System.Void Wangkanai.Federation.Services.FederationKeyMaterialService::.ctor()
FNDA:0,System.Void Wangkanai.Federation.Services.FederationKeyMaterialService::.ctor()
DA:11,0
FN:14,System.Void Wangkanai.Federation.Services.FederationKeyMaterialService/<GetSigningCredentialsAsync>d__1::MoveNext()
FNDA:0,System.Void Wangkanai.Federation.Services.FederationKeyMaterialService/<GetSigningCredentialsAsync>d__1::MoveNext()
DA:15,0
FN:19,System.Void Wangkanai.Federation.Services.FederationKeyMaterialService/<GetValidationKeysAsync>d__2::MoveNext()
FNDA:0,System.Void Wangkanai.Federation.Services.FederationKeyMaterialService/<GetValidationKeysAsync>d__2::MoveNext()
DA:20,0
LF:4
LH:0
BRF:0
BRH:0
FNF:4
FNH:0
end_of_record
SF:/home/runner/work/wangkanai/wangkanai/Federation/src/Federation/Services/FederationServerUrls.cs
FN:17,System.String Wangkanai.Federation.Services.FederationServerUrls::get_Origin()
FNDA:0,System.String Wangkanai.Federation.Services.FederationServerUrls::get_Origin()
DA:18,0
DA:19,0
FN:22,System.Void Wangkanai.Federation.Services.FederationServerUrls::set_Origin(System.String)
FNDA:0,System.Void Wangkanai.Federation.Services.FederationServerUrls::set_Origin(System.String)
DA:23,0
DA:24,0
DA:25,0
DA:26,0
DA:27,0
FN:31,System.String Wangkanai.Federation.Services.FederationServerUrls::get_BasePath()
FNDA:0,System.String Wangkanai.Federation.Services.FederationServerUrls::get_BasePath()
DA:32,0
FN:32,System.Void Wangkanai.Federation.Services.FederationServerUrls::set_BasePath(System.String)
FNDA:0,System.Void Wangkanai.Federation.Services.FederationServerUrls::set_BasePath(System.String)
DA:33,0
FN:10,System.Void Wangkanai.Federation.Services.FederationServerUrls::.ctor(Microsoft.AspNetCore.Http.IHttpContextAccessor)
FNDA:0,System.Void Wangkanai.Federation.Services.FederationServerUrls::.ctor(Microsoft.AspNetCore.Http.IHttpContextAccessor)
DA:11,0
DA:12,0
LF:11
LH:0
BRF:0
BRH:0
FNF:5
FNH:0
end_of_record
SF:/home/runner/work/wangkanai/wangkanai/Federation/src/Federation/Services/FederationUserSession.cs
FN:26,Microsoft.AspNetCore.Http.HttpContext Wangkanai.Federation.Services.FederationUserSession::get_HttpContext()
FNDA:0,Microsoft.AspNetCore.Http.HttpContext Wangkanai.Federation.Services.FederationUserSession::get_HttpContext()
DA:27,0
FN:27,System.String Wangkanai.Federation.Services.FederationUserSession::get_SessionCookieName()
FNDA:0,System.String Wangkanai.Federation.Services.FederationUserSession::get_SessionCookieName()
DA:28,0
FN:28,System.String Wangkanai.Federation.Services.FederationUserSession::get_SessionCookieDomain()
FNDA:0,System.String Wangkanai.Federation.Services.FederationUserSession::get_SessionCookieDomain()
DA:29,0
FN:29,Microsoft.AspNetCore.Http.SameSiteMode Wangkanai.Federation.Services.FederationUserSession::get_SessionCookieSameSiteMode()
FNDA:0,Microsoft.AspNetCore.Http.SameSiteMode Wangkanai.Federation.Services.FederationUserSession::get_SessionCookieSameSiteMode()
DA:30,0
FN:102,System.Threading.Tasks.Task Wangkanai.Federation.Services.FederationUserSession::RemoveSessionIdCookieAsync()
FNDA:0,System.Threading.Tasks.Task Wangkanai.Federation.Services.FederationUserSession::RemoveSessionIdCookieAsync()
DA:103,0
DA:105,0
DA:106,0
DA:107,0
DA:110,0
BRDA:103,27,0,0
BRDA:103,27,1,0
FN:151,System.Void Wangkanai.Federation.Services.FederationUserSession::IssueSessionIdCookie(System.String)
FNDA:0,System.Void Wangkanai.Federation.Services.FederationUserSession::IssueSessionIdCookie(System.String)
DA:152,0
DA:153,0
DA:155,0
DA:156,0
DA:157,0
DA:158,0
DA:159,0
DA:160,0
BRDA:152,16,0,0
BRDA:152,16,1,0
BRDA:155,52,0,0
BRDA:155,52,1,0
FN:163,Microsoft.AspNetCore.Http.CookieOptions Wangkanai.Federation.Services.FederationUserSession::CreateSessionIdCookieOption()
FNDA:0,Microsoft.AspNetCore.Http.CookieOptions Wangkanai.Federation.Services.FederationUserSession::CreateSessionIdCookieOption()
DA:164,0
DA:165,0
DA:167,0
DA:168,0
DA:169,0
DA:170,0
DA:171,0
DA:172,0
DA:173,0
DA:174,0
DA:175,0
FN:114,System.Void Wangkanai.Federation.Services.FederationUserSession/<AddClientIdAsync>d__22::MoveNext()
FNDA:0,System.Void Wangkanai.Federation.Services.FederationUserSession/<AddClientIdAsync>d__22::MoveNext()
DA:115,0
DA:117,0
DA:118,0
DA:120,0
DA:121,0
DA:123,0
DA:124,0
DA:127,0
BRDA:118,133,0,0
BRDA:121,162,0,0
BRDA:118,133,1,0
BRDA:121,162,1,0
FN:33,System.Void Wangkanai.Federation.Services.FederationUserSession/<AuthenticateAsync>d__16::MoveNext()
FNDA:0,System.Void Wangkanai.Federation.Services.FederationUserSession/<AuthenticateAsync>d__16::MoveNext()
DA:34,0
DA:36,0
DA:37,0
DA:38,0
DA:39,0
DA:40,0
DA:42,0
DA:43,0
DA:45,0
DA:46,0
BRDA:34,38,0,0
BRDA:34,38,1,0
BRDA:34,46,0,0
BRDA:40,399,0,0
BRDA:40,407,0,0
BRDA:40,425,0,0
BRDA:40,399,1,0
BRDA:40,407,1,0
BRDA:40,425,1,0
BRDA:34,46,1,0
FN:49,System.Void Wangkanai.Federation.Services.FederationUserSession/<CreateSessionIdAsync>d__17::MoveNext()
FNDA:0,System.Void Wangkanai.Federation.Services.FederationUserSession/<CreateSessionIdAsync>d__17::MoveNext()
DA:50,0
DA:51,0
DA:53,0
DA:54,0
DA:55,0
DA:57,0
DA:58,0
DA:60,0
DA:61,0
DA:62,0
DA:63,0
DA:66,0
DA:69,0
DA:70,0
DA:72,0
DA:73,0
DA:75,0
DA:76,0
BRDA:55,185,0,0
BRDA:58,307,0,0
BRDA:58,311,0,0
BRDA:62,346,0,0
BRDA:58,307,1,0
BRDA:58,311,1,0
BRDA:55,185,1,0
BRDA:62,346,1,0
FN:93,System.Void Wangkanai.Federation.Services.FederationUserSession/<EnsureSessionIdCookieAsync>d__20::MoveNext()
FNDA:0,System.Void Wangkanai.Federation.Services.FederationUserSession/<EnsureSessionIdCookieAsync>d__20::MoveNext()
DA:94,0
DA:95,0
DA:96,0
DA:98,0
DA:99,0
BRDA:95,122,0,0
BRDA:95,122,1,0
FN:130,System.Void Wangkanai.Federation.Services.FederationUserSession/<GetClientListAsync>d__23::MoveNext()
FNDA:0,System.Void Wangkanai.Federation.Services.FederationUserSession/<GetClientListAsync>d__23::MoveNext()
DA:131,0
DA:133,0
DA:134,0
DA:138,0
DA:140,0
DA:142,0
DA:143,0
DA:144,0
DA:147,0
DA:148,0
BRDA:133,126,0,0
BRDA:133,126,1,0
FN:86,System.Void Wangkanai.Federation.Services.FederationUserSession/<GetSessionIdAsync>d__19::MoveNext()
FNDA:0,System.Void Wangkanai.Federation.Services.FederationUserSession/<GetSessionIdAsync>d__19::MoveNext()
DA:87,0
DA:89,0
DA:90,0
FN:79,System.Void Wangkanai.Federation.Services.FederationUserSession/<GetUserAsync>d__18::MoveNext()
FNDA:0,System.Void Wangkanai.Federation.Services.FederationUserSession/<GetUserAsync>d__18::MoveNext()
DA:80,0
DA:82,0
DA:83,0
FN:179,System.Void Wangkanai.Federation.Services.FederationUserSession/<UpdateSessionCookie>d__26::MoveNext()
FNDA:0,System.Void Wangkanai.Federation.Services.FederationUserSession/<UpdateSessionCookie>d__26::MoveNext()
DA:180,0
DA:182,0
DA:183,0
DA:185,0
DA:186,0
DA:187,0
LF:91
LH:0
BRF:32
BRH:0
FNF:15
FNH:0
end_of_record
SF:/home/runner/work/wangkanai/wangkanai/Federation/src/Federation/Services/Interfaces/IServerUrls.cs
FN:11,System.String Wangkanai.Federation.Services.IServerUrls::get_BaseUri()
FNDA:0,System.String Wangkanai.Federation.Services.IServerUrls::get_BaseUri()
DA:12,0
LF:1
LH:0
BRF:0
BRH:0
FNF:1
FNH:0
end_of_record
SF:/home/runner/work/wangkanai/wangkanai/Federation/src/Federation/Responses/DiscoveryResponseFactory.cs
FN:17,System.Void Wangkanai.Federation.Responses.DiscoveryResponseFactory::.ctor(Wangkanai.Federation.FederationOptions,Wangkanai.Federation.Services.IKeyMaterialService,Microsoft.Extensions.Logging.ILogger`1<Wangkanai.Federation.Responses.DiscoveryResponseFactory>)
FNDA:0,System.Void Wangkanai.Federation.Responses.DiscoveryResponseFactory::.ctor(Wangkanai.Federation.FederationOptions,Wangkanai.Federation.Services.IKeyMaterialService,Microsoft.Extensions.Logging.ILogger`1<Wangkanai.Federation.Responses.DiscoveryResponseFactory>)
DA:18,0
DA:19,0
DA:20,0
DA:21,0
DA:23,0
DA:24,0
DA:25,0
DA:26,0
FN:45,System.Void Wangkanai.Federation.Responses.DiscoveryResponseFactory/<CreateJwkAsync>d__5::MoveNext()
FNDA:0,System.Void Wangkanai.Federation.Responses.DiscoveryResponseFactory/<CreateJwkAsync>d__5::MoveNext()
DA:46,0
DA:48,0
DA:50,0
DA:55,0
DA:56,0
BRDA:50,179,1,0
BRDA:50,179,0,0
FN:29,System.Void Wangkanai.Federation.Responses.DiscoveryResponseFactory/<CreateResultAsync>d__4::MoveNext()
FNDA:0,System.Void Wangkanai.Federation.Responses.DiscoveryResponseFactory/<CreateResultAsync>d__4::MoveNext()
DA:30,0
DA:32,0
DA:34,0
DA:35,0
DA:36,0
DA:37,0
DA:41,0
DA:42,0
LF:21
LH:0
BRF:2
BRH:0
FNF:3
FNH:0
end_of_record
SF:/home/runner/work/wangkanai/wangkanai/Federation/src/Federation/Responses/Models/AuthorizeResponse.cs
FN:8,Wangkanai.Federation.Validations.ValidationAuthorizeRequest Wangkanai.Federation.Responses.AuthorizeResponse::get_Request()
FNDA:0,Wangkanai.Federation.Validations.ValidationAuthorizeRequest Wangkanai.Federation.Responses.AuthorizeResponse::get_Request()
DA:9,0
FN:10,System.String Wangkanai.Federation.Responses.AuthorizeResponse::get_RedirectUri()
FNDA:0,System.String Wangkanai.Federation.Responses.AuthorizeResponse::get_RedirectUri()
DA:11,0
BRDA:11,7,0,0
BRDA:11,7,1,0
FN:11,System.String Wangkanai.Federation.Responses.AuthorizeResponse::get_State()
FNDA:0,System.String Wangkanai.Federation.Responses.AuthorizeResponse::get_State()
DA:12,0
BRDA:12,7,0,0
BRDA:12,7,1,0
FN:12,System.String Wangkanai.Federation.Responses.AuthorizeResponse::get_Scope()
FNDA:0,System.String Wangkanai.Federation.Responses.AuthorizeResponse::get_Scope()
DA:13,0
BRDA:13,7,0,0
BRDA:13,7,1,0
BRDA:13,18,0,0
BRDA:13,18,1,0
FN:13,System.Boolean Wangkanai.Federation.Responses.AuthorizeResponse::get_IsError()
FNDA:0,System.Boolean Wangkanai.Federation.Responses.AuthorizeResponse::get_IsError()
DA:14,0
FN:15,System.Int32 Wangkanai.Federation.Responses.AuthorizeResponse::get_AccessTokenLifetime()
FNDA:0,System.Int32 Wangkanai.Federation.Responses.AuthorizeResponse::get_AccessTokenLifetime()
DA:16,0
FN:16,System.String Wangkanai.Federation.Responses.AuthorizeResponse::get_IdentityToken()
FNDA:0,System.String Wangkanai.Federation.Responses.AuthorizeResponse::get_IdentityToken()
DA:17,0
FN:17,System.String Wangkanai.Federation.Responses.AuthorizeResponse::get_AccessToken()
FNDA:0,System.String Wangkanai.Federation.Responses.AuthorizeResponse::get_AccessToken()
DA:18,0
FN:18,System.String Wangkanai.Federation.Responses.AuthorizeResponse::get_SessionState()
FNDA:0,System.String Wangkanai.Federation.Responses.AuthorizeResponse::get_SessionState()
DA:19,0
FN:20,System.String Wangkanai.Federation.Responses.AuthorizeResponse::get_Code()
FNDA:0,System.String Wangkanai.Federation.Responses.AuthorizeResponse::get_Code()
DA:21,0
FN:21,System.String Wangkanai.Federation.Responses.AuthorizeResponse::get_Issuer()
FNDA:0,System.String Wangkanai.Federation.Responses.AuthorizeResponse::get_Issuer()
DA:22,0
FN:22,System.String Wangkanai.Federation.Responses.AuthorizeResponse::get_Error()
FNDA:0,System.String Wangkanai.Federation.Responses.AuthorizeResponse::get_Error()
DA:23,0
FN:23,System.String Wangkanai.Federation.Responses.AuthorizeResponse::get_Description()
FNDA:0,System.String Wangkanai.Federation.Responses.AuthorizeResponse::get_Description()
DA:24,0
LF:13
LH:0
BRF:8
BRH:0
FNF:13
FNH:0
end_of_record
SF:/home/runner/work/wangkanai/wangkanai/Federation/src/Federation/Responses/Models/BackchannelAuthenticationResponse.cs
FN:6,System.Boolean Wangkanai.Federation.Responses.BackchannelAuthenticationResponse::get_IsError()
FNDA:0,System.Boolean Wangkanai.Federation.Responses.BackchannelAuthenticationResponse::get_IsError()
DA:7,0
FN:7,System.String Wangkanai.Federation.Responses.BackchannelAuthenticationResponse::get_Error()
FNDA:0,System.String Wangkanai.Federation.Responses.BackchannelAuthenticationResponse::get_Error()
DA:8,0
FN:8,System.String Wangkanai.Federation.Responses.BackchannelAuthenticationResponse::get_Description()
FNDA:0,System.String Wangkanai.Federation.Responses.BackchannelAuthenticationResponse::get_Description()
DA:9,0
FN:9,System.String Wangkanai.Federation.Responses.BackchannelAuthenticationResponse::get_AuthenticationRequestId()
FNDA:0,System.String Wangkanai.Federation.Responses.BackchannelAuthenticationResponse::get_AuthenticationRequestId()
DA:10,0
FN:10,System.Int32 Wangkanai.Federation.Responses.BackchannelAuthenticationResponse::get_ExpiresIn()
FNDA:0,System.Int32 Wangkanai.Federation.Responses.BackchannelAuthenticationResponse::get_ExpiresIn()
DA:11,0
FN:11,System.Int32 Wangkanai.Federation.Responses.BackchannelAuthenticationResponse::get_Interval()
FNDA:0,System.Int32 Wangkanai.Federation.Responses.BackchannelAuthenticationResponse::get_Interval()
DA:12,0
FN:13,System.Void Wangkanai.Federation.Responses.BackchannelAuthenticationResponse::.ctor()
FNDA:0,System.Void Wangkanai.Federation.Responses.BackchannelAuthenticationResponse::.ctor()
DA:14,0
FN:15,System.Void Wangkanai.Federation.Responses.BackchannelAuthenticationResponse::.ctor(System.String,System.String)
FNDA:0,System.Void Wangkanai.Federation.Responses.BackchannelAuthenticationResponse::.ctor(System.String,System.String)
DA:16,0
DA:18,0
DA:19,0
DA:20,0
LF:11
LH:0
BRF:0
BRH:0
FNF:8
FNH:0
end_of_record
SF:/home/runner/work/wangkanai/wangkanai/Federation/src/Federation/Responses/Models/DeviceAuthorizationResponse.cs
FN:6,System.String Wangkanai.Federation.Responses.DeviceAuthorizationResponse::get_DeviceCode()
FNDA:0,System.String Wangkanai.Federation.Responses.DeviceAuthorizationResponse::get_DeviceCode()
DA:7,0
FN:7,System.String Wangkanai.Federation.Responses.DeviceAuthorizationResponse::get_UserCode()
FNDA:0,System.String Wangkanai.Federation.Responses.DeviceAuthorizationResponse::get_UserCode()
DA:8,0
FN:8,System.String Wangkanai.Federation.Responses.DeviceAuthorizationResponse::get_VerificationUri()
FNDA:0,System.String Wangkanai.Federation.Responses.DeviceAuthorizationResponse::get_VerificationUri()
DA:9,0
FN:9,System.String Wangkanai.Federation.Responses.DeviceAuthorizationResponse::get_VerificationUriComplete()
FNDA:0,System.String Wangkanai.Federation.Responses.DeviceAuthorizationResponse::get_VerificationUriComplete()
DA:10,0
FN:10,System.Int32 Wangkanai.Federation.Responses.DeviceAuthorizationResponse::get_DeviceCodeLifetime()
FNDA:0,System.Int32 Wangkanai.Federation.Responses.DeviceAuthorizationResponse::get_DeviceCodeLifetime()
DA:11,0
FN:11,System.Int32 Wangkanai.Federation.Responses.DeviceAuthorizationResponse::get_Interval()
FNDA:0,System.Int32 Wangkanai.Federation.Responses.DeviceAuthorizationResponse::get_Interval()
DA:12,0
LF:6
LH:0
BRF:0
BRH:0
FNF:6
FNH:0
end_of_record
SF:/home/runner/work/wangkanai/wangkanai/Federation/src/Federation/Responses/Models/InteractionResponse.cs
FN:6,System.Boolean Wangkanai.Federation.Responses.InteractionResponse::get_IsLogin()
FNDA:0,System.Boolean Wangkanai.Federation.Responses.InteractionResponse::get_IsLogin()
DA:7,0
FN:7,System.Boolean Wangkanai.Federation.Responses.InteractionResponse::get_IsConsent()
FNDA:0,System.Boolean Wangkanai.Federation.Responses.InteractionResponse::get_IsConsent()
DA:8,0
FN:8,System.Boolean Wangkanai.Federation.Responses.InteractionResponse::get_IsCreateAccount()
FNDA:0,System.Boolean Wangkanai.Federation.Responses.InteractionResponse::get_IsCreateAccount()
DA:9,0
FN:9,System.String Wangkanai.Federation.Responses.InteractionResponse::get_Error()
FNDA:0,System.String Wangkanai.Federation.Responses.InteractionResponse::get_Error()
DA:10,0
FN:10,System.String Wangkanai.Federation.Responses.InteractionResponse::get_Description()
FNDA:0,System.String Wangkanai.Federation.Responses.InteractionResponse::get_Description()
DA:11,0
FN:11,System.String Wangkanai.Federation.Responses.InteractionResponse::get_RedirectUrl()
FNDA:0,System.String Wangkanai.Federation.Responses.InteractionResponse::get_RedirectUrl()
DA:12,0
FN:13,System.Boolean Wangkanai.Federation.Responses.InteractionResponse::get_IsError()
FNDA:0,System.Boolean Wangkanai.Federation.Responses.InteractionResponse::get_IsError()
DA:14,0
FN:14,System.Boolean Wangkanai.Federation.Responses.InteractionResponse::get_IsRedirect()
FNDA:0,System.Boolean Wangkanai.Federation.Responses.InteractionResponse::get_IsRedirect()
DA:15,0
FN:17,Wangkanai.Federation.Responses.InteractionResponseType Wangkanai.Federation.Responses.InteractionResponse::get_ResponseType()
FNDA:0,Wangkanai.Federation.Responses.InteractionResponseType Wangkanai.Federation.Responses.InteractionResponse::get_ResponseType()
DA:18,0
DA:19,0
BRDA:18,6,0,0
BRDA:18,14,0,0
BRDA:18,22,0,0
BRDA:18,30,0,0
BRDA:18,38,0,0
BRDA:18,14,1,0
BRDA:18,22,1,0
BRDA:18,30,1,0
BRDA:18,38,1,0
BRDA:18,6,1,0
LF:10
LH:0
BRF:10
BRH:0
FNF:9
FNH:0
end_of_record
SF:/home/runner/work/wangkanai/wangkanai/Federation/src/Federation/Responses/Models/TokenErrorResponse.cs
FN:8,System.String Wangkanai.Federation.Responses.TokenErrorResponse::get_Error()
FNDA:0,System.String Wangkanai.Federation.Responses.TokenErrorResponse::get_Error()
DA:9,0
FN:9,System.String Wangkanai.Federation.Responses.TokenErrorResponse::get_Description()
FNDA:0,System.String Wangkanai.Federation.Responses.TokenErrorResponse::get_Description()
DA:10,0
FN:10,System.String Wangkanai.Federation.Responses.TokenErrorResponse::get_DPoPNonce()
FNDA:0,System.String Wangkanai.Federation.Responses.TokenErrorResponse::get_DPoPNonce()
DA:11,0
FN:12,System.Collections.Generic.Dictionary`2<System.String,System.Object> Wangkanai.Federation.Responses.TokenErrorResponse::get_Custom()
FNDA:0,System.Collections.Generic.Dictionary`2<System.String,System.Object> Wangkanai.Federation.Responses.TokenErrorResponse::get_Custom()
DA:13,0
LF:4
LH:0
BRF:0
BRH:0
FNF:4
FNH:0
end_of_record
SF:/home/runner/work/wangkanai/wangkanai/Federation/src/Federation/Responses/Models/TokenResponse.cs
FN:6,System.String Wangkanai.Federation.Responses.TokenResponse::get_IdentityToken()
FNDA:0,System.String Wangkanai.Federation.Responses.TokenResponse::get_IdentityToken()
DA:7,0
FN:7,System.String Wangkanai.Federation.Responses.TokenResponse::get_AccessToken()
FNDA:0,System.String Wangkanai.Federation.Responses.TokenResponse::get_AccessToken()
DA:8,0
FN:8,System.String Wangkanai.Federation.Responses.TokenResponse::get_AccessTokenType()
FNDA:0,System.String Wangkanai.Federation.Responses.TokenResponse::get_AccessTokenType()
DA:9,0
FN:9,System.Int32 Wangkanai.Federation.Responses.TokenResponse::get_AccessTokenLifetime()
FNDA:0,System.Int32 Wangkanai.Federation.Responses.TokenResponse::get_AccessTokenLifetime()
DA:10,0
FN:10,System.String Wangkanai.Federation.Responses.TokenResponse::get_RefreshToken()
FNDA:0,System.String Wangkanai.Federation.Responses.TokenResponse::get_RefreshToken()
DA:11,0
FN:11,System.String Wangkanai.Federation.Responses.TokenResponse::get_Scope()
FNDA:0,System.String Wangkanai.Federation.Responses.TokenResponse::get_Scope()
DA:12,0
FN:12,System.String Wangkanai.Federation.Responses.TokenResponse::get_DPoPNonce()
FNDA:0,System.String Wangkanai.Federation.Responses.TokenResponse::get_DPoPNonce()
DA:13,0
FN:14,System.Collections.Generic.Dictionary`2<System.String,System.Object> Wangkanai.Federation.Responses.TokenResponse::get_Custom()
FNDA:0,System.Collections.Generic.Dictionary`2<System.String,System.Object> Wangkanai.Federation.Responses.TokenResponse::get_Custom()
DA:15,0
LF:8
LH:0
BRF:0
BRH:0
FNF:8
FNH:0
end_of_record
SF:/home/runner/work/wangkanai/wangkanai/Federation/src/Federation/Responses/Models/TokenRevocationResponse.cs
FN:6,System.Boolean Wangkanai.Federation.Responses.TokenRevocationResponse::get_Success()
FNDA:0,System.Boolean Wangkanai.Federation.Responses.TokenRevocationResponse::get_Success()
DA:7,0
FN:7,System.String Wangkanai.Federation.Responses.TokenRevocationResponse::get_Error()
FNDA:0,System.String Wangkanai.Federation.Responses.TokenRevocationResponse::get_Error()
DA:8,0
FN:8,System.String Wangkanai.Federation.Responses.TokenRevocationResponse::get_TokenType()
FNDA:0,System.String Wangkanai.Federation.Responses.TokenRevocationResponse::get_TokenType()
DA:9,0
LF:3
LH:0
BRF:0
BRH:0
FNF:3
FNH:0
end_of_record
SF:/home/runner/work/wangkanai/wangkanai/Federation/src/Federation/Models/SecurityKeyInfo.cs
FN:8,Microsoft.IdentityModel.Tokens.SecurityKey Wangkanai.Federation.Models.SecurityKeyInfo::get_Key()
FNDA:0,Microsoft.IdentityModel.Tokens.SecurityKey Wangkanai.Federation.Models.SecurityKeyInfo::get_Key()
DA:9,0
FN:9,System.String Wangkanai.Federation.Models.SecurityKeyInfo::get_SigningAlgorithm()
FNDA:0,System.String Wangkanai.Federation.Models.SecurityKeyInfo::get_SigningAlgorithm()
DA:10,0
LF:2
LH:0
BRF:0
BRH:0
FNF:2
FNH:0
end_of_record
SF:/home/runner/work/wangkanai/wangkanai/Federation/src/Federation/Hosting/Endpoint.cs
FN:6,System.String Wangkanai.Federation.Hosting.Endpoint::get_Name()
FNDA:0,System.String Wangkanai.Federation.Hosting.Endpoint::get_Name()
DA:7,0
FN:7,System.String Wangkanai.Federation.Hosting.Endpoint::get_Path()
FNDA:0,System.String Wangkanai.Federation.Hosting.Endpoint::get_Path()
DA:8,0
FN:8,System.Type Wangkanai.Federation.Hosting.Endpoint::get_Handler()
FNDA:0,System.Type Wangkanai.Federation.Hosting.Endpoint::get_Handler()
DA:9,0
FN:10,System.Void Wangkanai.Federation.Hosting.Endpoint::.ctor(System.String,System.String,System.Type)
FNDA:0,System.Void Wangkanai.Federation.Hosting.Endpoint::.ctor(System.String,System.String,System.Type)
DA:11,0
DA:13,0
DA:14,0
DA:15,0
DA:16,0
LF:8
LH:0
BRF:0
BRH:0
FNF:4
FNH:0
end_of_record
SF:/home/runner/work/wangkanai/wangkanai/Federation/src/Federation/Hosting/EndpointRouter.cs
FN:27,Wangkanai.Federation.Hosting.IEndpointHandler Wangkanai.Federation.Hosting.EndpointRouter::Find(Microsoft.AspNetCore.Http.HttpContext)
FNDA:0,Wangkanai.Federation.Hosting.IEndpointHandler Wangkanai.Federation.Hosting.EndpointRouter::Find(Microsoft.AspNetCore.Http.HttpContext)
DA:28,0
DA:30,0
DA:32,0
DA:33,0
DA:34,0
DA:37,0
DA:38,0
BRDA:30,81,1,0
BRDA:33,61,0,0
BRDA:33,61,1,0
BRDA:30,81,0,0
FN:41,Wangkanai.Federation.Hosting.IEndpointHandler Wangkanai.Federation.Hosting.EndpointRouter::GetEndpointHandler(Wangkanai.Federation.Hosting.Endpoint,Microsoft.AspNetCore.Http.HttpContext)
FNDA:0,Wangkanai.Federation.Hosting.IEndpointHandler Wangkanai.Federation.Hosting.EndpointRouter::GetEndpointHandler(Wangkanai.Federation.Hosting.Endpoint,Microsoft.AspNetCore.Http.HttpContext)
DA:42,0
DA:43,0
DA:45,0
BRDA:42,17,0,0
BRDA:42,43,0,0
BRDA:42,17,1,0
BRDA:42,43,1,0
FN:15,System.Void Wangkanai.Federation.Hosting.EndpointRouter::.ctor(Wangkanai.Federation.FederationOptions,System.Collections.Generic.IEnumerable`1<Wangkanai.Federation.Hosting.Endpoint>,Microsoft.Extensions.Logging.ILogger`1<Wangkanai.Federation.Hosting.EndpointRouter>)
FNDA:0,System.Void Wangkanai.Federation.Hosting.EndpointRouter::.ctor(Wangkanai.Federation.FederationOptions,System.Collections.Generic.IEnumerable`1<Wangkanai.Federation.Hosting.Endpoint>,Microsoft.Extensions.Logging.ILogger`1<Wangkanai.Federation.Hosting.EndpointRouter>)
DA:16,0
DA:17,0
DA:18,0
DA:19,0
DA:21,0
DA:22,0
DA:23,0
DA:24,0
LF:18
LH:0
BRF:8
BRH:0
FNF:3
FNH:0
end_of_record
SF:/home/runner/work/wangkanai/wangkanai/Federation/src/Federation/Hosting/FederationAuthenticationService.cs
FN:68,System.Threading.Tasks.Task Wangkanai.Federation.Hosting.FederationAuthenticationService::ChallengeAsync(Microsoft.AspNetCore.Http.HttpContext,System.String,Microsoft.AspNetCore.Authentication.AuthenticationProperties)
FNDA:0,System.Threading.Tasks.Task Wangkanai.Federation.Hosting.FederationAuthenticationService::ChallengeAsync(Microsoft.AspNetCore.Http.HttpContext,System.String,Microsoft.AspNetCore.Authentication.AuthenticationProperties)
DA:69,0
FN:71,System.Threading.Tasks.Task Wangkanai.Federation.Hosting.FederationAuthenticationService::ForbidAsync(Microsoft.AspNetCore.Http.HttpContext,System.String,Microsoft.AspNetCore.Authentication.AuthenticationProperties)
FNDA:0,System.Threading.Tasks.Task Wangkanai.Federation.Hosting.FederationAuthenticationService::ForbidAsync(Microsoft.AspNetCore.Http.HttpContext,System.String,Microsoft.AspNetCore.Authentication.AuthenticationProperties)
DA:72,0
FN:75,System.Void Wangkanai.Federation.Hosting.FederationAuthenticationService::AugmentPrincipal(System.Security.Claims.ClaimsPrincipal)
FNDA:0,System.Void Wangkanai.Federation.Hosting.FederationAuthenticationService::AugmentPrincipal(System.Security.Claims.ClaimsPrincipal)
DA:76,0
DA:78,0
DA:79,0
DA:80,0
FN:83,System.Void Wangkanai.Federation.Hosting.FederationAuthenticationService::AssertRequiredClaims(System.Security.Claims.ClaimsPrincipal)
FNDA:0,System.Void Wangkanai.Federation.Hosting.FederationAuthenticationService::AssertRequiredClaims(System.Security.Claims.ClaimsPrincipal)
DA:84,0
DA:85,0
DA:86,0
DA:87,0
DA:88,0
BRDA:84,12,0,0
BRDA:84,12,1,0
BRDA:86,36,0,0
BRDA:86,36,1,0
FN:91,System.Void Wangkanai.Federation.Hosting.FederationAuthenticationService::AugmentMissingClaims(System.Security.Claims.ClaimsPrincipal,System.DateTime)
FNDA:0,System.Void Wangkanai.Federation.Hosting.FederationAuthenticationService::AugmentMissingClaims(System.Security.Claims.ClaimsPrincipal,System.DateTime)
DA:92,0
DA:94,0
DA:95,0
DA:96,0
DA:97,0
DA:98,0
FN:101,System.Void Wangkanai.Federation.Hosting.FederationAuthenticationService::AugmentAuthenticationTime(System.DateTime,System.Security.Claims.ClaimsIdentity)
FNDA:0,System.Void Wangkanai.Federation.Hosting.FederationAuthenticationService::AugmentAuthenticationTime(System.DateTime,System.Security.Claims.ClaimsIdentity)
DA:102,0
DA:104,0
DA:106,0
DA:107,0
DA:109,0
BRDA:102,11,0,0
BRDA:102,11,1,0
FN:112,System.Void Wangkanai.Federation.Hosting.FederationAuthenticationService::AugmentAuthenticationMethod(System.Security.Claims.ClaimsIdentity)
FNDA:0,System.Void Wangkanai.Federation.Hosting.FederationAuthenticationService::AugmentAuthenticationMethod(System.Security.Claims.ClaimsIdentity)
DA:113,0
DA:115,0
DA:117,0
DA:118,0
DA:122,0
DA:123,0
DA:126,0
BRDA:113,11,0,0
BRDA:115,42,0,0
BRDA:115,42,1,0
BRDA:113,11,1,0
FN:129,System.Void Wangkanai.Federation.Hosting.FederationAuthenticationService::AugmentGoogleProvider(System.Security.Claims.ClaimsIdentity)
FNDA:0,System.Void Wangkanai.Federation.Hosting.FederationAuthenticationService::AugmentGoogleProvider(System.Security.Claims.ClaimsIdentity)
DA:130,0
DA:131,0
DA:132,0
DA:133,0
DA:134,0
DA:136,0
DA:137,0
DA:139,0
DA:140,0
DA:142,0
DA:143,0
DA:145,0
BRDA:131,13,0,0
BRDA:131,13,1,0
BRDA:133,27,0,0
BRDA:133,43,0,0
BRDA:133,27,1,0
BRDA:133,43,1,0
FN:148,System.Void Wangkanai.Federation.Hosting.FederationAuthenticationService::AugmentLocalIdentityProvider(System.Security.Claims.ClaimsIdentity)
FNDA:0,System.Void Wangkanai.Federation.Hosting.FederationAuthenticationService::AugmentLocalIdentityProvider(System.Security.Claims.ClaimsIdentity)
DA:149,0
DA:151,0
DA:152,0
DA:154,0
BRDA:149,11,0,0
BRDA:149,11,1,0
FN:22,System.Void Wangkanai.Federation.Hosting.FederationAuthenticationService::.ctor(Wangkanai.Decorator`1<Microsoft.AspNetCore.Authentication.IAuthenticationService>,Microsoft.AspNetCore.Authentication.IAuthenticationSchemeProvider,Microsoft.AspNetCore.Authentication.ISystemClock,Wangkanai.Federation.Services.IUserSession,Microsoft.Extensions.Logging.ILogger`1<Wangkanai.Federation.Hosting.FederationAuthenticationService>)
FNDA:0,System.Void Wangkanai.Federation.Hosting.FederationAuthenticationService::.ctor(Wangkanai.Decorator`1<Microsoft.AspNetCore.Authentication.IAuthenticationService>,Microsoft.AspNetCore.Authentication.IAuthenticationSchemeProvider,Microsoft.AspNetCore.Authentication.ISystemClock,Wangkanai.Federation.Services.IUserSession,Microsoft.Extensions.Logging.ILogger`1<Wangkanai.Federation.Hosting.FederationAuthenticationService>)
DA:23,0
DA:24,0
DA:25,0
DA:26,0
DA:27,0
DA:28,0
DA:30,0
DA:31,0
DA:32,0
DA:33,0
DA:34,0
DA:35,0
FN:65,System.Void Wangkanai.Federation.Hosting.FederationAuthenticationService/<AuthenticateAsync>d__8::MoveNext()
FNDA:0,System.Void Wangkanai.Federation.Hosting.FederationAuthenticationService/<AuthenticateAsync>d__8::MoveNext()
DA:66,0
FN:38,System.Void Wangkanai.Federation.Hosting.FederationAuthenticationService/<SignInAsync>d__6::MoveNext()
FNDA:0,System.Void Wangkanai.Federation.Hosting.FederationAuthenticationService/<SignInAsync>d__6::MoveNext()
DA:39,0
DA:40,0
DA:42,0
DA:43,0
DA:45,0
DA:46,0
DA:47,0
DA:50,0
DA:51,0
BRDA:42,253,0,0
BRDA:42,262,0,0
BRDA:42,262,1,0
BRDA:42,253,1,0
BRDA:42,279,0,0
BRDA:42,279,1,0
BRDA:42,293,0,0
BRDA:46,316,0,0
BRDA:46,316,1,0
BRDA:42,293,1,0
FN:54,System.Void Wangkanai.Federation.Hosting.FederationAuthenticationService/<SignOutAsync>d__7::MoveNext()
FNDA:0,System.Void Wangkanai.Federation.Hosting.FederationAuthenticationService/<SignOutAsync>d__7::MoveNext()
DA:55,0
DA:56,0
DA:58,0
DA:59,0
DA:60,0
DA:62,0
DA:63,0
BRDA:58,249,0,0
BRDA:58,258,0,0
BRDA:58,258,1,0
BRDA:58,249,1,0
BRDA:58,275,0,0
BRDA:58,275,1,0
BRDA:58,289,0,0
BRDA:58,289,1,0
LF:74
LH:0
BRF:36
BRH:0
FNF:13
FNH:0
end_of_record
SF:/home/runner/work/wangkanai/wangkanai/Federation/src/Federation/Hosting/FederationMiddleware.cs
FN:20,System.Void Wangkanai.Federation.Hosting.FederationMiddleware::.ctor(Microsoft.AspNetCore.Http.RequestDelegate,Microsoft.Extensions.Logging.ILogger`1<Wangkanai.Federation.Hosting.FederationMiddleware>)
FNDA:0,System.Void Wangkanai.Federation.Hosting.FederationMiddleware::.ctor(Microsoft.AspNetCore.Http.RequestDelegate,Microsoft.Extensions.Logging.ILogger`1<Wangkanai.Federation.Hosting.FederationMiddleware>)
DA:21,0
DA:23,0
DA:24,0
DA:25,0
FN:31,System.Void Wangkanai.Federation.Hosting.FederationMiddleware/<InvokeAsync>d__3::MoveNext()
FNDA:0,System.Void Wangkanai.Federation.Hosting.FederationMiddleware/<InvokeAsync>d__3::MoveNext()
DA:32,0
DA:36,0
DA:37,0
LF:7
LH:0
BRF:0
BRH:0
FNF:2
FNH:0
end_of_record
SF:/home/runner/work/wangkanai/wangkanai/Federation/src/Federation/Extensions/AuthenticationPropertiesExtensions.cs
FN:16,System.String Wangkanai.Federation.Extensions.AuthenticationPropertiesExtensions::GetSessionId(Microsoft.AspNetCore.Authentication.AuthenticationProperties)
FNDA:0,System.String Wangkanai.Federation.Extensions.AuthenticationPropertiesExtensions::GetSessionId(Microsoft.AspNetCore.Authentication.AuthenticationProperties)
DA:17,0
DA:18,0
DA:19,0
BRDA:17,16,0,0
BRDA:17,16,1,0
FN:21,System.Void Wangkanai.Federation.Extensions.AuthenticationPropertiesExtensions::SetSessionId(Microsoft.AspNetCore.Authentication.AuthenticationProperties,System.String)
FNDA:0,System.Void Wangkanai.Federation.Extensions.AuthenticationPropertiesExtensions::SetSessionId(Microsoft.AspNetCore.Authentication.AuthenticationProperties,System.String)
DA:22,0
FN:24,System.Collections.Generic.IEnumerable`1<System.String> Wangkanai.Federation.Extensions.AuthenticationPropertiesExtensions::GetClientList(Microsoft.AspNetCore.Authentication.AuthenticationProperties)
FNDA:0,System.Collections.Generic.IEnumerable`1<System.String> Wangkanai.Federation.Extensions.AuthenticationPropertiesExtensions::GetClientList(Microsoft.AspNetCore.Authentication.AuthenticationProperties)
DA:25,0
DA:26,0
DA:27,0
BRDA:25,18,0,0
BRDA:25,18,1,0
FN:31,System.Void Wangkanai.Federation.Extensions.AuthenticationPropertiesExtensions::SetClientList(Microsoft.AspNetCore.Authentication.AuthenticationProperties,System.Collections.Generic.IEnumerable`1<System.String>)
FNDA:0,System.Void Wangkanai.Federation.Extensions.AuthenticationPropertiesExtensions::SetClientList(Microsoft.AspNetCore.Authentication.AuthenticationProperties,System.Collections.Generic.IEnumerable`1<System.String>)
DA:32,0
DA:33,0
DA:34,0
DA:35,0
DA:36,0
FN:38,System.Void Wangkanai.Federation.Extensions.AuthenticationPropertiesExtensions::RemoveClientList(Microsoft.AspNetCore.Authentication.AuthenticationProperties)
FNDA:0,System.Void Wangkanai.Federation.Extensions.AuthenticationPropertiesExtensions::RemoveClientList(Microsoft.AspNetCore.Authentication.AuthenticationProperties)
DA:39,0
FN:42,System.Void Wangkanai.Federation.Extensions.AuthenticationPropertiesExtensions::AddClientId(Microsoft.AspNetCore.Authentication.AuthenticationProperties,System.String)
FNDA:0,System.Void Wangkanai.Federation.Extensions.AuthenticationPropertiesExtensions::AddClientId(Microsoft.AspNetCore.Authentication.AuthenticationProperties,System.String)
DA:43,0
DA:45,0
DA:46,0
DA:47,0
DA:49,0
DA:50,0
DA:51,0
DA:52,0
BRDA:46,21,0,0
BRDA:46,21,1,0
FN:55,System.String Wangkanai.Federation.Extensions.AuthenticationPropertiesExtensions::EncodeList(System.Collections.Generic.IEnumerable`1<System.String>)
FNDA:0,System.String Wangkanai.Federation.Extensions.AuthenticationPropertiesExtensions::EncodeList(System.Collections.Generic.IEnumerable`1<System.String>)
DA:56,0
DA:57,0
DA:59,0
DA:60,0
DA:61,0
DA:62,0
BRDA:56,6,0,0
BRDA:56,6,1,0
FN:66,System.Collections.Generic.IEnumerable`1<System.String> Wangkanai.Federation.Extensions.AuthenticationPropertiesExtensions::DecodeList(System.String)
FNDA:0,System.Collections.Generic.IEnumerable`1<System.String> Wangkanai.Federation.Extensions.AuthenticationPropertiesExtensions::DecodeList(System.String)
DA:67,0
DA:68,0
DA:70,0
DA:71,0
DA:72,0
BRDA:67,6,0,0
BRDA:67,6,1,0
LF:32
LH:0
BRF:10
BRH:0
FNF:8
FNH:0
end_of_record
SF:/home/runner/work/wangkanai/wangkanai/Federation/src/Federation/Extensions/EndpointOptionsExtensions.cs
FN:10,System.Boolean Wangkanai.Federation.Extensions.EndpointOptionsExtensions::IsEnabled(Wangkanai.Federation.EndpointsOptions,Wangkanai.Federation.Hosting.Endpoint)
FNDA:0,System.Boolean Wangkanai.Federation.Extensions.EndpointOptionsExtensions::IsEnabled(Wangkanai.Federation.EndpointsOptions,Wangkanai.Federation.Hosting.Endpoint)
DA:11,0
DA:12,0
DA:14,0
BRDA:11,16,0,0
BRDA:11,16,1,0
LF:3
LH:0
BRF:2
BRH:0
FNF:1
FNH:0
end_of_record
SF:/home/runner/work/wangkanai/wangkanai/Federation/src/Federation/Extensions/HttpContextAuthenticationExtensions.cs
FN:12,System.Void Wangkanai.Federation.Extensions.HttpContextAuthenticationExtensions/<GetCookieAuthenticationSchemeAsync>d__0::MoveNext()
FNDA:0,System.Void Wangkanai.Federation.Extensions.HttpContextAuthenticationExtensions/<GetCookieAuthenticationSchemeAsync>d__0::MoveNext()
DA:13,0
DA:14,0
DA:15,0
DA:17,0
DA:18,0
DA:19,0
DA:20,0
DA:21,0
BRDA:14,38,0,0
BRDA:14,38,1,0
LF:8
LH:0
BRF:2
BRH:0
FNF:1
FNH:0
end_of_record
SF:/home/runner/work/wangkanai/wangkanai/Federation/src/Federation/Extensions/HttpContextExtensions.cs
FN:10,System.Void Wangkanai.Federation.Extensions.HttpContextExtensions::SetSignOutCalled(Microsoft.AspNetCore.Http.HttpContext)
FNDA:0,System.Void Wangkanai.Federation.Extensions.HttpContextExtensions::SetSignOutCalled(Microsoft.AspNetCore.Http.HttpContext)
DA:11,0
DA:12,0
DA:13,0
LF:3
LH:0
BRF:0
BRH:0
FNF:1
FNH:0
end_of_record
SF:/home/runner/work/wangkanai/wangkanai/Federation/src/Federation/Extensions/PrincipalExtensions.cs
FN:14,System.String Wangkanai.Federation.Extensions.PrincipalExtensions::GetSubjectId(System.Security.Principal.IPrincipal)
FNDA:0,System.String Wangkanai.Federation.Extensions.PrincipalExtensions::GetSubjectId(System.Security.Principal.IPrincipal)
DA:15,0
FN:18,System.String Wangkanai.Federation.Extensions.PrincipalExtensions::GetSubjectId(System.Security.Principal.IIdentity)
FNDA:0,System.String Wangkanai.Federation.Extensions.PrincipalExtensions::GetSubjectId(System.Security.Principal.IIdentity)
DA:19,0
DA:20,0
DA:21,0
DA:22,0
LF:5
LH:0
BRF:0
BRH:0
FNF:2
FNH:0
end_of_record
SF:/home/runner/work/wangkanai/wangkanai/Federation/src/Federation/Endpoints/AuthorizedEndpoint.cs
FN:12,System.Void Wangkanai.Federation.Endpoints.AuthorizedEndpoint/<ProcessAsync>d__0::MoveNext()
FNDA:0,System.Void Wangkanai.Federation.Endpoints.AuthorizedEndpoint/<ProcessAsync>d__0::MoveNext()
DA:13,0
LF:1
LH:0
BRF:0
BRH:0
FNF:1
FNH:0
end_of_record
SF:/home/runner/work/wangkanai/wangkanai/Federation/src/Federation/Endpoints/DiscoveryEndpoint.cs
FN:22,System.Void Wangkanai.Federation.Endpoints.DiscoveryEndpoint::.ctor(Wangkanai.Federation.FederationOptions,Wangkanai.Federation.Services.IIssuerNameService,Wangkanai.Federation.Responses.IDiscoveryResponseFactory,Wangkanai.Federation.Services.IServerUrls,Microsoft.Extensions.Logging.ILogger`1<Wangkanai.Federation.Endpoints.DiscoveryEndpoint>)
FNDA:0,System.Void Wangkanai.Federation.Endpoints.DiscoveryEndpoint::.ctor(Wangkanai.Federation.FederationOptions,Wangkanai.Federation.Services.IIssuerNameService,Wangkanai.Federation.Responses.IDiscoveryResponseFactory,Wangkanai.Federation.Services.IServerUrls,Microsoft.Extensions.Logging.ILogger`1<Wangkanai.Federation.Endpoints.DiscoveryEndpoint>)
DA:23,0
DA:24,0
DA:25,0
DA:26,0
DA:27,0
DA:28,0
DA:30,0
DA:31,0
DA:32,0
DA:33,0
DA:34,0
DA:35,0
FN:39,System.Void Wangkanai.Federation.Endpoints.DiscoveryEndpoint/<ProcessAsync>d__6::MoveNext()
FNDA:0,System.Void Wangkanai.Federation.Endpoints.DiscoveryEndpoint/<ProcessAsync>d__6::MoveNext()
DA:40,0
DA:42,0
DA:44,0
DA:45,0
DA:48,0
DA:50,0
DA:52,0
DA:53,0
DA:56,0
DA:57,0
DA:59,0
DA:60,0
DA:62,0
DA:63,0
BRDA:42,69,0,0
BRDA:42,69,1,0
BRDA:50,145,0,0
BRDA:50,145,1,0
LF:26
LH:0
BRF:4
BRH:0
FNF:2
FNH:0
end_of_record
SF:/home/runner/work/wangkanai/wangkanai/Federation/src/Federation/Endpoints/DiscoveryKeyEndpoint.cs
FN:12,System.Void Wangkanai.Federation.Endpoints.DiscoveryKeyEndpoint/<ProcessAsync>d__0::MoveNext()
FNDA:0,System.Void Wangkanai.Federation.Endpoints.DiscoveryKeyEndpoint/<ProcessAsync>d__0::MoveNext()
DA:13,0
LF:1
LH:0
BRF:0
BRH:0
FNF:1
FNH:0
end_of_record
SF:/home/runner/work/wangkanai/wangkanai/Federation/src/Federation/Endpoints/TokenEndpoint.cs
FN:12,System.Void Wangkanai.Federation.Endpoints.TokenEndpoint/<ProcessAsync>d__0::MoveNext()
FNDA:0,System.Void Wangkanai.Federation.Endpoints.TokenEndpoint/<ProcessAsync>d__0::MoveNext()
DA:13,0
LF:1
LH:0
BRF:0
BRH:0
FNF:1
FNH:0
end_of_record
SF:/home/runner/work/wangkanai/wangkanai/Federation/src/Federation/Endpoints/Results/AuthorizeResult.cs
FN:10,System.Void Wangkanai.Federation.Endpoints.Results.AuthorizeResult::.ctor()
FNDA:0,System.Void Wangkanai.Federation.Endpoints.Results.AuthorizeResult::.ctor()
DA:11,0
FN:14,System.Void Wangkanai.Federation.Endpoints.Results.AuthorizeResult/<ExecuteAsync>d__1::MoveNext()
FNDA:0,System.Void Wangkanai.Federation.Endpoints.Results.AuthorizeResult/<ExecuteAsync>d__1::MoveNext()
DA:15,0
LF:2
LH:0
BRF:0
BRH:0
FNF:2
FNH:0
end_of_record
SF:/home/runner/work/wangkanai/wangkanai/Federation/src/Federation/Endpoints/Results/DiscoveryResult.cs
FN:14,System.Collections.Generic.Dictionary`2<System.String,System.Object> Wangkanai.Federation.Endpoints.Results.DiscoveryResult::get_Records()
FNDA:0,System.Collections.Generic.Dictionary`2<System.String,System.Object> Wangkanai.Federation.Endpoints.Results.DiscoveryResult::get_Records()
DA:15,0
FN:15,System.Int32 Wangkanai.Federation.Endpoints.Results.DiscoveryResult::get_MaxAge()
FNDA:0,System.Int32 Wangkanai.Federation.Endpoints.Results.DiscoveryResult::get_MaxAge()
DA:16,0
FN:25,System.Threading.Tasks.Task Wangkanai.Federation.Endpoints.Results.DiscoveryResult::ExecuteAsync(Microsoft.AspNetCore.Http.HttpContext)
FNDA:0,System.Threading.Tasks.Task Wangkanai.Federation.Endpoints.Results.DiscoveryResult::ExecuteAsync(Microsoft.AspNetCore.Http.HttpContext)
DA:26,0
DA:27,0
DA:29,0
BRDA:26,7,0,0
BRDA:26,7,1,0
FN:17,System.Void Wangkanai.Federation.Endpoints.Results.DiscoveryResult::.ctor(System.Collections.Generic.Dictionary`2<System.String,System.Object>,System.Int32)
FNDA:0,System.Void Wangkanai.Federation.Endpoints.Results.DiscoveryResult::.ctor(System.Collections.Generic.Dictionary`2<System.String,System.Object>,System.Int32)
DA:18,0
DA:20,0
DA:21,0
DA:22,0
LF:9
LH:0
BRF:2
BRH:0
FNF:4
FNH:0
end_of_record
SF:/home/runner/work/wangkanai/wangkanai/Federation/src/Federation/Endpoints/Results/StatusCodeResult.cs
FN:15,System.Int32 Wangkanai.Federation.Endpoints.Results.StatusCodeResult::get_StatusCode()
FNDA:0,System.Int32 Wangkanai.Federation.Endpoints.Results.StatusCodeResult::get_StatusCode()
DA:16,0
FN:26,System.Threading.Tasks.Task Wangkanai.Federation.Endpoints.Results.StatusCodeResult::ExecuteAsync(Microsoft.AspNetCore.Http.HttpContext)
FNDA:0,System.Threading.Tasks.Task Wangkanai.Federation.Endpoints.Results.StatusCodeResult::ExecuteAsync(Microsoft.AspNetCore.Http.HttpContext)
DA:27,0
DA:29,0
FN:17,System.Void Wangkanai.Federation.Endpoints.Results.StatusCodeResult::.ctor(System.Net.HttpStatusCode)
FNDA:0,System.Void Wangkanai.Federation.Endpoints.Results.StatusCodeResult::.ctor(System.Net.HttpStatusCode)
DA:18,0
DA:19,0
FN:20,System.Void Wangkanai.Federation.Endpoints.Results.StatusCodeResult::.ctor(System.Int32)
FNDA:0,System.Void Wangkanai.Federation.Endpoints.Results.StatusCodeResult::.ctor(System.Int32)
DA:21,0
DA:22,0
LF:7
LH:0
BRF:0
BRH:0
FNF:4
FNH:0
end_of_record
SF:/home/runner/work/wangkanai/wangkanai/Federation/src/Federation/Endpoints/Results/TokenResult.cs
FN:12,System.Threading.Tasks.Task Wangkanai.Federation.Endpoints.Results.TokenResult::ExecuteAsync(Microsoft.AspNetCore.Http.HttpContext)
FNDA:0,System.Threading.Tasks.Task Wangkanai.Federation.Endpoints.Results.TokenResult::ExecuteAsync(Microsoft.AspNetCore.Http.HttpContext)
DA:13,0
LF:1
LH:0
BRF:0
BRH:0
FNF:1
FNH:0
end_of_record
SF:/home/runner/work/wangkanai/wangkanai/Shared/src/Tracing.cs
FN:13,System.String Wangkanai.Internal.Tracing::get_ServiceVersion()
FNDA:0,System.String Wangkanai.Internal.Tracing::get_ServiceVersion()
DA:14,0
FN:18,System.Diagnostics.ActivitySource Wangkanai.Internal.Tracing::get_BasicActivitySource()
FNDA:0,System.Diagnostics.ActivitySource Wangkanai.Internal.Tracing::get_BasicActivitySource()
DA:19,0
FN:23,System.Diagnostics.ActivitySource Wangkanai.Internal.Tracing::get_StoreActivitySource()
FNDA:0,System.Diagnostics.ActivitySource Wangkanai.Internal.Tracing::get_StoreActivitySource()
DA:24,0
FN:28,System.Diagnostics.ActivitySource Wangkanai.Internal.Tracing::get_CacheActivitySource()
FNDA:0,System.Diagnostics.ActivitySource Wangkanai.Internal.Tracing::get_CacheActivitySource()
DA:29,0
FN:33,System.Diagnostics.ActivitySource Wangkanai.Internal.Tracing::get_ServiceActivitySource()
FNDA:0,System.Diagnostics.ActivitySource Wangkanai.Internal.Tracing::get_ServiceActivitySource()
DA:34,0
FN:38,System.Diagnostics.ActivitySource Wangkanai.Internal.Tracing::get_ValidationActivitySource()
FNDA:0,System.Diagnostics.ActivitySource Wangkanai.Internal.Tracing::get_ValidationActivitySource()
DA:39,0
FN:8,System.Void Wangkanai.Internal.Tracing::.cctor()
FNDA:0,System.Void Wangkanai.Internal.Tracing::.cctor()
DA:9,0
FN:42,System.String Wangkanai.Internal.Tracing/TraceNames::get_Basic()
FNDA:0,System.String Wangkanai.Internal.Tracing/TraceNames::get_Basic()
DA:43,0
FN:43,System.String Wangkanai.Internal.Tracing/TraceNames::get_Store()
FNDA:0,System.String Wangkanai.Internal.Tracing/TraceNames::get_Store()
DA:44,0
FN:44,System.String Wangkanai.Internal.Tracing/TraceNames::get_Cache()
FNDA:0,System.String Wangkanai.Internal.Tracing/TraceNames::get_Cache()
DA:45,0
FN:45,System.String Wangkanai.Internal.Tracing/TraceNames::get_Service()
FNDA:0,System.String Wangkanai.Internal.Tracing/TraceNames::get_Service()
DA:46,0
FN:46,System.String Wangkanai.Internal.Tracing/TraceNames::get_Validation()
FNDA:0,System.String Wangkanai.Internal.Tracing/TraceNames::get_Validation()
DA:47,0
LF:12
LH:0
BRF:0
BRH:0
FNF:12
FNH:0
end_of_record
SF:/home/runner/work/wangkanai/wangkanai/Federation/src/Domain/Infrastructure/Clock/FederationClock.cs
FN:6,System.DateTimeOffset Wangkanai.Federation.FederationClock::get_UtcNow()
FNDA:0,System.DateTimeOffset Wangkanai.Federation.FederationClock::get_UtcNow()
DA:7,0
FN:10,System.Void Wangkanai.Federation.FederationClock::.ctor()
FNDA:0,System.Void Wangkanai.Federation.FederationClock::.ctor()
DA:11,0
DA:12,0
FN:13,System.Void Wangkanai.Federation.FederationClock::.ctor(System.TimeProvider)
FNDA:0,System.Void Wangkanai.Federation.FederationClock::.ctor(System.TimeProvider)
DA:14,0
DA:15,0
LF:5
LH:0
BRF:0
BRH:0
FNF:3
FNH:0
end_of_record
SF:/home/runner/work/wangkanai/wangkanai/Federation/src/Domain/Infrastructure/FederationSerializer.cs
FN:15,System.String Wangkanai.Federation.FederationSerializer::ToString(System.Object)
FNDA:0,System.String Wangkanai.Federation.FederationSerializer::ToString(System.Object)
DA:16,0
FN:18,T Wangkanai.Federation.FederationSerializer::FromString(System.String)
FNDA:0,T Wangkanai.Federation.FederationSerializer::FromString(System.String)
DA:19,0
FN:9,System.Void Wangkanai.Federation.FederationSerializer::.cctor()
FNDA:0,System.Void Wangkanai.Federation.FederationSerializer::.cctor()
DA:10,0
DA:11,0
DA:12,0
DA:13,0
LF:6
LH:0
BRF:0
BRH:0
FNF:3
FNH:0
end_of_record
SF:/home/runner/work/wangkanai/wangkanai/Federation/src/Domain/Validations/GrantTypeValidationExtensions.cs
FN:9,System.Collections.Generic.IEnumerable`1<System.String> Wangkanai.Federation.Validations.GrantTypeValidationExtensions::ValidateGrantTypes(System.Collections.Generic.IEnumerable`1<System.String>)
FNDA:0,System.Collections.Generic.IEnumerable`1<System.String> Wangkanai.Federation.Validations.GrantTypeValidationExtensions::ValidateGrantTypes(System.Collections.Generic.IEnumerable`1<System.String>)
DA:10,0
DA:11,0
DA:13,0
DA:14,0
DA:16,0
DA:18,0
DA:19,0
DA:21,0
DA:22,0
DA:23,0
DA:25,0
DA:26,0
BRDA:13,47,0,0
BRDA:13,47,1,0
BRDA:16,71,0,0
BRDA:16,71,1,0
BRDA:18,101,0,0
BRDA:18,101,1,0
FN:28,System.Void Wangkanai.Federation.Validations.GrantTypeValidationExtensions::DisallowGrantTypeCombination(System.String,System.String,System.Collections.Generic.IEnumerable`1<System.String>)
FNDA:0,System.Void Wangkanai.Federation.Validations.GrantTypeValidationExtensions::DisallowGrantTypeCombination(System.String,System.String,System.Collections.Generic.IEnumerable`1<System.String>)
DA:29,0
DA:30,0
DA:31,0
DA:32,0
BRDA:30,13,0,0
BRDA:30,13,1,0
BRDA:30,32,0,0
BRDA:30,32,1,0
LF:16
LH:0
BRF:10
BRH:0
FNF:2
FNH:0
end_of_record
SF:/home/runner/work/wangkanai/wangkanai/Federation/src/Domain/Validations/GrantTypeValidationHashSet.cs
FN:8,System.Int32 Wangkanai.Federation.Validations.GrantTypeValidationHashSet::get_Count()
FNDA:0,System.Int32 Wangkanai.Federation.Validations.GrantTypeValidationHashSet::get_Count()
DA:9,0
FN:9,System.Boolean Wangkanai.Federation.Validations.GrantTypeValidationHashSet::get_IsReadOnly()
FNDA:0,System.Boolean Wangkanai.Federation.Validations.GrantTypeValidationHashSet::get_IsReadOnly()
DA:10,0
FN:18,System.Void Wangkanai.Federation.Validations.GrantTypeValidationHashSet::Add(System.String)
FNDA:0,System.Void Wangkanai.Federation.Validations.GrantTypeValidationHashSet::Add(System.String)
DA:19,0
DA:20,0
DA:21,0
DA:22,0
DA:23,0
DA:24,0
FN:25,System.Boolean Wangkanai.Federation.Validations.GrantTypeValidationHashSet::Remove(System.String)
FNDA:0,System.Boolean Wangkanai.Federation.Validations.GrantTypeValidationHashSet::Remove(System.String)
DA:26,0
FN:26,System.Void Wangkanai.Federation.Validations.GrantTypeValidationHashSet::Clear()
FNDA:0,System.Void Wangkanai.Federation.Validations.GrantTypeValidationHashSet::Clear()
DA:27,0
FN:27,System.Boolean Wangkanai.Federation.Validations.GrantTypeValidationHashSet::Contains(System.String)
FNDA:0,System.Boolean Wangkanai.Federation.Validations.GrantTypeValidationHashSet::Contains(System.String)
DA:28,0
FN:28,System.Void Wangkanai.Federation.Validations.GrantTypeValidationHashSet::CopyTo(System.String[],System.Int32)
FNDA:0,System.Void Wangkanai.Federation.Validations.GrantTypeValidationHashSet::CopyTo(System.String[],System.Int32)
DA:29,0
FN:30,System.Collections.Generic.IEnumerator`1<System.String> Wangkanai.Federation.Validations.GrantTypeValidationHashSet::GetEnumerator()
FNDA:0,System.Collections.Generic.IEnumerator`1<System.String> Wangkanai.Federation.Validations.GrantTypeValidationHashSet::GetEnumerator()
DA:31,0
FN:31,System.Collections.IEnumerator Wangkanai.Federation.Validations.GrantTypeValidationHashSet::System.Collections.IEnumerable.GetEnumerator()
FNDA:0,System.Collections.IEnumerator Wangkanai.Federation.Validations.GrantTypeValidationHashSet::System.Collections.IEnumerable.GetEnumerator()
DA:32,0
FN:33,System.Collections.Generic.ICollection`1<System.String> Wangkanai.Federation.Validations.GrantTypeValidationHashSet::Clone()
FNDA:0,System.Collections.Generic.ICollection`1<System.String> Wangkanai.Federation.Validations.GrantTypeValidationHashSet::Clone()
DA:34,0
FN:36,System.Collections.Generic.ICollection`1<System.String> Wangkanai.Federation.Validations.GrantTypeValidationHashSet::CloneWith(System.String[])
FNDA:0,System.Collections.Generic.ICollection`1<System.String> Wangkanai.Federation.Validations.GrantTypeValidationHashSet::CloneWith(System.String[])
DA:37,0
DA:38,0
DA:39,0
DA:40,0
DA:41,0
BRDA:39,35,1,0
BRDA:39,35,0,0
FN:11,System.Void Wangkanai.Federation.Validations.GrantTypeValidationHashSet::.ctor()
FNDA:0,System.Void Wangkanai.Federation.Validations.GrantTypeValidationHashSet::.ctor()
DA:12,0
DA:13,0
FN:14,System.Void Wangkanai.Federation.Validations.GrantTypeValidationHashSet::.ctor(System.Collections.Generic.IEnumerable`1<System.String>)
FNDA:0,System.Void Wangkanai.Federation.Validations.GrantTypeValidationHashSet::.ctor(System.Collections.Generic.IEnumerable`1<System.String>)
DA:15,0
DA:16,0
LF:24
LH:0
BRF:2
BRH:0
FNF:13
FNH:0
end_of_record
SF:/home/runner/work/wangkanai/wangkanai/Federation/src/Domain/Options/PersistentGrantOptions.cs
FN:8,System.Boolean Wangkanai.Federation.Options.PersistentGrantOptions::get_ProtectData()
FNDA:0,System.Boolean Wangkanai.Federation.Options.PersistentGrantOptions::get_ProtectData()
DA:9,0
FN:14,System.Boolean Wangkanai.Federation.Options.PersistentGrantOptions::get_DeleteOneTimeOnlyRefreshTokensOnUse()
FNDA:0,System.Boolean Wangkanai.Federation.Options.PersistentGrantOptions::get_DeleteOneTimeOnlyRefreshTokensOnUse()
DA:15,0
LF:2
LH:0
BRF:0
BRH:0
FNF:2
FNH:0
end_of_record
SF:/home/runner/work/wangkanai/wangkanai/Federation/src/Domain/Extensions/FederationResourcesExtensions.cs
FN:7,System.Collections.Generic.IEnumerable`1<System.String> Wangkanai.Federation.Models.FederationResourcesExtensions::ToScopeNames(Wangkanai.Federation.Models.FederationResources)
FNDA:0,System.Collections.Generic.IEnumerable`1<System.String> Wangkanai.Federation.Models.FederationResourcesExtensions::ToScopeNames(Wangkanai.Federation.Models.FederationResources)
DA:8,0
DA:9,0
DA:10,0
DA:11,0
DA:12,0
DA:14,0
DA:15,0
BRDA:11,106,0,0
BRDA:11,106,1,0
LF:7
LH:0
BRF:2
BRH:0
FNF:1
FNH:0
end_of_record
SF:/home/runner/work/wangkanai/wangkanai/Federation/src/Domain/Models/BaseResource.cs
FN:12,System.String Wangkanai.Federation.Models.BaseResource::get_DebuggerDisplay()
FNDA:0,System.String Wangkanai.Federation.Models.BaseResource::get_DebuggerDisplay()
DA:13,0
BRDA:13,7,0,0
BRDA:13,7,1,0
FN:17,System.Boolean Wangkanai.Federation.Models.BaseResource::get_Enable()
FNDA:0,System.Boolean Wangkanai.Federation.Models.BaseResource::get_Enable()
DA:18,0
FN:22,System.String Wangkanai.Federation.Models.BaseResource::get_Name()
FNDA:0,System.String Wangkanai.Federation.Models.BaseResource::get_Name()
DA:23,0
FN:27,System.String Wangkanai.Federation.Models.BaseResource::get_DisplayName()
FNDA:0,System.String Wangkanai.Federation.Models.BaseResource::get_DisplayName()
DA:28,0
FN:32,System.String Wangkanai.Federation.Models.BaseResource::get_Description()
FNDA:0,System.String Wangkanai.Federation.Models.BaseResource::get_Description()
DA:33,0
FN:37,System.Boolean Wangkanai.Federation.Models.BaseResource::get_ShowInDiscoveryDocument()
FNDA:0,System.Boolean Wangkanai.Federation.Models.BaseResource::get_ShowInDiscoveryDocument()
DA:38,0
FN:42,System.Collections.Generic.ICollection`1<System.String> Wangkanai.Federation.Models.BaseResource::get_Claims()
FNDA:0,System.Collections.Generic.ICollection`1<System.String> Wangkanai.Federation.Models.BaseResource::get_Claims()
DA:43,0
FN:47,System.Collections.Generic.IDictionary`2<System.String,System.String> Wangkanai.Federation.Models.BaseResource::get_Properties()
FNDA:0,System.Collections.Generic.IDictionary`2<System.String,System.String> Wangkanai.Federation.Models.BaseResource::get_Properties()
DA:48,0
LF:8
LH:0
BRF:2
BRH:0
FNF:8
FNH:0
end_of_record
SF:/home/runner/work/wangkanai/wangkanai/Federation/src/Domain/Models/FederationApi.cs
FN:11,System.String Wangkanai.Federation.Models.FederationApi::get_DebuggerDisplay()
FNDA:0,System.String Wangkanai.Federation.Models.FederationApi::get_DebuggerDisplay()
DA:12,0
BRDA:12,7,0,0
BRDA:12,7,1,0
FN:13,System.Boolean Wangkanai.Federation.Models.FederationApi::get_RequireApiIndicator()
FNDA:0,System.Boolean Wangkanai.Federation.Models.FederationApi::get_RequireApiIndicator()
DA:14,0
FN:15,System.Collections.Generic.ICollection`1<Wangkanai.Federation.Models.FederationSecret> Wangkanai.Federation.Models.FederationApi::get_Secrets()
FNDA:0,System.Collections.Generic.ICollection`1<Wangkanai.Federation.Models.FederationSecret> Wangkanai.Federation.Models.FederationApi::get_Secrets()
DA:16,0
FN:16,System.Collections.Generic.ICollection`1<System.String> Wangkanai.Federation.Models.FederationApi::get_Scopes()
FNDA:0,System.Collections.Generic.ICollection`1<System.String> Wangkanai.Federation.Models.FederationApi::get_Scopes()
DA:17,0
FN:18,System.Collections.Generic.ICollection`1<System.String> Wangkanai.Federation.Models.FederationApi::get_AllowedAccessTokenSigningAlgorithms()
FNDA:0,System.Collections.Generic.ICollection`1<System.String> Wangkanai.Federation.Models.FederationApi::get_AllowedAccessTokenSigningAlgorithms()
DA:19,0
FN:20,System.Void Wangkanai.Federation.Models.FederationApi::.ctor()
FNDA:0,System.Void Wangkanai.Federation.Models.FederationApi::.ctor()
DA:21,0
FN:21,System.Void Wangkanai.Federation.Models.FederationApi::.ctor(System.String)
FNDA:0,System.Void Wangkanai.Federation.Models.FederationApi::.ctor(System.String)
DA:22,0
FN:22,System.Void Wangkanai.Federation.Models.FederationApi::.ctor(System.String,System.String)
FNDA:0,System.Void Wangkanai.Federation.Models.FederationApi::.ctor(System.String,System.String)
DA:23,0
FN:24,System.Void Wangkanai.Federation.Models.FederationApi::.ctor(System.String,System.String,System.Collections.Generic.IEnumerable`1<System.String>)
FNDA:0,System.Void Wangkanai.Federation.Models.FederationApi::.ctor(System.String,System.String,System.Collections.Generic.IEnumerable`1<System.String>)
DA:25,0
DA:26,0
DA:27,0
DA:29,0
DA:30,0
DA:32,0
DA:33,0
DA:35,0
DA:36,0
DA:37,0
BRDA:32,72,1,0
BRDA:35,112,1,0
BRDA:35,112,0,0
BRDA:32,72,0,0
LF:18
LH:0
BRF:6
BRH:0
FNF:9
FNH:0
end_of_record
SF:/home/runner/work/wangkanai/wangkanai/Federation/src/Domain/Models/FederationClient.cs
FN:12,System.String Wangkanai.Federation.Models.FederationClient::get_DebuggerDisplay()
FNDA:0,System.String Wangkanai.Federation.Models.FederationClient::get_DebuggerDisplay()
DA:13,0
BRDA:13,7,0,0
BRDA:13,7,1,0
FN:14,System.Boolean Wangkanai.Federation.Models.FederationClient::get_Enabled()
FNDA:0,System.Boolean Wangkanai.Federation.Models.FederationClient::get_Enabled()
DA:15,0
FN:15,System.String Wangkanai.Federation.Models.FederationClient::get_ClientId()
FNDA:0,System.String Wangkanai.Federation.Models.FederationClient::get_ClientId()
DA:16,0
FN:16,System.String Wangkanai.Federation.Models.FederationClient::get_ClientName()
FNDA:0,System.String Wangkanai.Federation.Models.FederationClient::get_ClientName()
DA:17,0
FN:17,System.String Wangkanai.Federation.Models.FederationClient::get_ClientUri()
FNDA:0,System.String Wangkanai.Federation.Models.FederationClient::get_ClientUri()
DA:18,0
[...]
DA:23,0
FN:23,System.Boolean Wangkanai.Domain.UserAuditableEntity`1::ShouldSerializeCreatedBy()
FNDA:0,System.Boolean Wangkanai.Domain.UserAuditableEntity`1::ShouldSerializeCreatedBy()
DA:24,0
FN:24,System.Boolean Wangkanai.Domain.UserAuditableEntity`1::ShouldSerializeUpdatedBy()
FNDA:0,System.Boolean Wangkanai.Domain.UserAuditableEntity`1::ShouldSerializeUpdatedBy()
DA:25,0
LF:9
LH:0
BRF:0
BRH:0
FNF:9
FNH:0
end_of_record
SF:/home/runner/work/wangkanai/wangkanai/Domain/src/ValueObject.cs
FN:16,System.Boolean Wangkanai.Domain.ValueObject::Equals(System.Object)
FNDA:0,System.Boolean Wangkanai.Domain.ValueObject::Equals(System.Object)
DA:17,0
DA:18,0
DA:19,0
DA:20,0
DA:21,0
DA:22,0
DA:23,0
DA:25,0
DA:26,0
DA:27,0
BRDA:18,7,0,0
BRDA:18,7,1,0
BRDA:20,19,0,0
BRDA:20,19,1,0
BRDA:22,46,0,0
BRDA:22,46,1,0
BRDA:26,60,0,0
BRDA:26,60,1,0
FN:29,System.Int32 Wangkanai.Domain.ValueObject::GetHashCode()
FNDA:0,System.Int32 Wangkanai.Domain.ValueObject::GetHashCode()
DA:30,0
DA:32,0
DA:33,0
DA:34,0
DA:36,0
BRDA:34,5,0,0
BRDA:34,5,1,0
FN:38,System.Object Wangkanai.Domain.ValueObject::Clone()
FNDA:0,System.Object Wangkanai.Domain.ValueObject::Clone()
DA:39,0
FN:41,System.Boolean Wangkanai.Domain.ValueObject::op_Equality(Wangkanai.Domain.ValueObject,Wangkanai.Domain.ValueObject)
FNDA:0,System.Boolean Wangkanai.Domain.ValueObject::op_Equality(Wangkanai.Domain.ValueObject,Wangkanai.Domain.ValueObject)
DA:42,0
FN:44,System.Boolean Wangkanai.Domain.ValueObject::op_Inequality(Wangkanai.Domain.ValueObject,Wangkanai.Domain.ValueObject)
FNDA:0,System.Boolean Wangkanai.Domain.ValueObject::op_Inequality(Wangkanai.Domain.ValueObject,Wangkanai.Domain.ValueObject)
DA:45,0
FN:47,System.String Wangkanai.Domain.ValueObject::ToString()
FNDA:0,System.String Wangkanai.Domain.ValueObject::ToString()
DA:48,0
FN:50,System.Collections.Generic.IEnumerable`1<System.Reflection.PropertyInfo> Wangkanai.Domain.ValueObject::GetProperties()
FNDA:0,System.Collections.Generic.IEnumerable`1<System.Reflection.PropertyInfo> Wangkanai.Domain.ValueObject::GetProperties()
DA:51,0
DA:52,0
DA:53,0
FN:55,System.String Wangkanai.Domain.ValueObject::GetCacheKey()
FNDA:0,System.String Wangkanai.Domain.ValueObject::GetCacheKey()
DA:56,0
DA:57,0
DA:58,0
DA:59,0
DA:61,0
DA:62,0
BRDA:58,6,0,0
BRDA:58,6,1,0
BRDA:59,8,0,0
BRDA:59,11,0,0
BRDA:59,11,1,0
BRDA:59,8,1,0
FN:13,System.Void Wangkanai.Domain.ValueObject::.cctor()
FNDA:0,System.Void Wangkanai.Domain.ValueObject::.cctor()
DA:14,0
FN:64,System.Boolean Wangkanai.Domain.ValueObject/<GetEqualityComponents>d__9::MoveNext()
FNDA:0,System.Boolean Wangkanai.Domain.ValueObject/<GetEqualityComponents>d__9::MoveNext()
DA:65,0
DA:66,0
DA:67,0
DA:68,0
DA:69,0
DA:70,0
DA:72,0
DA:73,0
DA:74,0
DA:75,0
DA:76,0
DA:77,0
DA:78,0
DA:80,0
DA:81,0
DA:83,0
DA:84,0
DA:85,0
DA:86,0
BRDA:66,495,1,0
BRDA:69,169,0,0
BRDA:69,169,1,0
BRDA:74,236,0,0
BRDA:77,379,1,0
BRDA:77,379,0,0
BRDA:74,236,1,0
BRDA:66,495,0,0
LF:48
LH:0
BRF:24
BRH:0
FNF:10
FNH:0
end_of_record
SF:/home/runner/work/wangkanai/wangkanai/Domain/src/Events/DomainEvent.cs
FN:9,System.Int32 Wangkanai.Domain.Events.DomainEvent`1::get_Version()
FNDA:0,System.Int32 Wangkanai.Domain.Events.DomainEvent`1::get_Version()
DA:10,0
FN:10,System.DateTimeOffset Wangkanai.Domain.Events.DomainEvent`1::get_TimeStamp()
FNDA:0,System.DateTimeOffset Wangkanai.Domain.Events.DomainEvent`1::get_TimeStamp()
DA:11,0
LF:2
LH:0
BRF:0
BRH:0
FNF:2
FNH:0
end_of_record
SF:/home/runner/work/wangkanai/wangkanai/Domain/src/Events/EventSuppressor.cs
FN:10,System.Boolean Wangkanai.Domain.Events.EventSuppressor/DisposableActionGuard::get_EventsSuppressed()
FNDA:0,System.Boolean Wangkanai.Domain.Events.EventSuppressor/DisposableActionGuard::get_EventsSuppressed()
DA:11,0
FN:12,System.Void Wangkanai.Domain.Events.EventSuppressor/DisposableActionGuard::Dispose()
FNDA:0,System.Void Wangkanai.Domain.Events.EventSuppressor/DisposableActionGuard::Dispose()
DA:13,0
FN:15,System.Void Wangkanai.Domain.Events.EventSuppressor/DisposableActionGuard::Dispose(System.Boolean)
FNDA:0,System.Void Wangkanai.Domain.Events.EventSuppressor/DisposableActionGuard::Dispose(System.Boolean)
DA:16,0
DA:17,0
DA:18,0
DA:19,0
BRDA:17,4,0,0
BRDA:17,4,1,0
FN:21,System.IDisposable Wangkanai.Domain.Events.EventSuppressor/DisposableActionGuard::SuppressEvents()
FNDA:0,System.IDisposable Wangkanai.Domain.Events.EventSuppressor/DisposableActionGuard::SuppressEvents()
DA:22,0
DA:23,0
DA:24,0
DA:25,0
FN:6,System.Void Wangkanai.Domain.Events.EventSuppressor/DisposableActionGuard::.ctor(System.Action)
FNDA:0,System.Void Wangkanai.Domain.Events.EventSuppressor/DisposableActionGuard::.ctor(System.Action)
DA:7,0
FN:8,System.Void Wangkanai.Domain.Events.EventSuppressor/DisposableActionGuard::.cctor()
FNDA:0,System.Void Wangkanai.Domain.Events.EventSuppressor/DisposableActionGuard::.cctor()
DA:9,0
LF:12
LH:0
BRF:2
BRH:0
FNF:6
FNH:0
end_of_record
SF:/home/runner/work/wangkanai/wangkanai/Domain/src/Events/GuidDomainEvent.cs
FN:6,System.Void Wangkanai.Domain.Events.GuidDomainEvent::.ctor()
FNDA:0,System.Void Wangkanai.Domain.Events.GuidDomainEvent::.ctor()
DA:7,0
LF:1
LH:0
BRF:0
BRH:0
FNF:1
FNH:0
end_of_record
SF:/home/runner/work/wangkanai/wangkanai/Domain/src/Configurations/AuditTrailConfiguration.cs
FN:15,System.Void Wangkanai.Domain.Configurations.AuditTrailConfiguration`3::Configure(Microsoft.EntityFrameworkCore.Metadata.Builders.EntityTypeBuilder`1<Wangkanai.Domain.AuditTrail`3<TKey,TUserType,TUserKey>>)
FNDA:0,System.Void Wangkanai.Domain.Configurations.AuditTrailConfiguration`3::Configure(Microsoft.EntityFrameworkCore.Metadata.Builders.EntityTypeBuilder`1<Wangkanai.Domain.AuditTrail`3<TKey,TUserType,TUserKey>>)
DA:16,0
DA:17,0
DA:18,0
DA:20,0
DA:21,0
DA:22,0
DA:23,0
DA:25,0
DA:26,0
DA:28,0
DA:29,0
DA:31,0
DA:32,0
DA:34,0
DA:35,0
DA:37,0
DA:38,0
DA:40,0
DA:41,0
DA:43,0
DA:44,0
DA:45,0
DA:46,0
DA:47,0
DA:48,0
DA:50,0
LF:26
LH:0
BRF:0
BRH:0
FNF:1
FNH:0
end_of_record
SF:/home/runner/work/wangkanai/wangkanai/Domain/src/Common/PrimaryKeyResolvingMap.cs
FN:9,System.Void Wangkanai.Domain.Common.PrimaryKeyResolvingMap::AddPair(Wangkanai.Domain.IKeyGuidEntity,Wangkanai.Domain.IKeyGuidEntity)
FNDA:0,System.Void Wangkanai.Domain.Common.PrimaryKeyResolvingMap::AddPair(Wangkanai.Domain.IKeyGuidEntity,Wangkanai.Domain.IKeyGuidEntity)
DA:10,0
FN:12,System.Void Wangkanai.Domain.Common.PrimaryKeyResolvingMap::ResolvePrimaryKeys()
FNDA:0,System.Void Wangkanai.Domain.Common.PrimaryKeyResolvingMap::ResolvePrimaryKeys()
DA:13,0
DA:14,0
DA:15,0
DA:16,0
DA:17,0
DA:18,0
DA:20,0
DA:21,0
DA:22,0
DA:23,0
DA:24,0
DA:25,0
DA:26,0
DA:27,0
DA:28,0
DA:29,0
BRDA:14,221,1,0
BRDA:16,50,0,0
BRDA:16,50,1,0
BRDA:16,79,0,0
BRDA:20,124,0,0
BRDA:20,124,1,0
BRDA:20,152,0,0
BRDA:20,152,1,0
BRDA:16,79,1,0
BRDA:14,221,0,0
FN:6,System.Void Wangkanai.Domain.Common.PrimaryKeyResolvingMap::.ctor()
FNDA:0,System.Void Wangkanai.Domain.Common.PrimaryKeyResolvingMap::.ctor()
DA:7,0
LF:18
LH:0
BRF:10
BRH:0
FNF:3
FNH:0
end_of_record
SF:/home/runner/work/wangkanai/wangkanai/Domain/src/Common/ReflectionUtility.cs
FN:11,System.Collections.Generic.IEnumerable`1<System.String> Wangkanai.Domain.Common.ReflectionUtility::GetPropertyNames(System.Linq.Expressions.Expression`1<System.Func`2<T,System.Object>>[])
FNDA:0,System.Collections.Generic.IEnumerable`1<System.String> Wangkanai.Domain.Common.ReflectionUtility::GetPropertyNames(System.Linq.Expressions.Expression`1<System.Func`2<T,System.Object>>[])
DA:12,0
DA:13,0
DA:14,0
DA:15,0
DA:17,0
DA:18,0
BRDA:14,39,1,0
BRDA:14,39,0,0
FN:20,System.String Wangkanai.Domain.Common.ReflectionUtility::GetPropertyName(System.Linq.Expressions.Expression`1<System.Func`2<T,System.Object>>)
FNDA:0,System.String Wangkanai.Domain.Common.ReflectionUtility::GetPropertyName(System.Linq.Expressions.Expression`1<System.Func`2<T,System.Object>>)
DA:21,0
DA:22,0
DA:23,0
DA:25,0
DA:27,0
DA:28,0
DA:29,0
DA:31,0
DA:32,0
BRDA:22,7,0,0
BRDA:22,7,1,0
BRDA:27,29,0,0
BRDA:27,29,1,0
FN:34,System.Boolean Wangkanai.Domain.Common.ReflectionUtility::IsAssignableFromGenericList(System.Type)
FNDA:0,System.Boolean Wangkanai.Domain.Common.ReflectionUtility::IsAssignableFromGenericList(System.Type)
DA:35,0
BRDA:35,6,0,0
BRDA:35,6,1,0
FN:8,System.Void Wangkanai.Domain.Common.ReflectionUtility::.cctor()
FNDA:0,System.Void Wangkanai.Domain.Common.ReflectionUtility::.cctor()
DA:9,0
FN:39,System.Boolean Wangkanai.Domain.Common.ReflectionUtility/ObjectReferenceComparer::Equals(System.Object,System.Object)
FNDA:0,System.Boolean Wangkanai.Domain.Common.ReflectionUtility/ObjectReferenceComparer::Equals(System.Object,System.Object)
DA:40,0
FN:42,System.Int32 Wangkanai.Domain.Common.ReflectionUtility/ObjectReferenceComparer::GetHashCode(System.Object)
FNDA:0,System.Int32 Wangkanai.Domain.Common.ReflectionUtility/ObjectReferenceComparer::GetHashCode(System.Object)
DA:43,0
DA:44,0
LF:20
LH:0
BRF:8
BRH:0
FNF:6
FNH:0
end_of_record
SF:/home/runner/work/wangkanai/wangkanai/Domain/src/Caching/CacheKey.cs
FN:7,System.String Wangkanai.Domain.Caching.CacheKey::With(System.String[])
FNDA:0,System.String Wangkanai.Domain.Caching.CacheKey::With(System.String[])
DA:8,0
FN:10,System.String Wangkanai.Domain.Caching.CacheKey::With(System.Type,System.String[])
FNDA:0,System.String Wangkanai.Domain.Caching.CacheKey::With(System.Type,System.String[])
DA:11,0
LF:2
LH:0
BRF:0
BRH:0
FNF:2
FNH:0
end_of_record
SF:/home/runner/work/wangkanai/wangkanai/Webserver/src/DependencyInjection/CoreBuilderExtensions.cs
FN:12,Microsoft.Extensions.DependencyInjection.IWebserverBuilder Microsoft.Extensions.DependencyInjection.CoreBuilderExtensions::AddRequiredServices(Microsoft.Extensions.DependencyInjection.IWebserverBuilder)
FNDA:0,Microsoft.Extensions.DependencyInjection.IWebserverBuilder Microsoft.Extensions.DependencyInjection.CoreBuilderExtensions::AddRequiredServices(Microsoft.Extensions.DependencyInjection.IWebserverBuilder)
DA:13,0
DA:14,0
DA:16,0
DA:17,0
DA:18,0
DA:20,0
DA:21,0
FN:23,Microsoft.Extensions.DependencyInjection.IWebserverBuilder Microsoft.Extensions.DependencyInjection.CoreBuilderExtensions::AddCoreServices(Microsoft.Extensions.DependencyInjection.IWebserverBuilder)
FNDA:0,Microsoft.Extensions.DependencyInjection.IWebserverBuilder Microsoft.Extensions.DependencyInjection.CoreBuilderExtensions::AddCoreServices(Microsoft.Extensions.DependencyInjection.IWebserverBuilder)
DA:24,0
DA:25,0
DA:27,0
DA:28,0
FN:30,Microsoft.Extensions.DependencyInjection.IWebserverBuilder Microsoft.Extensions.DependencyInjection.CoreBuilderExtensions::AddMarkerService(Microsoft.Extensions.DependencyInjection.IWebserverBuilder)
FNDA:0,Microsoft.Extensions.DependencyInjection.IWebserverBuilder Microsoft.Extensions.DependencyInjection.CoreBuilderExtensions::AddMarkerService(Microsoft.Extensions.DependencyInjection.IWebserverBuilder)
DA:31,0
DA:32,0
DA:34,0
DA:35,0
LF:15
LH:0
BRF:0
BRH:0
FNF:3
FNH:0
end_of_record
SF:/home/runner/work/wangkanai/wangkanai/Webserver/src/DependencyInjection/DecoratorServiceExtensions.cs
FN:10,System.Void Microsoft.Extensions.DependencyInjection.DecoratorServiceExtensions::AddTransientDecorator(Microsoft.Extensions.DependencyInjection.IServiceCollection)
FNDA:0,System.Void Microsoft.Extensions.DependencyInjection.DecoratorServiceExtensions::AddTransientDecorator(Microsoft.Extensions.DependencyInjection.IServiceCollection)
DA:11,0
DA:12,0
DA:13,0
DA:14,0
FN:16,System.Void Microsoft.Extensions.DependencyInjection.DecoratorServiceExtensions::AddDecorator(Microsoft.Extensions.DependencyInjection.IServiceCollection)
FNDA:0,System.Void Microsoft.Extensions.DependencyInjection.DecoratorServiceExtensions::AddDecorator(Microsoft.Extensions.DependencyInjection.IServiceCollection)
DA:17,0
DA:18,0
DA:20,0
DA:22,0
DA:23,0
DA:25,0
DA:27,0
DA:28,0
DA:29,0
DA:30,0
DA:32,0
DA:33,0
DA:34,0
DA:35,0
DA:36,0
DA:37,0
DA:38,0
DA:40,0
DA:41,0
DA:42,0
DA:44,0
DA:45,0
DA:46,0
DA:47,0
BRDA:18,15,0,0
BRDA:18,15,1,0
BRDA:22,99,0,0
BRDA:22,99,1,0
BRDA:22,131,0,0
BRDA:22,131,1,0
BRDA:27,198,0,0
BRDA:27,198,1,0
BRDA:35,331,0,0
BRDA:35,331,1,0
LF:28
LH:0
BRF:10
BRH:0
FNF:2
FNH:0
end_of_record
SF:/home/runner/work/wangkanai/wangkanai/Webserver/src/DependencyInjection/WebserverApplicationExtensions.cs
FN:12,Microsoft.AspNetCore.Builder.IApplicationBuilder Microsoft.Extensions.DependencyInjection.WebserverApplicationExtensions::UseWebserver(Microsoft.AspNetCore.Builder.IApplicationBuilder)
FNDA:0,Microsoft.AspNetCore.Builder.IApplicationBuilder Microsoft.Extensions.DependencyInjection.WebserverApplicationExtensions::UseWebserver(Microsoft.AspNetCore.Builder.IApplicationBuilder)
DA:13,0
DA:14,0
DA:15,0
DA:16,0
DA:18,0
DA:19,0
FN:21,System.Void Microsoft.Extensions.DependencyInjection.WebserverApplicationExtensions::Validate(Microsoft.AspNetCore.Builder.IApplicationBuilder)
FNDA:0,System.Void Microsoft.Extensions.DependencyInjection.WebserverApplicationExtensions::Validate(Microsoft.AspNetCore.Builder.IApplicationBuilder)
DA:22,0
DA:24,0
LF:8
LH:0
BRF:0
BRH:0
FNF:2
FNH:0
end_of_record
SF:/home/runner/work/wangkanai/wangkanai/Webserver/src/DependencyInjection/WebserverBuilder.cs
FN:9,Microsoft.Extensions.DependencyInjection.IServiceCollection Microsoft.Extensions.DependencyInjection.WebserverBuilder::get_Services()
FNDA:0,Microsoft.Extensions.DependencyInjection.IServiceCollection Microsoft.Extensions.DependencyInjection.WebserverBuilder::get_Services()
DA:10,0
FN:6,System.Void Microsoft.Extensions.DependencyInjection.WebserverBuilder::.ctor(Microsoft.Extensions.DependencyInjection.IServiceCollection)
FNDA:0,System.Void Microsoft.Extensions.DependencyInjection.WebserverBuilder::.ctor(Microsoft.Extensions.DependencyInjection.IServiceCollection)
DA:7,0
DA:8,0
LF:3
LH:0
BRF:0
BRH:0
FNF:2
FNH:0
end_of_record
SF:/home/runner/work/wangkanai/wangkanai/Webserver/src/DependencyInjection/WebserverCollectionExtensions.cs
FN:7,Microsoft.Extensions.DependencyInjection.IWebserverBuilder Microsoft.Extensions.DependencyInjection.WebserverCollectionExtensions::AddWebserver(Microsoft.Extensions.DependencyInjection.IServiceCollection,System.Action`1<Microsoft.Extensions.DependencyInjection.WebserverOptions>)
FNDA:0,Microsoft.Extensions.DependencyInjection.IWebserverBuilder Microsoft.Extensions.DependencyInjection.WebserverCollectionExtensions::AddWebserver(Microsoft.Extensions.DependencyInjection.IServiceCollection,System.Action`1<Microsoft.Extensions.DependencyInjection.WebserverOptions>)
DA:8,0
DA:9,0
FN:11,Microsoft.Extensions.DependencyInjection.IWebserverBuilder Microsoft.Extensions.DependencyInjection.WebserverCollectionExtensions::AddWebserver(Microsoft.Extensions.DependencyInjection.IServiceCollection)
FNDA:0,Microsoft.Extensions.DependencyInjection.IWebserverBuilder Microsoft.Extensions.DependencyInjection.WebserverCollectionExtensions::AddWebserver(Microsoft.Extensions.DependencyInjection.IServiceCollection)
DA:12,0
DA:13,0
DA:14,0
FN:16,Microsoft.Extensions.DependencyInjection.IWebserverBuilder Microsoft.Extensions.DependencyInjection.WebserverCollectionExtensions::AddWebserverBuilder(Microsoft.Extensions.DependencyInjection.IServiceCollection)
FNDA:0,Microsoft.Extensions.DependencyInjection.IWebserverBuilder Microsoft.Extensions.DependencyInjection.WebserverCollectionExtensions::AddWebserverBuilder(Microsoft.Extensions.DependencyInjection.IServiceCollection)
DA:17,0
LF:6
LH:0
BRF:0
BRH:0
FNF:3
FNH:0
end_of_record
SF:/home/runner/work/wangkanai/wangkanai/Webserver/src/Extensions/ConfigurationExtensions.cs
FN:9,System.String Microsoft.Extensions.DependencyInjection.ConfigurationExtensions::GetAzureAd(Microsoft.Extensions.Configuration.IConfiguration,System.String)
FNDA:0,System.String Microsoft.Extensions.DependencyInjection.ConfigurationExtensions::GetAzureAd(Microsoft.Extensions.Configuration.IConfiguration,System.String)
DA:10,0
BRDA:10,1,0,0
BRDA:10,1,1,0
BRDA:10,18,0,0
BRDA:10,18,1,0
FN:12,System.String Microsoft.Extensions.DependencyInjection.ConfigurationExtensions::GetSendgrid(Microsoft.Extensions.Configuration.IConfiguration,System.String)
FNDA:0,System.String Microsoft.Extensions.DependencyInjection.ConfigurationExtensions::GetSendgrid(Microsoft.Extensions.Configuration.IConfiguration,System.String)
DA:13,0
BRDA:13,1,0,0
BRDA:13,1,1,0
BRDA:13,18,0,0
BRDA:13,18,1,0
FN:15,System.String Microsoft.Extensions.DependencyInjection.ConfigurationExtensions::GetRecaptcha(Microsoft.Extensions.Configuration.IConfiguration,System.String)
FNDA:0,System.String Microsoft.Extensions.DependencyInjection.ConfigurationExtensions::GetRecaptcha(Microsoft.Extensions.Configuration.IConfiguration,System.String)
DA:16,0
BRDA:16,1,0,0
BRDA:16,1,1,0
BRDA:16,18,0,0
BRDA:16,18,1,0
FN:18,System.String Microsoft.Extensions.DependencyInjection.ConfigurationExtensions::GetGoogle(Microsoft.Extensions.Configuration.IConfiguration,System.String)
FNDA:0,System.String Microsoft.Extensions.DependencyInjection.ConfigurationExtensions::GetGoogle(Microsoft.Extensions.Configuration.IConfiguration,System.String)
DA:19,0
BRDA:19,1,0,0
BRDA:19,1,1,0
BRDA:19,18,0,0
BRDA:19,18,1,0
FN:21,System.String Microsoft.Extensions.DependencyInjection.ConfigurationExtensions::GetFacebook(Microsoft.Extensions.Configuration.IConfiguration,System.String)
FNDA:0,System.String Microsoft.Extensions.DependencyInjection.ConfigurationExtensions::GetFacebook(Microsoft.Extensions.Configuration.IConfiguration,System.String)
DA:22,0
BRDA:22,1,0,0
BRDA:22,1,1,0
BRDA:22,18,0,0
BRDA:22,18,1,0
FN:24,System.String Microsoft.Extensions.DependencyInjection.ConfigurationExtensions::GetLinkedIn(Microsoft.Extensions.Configuration.IConfiguration,System.String)
FNDA:0,System.String Microsoft.Extensions.DependencyInjection.ConfigurationExtensions::GetLinkedIn(Microsoft.Extensions.Configuration.IConfiguration,System.String)
DA:25,0
BRDA:25,1,0,0
BRDA:25,1,1,0
BRDA:25,18,0,0
BRDA:25,18,1,0
LF:6
LH:0
BRF:24
BRH:0
FNF:6
FNH:0
end_of_record
SF:/home/runner/work/wangkanai/wangkanai/Webserver/src/Extensions/HttpResponseExtensions.cs
FN:11,System.Void Microsoft.Extensions.DependencyInjection.HttpResponseExtensions::SetCache(Microsoft.AspNetCore.Http.HttpResponse,System.Int32,System.String[])
FNDA:0,System.Void Microsoft.Extensions.DependencyInjection.HttpResponseExtensions::SetCache(Microsoft.AspNetCore.Http.HttpResponse,System.Int32,System.String[])
DA:12,0
DA:13,0
DA:14,0
DA:15,0
DA:16,0
DA:17,0
DA:18,0
DA:20,0
DA:21,0
DA:23,0
DA:24,0
DA:25,0
DA:27,0
DA:28,0
DA:29,0
BRDA:13,7,0,0
BRDA:13,7,1,0
BRDA:15,27,0,0
BRDA:17,56,0,0
BRDA:17,56,1,0
BRDA:20,87,0,0
BRDA:20,87,1,0
BRDA:20,105,1,0
BRDA:24,169,0,0
BRDA:24,169,1,0
BRDA:15,27,1,0
BRDA:20,105,0,0
FN:31,System.Void Microsoft.Extensions.DependencyInjection.HttpResponseExtensions::SetNoCache(Microsoft.AspNetCore.Http.HttpResponse)
FNDA:0,System.Void Microsoft.Extensions.DependencyInjection.HttpResponseExtensions::SetNoCache(Microsoft.AspNetCore.Http.HttpResponse)
DA:32,0
DA:33,0
DA:34,0
DA:36,0
DA:38,0
DA:39,0
DA:40,0
BRDA:33,22,0,0
BRDA:33,22,1,0
BRDA:38,101,0,0
BRDA:38,101,1,0
LF:22
LH:0
BRF:16
BRH:0
FNF:2
FNH:0
end_of_record
SF:/home/runner/work/wangkanai/wangkanai/Webserver/src/WebserverConstants.cs
FN:14,System.String Wangkanai.Webserver.WebserverConstants/CacheControl::ControlMaxAge(System.Int32)
FNDA:0,System.String Wangkanai.Webserver.WebserverConstants/CacheControl::ControlMaxAge(System.Int32)
DA:15,0
LF:1
LH:0
BRF:0
BRH:0
FNF:1
FNH:0
end_of_record
SF:/home/runner/work/wangkanai/wangkanai/Webserver/src/Hosting/WebserverMiddleware.cs
FN:6,System.Void Wangkanai.Webserver.Hosting.WebserverMiddleware::.ctor(Microsoft.AspNetCore.Http.RequestDelegate)
FNDA:0,System.Void Wangkanai.Webserver.Hosting.WebserverMiddleware::.ctor(Microsoft.AspNetCore.Http.RequestDelegate)
DA:7,0
DA:9,0
FN:11,System.Void Wangkanai.Webserver.Hosting.WebserverMiddleware/<InvokeAsync>d__2::MoveNext()
FNDA:0,System.Void Wangkanai.Webserver.Hosting.WebserverMiddleware/<InvokeAsync>d__2::MoveNext()
DA:12,0
DA:13,0
DA:15,0
DA:16,0
LF:6
LH:0
BRF:0
BRH:0
FNF:2
FNH:0
end_of_record