SF:/home/runner/work/wangkanai/wangkanai/Hosting/src/DependencyInjection/ApplicationBuilderExtensions.cs
FN:15,System.Void Microsoft.Extensions.DependencyInjection.ApplicationBuilderExtensions::ValidateOption(Microsoft.AspNetCore.Builder.IApplicationBuilder,T)
FNDA:0,System.Void Microsoft.Extensions.DependencyInjection.ApplicationBuilderExtensions::ValidateOption(Microsoft.AspNetCore.Builder.IApplicationBuilder,T)
DA:16,0
DA:17,0
DA:18,0
FN:20,System.Void Microsoft.Extensions.DependencyInjection.ApplicationBuilderExtensions::VerifyMarkerIsRegistered(Microsoft.AspNetCore.Builder.IApplicationBuilder)
FNDA:0,System.Void Microsoft.Extensions.DependencyInjection.ApplicationBuilderExtensions::VerifyMarkerIsRegistered(Microsoft.AspNetCore.Builder.IApplicationBuilder)
DA:21,0
DA:25,1
FN:29,System.Void Microsoft.Extensions.DependencyInjection.ApplicationBuilderExtensions::VerifyServiceIsRegistered(Microsoft.AspNetCore.Builder.IApplicationBuilder)
FNDA:1,System.Void Microsoft.Extensions.DependencyInjection.ApplicationBuilderExtensions::VerifyServiceIsRegistered(Microsoft.AspNetCore.Builder.IApplicationBuilder)
DA:30,1
DA:31,1
DA:32,1
DA:33,1
DA:34,0
BRDA:32,30,0,1
BRDA:32,30,1,0
FN:38,System.Void Microsoft.Extensions.DependencyInjection.ApplicationBuilderExtensions::VerifyEndpointRoutingMiddlewareIsNotRegistered(Microsoft.AspNetCore.Builder.IApplicationBuilder,System.Func`2<Microsoft.AspNetCore.Builder.IApplicationBuilder,Microsoft.AspNetCore.Builder.IApplicationBuilder>)
FNDA:0,System.Void Microsoft.Extensions.DependencyInjection.ApplicationBuilderExtensions::VerifyEndpointRoutingMiddlewareIsNotRegistered(Microsoft.AspNetCore.Builder.IApplicationBuilder,System.Func`2<Microsoft.AspNetCore.Builder.IApplicationBuilder,Microsoft.AspNetCore.Builder.IApplicationBuilder>)
DA:39,0
DA:41,0
DA:42,0
DA:43,0
BRDA:41,25,0,0
BRDA:41,25,1,0
LF:14
LH:5
BRF:4
BRH:1
FNF:4
FNH:2
end_of_record
SF:/home/runner/work/wangkanai/wangkanai/Hosting/src/Extensions/StringExtensions.cs
FN:14,System.String Wangkanai.Hosting.StringExtensions::CleanUrlPath(System.String)
FNDA:0,System.String Wangkanai.Hosting.StringExtensions::CleanUrlPath(System.String)
DA:15,0
DA:16,0
DA:17,0
DA:18,0
DA:20,0
BRDA:15,6,0,0
BRDA:15,6,1,0
BRDA:17,26,0,0
BRDA:17,36,0,0
BRDA:17,26,1,0
BRDA:17,36,1,0
LF:5
LH:0
BRF:6
BRH:0
FNF:1
FNH:0
end_of_record
SF:/home/runner/work/wangkanai/wangkanai/Hosting/src/DependencyInjection/CoreBuilderExtensions.cs
FN:11,System.Void Wangkanai.Hosting.DependencyInjection.CoreBuilderExtensions::AddMarkerService(Microsoft.Extensions.DependencyInjection.IServiceCollection)
FNDA:1,System.Void Wangkanai.Hosting.DependencyInjection.CoreBuilderExtensions::AddMarkerService(Microsoft.Extensions.DependencyInjection.IServiceCollection)
DA:12,1
LF:1
LH:1
BRF:0
BRH:0
FNF:1
FNH:1
end_of_record
SF:/home/runner/work/wangkanai/wangkanai/Detection/src/TagHelpers/BrowserTagHelper.cs
FN:28,System.String Microsoft.AspNetCore.Mvc.TagHelpers.BrowserTagHelper::get_Include()
FNDA:12,System.String Microsoft.AspNetCore.Mvc.TagHelpers.BrowserTagHelper::get_Include()
DA:29,12
FN:31,System.String Microsoft.AspNetCore.Mvc.TagHelpers.BrowserTagHelper::get_Exclude()
FNDA:4,System.String Microsoft.AspNetCore.Mvc.TagHelpers.BrowserTagHelper::get_Exclude()
DA:32,4
FN:34,System.Void Microsoft.AspNetCore.Mvc.TagHelpers.BrowserTagHelper::Process(Microsoft.AspNetCore.Razor.TagHelpers.TagHelperContext,Microsoft.AspNetCore.Razor.TagHelpers.TagHelperOutput)
FNDA:6,System.Void Microsoft.AspNetCore.Mvc.TagHelpers.BrowserTagHelper::Process(Microsoft.AspNetCore.Razor.TagHelpers.TagHelperContext,Microsoft.AspNetCore.Razor.TagHelpers.TagHelperOutput)
DA:35,6
DA:36,6
DA:37,5
DA:39,4
DA:40,4
DA:42,4
DA:43,2
DA:45,2
DA:47,2
DA:48,0
DA:49,0
DA:50,0
DA:51,0
DA:52,0
DA:53,0
DA:54,0
DA:56,0
DA:57,0
DA:59,0
DA:60,0
DA:62,0
DA:64,2
DA:65,2
DA:66,2
DA:67,2
DA:68,10
DA:69,2
DA:70,2
DA:71,2
DA:72,1
DA:73,1
DA:74,1
DA:75,0
DA:76,1
DA:77,2
DA:78,2
DA:80,2
DA:81,1
DA:82,4
BRDA:42,42,0,2
BRDA:42,42,1,2
BRDA:42,60,1,2
BRDA:47,106,0,0
BRDA:50,233,1,0
BRDA:53,168,0,0
BRDA:53,168,1,0
BRDA:53,190,1,0
BRDA:56,210,1,0
BRDA:53,190,0,0
BRDA:56,210,0,0
BRDA:50,233,0,0
BRDA:47,106,1,2
BRDA:65,268,0,2
BRDA:68,377,1,2
BRDA:71,327,0,2
BRDA:71,327,1,0
BRDA:71,346,0,1
BRDA:74,364,0,0
BRDA:74,364,1,1
BRDA:71,346,1,2
BRDA:68,377,0,2
BRDA:65,268,1,2
BRDA:80,402,0,1
BRDA:42,60,0,4
BRDA:80,402,1,4
FN:22,System.Void Microsoft.AspNetCore.Mvc.TagHelpers.BrowserTagHelper::.ctor(Wangkanai.Detection.Services.IBrowserService)
FNDA:7,System.Void Microsoft.AspNetCore.Mvc.TagHelpers.BrowserTagHelper::.ctor(Wangkanai.Detection.Services.IBrowserService)
DA:23,7
DA:24,7
DA:25,7
DA:26,6
FN:20,System.Void Microsoft.AspNetCore.Mvc.TagHelpers.BrowserTagHelper::.cctor()
FNDA:1,System.Void Microsoft.AspNetCore.Mvc.TagHelpers.BrowserTagHelper::.cctor()
DA:21,1
LF:46
LH:33
BRF:26
BRH:15
FNF:5
FNH:5
end_of_record
SF:/home/runner/work/wangkanai/wangkanai/Detection/src/TagHelpers/CrawlerTagHelper.cs
FN:27,System.String Microsoft.AspNetCore.Mvc.TagHelpers.CrawlerTagHelper::get_Include()
FNDA:0,System.String Microsoft.AspNetCore.Mvc.TagHelpers.CrawlerTagHelper::get_Include()
DA:28,0
FN:30,System.String Microsoft.AspNetCore.Mvc.TagHelpers.CrawlerTagHelper::get_Exclude()
FNDA:0,System.String Microsoft.AspNetCore.Mvc.TagHelpers.CrawlerTagHelper::get_Exclude()
DA:31,0
FN:33,System.Void Microsoft.AspNetCore.Mvc.TagHelpers.CrawlerTagHelper::Process(Microsoft.AspNetCore.Razor.TagHelpers.TagHelperContext,Microsoft.AspNetCore.Razor.TagHelpers.TagHelperOutput)
FNDA:0,System.Void Microsoft.AspNetCore.Mvc.TagHelpers.CrawlerTagHelper::Process(Microsoft.AspNetCore.Razor.TagHelpers.TagHelperContext,Microsoft.AspNetCore.Razor.TagHelpers.TagHelperOutput)
DA:34,0
DA:35,0
DA:36,0
DA:38,0
DA:40,0
DA:41,0
DA:43,0
DA:44,0
DA:46,0
DA:48,0
DA:49,0
DA:50,0
DA:51,0
DA:52,0
DA:53,0
DA:54,0
DA:55,0
DA:57,0
DA:58,0
DA:60,0
DA:61,0
DA:63,0
DA:65,0
DA:66,0
DA:67,0
DA:68,0
DA:69,0
DA:70,0
DA:71,0
DA:72,0
DA:73,0
DA:74,0
DA:75,0
DA:76,0
DA:77,0
DA:78,0
DA:79,0
DA:81,0
DA:82,0
DA:83,0
BRDA:40,34,0,0
BRDA:40,34,1,0
BRDA:40,52,1,0
BRDA:43,75,1,0
BRDA:48,122,0,0
BRDA:51,249,1,0
BRDA:54,184,0,0
BRDA:54,184,1,0
BRDA:54,206,1,0
BRDA:57,226,1,0
BRDA:54,206,0,0
BRDA:57,226,0,0
BRDA:51,249,0,0
BRDA:48,122,1,0
BRDA:66,284,0,0
BRDA:69,393,1,0
BRDA:72,343,0,0
BRDA:72,343,1,0
BRDA:72,362,0,0
BRDA:75,380,0,0
BRDA:75,380,1,0
BRDA:72,362,1,0
BRDA:69,393,0,0
BRDA:66,284,1,0
BRDA:81,418,0,0
BRDA:40,52,0,0
BRDA:43,75,0,0
BRDA:81,418,1,0
FN:21,System.Void Microsoft.AspNetCore.Mvc.TagHelpers.CrawlerTagHelper::.ctor(Wangkanai.Detection.Services.ICrawlerService)
FNDA:0,System.Void Microsoft.AspNetCore.Mvc.TagHelpers.CrawlerTagHelper::.ctor(Wangkanai.Detection.Services.ICrawlerService)
DA:22,0
DA:23,0
DA:24,0
DA:25,0
BRDA:24,11,0,0
BRDA:24,11,1,0
FN:18,System.Void Microsoft.AspNetCore.Mvc.TagHelpers.CrawlerTagHelper::.cctor()
FNDA:0,System.Void Microsoft.AspNetCore.Mvc.TagHelpers.CrawlerTagHelper::.cctor()
DA:19,0
LF:47
LH:0
BRF:30
BRH:0
FNF:5
FNH:0
end_of_record
SF:/home/runner/work/wangkanai/wangkanai/Detection/src/TagHelpers/DeviceTagHelper.cs
FN:28,System.String Microsoft.AspNetCore.Mvc.TagHelpers.DeviceTagHelper::get_Include()
FNDA:0,System.String Microsoft.AspNetCore.Mvc.TagHelpers.DeviceTagHelper::get_Include()
DA:29,0
FN:31,System.String Microsoft.AspNetCore.Mvc.TagHelpers.DeviceTagHelper::get_Exclude()
FNDA:0,System.String Microsoft.AspNetCore.Mvc.TagHelpers.DeviceTagHelper::get_Exclude()
DA:32,0
FN:34,System.Void Microsoft.AspNetCore.Mvc.TagHelpers.DeviceTagHelper::Process(Microsoft.AspNetCore.Razor.TagHelpers.TagHelperContext,Microsoft.AspNetCore.Razor.TagHelpers.TagHelperOutput)
FNDA:0,System.Void Microsoft.AspNetCore.Mvc.TagHelpers.DeviceTagHelper::Process(Microsoft.AspNetCore.Razor.TagHelpers.TagHelperContext,Microsoft.AspNetCore.Razor.TagHelpers.TagHelperOutput)
DA:35,0
DA:36,0
DA:37,0
DA:39,0
DA:41,0
DA:42,0
DA:44,0
DA:46,0
DA:47,0
DA:48,0
DA:49,0
DA:50,0
DA:51,0
DA:52,0
DA:53,0
DA:54,0
DA:55,0
DA:56,0
DA:58,0
DA:59,0
DA:61,0
DA:62,0
DA:63,0
DA:64,0
DA:65,0
DA:66,0
DA:67,0
DA:68,0
DA:69,0
DA:70,0
DA:71,0
DA:72,0
DA:73,0
DA:74,0
DA:75,0
DA:77,0
DA:78,0
DA:79,0
BRDA:41,34,0,0
BRDA:41,34,1,0
BRDA:41,52,1,0
BRDA:46,98,0,0
BRDA:49,217,1,0
BRDA:52,160,0,0
BRDA:52,160,1,0
BRDA:52,179,0,0
BRDA:53,194,0,0
BRDA:52,179,1,0
BRDA:53,194,1,0
BRDA:49,217,0,0
BRDA:46,98,1,0
BRDA:62,252,0,0
BRDA:65,361,1,0
BRDA:68,311,0,0
BRDA:68,311,1,0
BRDA:68,330,0,0
BRDA:71,348,0,0
BRDA:71,348,1,0
BRDA:68,330,1,0
BRDA:65,361,0,0
BRDA:62,252,1,0
BRDA:77,386,0,0
BRDA:41,52,0,0
BRDA:77,386,1,0
FN:22,System.Void Microsoft.AspNetCore.Mvc.TagHelpers.DeviceTagHelper::.ctor(Wangkanai.Detection.Services.IDeviceService)
FNDA:0,System.Void Microsoft.AspNetCore.Mvc.TagHelpers.DeviceTagHelper::.ctor(Wangkanai.Detection.Services.IDeviceService)
DA:23,0
DA:24,0
DA:25,0
DA:26,0
BRDA:25,11,0,0
BRDA:25,11,1,0
FN:18,System.Void Microsoft.AspNetCore.Mvc.TagHelpers.DeviceTagHelper::.cctor()
FNDA:0,System.Void Microsoft.AspNetCore.Mvc.TagHelpers.DeviceTagHelper::.cctor()
DA:19,0
LF:45
LH:0
BRF:28
BRH:0
FNF:5
FNH:0
end_of_record
SF:/home/runner/work/wangkanai/wangkanai/Detection/src/TagHelpers/EngineTagHelper.cs
FN:27,System.String Microsoft.AspNetCore.Mvc.TagHelpers.EngineTagHelper::get_Include()
FNDA:0,System.String Microsoft.AspNetCore.Mvc.TagHelpers.EngineTagHelper::get_Include()
DA:28,0
FN:30,System.String Microsoft.AspNetCore.Mvc.TagHelpers.EngineTagHelper::get_Exclude()
FNDA:0,System.String Microsoft.AspNetCore.Mvc.TagHelpers.EngineTagHelper::get_Exclude()
DA:31,0
FN:33,System.Void Microsoft.AspNetCore.Mvc.TagHelpers.EngineTagHelper::Process(Microsoft.AspNetCore.Razor.TagHelpers.TagHelperContext,Microsoft.AspNetCore.Razor.TagHelpers.TagHelperOutput)
FNDA:0,System.Void Microsoft.AspNetCore.Mvc.TagHelpers.EngineTagHelper::Process(Microsoft.AspNetCore.Razor.TagHelpers.TagHelperContext,Microsoft.AspNetCore.Razor.TagHelpers.TagHelperOutput)
DA:34,0
DA:35,0
DA:36,0
DA:38,0
DA:40,0
DA:41,0
DA:43,0
DA:45,0
DA:46,0
DA:47,0
DA:48,0
DA:49,0
DA:50,0
DA:51,0
DA:52,0
DA:54,0
DA:55,0
DA:57,0
DA:58,0
DA:60,0
DA:62,0
DA:63,0
DA:64,0
DA:65,0
DA:66,0
DA:67,0
DA:68,0
DA:69,0
DA:70,0
DA:71,0
DA:72,0
DA:73,0
DA:74,0
DA:75,0
DA:76,0
DA:78,0
DA:79,0
DA:80,0
BRDA:40,34,0,0
BRDA:40,34,1,0
BRDA:40,52,1,0
BRDA:45,98,0,0
BRDA:48,225,1,0
BRDA:51,160,0,0
BRDA:51,160,1,0
BRDA:51,182,1,0
BRDA:54,202,1,0
BRDA:51,182,0,0
BRDA:54,202,0,0
BRDA:48,225,0,0
BRDA:45,98,1,0
BRDA:63,260,0,0
BRDA:66,369,1,0
BRDA:69,319,0,0
BRDA:69,319,1,0
BRDA:69,338,0,0
BRDA:72,356,0,0
BRDA:72,356,1,0
BRDA:69,338,1,0
BRDA:66,369,0,0
BRDA:63,260,1,0
BRDA:78,394,0,0
BRDA:40,52,0,0
BRDA:78,394,1,0
FN:21,System.Void Microsoft.AspNetCore.Mvc.TagHelpers.EngineTagHelper::.ctor(Wangkanai.Detection.Services.IEngineService)
FNDA:0,System.Void Microsoft.AspNetCore.Mvc.TagHelpers.EngineTagHelper::.ctor(Wangkanai.Detection.Services.IEngineService)
DA:22,0
DA:23,0
DA:24,0
DA:25,0
BRDA:24,11,0,0
BRDA:24,11,1,0
FN:18,System.Void Microsoft.AspNetCore.Mvc.TagHelpers.EngineTagHelper::.cctor()
FNDA:0,System.Void Microsoft.AspNetCore.Mvc.TagHelpers.EngineTagHelper::.cctor()
DA:19,0
LF:45
LH:0
BRF:28
BRH:0
FNF:5
FNH:0
end_of_record
SF:/home/runner/work/wangkanai/wangkanai/Detection/src/TagHelpers/PlatformTagHelper.cs
FN:27,System.String Microsoft.AspNetCore.Mvc.TagHelpers.PlatformTagHelper::get_Include()
FNDA:0,System.String Microsoft.AspNetCore.Mvc.TagHelpers.PlatformTagHelper::get_Include()
DA:28,0
FN:30,System.String Microsoft.AspNetCore.Mvc.TagHelpers.PlatformTagHelper::get_Exclude()
FNDA:0,System.String Microsoft.AspNetCore.Mvc.TagHelpers.PlatformTagHelper::get_Exclude()
DA:31,0
FN:33,System.Void Microsoft.AspNetCore.Mvc.TagHelpers.PlatformTagHelper::Process(Microsoft.AspNetCore.Razor.TagHelpers.TagHelperContext,Microsoft.AspNetCore.Razor.TagHelpers.TagHelperOutput)
FNDA:0,System.Void Microsoft.AspNetCore.Mvc.TagHelpers.PlatformTagHelper::Process(Microsoft.AspNetCore.Razor.TagHelpers.TagHelperContext,Microsoft.AspNetCore.Razor.TagHelpers.TagHelperOutput)
DA:34,0
DA:35,0
DA:36,0
DA:38,0
DA:40,0
DA:41,0
DA:43,0
DA:45,0
DA:46,0
DA:47,0
DA:48,0
DA:49,0
DA:50,0
DA:51,0
DA:52,0
DA:54,0
DA:55,0
DA:57,0
DA:58,0
DA:60,0
DA:62,0
DA:63,0
DA:64,0
DA:65,0
DA:66,0
DA:67,0
DA:68,0
DA:69,0
DA:70,0
DA:71,0
DA:72,0
DA:73,0
DA:74,0
DA:75,0
DA:76,0
DA:78,0
DA:79,0
DA:80,0
BRDA:40,34,0,0
BRDA:40,34,1,0
BRDA:40,52,1,0
BRDA:45,98,0,0
BRDA:48,225,1,0
BRDA:51,160,0,0
BRDA:51,160,1,0
BRDA:51,182,1,0
BRDA:54,202,1,0
BRDA:51,182,0,0
BRDA:54,202,0,0
BRDA:48,225,0,0
BRDA:45,98,1,0
BRDA:63,260,0,0
BRDA:66,369,1,0
BRDA:69,319,0,0
BRDA:69,319,1,0
BRDA:69,338,0,0
BRDA:72,356,0,0
BRDA:72,356,1,0
BRDA:69,338,1,0
BRDA:66,369,0,0
BRDA:63,260,1,0
BRDA:78,394,0,0
BRDA:40,52,0,0
BRDA:78,394,1,0
FN:21,System.Void Microsoft.AspNetCore.Mvc.TagHelpers.PlatformTagHelper::.ctor(Wangkanai.Detection.Services.IPlatformService)
FNDA:0,System.Void Microsoft.AspNetCore.Mvc.TagHelpers.PlatformTagHelper::.ctor(Wangkanai.Detection.Services.IPlatformService)
DA:22,0
DA:23,0
DA:24,0
DA:25,0
BRDA:24,11,0,0
BRDA:24,11,1,0
FN:18,System.Void Microsoft.AspNetCore.Mvc.TagHelpers.PlatformTagHelper::.cctor()
FNDA:0,System.Void Microsoft.AspNetCore.Mvc.TagHelpers.PlatformTagHelper::.cctor()
DA:19,0
LF:45
LH:0
BRF:28
BRH:0
FNF:5
FNH:0
end_of_record
SF:/home/runner/work/wangkanai/wangkanai/Detection/src/DependencyInjection/Builders/Core.cs
FN:17,Microsoft.Extensions.DependencyInjection.IDetectionBuilder Microsoft.Extensions.DependencyInjection.DetectionCoreBuilderExtensions::AddRequiredServices(Microsoft.Extensions.DependencyInjection.IDetectionBuilder)
FNDA:1,Microsoft.Extensions.DependencyInjection.IDetectionBuilder Microsoft.Extensions.DependencyInjection.DetectionCoreBuilderExtensions::AddRequiredServices(Microsoft.Extensions.DependencyInjection.IDetectionBuilder)
DA:18,1
DA:19,1
DA:22,1
DA:25,1
DA:26,1
DA:28,1
DA:29,1
FN:31,Microsoft.Extensions.DependencyInjection.IDetectionBuilder Microsoft.Extensions.DependencyInjection.DetectionCoreBuilderExtensions::AddCoreServices(Microsoft.Extensions.DependencyInjection.IDetectionBuilder)
FNDA:1,Microsoft.Extensions.DependencyInjection.IDetectionBuilder Microsoft.Extensions.DependencyInjection.DetectionCoreBuilderExtensions::AddCoreServices(Microsoft.Extensions.DependencyInjection.IDetectionBuilder)
DA:32,1
DA:34,1
DA:35,1
DA:36,1
DA:37,1
DA:38,1
DA:39,1
DA:40,1
DA:41,1
DA:43,1
DA:44,1
FN:46,Microsoft.Extensions.DependencyInjection.IDetectionBuilder Microsoft.Extensions.DependencyInjection.DetectionCoreBuilderExtensions::AddMarkerService(Microsoft.Extensions.DependencyInjection.IDetectionBuilder)
FNDA:1,Microsoft.Extensions.DependencyInjection.IDetectionBuilder Microsoft.Extensions.DependencyInjection.DetectionCoreBuilderExtensions::AddMarkerService(Microsoft.Extensions.DependencyInjection.IDetectionBuilder)
DA:47,1
DA:48,1
DA:50,1
DA:51,1
LF:22
LH:22
BRF:0
BRH:0
FNF:3
FNH:3
end_of_record
SF:/home/runner/work/wangkanai/wangkanai/Detection/src/DependencyInjection/DetectionApplicationExtensions.cs
FN:18,Microsoft.AspNetCore.Builder.IApplicationBuilder Microsoft.Extensions.DependencyInjection.DetectionApplicationExtensions::UseDetection(Microsoft.AspNetCore.Builder.IApplicationBuilder)
FNDA:1,Microsoft.AspNetCore.Builder.IApplicationBuilder Microsoft.Extensions.DependencyInjection.DetectionApplicationExtensions::UseDetection(Microsoft.AspNetCore.Builder.IApplicationBuilder)
DA:19,1
DA:20,1
DA:22,1
DA:23,1
DA:24,0
DA:26,0
DA:27,0
DA:29,0
DA:30,0
FN:31,System.Void Microsoft.Extensions.DependencyInjection.DetectionApplicationExtensions::ValidateOptions(Wangkanai.Detection.DetectionOptions)
FNDA:0,System.Void Microsoft.Extensions.DependencyInjection.DetectionApplicationExtensions::ValidateOptions(Wangkanai.Detection.DetectionOptions)
DA:32,0
FN:34,System.Void Microsoft.Extensions.DependencyInjection.DetectionApplicationExtensions::Validate(Microsoft.AspNetCore.Builder.IApplicationBuilder)
FNDA:1,System.Void Microsoft.Extensions.DependencyInjection.DetectionApplicationExtensions::Validate(Microsoft.AspNetCore.Builder.IApplicationBuilder)
DA:35,1
DA:36,1
DA:38,1
DA:39,1
DA:41,1
DA:42,1
DA:53,1
LF:17
LH:11
BRF:0
BRH:0
FNF:3
FNH:2
end_of_record
SF:/home/runner/work/wangkanai/wangkanai/Detection/src/DependencyInjection/DetectionBuilder.cs
FN:14,Microsoft.Extensions.DependencyInjection.IServiceCollection Microsoft.Extensions.DependencyInjection.DetectionBuilder::get_Services()
FNDA:18,Microsoft.Extensions.DependencyInjection.IServiceCollection Microsoft.Extensions.DependencyInjection.DetectionBuilder::get_Services()
DA:15,18
FN:9,System.Void Microsoft.Extensions.DependencyInjection.DetectionBuilder::.ctor(Microsoft.Extensions.DependencyInjection.IServiceCollection)
FNDA:5,System.Void Microsoft.Extensions.DependencyInjection.DetectionBuilder::.ctor(Microsoft.Extensions.DependencyInjection.IServiceCollection)
DA:10,5
DA:11,5
LF:3
LH:3
BRF:0
BRH:0
FNF:2
FNH:2
end_of_record
SF:/home/runner/work/wangkanai/wangkanai/Detection/src/DependencyInjection/DetectionCollectionExtensions.cs
FN:13,Microsoft.Extensions.DependencyInjection.IDetectionBuilder Microsoft.Extensions.DependencyInjection.DetectionCollectionExtensions::AddDetection(Microsoft.Extensions.DependencyInjection.IServiceCollection)
FNDA:1,Microsoft.Extensions.DependencyInjection.IDetectionBuilder Microsoft.Extensions.DependencyInjection.DetectionCollectionExtensions::AddDetection(Microsoft.Extensions.DependencyInjection.IServiceCollection)
DA:14,1
DA:15,1
DA:16,1
DA:17,1
FN:23,Microsoft.Extensions.DependencyInjection.IDetectionBuilder Microsoft.Extensions.DependencyInjection.DetectionCollectionExtensions::AddDetection(Microsoft.Extensions.DependencyInjection.IServiceCollection,System.Action`1<Wangkanai.Detection.DetectionOptions>)
FNDA:0,Microsoft.Extensions.DependencyInjection.IDetectionBuilder Microsoft.Extensions.DependencyInjection.DetectionCollectionExtensions::AddDetection(Microsoft.Extensions.DependencyInjection.IServiceCollection,System.Action`1<Wangkanai.Detection.DetectionOptions>)
DA:24,0
DA:25,0
FN:27,Microsoft.Extensions.DependencyInjection.IDetectionBuilder Microsoft.Extensions.DependencyInjection.DetectionCollectionExtensions::AddDetectionBuilder(Microsoft.Extensions.DependencyInjection.IServiceCollection)
FNDA:5,Microsoft.Extensions.DependencyInjection.IDetectionBuilder Microsoft.Extensions.DependencyInjection.DetectionCollectionExtensions::AddDetectionBuilder(Microsoft.Extensions.DependencyInjection.IServiceCollection)
DA:28,5
LF:7
LH:5
BRF:0
BRH:0
FNF:3
FNH:2
end_of_record
SF:/home/runner/work/wangkanai/wangkanai/Detection/src/Constants.cs
FN:6,System.Void Wangkanai.Detection.Constants::.cctor()
FNDA:1,System.Void Wangkanai.Detection.Constants::.cctor()
DA:7,1
LF:1
LH:1
BRF:0
BRH:0
FNF:1
FNH:1
end_of_record
SF:/home/runner/work/wangkanai/wangkanai/Detection/src/DependencyInjection/Options/CrawlerOptions.cs
FN:13,System.Collections.Generic.List`1<System.String> Wangkanai.Detection.CrawlerOptions::get_Others()
FNDA:19,System.Collections.Generic.List`1<System.String> Wangkanai.Detection.CrawlerOptions::get_Others()
DA:14,19
LF:1
LH:1
BRF:0
BRH:0
FNF:1
FNH:1
end_of_record
SF:/home/runner/work/wangkanai/wangkanai/Detection/src/DependencyInjection/Options/DetectionOptions.cs
FN:12,Wangkanai.Detection.CrawlerOptions Wangkanai.Detection.DetectionOptions::get_Crawler()
FNDA:19,Wangkanai.Detection.CrawlerOptions Wangkanai.Detection.DetectionOptions::get_Crawler()
DA:13,19
LF:1
LH:1
BRF:0
BRH:0
FNF:1
FNH:1
end_of_record
SF:/home/runner/work/wangkanai/wangkanai/Detection/src/Services/BrowserService.cs
FN:14,Wangkanai.Detection.Models.Browser Wangkanai.Detection.Services.BrowserService::get_Name()
FNDA:72,Wangkanai.Detection.Models.Browser Wangkanai.Detection.Services.BrowserService::get_Name()
DA:15,72
BRDA:15,23,0,39
BRDA:15,23,1,33
FN:15,System.Version Wangkanai.Detection.Services.BrowserService::get_Version()
FNDA:33,System.Version Wangkanai.Detection.Services.BrowserService::get_Version()
DA:16,33
BRDA:16,7,0,33
BRDA:16,7,1,33
FN:18,Wangkanai.Detection.Models.Browser Wangkanai.Detection.Services.BrowserService::GetBrowser()
FNDA:39,Wangkanai.Detection.Models.Browser Wangkanai.Detection.Services.BrowserService::GetBrowser()
DA:19,39
DA:20,39
DA:21,39
DA:23,39
DA:24,2
DA:25,37
DA:26,8
DA:27,29
DA:28,5
DA:29,24
DA:30,3
DA:31,21
DA:32,6
DA:33,15
DA:34,4
DA:35,11
DA:36,1
DA:37,10
DA:38,6
DA:39,4
DA:40,3
DA:42,1
DA:43,39
BRDA:23,38,0,2
BRDA:23,38,1,37
BRDA:25,57,0,8
BRDA:25,57,1,29
BRDA:27,77,0,5
BRDA:27,77,1,24
BRDA:29,94,0,3
BRDA:29,94,1,21
BRDA:31,114,0,6
BRDA:31,114,1,15
BRDA:33,131,0,4
BRDA:33,131,1,11
BRDA:35,147,0,1
BRDA:35,147,1,10
BRDA:37,168,0,6
BRDA:37,168,1,4
BRDA:39,186,0,3
BRDA:39,186,1,1
FN:45,System.Version Wangkanai.Detection.Services.BrowserService::GetVersion()
FNDA:33,System.Version Wangkanai.Detection.Services.BrowserService::GetVersion()
DA:46,33
DA:47,33
DA:48,33
DA:50,33
DA:51,1
DA:52,32
DA:53,3
DA:54,29
DA:55,4
DA:56,25
DA:57,1
DA:58,24
DA:59,3
DA:60,21
DA:61,1
DA:62,20
DA:63,3
DA:64,17
DA:65,5
DA:66,12
DA:67,1
DA:68,11
DA:69,5
DA:70,6
DA:71,2
DA:72,4
DA:73,1
DA:74,3
DA:75,1
DA:77,2
DA:78,33
BRDA:50,28,0,8
BRDA:50,28,1,25
BRDA:50,47,0,1
BRDA:50,47,1,32
BRDA:52,74,0,7
BRDA:52,74,1,25
BRDA:52,98,0,3
BRDA:52,98,1,29
BRDA:54,126,0,4
BRDA:54,126,1,25
BRDA:56,152,0,1
BRDA:56,152,1,24
BRDA:58,178,0,3
BRDA:58,178,1,21
BRDA:60,194,0,4
BRDA:60,194,1,17
BRDA:60,215,0,1
BRDA:60,215,1,20
BRDA:62,237,0,3
BRDA:62,237,1,17
BRDA:64,253,0,6
BRDA:64,253,1,11
BRDA:64,274,0,5
BRDA:64,274,1,12
BRDA:66,296,0,1
BRDA:66,296,1,11
BRDA:68,319,0,5
BRDA:68,319,1,6
BRDA:70,343,0,4
BRDA:70,343,1,2
BRDA:70,364,0,2
BRDA:70,364,1,4
BRDA:72,393,0,1
BRDA:72,393,1,3
BRDA:74,422,0,1
BRDA:74,422,1,2
FN:80,System.Version Wangkanai.Detection.Services.BrowserService::GetVersionOpera(System.String,Wangkanai.Detection.Models.Browser)
FNDA:5,System.Version Wangkanai.Detection.Services.BrowserService::GetVersionOpera(System.String,Wangkanai.Detection.Models.Browser)
DA:81,5
DA:82,5
DA:83,5
DA:84,1
DA:86,4
DA:87,4
DA:88,1
DA:90,3
DA:91,3
DA:92,3
DA:93,3
DA:94,3
DA:95,3
DA:96,3
DA:97,5
BRDA:83,25,0,1
BRDA:83,25,1,4
BRDA:87,81,0,1
BRDA:87,81,1,3
BRDA:92,142,0,0
BRDA:92,142,1,3
BRDA:95,200,0,0
BRDA:95,200,1,3
FN:99,System.Version Wangkanai.Detection.Services.BrowserService::GetVersionOf(System.String,System.String)
FNDA:4,System.Version Wangkanai.Detection.Services.BrowserService::GetVersionOf(System.String,System.String)
DA:100,4
DA:101,4
DA:102,4
DA:104,4
DA:105,0
DA:107,4
DA:108,4
BRDA:104,61,0,0
BRDA:104,61,1,4
FN:110,System.Version Wangkanai.Detection.Services.BrowserService::GetVersionEdge(System.String)
FNDA:4,System.Version Wangkanai.Detection.Services.BrowserService::GetVersionEdge(System.String)
DA:111,4
DA:112,4
DA:113,4
DA:115,4
DA:116,0
DA:118,4
DA:119,4
BRDA:115,49,0,0
BRDA:115,49,1,4
FN:121,System.Version Wangkanai.Detection.Services.BrowserService::GetVersionGoogleSearchApp(System.String)
FNDA:1,System.Version Wangkanai.Detection.Services.BrowserService::GetVersionGoogleSearchApp(System.String)
DA:122,1
DA:123,1
DA:124,1
DA:126,1
DA:127,1
DA:129,1
DA:130,1
BRDA:126,49,0,1
BRDA:126,49,1,1
FN:132,System.Version Wangkanai.Detection.Services.BrowserService::GetVersionSamsungInternetBrowser(System.String)
FNDA:3,System.Version Wangkanai.Detection.Services.BrowserService::GetVersionSamsungInternetBrowser(System.String)
DA:133,3
DA:134,3
DA:135,3
DA:137,3
DA:138,3
DA:140,3
DA:141,3
BRDA:137,49,0,3
BRDA:137,49,1,3
FN:143,System.Version Wangkanai.Detection.Services.BrowserService::GetVersionSafariVersion(System.String)
FNDA:5,System.Version Wangkanai.Detection.Services.BrowserService::GetVersionSafariVersion(System.String)
DA:144,5
DA:145,5
DA:146,5
DA:147,5
DA:148,5
DA:150,5
DA:151,5
BRDA:147,49,0,5
BRDA:147,49,1,5
FN:153,System.Version Wangkanai.Detection.Services.BrowserService::GetVersionSafariSafari(System.String)
FNDA:1,System.Version Wangkanai.Detection.Services.BrowserService::GetVersionSafariSafari(System.String)
DA:154,1
DA:155,1
DA:156,1
DA:157,1
DA:158,0
DA:160,1
DA:162,1
DA:163,1
BRDA:157,49,0,0
BRDA:157,49,1,1
FN:165,System.Version Wangkanai.Detection.Services.BrowserService::GetVersionChromeOs(System.String)
FNDA:1,System.Version Wangkanai.Detection.Services.BrowserService::GetVersionChromeOs(System.String)
DA:166,1
DA:167,1
DA:168,1
DA:170,1
DA:171,1
DA:173,1
DA:174,1
BRDA:170,49,0,1
BRDA:170,49,1,1
FN:176,System.Version Wangkanai.Detection.Services.BrowserService::GetVersionChrome(System.String)
FNDA:3,System.Version Wangkanai.Detection.Services.BrowserService::GetVersionChrome(System.String)
DA:177,3
DA:178,3
DA:179,3
DA:181,3
DA:182,3
DA:184,3
DA:185,3
BRDA:181,49,0,3
BRDA:181,49,1,3
FN:187,System.Version Wangkanai.Detection.Services.BrowserService::GetVersionCommon(System.String,Wangkanai.Detection.Models.Browser)
FNDA:2,System.Version Wangkanai.Detection.Services.BrowserService::GetVersionCommon(System.String,Wangkanai.Detection.Models.Browser)
DA:188,2
DA:189,2
DA:190,2
DA:192,2
DA:193,2
DA:195,0
DA:197,0
DA:198,0
DA:199,0
DA:200,2
BRDA:192,19,0,0
BRDA:192,19,1,2
BRDA:192,44,0,2
BRDA:192,44,1,0
BRDA:195,71,0,0
BRDA:195,71,1,0
BRDA:198,117,0,0
BRDA:198,117,1,0
FN:203,System.Boolean Wangkanai.Detection.Services.BrowserService::IsEdge(System.String)
FNDA:37,System.Boolean Wangkanai.Detection.Services.BrowserService::IsEdge(System.String)
DA:204,37
DA:205,37
DA:206,37
DA:207,37
BRDA:204,8,0,33
BRDA:204,22,0,32
BRDA:204,36,0,4
BRDA:204,36,1,28
BRDA:204,8,1,5
BRDA:204,22,1,5
FN:209,System.Boolean Wangkanai.Detection.Services.BrowserService::IsChrome(System.String)
FNDA:21,System.Boolean Wangkanai.Detection.Services.BrowserService::IsChrome(System.String)
DA:210,21
DA:211,21
BRDA:210,7,0,16
BRDA:210,7,1,5
FN:213,System.Boolean Wangkanai.Detection.Services.BrowserService::IsInternetExplorer(System.String,Wangkanai.Detection.Models.Engine)
FNDA:15,System.Boolean Wangkanai.Detection.Services.BrowserService::IsInternetExplorer(System.String,Wangkanai.Detection.Models.Engine)
DA:214,15
DA:215,15
DA:216,15
BRDA:214,3,0,11
BRDA:214,17,0,0
BRDA:214,17,1,11
BRDA:214,3,1,4
FN:218,System.Boolean Wangkanai.Detection.Services.BrowserService::IsOpera(System.String)
FNDA:29,System.Boolean Wangkanai.Detection.Services.BrowserService::IsOpera(System.String)
DA:219,29
DA:220,29
BRDA:219,8,0,25
BRDA:219,8,1,4
FN:222,System.Boolean Wangkanai.Detection.Services.BrowserService::IsGoogleSearchApp(System.String)
FNDA:11,System.Boolean Wangkanai.Detection.Services.BrowserService::IsGoogleSearchApp(System.String)
DA:223,11
FN:225,System.Boolean Wangkanai.Detection.Services.BrowserService::IsSamsungInternetBrowser(System.String)
FNDA:24,System.Boolean Wangkanai.Detection.Services.BrowserService::IsSamsungInternetBrowser(System.String)
DA:226,24
FN:8,System.Void Wangkanai.Detection.Services.BrowserService::.ctor(Wangkanai.Detection.Services.IUserAgentService,Wangkanai.Detection.Services.IEngineService)
FNDA:43,System.Void Wangkanai.Detection.Services.BrowserService::.ctor(Wangkanai.Detection.Services.IUserAgentService,Wangkanai.Detection.Services.IEngineService)
DA:9,43
LF:152
LH:145
BRF:104
BRH:92
FNF:21
FNH:21
end_of_record
SF:/home/runner/work/wangkanai/wangkanai/Detection/src/Services/CrawlerService.cs
FN:22,System.Boolean Wangkanai.Detection.Services.CrawlerService::get_IsCrawler()
FNDA:12,System.Boolean Wangkanai.Detection.Services.CrawlerService::get_IsCrawler()
DA:23,12
FN:23,Wangkanai.Detection.Models.Crawler Wangkanai.Detection.Services.CrawlerService::get_Name()
FNDA:26,Wangkanai.Detection.Models.Crawler Wangkanai.Detection.Services.CrawlerService::get_Name()
DA:24,26
BRDA:24,23,0,14
BRDA:24,23,1,12
FN:24,System.Version Wangkanai.Detection.Services.CrawlerService::get_Version()
FNDA:8,System.Version Wangkanai.Detection.Services.CrawlerService::get_Version()
DA:25,8
BRDA:25,7,0,8
BRDA:25,7,1,8
FN:28,Wangkanai.Detection.Models.Crawler Wangkanai.Detection.Services.CrawlerService::GetCrawler()
FNDA:14,Wangkanai.Detection.Models.Crawler Wangkanai.Detection.Services.CrawlerService::GetCrawler()
DA:29,14
DA:30,14
DA:32,14
DA:33,1
DA:35,226
DA:36,98
DA:37,9
DA:39,4
DA:40,4
DA:41,4
DA:42,14
BRDA:32,26,0,1
BRDA:32,26,1,13
BRDA:35,91,1,98
BRDA:36,72,0,9
BRDA:36,72,1,102
BRDA:35,91,0,4
BRDA:39,133,0,1
BRDA:39,133,1,3
FN:44,System.Version Wangkanai.Detection.Services.CrawlerService::GetVersion()
FNDA:8,System.Version Wangkanai.Detection.Services.CrawlerService::GetVersion()
DA:45,8
DA:46,8
DA:47,8
DA:48,8
DA:49,0
DA:51,8
DA:52,8
DA:53,1
DA:55,8
DA:56,8
DA:57,7
DA:59,8
DA:60,8
BRDA:48,36,0,0
BRDA:48,36,1,8
BRDA:52,64,0,1
BRDA:52,64,1,8
BRDA:56,83,0,7
BRDA:56,83,1,1
BRDA:56,103,0,7
BRDA:56,103,1,8
FN:68,System.Boolean Wangkanai.Detection.Services.CrawlerService::HasOthers(System.String,System.Collections.Generic.IEnumerable`1<System.String>)
FNDA:4,System.Boolean Wangkanai.Detection.Services.CrawlerService::HasOthers(System.String,System.Collections.Generic.IEnumerable`1<System.String>)
DA:69,4
DA:70,5
BRDA:69,30,0,2
BRDA:69,30,1,2
FN:72,System.String Wangkanai.Detection.Services.CrawlerService::FindBot(System.String)
FNDA:8,System.String Wangkanai.Detection.Services.CrawlerService::FindBot(System.String)
DA:73,8
DA:74,24
BRDA:73,46,0,0
BRDA:73,46,1,8
FN:16,System.Void Wangkanai.Detection.Services.CrawlerService::.ctor(Wangkanai.Detection.Services.IUserAgentService,Wangkanai.Detection.DetectionOptions)
FNDA:14,System.Void Wangkanai.Detection.Services.CrawlerService::.ctor(Wangkanai.Detection.Services.IUserAgentService,Wangkanai.Detection.DetectionOptions)
DA:17,14
DA:18,14
DA:19,14
DA:20,14
DA:21,14
FN:61,System.Void Wangkanai.Detection.Services.CrawlerService::.cctor()
FNDA:1,System.Void Wangkanai.Detection.Services.CrawlerService::.cctor()
DA:62,1
DA:63,34
DA:65,1
DA:66,12
LF:40
LH:39
BRF:24
BRH:22
FNF:9
FNH:9
end_of_record
SF:/home/runner/work/wangkanai/wangkanai/Detection/src/Services/DetectionService.cs
FN:24,Wangkanai.Detection.Models.UserAgent Wangkanai.Detection.Services.DetectionService::get_UserAgent()
FNDA:0,Wangkanai.Detection.Models.UserAgent Wangkanai.Detection.Services.DetectionService::get_UserAgent()
DA:25,0
FN:25,Wangkanai.Detection.Services.IDeviceService Wangkanai.Detection.Services.DetectionService::get_Device()
FNDA:0,Wangkanai.Detection.Services.IDeviceService Wangkanai.Detection.Services.DetectionService::get_Device()
DA:26,0
FN:26,Wangkanai.Detection.Services.ICrawlerService Wangkanai.Detection.Services.DetectionService::get_Crawler()
FNDA:0,Wangkanai.Detection.Services.ICrawlerService Wangkanai.Detection.Services.DetectionService::get_Crawler()
DA:27,0
FN:27,Wangkanai.Detection.Services.IBrowserService Wangkanai.Detection.Services.DetectionService::get_Browser()
FNDA:0,Wangkanai.Detection.Services.IBrowserService Wangkanai.Detection.Services.DetectionService::get_Browser()
DA:28,0
FN:28,Wangkanai.Detection.Services.IEngineService Wangkanai.Detection.Services.DetectionService::get_Engine()
FNDA:0,Wangkanai.Detection.Services.IEngineService Wangkanai.Detection.Services.DetectionService::get_Engine()
DA:29,0
FN:29,Wangkanai.Detection.Services.IPlatformService Wangkanai.Detection.Services.DetectionService::get_Platform()
FNDA:0,Wangkanai.Detection.Services.IPlatformService Wangkanai.Detection.Services.DetectionService::get_Platform()
DA:30,0
FN:8,System.Void Wangkanai.Detection.Services.DetectionService::.ctor(Wangkanai.Detection.Services.IUserAgentService,Wangkanai.Detection.Services.IDeviceService,Wangkanai.Detection.Services.ICrawlerService,Wangkanai.Detection.Services.IBrowserService,Wangkanai.Detection.Services.IEngineService,Wangkanai.Detection.Services.IPlatformService)
FNDA:0,System.Void Wangkanai.Detection.Services.DetectionService::.ctor(Wangkanai.Detection.Services.IUserAgentService,Wangkanai.Detection.Services.IDeviceService,Wangkanai.Detection.Services.ICrawlerService,Wangkanai.Detection.Services.IBrowserService,Wangkanai.Detection.Services.IEngineService,Wangkanai.Detection.Services.IPlatformService)
DA:9,0
DA:10,0
DA:11,0
DA:12,0
DA:13,0
DA:14,0
DA:15,0
DA:16,0
DA:17,0
DA:18,0
DA:19,0
DA:20,0
DA:21,0
DA:22,0
DA:23,0
LF:21
LH:0
BRF:0
BRH:0
FNF:7
FNH:0
end_of_record
SF:/home/runner/work/wangkanai/wangkanai/Detection/src/Services/DeviceService.cs
FN:20,Wangkanai.Detection.Models.Device Wangkanai.Detection.Services.DeviceService::get_Type()
FNDA:35,Wangkanai.Detection.Models.Device Wangkanai.Detection.Services.DeviceService::get_Type()
DA:21,35
BRDA:21,23,0,35
BRDA:21,23,1,0
FN:23,Wangkanai.Detection.Models.Device Wangkanai.Detection.Services.DeviceService::DeviceFromUserAgent()
FNDA:35,Wangkanai.Detection.Models.Device Wangkanai.Detection.Services.DeviceService::DeviceFromUserAgent()
DA:24,35
DA:25,35
DA:27,35
DA:28,7
DA:29,28
DA:30,6
DA:31,22
DA:32,14
DA:33,8
DA:34,0
DA:35,8
DA:36,0
DA:37,8
DA:38,0
DA:39,8
DA:40,0
DA:42,8
DA:43,35
BRDA:27,26,0,7
BRDA:27,26,1,28
BRDA:29,40,0,6
BRDA:29,40,1,22
BRDA:31,57,0,14
BRDA:31,57,1,8
BRDA:33,75,0,0
BRDA:33,75,1,8
BRDA:35,94,0,0
BRDA:35,94,1,8
BRDA:37,116,0,0
BRDA:37,116,1,8
BRDA:39,141,0,0
BRDA:39,141,1,8
FN:45,System.Boolean Wangkanai.Detection.Services.DeviceService::IsTablet(System.String)
FNDA:35,System.Boolean Wangkanai.Detection.Services.DeviceService::IsTablet(System.String)
DA:46,35
DA:47,35
DA:48,35
FN:50,System.Boolean Wangkanai.Detection.Services.DeviceService::IsMobile(System.String)
FNDA:22,System.Boolean Wangkanai.Detection.Services.DeviceService::IsMobile(System.String)
DA:51,22
DA:52,22
DA:53,22
DA:54,22
BRDA:52,8,0,22
BRDA:52,8,1,17
BRDA:52,21,0,17
BRDA:52,21,1,5
FN:56,System.Boolean Wangkanai.Detection.Services.DeviceService::IsTV(System.String)
FNDA:28,System.Boolean Wangkanai.Detection.Services.DeviceService::IsTV(System.String)
DA:57,28
DA:58,28
DA:59,28
BRDA:58,9,0,23
BRDA:58,9,1,5
FN:15,System.Void Wangkanai.Detection.Services.DeviceService::.ctor(Wangkanai.Detection.Services.IUserAgentService)
FNDA:36,System.Void Wangkanai.Detection.Services.DeviceService::.ctor(Wangkanai.Detection.Services.IUserAgentService)
DA:16,36
DA:17,36
DA:18,36
DA:19,36
LF:33
LH:29
BRF:22
BRH:17
FNF:6
FNH:6
end_of_record
SF:/home/runner/work/wangkanai/wangkanai/Detection/src/Services/EngineService.cs
FN:20,Wangkanai.Detection.Models.Engine Wangkanai.Detection.Services.EngineService::get_Name()
FNDA:60,Wangkanai.Detection.Models.Engine Wangkanai.Detection.Services.EngineService::get_Name()
DA:21,60
BRDA:21,23,0,60
BRDA:21,23,1,0
FN:23,Wangkanai.Detection.Models.Engine Wangkanai.Detection.Services.EngineService::GetEngine()
FNDA:60,Wangkanai.Detection.Models.Engine Wangkanai.Detection.Services.EngineService::GetEngine()
DA:24,60
DA:25,60
DA:26,60
DA:28,60
DA:29,3
DA:30,57
DA:31,11
DA:32,46
DA:33,12
DA:34,34
DA:35,12
DA:36,22
DA:37,8
DA:38,14
DA:39,6
DA:40,8
DA:41,3
DA:42,5
DA:43,60
BRDA:28,38,0,3
BRDA:28,38,1,57
BRDA:30,55,0,11
BRDA:30,55,1,46
BRDA:32,72,0,12
BRDA:32,72,1,34
BRDA:34,89,0,12
BRDA:34,89,1,22
BRDA:36,107,0,8
BRDA:36,107,1,14
BRDA:38,125,0,6
BRDA:38,125,1,8
BRDA:40,143,0,3
BRDA:40,143,1,5
FN:45,System.Boolean Wangkanai.Detection.Services.EngineService::IsBlink(System.String)
FNDA:46,System.Boolean Wangkanai.Detection.Services.EngineService::IsBlink(System.String)
DA:46,46
DA:47,46
DA:48,46
DA:49,46
BRDA:47,8,0,12
BRDA:47,8,1,34
FN:51,System.Boolean Wangkanai.Detection.Services.EngineService::IsEdge(System.String,Wangkanai.Detection.Models.Platform)
FNDA:57,System.Boolean Wangkanai.Detection.Services.EngineService::IsEdge(System.String,Wangkanai.Detection.Models.Platform)
DA:52,57
DA:53,57
DA:54,57
DA:55,57
DA:56,57
BRDA:53,9,0,50
BRDA:53,23,0,5
BRDA:53,23,1,45
BRDA:53,9,1,7
FN:14,System.Void Wangkanai.Detection.Services.EngineService::.ctor(Wangkanai.Detection.Services.IUserAgentService,Wangkanai.Detection.Services.IPlatformService)
FNDA:64,System.Void Wangkanai.Detection.Services.EngineService::.ctor(Wangkanai.Detection.Services.IUserAgentService,Wangkanai.Detection.Services.IPlatformService)
DA:15,64
DA:16,64
DA:17,64
DA:18,64
DA:19,64
LF:34
LH:34
BRF:22
BRH:21
FNF:5
FNH:5
end_of_record
SF:/home/runner/work/wangkanai/wangkanai/Detection/src/Services/HttpContextService.cs
FN:8,Microsoft.AspNetCore.Http.HttpContext Wangkanai.Detection.Services.HttpContextService::get_Context()
FNDA:1,Microsoft.AspNetCore.Http.HttpContext Wangkanai.Detection.Services.HttpContextService::get_Context()
DA:9,1
FN:9,Microsoft.AspNetCore.Http.HttpRequest Wangkanai.Detection.Services.HttpContextService::get_Request()
FNDA:1,Microsoft.AspNetCore.Http.HttpRequest Wangkanai.Detection.Services.HttpContextService::get_Request()
DA:10,1
FN:11,System.Void Wangkanai.Detection.Services.HttpContextService::.ctor(Microsoft.AspNetCore.Http.IHttpContextAccessor)
FNDA:1,System.Void Wangkanai.Detection.Services.HttpContextService::.ctor(Microsoft.AspNetCore.Http.IHttpContextAccessor)
DA:12,1
DA:13,1
DA:14,1
DA:16,1
DA:17,1
BRDA:16,17,0,0
BRDA:16,17,1,1
BRDA:16,29,0,0
BRDA:16,29,1,1
LF:7
LH:7
BRF:4
BRH:2
FNF:3
FNH:3
end_of_record
SF:/home/runner/work/wangkanai/wangkanai/Detection/src/Services/PlatformService.cs
FN:23,Wangkanai.Detection.Models.Processor Wangkanai.Detection.Services.PlatformService::get_Processor()
FNDA:24,Wangkanai.Detection.Models.Processor Wangkanai.Detection.Services.PlatformService::get_Processor()
DA:24,24
BRDA:24,23,0,24
BRDA:24,23,1,0
FN:24,Wangkanai.Detection.Models.Platform Wangkanai.Detection.Services.PlatformService::get_Name()
FNDA:132,Wangkanai.Detection.Models.Platform Wangkanai.Detection.Services.PlatformService::get_Name()
DA:25,132
BRDA:25,23,0,101
BRDA:25,23,1,31
FN:25,System.Version Wangkanai.Detection.Services.PlatformService::get_Version()
FNDA:27,System.Version Wangkanai.Detection.Services.PlatformService::get_Version()
DA:26,27
BRDA:26,7,0,22
BRDA:26,7,1,27
FN:29,Wangkanai.Detection.Models.Platform Wangkanai.Detection.Services.PlatformService::GetPlatform()
FNDA:101,Wangkanai.Detection.Models.Platform Wangkanai.Detection.Services.PlatformService::GetPlatform()
DA:30,101
DA:31,101
DA:33,101
DA:34,6
DA:36,95
DA:37,11
DA:38,84
DA:39,40
DA:40,44
DA:41,6
DA:42,38
DA:43,8
DA:44,30
DA:45,11
DA:46,19
DA:47,12
DA:48,7
DA:49,1
DA:51,6
DA:52,101
BRDA:33,26,0,6
BRDA:33,26,1,95
BRDA:36,45,0,11
BRDA:36,45,1,84
BRDA:38,63,0,40
BRDA:38,63,1,44
BRDA:40,79,0,6
BRDA:40,79,1,38
BRDA:42,96,0,8
BRDA:42,96,1,30
BRDA:44,113,0,11
BRDA:44,113,1,19
BRDA:46,131,0,12
BRDA:46,131,1,7
BRDA:48,148,0,1
BRDA:48,148,1,6
FN:54,System.Version Wangkanai.Detection.Services.PlatformService::GetVersion()
FNDA:22,System.Version Wangkanai.Detection.Services.PlatformService::GetVersion()
DA:55,22
DA:56,22
DA:57,22
DA:58,22
DA:59,22
DA:60,1
DA:61,1
DA:62,6
DA:63,2
DA:64,2
DA:65,5
DA:66,3
DA:67,2
DA:68,0
DA:69,22
DA:70,22
BRDA:58,32,0,17
BRDA:58,37,0,8
BRDA:58,62,0,3
BRDA:58,32,1,5
BRDA:58,76,0,3
BRDA:58,83,0,1
BRDA:58,37,1,1
BRDA:58,93,1,1
BRDA:58,37,2,6
BRDA:58,83,1,2
BRDA:58,37,4,2
BRDA:58,62,1,5
BRDA:58,69,1,3
BRDA:58,76,1,2
BRDA:58,37,3,0
BRDA:58,69,0,0
BRDA:58,93,0,0
FN:72,Wangkanai.Detection.Models.Processor Wangkanai.Detection.Services.PlatformService::GetProcessor()
FNDA:24,Wangkanai.Detection.Models.Processor Wangkanai.Detection.Services.PlatformService::GetProcessor()
DA:73,24
DA:74,24
DA:75,24
DA:77,24
DA:78,10
DA:79,14
DA:80,4
DA:81,10
DA:82,3
DA:83,7
DA:84,2
DA:86,5
DA:87,24
BRDA:77,34,0,10
BRDA:77,34,1,14
BRDA:79,50,0,4
BRDA:79,50,1,10
BRDA:81,66,0,3
BRDA:81,66,1,7
BRDA:83,83,0,2
BRDA:83,83,1,5
FN:89,System.Boolean Wangkanai.Detection.Services.PlatformService::IsX86(System.String)
FNDA:10,System.Boolean Wangkanai.Detection.Services.PlatformService::IsX86(System.String)
DA:90,10
FN:92,System.Boolean Wangkanai.Detection.Services.PlatformService::IsX64(System.String)
FNDA:14,System.Boolean Wangkanai.Detection.Services.PlatformService::IsX64(System.String)
DA:93,14
FN:95,System.Boolean Wangkanai.Detection.Services.PlatformService::IsiOS(System.String)
FNDA:38,System.Boolean Wangkanai.Detection.Services.PlatformService::IsiOS(System.String)
DA:96,38
BRDA:96,11,0,9
BRDA:96,11,1,29
FN:98,System.Boolean Wangkanai.Detection.Services.PlatformService::IsiPadOS(System.String)
FNDA:44,System.Boolean Wangkanai.Detection.Services.PlatformService::IsiPadOS(System.String)
DA:99,44
BRDA:99,11,0,6
BRDA:99,11,1,38
FN:101,System.Boolean Wangkanai.Detection.Services.PlatformService::IsChromeOS(System.String)
FNDA:7,System.Boolean Wangkanai.Detection.Services.PlatformService::IsChromeOS(System.String)
DA:102,7
FN:104,System.Boolean Wangkanai.Detection.Services.PlatformService::IsArm(System.String,Wangkanai.Detection.Models.Platform)
FNDA:24,System.Boolean Wangkanai.Detection.Services.PlatformService::IsArm(System.String,Wangkanai.Detection.Models.Platform)
DA:105,24
DA:106,24
DA:107,24
BRDA:105,7,0,22
BRDA:105,7,1,2
BRDA:105,24,0,19
BRDA:105,28,0,16
BRDA:105,28,1,5
BRDA:105,35,1,5
BRDA:105,35,0,14
BRDA:105,24,1,24
FN:109,System.Boolean Wangkanai.Detection.Services.PlatformService::IsPowerPC(System.String,Wangkanai.Detection.Models.Platform)
FNDA:7,System.Boolean Wangkanai.Detection.Services.PlatformService::IsPowerPC(System.String,Wangkanai.Detection.Models.Platform)
DA:110,7
DA:111,7
BRDA:110,2,0,3
BRDA:110,2,1,4
FN:118,System.Version Wangkanai.Detection.Services.PlatformService::ParseOsVersion(System.String,System.String)
FNDA:20,System.Version Wangkanai.Detection.Services.PlatformService::ParseOsVersion(System.String,System.String)
DA:119,20
DA:120,20
DA:121,20
DA:122,20
DA:123,20
FN:125,System.String Wangkanai.Detection.Services.PlatformService::ReplaceUnderscore(System.String)
FNDA:20,System.String Wangkanai.Detection.Services.PlatformService::ReplaceUnderscore(System.String)
DA:126,20
FN:128,System.String Wangkanai.Detection.Services.PlatformService::AgentSourceParse(System.String,System.String)
FNDA:20,System.String Wangkanai.Detection.Services.PlatformService::AgentSourceParse(System.String,System.String)
DA:129,20
BRDA:129,8,0,6
BRDA:129,8,1,20
FN:131,System.String Wangkanai.Detection.Services.PlatformService::AgentSourceStart(System.String,System.String)
FNDA:20,System.String Wangkanai.Detection.Services.PlatformService::AgentSourceStart(System.String,System.String)
DA:132,20
DA:133,20
DA:134,20
DA:135,20
DA:136,20
DA:137,20
DA:138,20
DA:139,49
BRDA:132,35,0,6
BRDA:132,35,1,14
FN:18,System.Void Wangkanai.Detection.Services.PlatformService::.ctor(Wangkanai.Detection.Services.IUserAgentService)
FNDA:148,System.Void Wangkanai.Detection.Services.PlatformService::.ctor(Wangkanai.Detection.Services.IUserAgentService)
DA:19,148
DA:20,148
DA:21,148
DA:22,148
FN:114,System.Void Wangkanai.Detection.Services.PlatformService::.cctor()
FNDA:1,System.Void Wangkanai.Detection.Services.PlatformService::.cctor()
DA:115,1
DA:116,1
DA:142,1
DA:143,1
DA:144,1
DA:145,1
DA:146,1
DA:147,1
DA:148,1
DA:150,1
DA:151,1
DA:152,1
DA:153,1
DA:154,1
LF:95
LH:94
BRF:65
BRH:61
FNF:19
FNH:19
end_of_record
SF:/home/runner/work/wangkanai/wangkanai/Detection/src/Services/UserAgentService.cs
FN:13,Wangkanai.Detection.Models.UserAgent Wangkanai.Detection.Services.UserAgentService::get_UserAgent()
FNDA:2,Wangkanai.Detection.Models.UserAgent Wangkanai.Detection.Services.UserAgentService::get_UserAgent()
DA:14,2
FN:8,System.Void Wangkanai.Detection.Services.UserAgentService::.ctor(Wangkanai.Detection.Services.IHttpContextService)
FNDA:1,System.Void Wangkanai.Detection.Services.UserAgentService::.ctor(Wangkanai.Detection.Services.IHttpContextService)
DA:9,1
DA:10,1
DA:11,1
DA:12,1
BRDA:11,41,0,0
BRDA:11,41,1,1
LF:5
LH:5
BRF:2
BRH:1
FNF:2
FNH:2
end_of_record
SF:/home/runner/work/wangkanai/wangkanai/Detection/src/Models/UserAgent.cs
FN:28,System.String Wangkanai.Detection.Models.UserAgent::ToString()
FNDA:76,System.String Wangkanai.Detection.Models.UserAgent::ToString()
DA:29,76
DA:30,76
DA:31,76
FN:34,System.String Wangkanai.Detection.Models.UserAgent::ToLower()
FNDA:364,System.String Wangkanai.Detection.Models.UserAgent::ToLower()
DA:35,364
DA:36,364
DA:37,364
FN:40,System.Int32 Wangkanai.Detection.Models.UserAgent::Length()
FNDA:9,System.Int32 Wangkanai.Detection.Models.UserAgent::Length()
DA:41,9
DA:42,9
DA:43,9
FN:12,System.Void Wangkanai.Detection.Models.UserAgent::.ctor()
FNDA:183,System.Void Wangkanai.Detection.Models.UserAgent::.ctor()
DA:13,183
DA:14,183
DA:15,183
DA:16,183
DA:17,183
DA:18,183
FN:19,System.Void Wangkanai.Detection.Models.UserAgent::.ctor(System.String)
FNDA:181,System.Void Wangkanai.Detection.Models.UserAgent::.ctor(System.String)
DA:20,181
DA:21,181
DA:22,181
DA:23,181
DA:24,181
DA:25,181
BRDA:22,11,0,7
BRDA:22,11,1,181
LF:21
LH:21
BRF:2
BRH:2
FNF:5
FNH:5
end_of_record
SF:/home/runner/work/wangkanai/wangkanai/Detection/src/Extensions/KmpPrefixTrie.cs
FN:72,System.Boolean Wangkanai.Detection.Extensions.KmpPrefixTrie::ContainsWithAnyIn(System.ReadOnlySpan`1<System.Char>)
FNDA:237,System.Boolean Wangkanai.Detection.Extensions.KmpPrefixTrie::ContainsWithAnyIn(System.ReadOnlySpan`1<System.Char>)
DA:73,237
DA:74,237
DA:75,237
DA:76,237
DA:78,19593
DA:79,19445
DA:80,19445
DA:82,19445
DA:83,8032
DA:85,11413
DA:87,19445
DA:88,6729
DA:89,6729
DA:90,6729
DA:91,6729
DA:92,89
DA:93,6640
DA:95,12716
DA:96,12716
DA:97,12716
DA:98,11984
DA:99,11984
DA:100,11984
DA:101,11984
DA:102,12716
DA:103,19356
DA:105,148
DA:106,237
BRDA:78,182,1,19445
BRDA:82,35,0,19439
BRDA:82,46,0,11677
BRDA:82,35,1,7768
BRDA:82,46,1,7768
BRDA:82,73,0,8032
BRDA:82,73,1,11413
BRDA:87,106,0,6729
BRDA:91,132,0,89
BRDA:91,132,1,6640
BRDA:87,106,1,12716
BRDA:97,160,0,11984
BRDA:97,160,1,12716
BRDA:78,182,0,148
FN:108,System.Boolean Wangkanai.Detection.Extensions.KmpPrefixTrie::StartsWithAnyIn(System.ReadOnlySpan`1<System.Char>)
FNDA:50,System.Boolean Wangkanai.Detection.Extensions.KmpPrefixTrie::StartsWithAnyIn(System.ReadOnlySpan`1<System.Char>)
DA:109,50
DA:110,50
DA:111,50
DA:112,50
DA:114,2171
DA:115,2168
DA:116,2168
DA:118,2168
DA:119,29
DA:120,2139
DA:121,18
DA:123,2121
DA:124,2121
DA:126,3
DA:127,50
BRDA:114,88,1,2168
BRDA:118,40,0,29
BRDA:118,40,1,2139
BRDA:120,48,0,2139
BRDA:120,48,1,0
BRDA:120,66,0,18
BRDA:120,66,1,2121
BRDA:114,88,0,3
FN:128,System.Boolean Wangkanai.Detection.Extensions.KmpPrefixTrie::get_IsEnd()
FNDA:0,System.Boolean Wangkanai.Detection.Extensions.KmpPrefixTrie::get_IsEnd()
DA:129,0
FN:132,Wangkanai.Detection.Extensions.KmpPrefixTrie Wangkanai.Detection.Extensions.KmpPrefixTrie::GetNext(System.Char)
FNDA:6154,Wangkanai.Detection.Extensions.KmpPrefixTrie Wangkanai.Detection.Extensions.KmpPrefixTrie::GetNext(System.Char)
DA:133,6154
DA:134,6154
DA:135,2
DA:137,6152
DA:138,25
DA:140,6127
DA:141,6154
BRDA:134,14,0,2
BRDA:134,14,1,6152
BRDA:137,29,0,6147
BRDA:137,29,1,5
BRDA:137,57,0,25
BRDA:137,57,1,6127
FN:144,System.Boolean Wangkanai.Detection.Extensions.KmpPrefixTrie::HasNext(System.Char)
FNDA:4090,System.Boolean Wangkanai.Detection.Extensions.KmpPrefixTrie::HasNext(System.Char)
DA:145,4090
DA:146,4090
DA:147,0
DA:149,4090
DA:150,2529
DA:152,1561
DA:153,4090
BRDA:146,14,0,0
BRDA:146,14,1,4090
BRDA:149,29,0,3774
BRDA:149,29,1,316
BRDA:149,57,0,2529
BRDA:149,57,1,1561
BRDA:152,79,0,293
BRDA:152,79,1,1268
FN:155,System.Void Wangkanai.Detection.Extensions.KmpPrefixTrie::BuildKmpTable(Wangkanai.Detection.Extensions.KmpPrefixTrie,Wangkanai.Detection.Extensions.KmpPrefixTrie,Wangkanai.Detection.Extensions.KmpPrefixTrie)
FNDA:2730,System.Void Wangkanai.Detection.Extensions.KmpPrefixTrie::BuildKmpTable(Wangkanai.Detection.Extensions.KmpPrefixTrie,Wangkanai.Detection.Extensions.KmpPrefixTrie,Wangkanai.Detection.Extensions.KmpPrefixTrie)
DA:156,2730
DA:157,2730
DA:158,0
DA:160,2730
DA:161,0
DA:162,0
DA:163,0
DA:166,2730
DA:167,190
DA:169,13480
DA:170,2645
DA:171,2645
DA:172,2645
DA:173,2645
DA:174,1238
DA:176,1407
DA:177,1407
DA:178,2834
DA:179,1427
DA:180,1407
DA:182,2645
DA:183,2645
DA:184,2645
DA:185,2645
DA:186,2730
BRDA:157,9,1,2730
BRDA:160,24,0,0
BRDA:160,24,1,2730
BRDA:166,55,0,190
BRDA:166,55,1,2730
BRDA:169,229,1,2645
BRDA:173,111,0,1238
BRDA:173,111,1,1407
BRDA:178,173,1,1427
BRDA:178,152,0,1445
BRDA:178,152,1,1389
BRDA:178,173,0,1407
BRDA:182,178,0,1389
BRDA:182,178,1,1256
BRDA:182,193,0,1389
BRDA:182,193,1,2645
BRDA:169,229,0,2730
BRDA:157,9,0,2730
FN:22,System.Void Wangkanai.Detection.Extensions.KmpPrefixTrie::.ctor(System.String[])
FNDA:90,System.Void Wangkanai.Detection.Extensions.KmpPrefixTrie::.ctor(System.String[])
DA:23,90
FN:32,System.Void Wangkanai.Detection.Extensions.KmpPrefixTrie::.ctor(System.String[],System.Int32)
FNDA:2760,System.Void Wangkanai.Detection.Extensions.KmpPrefixTrie::.ctor(System.String[],System.Int32)
DA:33,2760
DA:34,2760
DA:35,2760
DA:36,6045
DA:37,2730
DA:39,2760
DA:40,2760
DA:41,192
DA:42,192
DA:43,192
DA:44,192
DA:47,6167
DA:48,6167
DA:50,2568
DA:51,2568
DA:53,16763
DA:54,5298
DA:55,2730
DA:56,2730
DA:57,2730
DA:58,6235
DA:59,190
DA:61,2540
DA:62,2730
DA:64,2568
DA:65,28
DA:66,28
DA:67,254
DA:68,85
DA:69,28
DA:70,2760
BRDA:35,32,0,2730
BRDA:36,35,0,190
BRDA:36,35,1,2540
BRDA:35,32,1,2760
BRDA:40,86,0,192
BRDA:40,86,1,2568
BRDA:53,178,0,2568
BRDA:53,178,1,2568
BRDA:53,410,1,2730
BRDA:58,312,0,2568
BRDA:58,312,1,2730
BRDA:58,347,0,190
BRDA:58,347,1,2540
BRDA:53,410,0,2568
BRDA:64,443,0,28
BRDA:67,501,1,85
BRDA:67,501,0,28
BRDA:64,443,1,2760
LF:115
LH:109
BRF:72
BRH:69
FNF:8
FNH:7
end_of_record
SF:/home/runner/work/wangkanai/wangkanai/Detection/src/Extensions/PrefixTrie.cs
FN:52,System.Boolean Wangkanai.Detection.Extensions.PrefixTrie::get_IsEnd()
FNDA:510972,System.Boolean Wangkanai.Detection.Extensions.PrefixTrie::get_IsEnd()
DA:53,510972
BRDA:53,7,0,0
BRDA:53,7,1,510972
FN:55,System.Boolean Wangkanai.Detection.Extensions.PrefixTrie::StartsWithAnyIn(System.ReadOnlySpan`1<System.Char>)
FNDA:24,System.Boolean Wangkanai.Detection.Extensions.PrefixTrie::StartsWithAnyIn(System.ReadOnlySpan`1<System.Char>)
DA:56,24
DA:57,24
DA:59,24
DA:60,4
DA:62,2070
DA:63,2061
DA:64,2061
DA:66,2061
DA:67,1
DA:69,2060
DA:70,2060
DA:72,2060
DA:73,8
DA:75,2052
DA:77,2052
DA:78,2
DA:80,2050
DA:81,2050
DA:83,9
DA:84,24
BRDA:59,15,0,22
BRDA:59,15,1,2
BRDA:59,29,0,4
BRDA:62,202,1,2061
BRDA:66,58,0,2060
BRDA:66,58,1,1
BRDA:66,71,0,1
BRDA:66,71,1,2060
BRDA:72,105,0,2055
BRDA:72,105,1,5
BRDA:72,127,0,8
BRDA:72,127,1,2052
BRDA:77,158,0,2
BRDA:77,158,1,2050
BRDA:59,29,1,2070
BRDA:62,202,0,9
FN:86,System.Boolean Wangkanai.Detection.Extensions.PrefixTrie::ContainsWithAnyIn(System.ReadOnlySpan`1<System.Char>)
FNDA:26,System.Boolean Wangkanai.Detection.Extensions.PrefixTrie::ContainsWithAnyIn(System.ReadOnlySpan`1<System.Char>)
DA:87,26
DA:88,2154
DA:89,2145
DA:90,2145
DA:91,2145
DA:92,2145
DA:94,2145
DA:95,17
DA:97,2128
DA:98,2128
DA:100,9
DA:101,26
BRDA:88,69,1,2145
BRDA:94,24,0,17
BRDA:94,24,1,2128
BRDA:88,69,0,9
FN:103,System.Boolean Wangkanai.Detection.Extensions.PrefixTrie::SearchCurrentSource(Wangkanai.Detection.Extensions.PrefixTrie,System.ReadOnlySpan`1<System.Char>)
FNDA:2145,System.Boolean Wangkanai.Detection.Extensions.PrefixTrie::SearchCurrentSource(Wangkanai.Detection.Extensions.PrefixTrie,System.ReadOnlySpan`1<System.Char>)
DA:104,2145
DA:105,2145
DA:107,2145
DA:108,6
DA:110,506735
DA:111,506718
DA:112,506718
DA:114,506718
DA:115,1
DA:116,1
DA:117,1
DA:120,506717
DA:121,506717
DA:123,506717
DA:124,2103
DA:125,2103
DA:126,2103
DA:129,504614
DA:131,504614
DA:132,18
DA:133,18
DA:134,18
DA:137,504596
DA:138,504596
DA:140,2139
DA:141,2145
BRDA:107,10,0,2145
BRDA:107,10,1,0
BRDA:107,24,0,6
BRDA:110,201,1,506718
BRDA:114,53,0,506717
BRDA:114,53,1,1
BRDA:114,66,0,1
BRDA:114,66,1,506717
BRDA:123,101,0,506670
BRDA:123,101,1,47
BRDA:123,123,0,2103
BRDA:123,123,1,504614
BRDA:131,156,0,18
BRDA:131,156,1,504596
BRDA:107,24,1,506735
BRDA:110,201,0,2139
FN:143,System.Collections.Generic.IEnumerable`1<System.ValueTuple`2<System.Char,System.Linq.IGrouping`2<System.Char,System.String>>> Wangkanai.Detection.Extensions.PrefixTrie::KeywordsGroupByCharAtPosition(System.Collections.Generic.IEnumerable`1<System.String>,System.Int32)
FNDA:4895,System.Collections.Generic.IEnumerable`1<System.ValueTuple`2<System.Char,System.Linq.IGrouping`2<System.Char,System.String>>> Wangkanai.Detection.Extensions.PrefixTrie::KeywordsGroupByCharAtPosition(System.Collections.Generic.IEnumerable`1<System.String>,System.Int32)
DA:144,4895
DA:145,4203
FN:16,System.Void Wangkanai.Detection.Extensions.PrefixTrie::.ctor(System.String[])
FNDA:45,System.Void Wangkanai.Detection.Extensions.PrefixTrie::.ctor(System.String[])
DA:17,45
FN:25,System.Void Wangkanai.Detection.Extensions.PrefixTrie::.ctor(System.String[],System.Int32)
FNDA:2127,System.Void Wangkanai.Detection.Extensions.PrefixTrie::.ctor(System.String[],System.Int32)
DA:26,2127
DA:27,2127
DA:28,4791
DA:29,2112
DA:31,2127
DA:32,36
DA:33,36
DA:34,36
DA:35,36
DA:38,4895
DA:39,4895
DA:41,2091
DA:42,2091
DA:44,10497
DA:45,2112
DA:46,2112
DA:47,4825
DA:48,2112
DA:49,2112
DA:50,2112
DA:51,2127
BRDA:27,25,0,2112
BRDA:28,28,0,34
BRDA:28,28,1,2078
BRDA:27,25,1,2127
BRDA:31,68,0,36
BRDA:31,68,1,2091
BRDA:44,305,1,2112
BRDA:47,228,0,2091
BRDA:47,228,1,2112
BRDA:47,259,0,2078
BRDA:47,259,1,34
BRDA:44,305,0,2091
LF:83
LH:83
BRF:50
BRH:48
FNF:7
FNH:7
end_of_record
SF:/home/runner/work/wangkanai/wangkanai/Detection/src/Extensions/SearchExtensions.cs
FN:7,System.Boolean Wangkanai.Detection.Extensions.SearchExtensions::SearchStartsWith(System.String,Wangkanai.Detection.Extensions.IPrefixTrie)
FNDA:22,System.Boolean Wangkanai.Detection.Extensions.SearchExtensions::SearchStartsWith(System.String,Wangkanai.Detection.Extensions.IPrefixTrie)
DA:8,22
FN:10,System.Boolean Wangkanai.Detection.Extensions.SearchExtensions::SearchStartsWith(System.ReadOnlySpan`1<System.Char>,Wangkanai.Detection.Extensions.IPrefixTrie)
FNDA:22,System.Boolean Wangkanai.Detection.Extensions.SearchExtensions::SearchStartsWith(System.ReadOnlySpan`1<System.Char>,Wangkanai.Detection.Extensions.IPrefixTrie)
DA:11,22
FN:13,System.Boolean Wangkanai.Detection.Extensions.SearchExtensions::SearchContains(System.String,Wangkanai.Detection.Extensions.IPrefixTrie)
FNDA:196,System.Boolean Wangkanai.Detection.Extensions.SearchExtensions::SearchContains(System.String,Wangkanai.Detection.Extensions.IPrefixTrie)
DA:14,196
FN:16,System.Boolean Wangkanai.Detection.Extensions.SearchExtensions::SearchContains(System.ReadOnlySpan`1<System.Char>,Wangkanai.Detection.Extensions.IPrefixTrie)
FNDA:196,System.Boolean Wangkanai.Detection.Extensions.SearchExtensions::SearchContains(System.ReadOnlySpan`1<System.Char>,Wangkanai.Detection.Extensions.IPrefixTrie)
DA:17,196
FN:19,Wangkanai.Detection.Extensions.KmpPrefixTrie Wangkanai.Detection.Extensions.SearchExtensions::BuildSearchTrie(System.String[])
FNDA:9,Wangkanai.Detection.Extensions.KmpPrefixTrie Wangkanai.Detection.Extensions.SearchExtensions::BuildSearchTrie(System.String[])
DA:20,9
FN:22,Wangkanai.Detection.Extensions.KmpPrefixTrie Wangkanai.Detection.Extensions.SearchExtensions::BuildSearchTrie(System.Collections.Generic.IEnumerable`1<System.String>)
FNDA:1,Wangkanai.Detection.Extensions.KmpPrefixTrie Wangkanai.Detection.Extensions.SearchExtensions::BuildSearchTrie(System.Collections.Generic.IEnumerable`1<System.String>)
DA:23,1
FN:25,Wangkanai.Detection.Extensions.PrefixTrie Wangkanai.Detection.Extensions.SearchExtensions::BuildLegacySearchTrie(System.String[])
FNDA:0,Wangkanai.Detection.Extensions.PrefixTrie Wangkanai.Detection.Extensions.SearchExtensions::BuildLegacySearchTrie(System.String[])
DA:26,0
FN:28,Wangkanai.Detection.Extensions.PrefixTrie Wangkanai.Detection.Extensions.SearchExtensions::BuildLegacySearchTrie(System.Collections.Generic.IEnumerable`1<System.String>)
FNDA:0,Wangkanai.Detection.Extensions.PrefixTrie Wangkanai.Detection.Extensions.SearchExtensions::BuildLegacySearchTrie(System.Collections.Generic.IEnumerable`1<System.String>)
DA:29,0
LF:8
LH:6
BRF:0
BRH:0
FNF:8
FNH:6
end_of_record
SF:/home/runner/work/wangkanai/wangkanai/Detection/src/Extensions/UserAgentExtensions.cs
FN:10,System.Boolean Wangkanai.Detection.Extensions.UserAgentExtensions::IsNullOrEmpty(Wangkanai.Detection.Models.UserAgent)
FNDA:53,System.Boolean Wangkanai.Detection.Extensions.UserAgentExtensions::IsNullOrEmpty(Wangkanai.Detection.Models.UserAgent)
DA:11,53
FN:13,System.Boolean Wangkanai.Detection.Extensions.UserAgentExtensions::Contains(Wangkanai.Detection.Models.UserAgent,System.String)
FNDA:26,System.Boolean Wangkanai.Detection.Extensions.UserAgentExtensions::Contains(Wangkanai.Detection.Models.UserAgent,System.String)
DA:14,26
DA:15,26
DA:16,26
BRDA:14,6,0,26
BRDA:14,14,0,16
BRDA:14,6,1,10
BRDA:14,14,1,10
FN:18,System.Boolean Wangkanai.Detection.Extensions.UserAgentExtensions::Contains(Wangkanai.Detection.Models.UserAgent,System.String[])
FNDA:6,System.Boolean Wangkanai.Detection.Extensions.UserAgentExtensions::Contains(Wangkanai.Detection.Models.UserAgent,System.String[])
DA:19,6
DA:20,6
DA:21,6
BRDA:19,6,0,6
BRDA:19,10,0,6
BRDA:19,6,1,0
BRDA:19,10,1,0
FN:23,System.Boolean Wangkanai.Detection.Extensions.UserAgentExtensions::Contains(Wangkanai.Detection.Models.UserAgent,T)
FNDA:5,System.Boolean Wangkanai.Detection.Extensions.UserAgentExtensions::Contains(Wangkanai.Detection.Models.UserAgent,T)
DA:24,5
DA:25,11
DA:26,5
FN:28,System.Boolean Wangkanai.Detection.Extensions.UserAgentExtensions::Contains(Wangkanai.Detection.Models.UserAgent,System.Collections.Generic.IEnumerable`1<System.String>)
FNDA:7,System.Boolean Wangkanai.Detection.Extensions.UserAgentExtensions::Contains(Wangkanai.Detection.Models.UserAgent,System.Collections.Generic.IEnumerable`1<System.String>)
DA:29,7
DA:30,7
BRDA:29,6,0,7
BRDA:29,6,1,0
FN:32,Wangkanai.Detection.Models.UserAgent Wangkanai.Detection.Extensions.UserAgentExtensions::Replace(Wangkanai.Detection.Models.UserAgent,System.String,System.String)
FNDA:2,Wangkanai.Detection.Models.UserAgent Wangkanai.Detection.Extensions.UserAgentExtensions::Replace(Wangkanai.Detection.Models.UserAgent,System.String,System.String)
DA:33,2
DA:34,2
DA:35,2
BRDA:33,6,0,0
BRDA:33,6,1,2
BRDA:33,14,0,2
BRDA:33,14,1,0
FN:37,System.Int32 Wangkanai.Detection.Extensions.UserAgentExtensions::IndexOf(Wangkanai.Detection.Models.UserAgent,System.String)
FNDA:6,System.Int32 Wangkanai.Detection.Extensions.UserAgentExtensions::IndexOf(Wangkanai.Detection.Models.UserAgent,System.String)
DA:38,6
DA:39,6
FN:41,System.Int32 Wangkanai.Detection.Extensions.UserAgentExtensions::IndexOf(Wangkanai.Detection.Models.UserAgent,Wangkanai.Detection.Models.Browser)
FNDA:0,System.Int32 Wangkanai.Detection.Extensions.UserAgentExtensions::IndexOf(Wangkanai.Detection.Models.UserAgent,Wangkanai.Detection.Models.Browser)
DA:42,0
FN:44,System.String Wangkanai.Detection.Extensions.UserAgentExtensions::Substring(Wangkanai.Detection.Models.UserAgent,System.Int32)
FNDA:4,System.String Wangkanai.Detection.Extensions.UserAgentExtensions::Substring(Wangkanai.Detection.Models.UserAgent,System.Int32)
DA:45,4
FN:47,System.String Wangkanai.Detection.Extensions.UserAgentExtensions::Substring(Wangkanai.Detection.Models.UserAgent,System.Int32,System.Int32)
FNDA:4,System.String Wangkanai.Detection.Extensions.UserAgentExtensions::Substring(Wangkanai.Detection.Models.UserAgent,System.Int32,System.Int32)
DA:48,4
DA:49,4
FN:51,System.String[] Wangkanai.Detection.Extensions.UserAgentExtensions::Split(Wangkanai.Detection.Models.UserAgent,System.Char)
FNDA:2,System.String[] Wangkanai.Detection.Extensions.UserAgentExtensions::Split(Wangkanai.Detection.Models.UserAgent,System.Char)
DA:52,2
DA:53,2
FN:55,System.Boolean Wangkanai.Detection.Extensions.UserAgentExtensions::StartsWith(Wangkanai.Detection.Models.UserAgent,System.String)
FNDA:19,System.Boolean Wangkanai.Detection.Extensions.UserAgentExtensions::StartsWith(Wangkanai.Detection.Models.UserAgent,System.String)
DA:56,19
DA:57,19
DA:58,19
BRDA:56,6,0,9
BRDA:56,14,0,9
BRDA:56,6,1,10
BRDA:56,14,1,10
FN:60,System.Boolean Wangkanai.Detection.Extensions.UserAgentExtensions::StartsWith(Wangkanai.Detection.Models.UserAgent,System.String[])
FNDA:12,System.Boolean Wangkanai.Detection.Extensions.UserAgentExtensions::StartsWith(Wangkanai.Detection.Models.UserAgent,System.String[])
DA:61,12
FN:63,System.Boolean Wangkanai.Detection.Extensions.UserAgentExtensions::StartsWith(Wangkanai.Detection.Models.UserAgent,System.String[],System.Int32)
FNDA:6,System.Boolean Wangkanai.Detection.Extensions.UserAgentExtensions::StartsWith(Wangkanai.Detection.Models.UserAgent,System.String[],System.Int32)
DA:64,6
DA:65,6
BRDA:64,7,0,6
BRDA:64,7,1,0
FN:67,System.Boolean Wangkanai.Detection.Extensions.UserAgentExtensions::AnyStartsWith(System.String[],Wangkanai.Detection.Models.UserAgent)
FNDA:12,System.Boolean Wangkanai.Detection.Extensions.UserAgentExtensions::AnyStartsWith(System.String[],Wangkanai.Detection.Models.UserAgent)
DA:68,12
FN:70,System.Boolean Wangkanai.Detection.Extensions.UserAgentExtensions::AnyContains(System.String[],Wangkanai.Detection.Models.UserAgent)
FNDA:6,System.Boolean Wangkanai.Detection.Extensions.UserAgentExtensions::AnyContains(System.String[],Wangkanai.Detection.Models.UserAgent)
DA:71,6
LF:31
LH:30
BRF:20
BRH:14
FNF:16
FNH:15
end_of_record
SF:/home/runner/work/wangkanai/wangkanai/Detection/src/Extensions/VersionExtensions.cs
FN:12,System.Version Wangkanai.Detection.Extensions.VersionExtensions::ToVersion(System.String)
FNDA:60,System.Version Wangkanai.Detection.Extensions.VersionExtensions::ToVersion(System.String)
DA:13,60
DA:14,60
DA:15,7
DA:17,53
DA:19,53
DA:20,1
DA:22,53
DA:23,2
DA:25,53
DA:26,53
DA:27,53
DA:28,60
BRDA:14,9,0,7
BRDA:14,9,1,53
BRDA:19,51,0,1
BRDA:19,51,1,53
BRDA:22,79,0,2
BRDA:22,79,1,53
BRDA:25,107,0,0
BRDA:25,107,1,53
FN:9,System.Void Wangkanai.Detection.Extensions.VersionExtensions::.cctor()
FNDA:1,System.Void Wangkanai.Detection.Extensions.VersionExtensions::.cctor()
DA:10,1
LF:13
LH:13
BRF:8
BRH:7
FNF:2
FNH:2
end_of_record
SF:/home/runner/work/wangkanai/wangkanai/Detection/src/Collections/MobileCollection.cs
FN:9,System.Void Wangkanai.Detection.Collections.MobileCollection::.cctor()
FNDA:1,System.Void Wangkanai.Detection.Collections.MobileCollection::.cctor()
DA:10,1
DA:11,1
DA:12,1
DA:13,1
DA:14,1
DA:15,1
DA:16,1
DA:17,1
DA:18,1
DA:19,1
DA:20,1
DA:21,1
DA:22,1
DA:23,1
DA:24,1
DA:25,1
DA:26,1
DA:27,1
DA:28,1
DA:29,1
DA:30,1
DA:31,1
DA:32,1
DA:33,1
DA:34,1
DA:35,1
DA:36,1
DA:37,1
DA:38,1
DA:39,1
DA:42,1
DA:45,1
DA:46,1
DA:47,1
DA:48,1
DA:49,1
DA:50,1
DA:51,1
DA:52,1
DA:53,1
DA:54,1
DA:55,1
DA:56,1
DA:57,1
DA:58,1
DA:59,1
DA:60,1
DA:61,1
DA:62,1
DA:63,1
DA:64,1
DA:65,1
DA:66,1
DA:67,1
DA:68,1
DA:69,1
DA:70,1
DA:71,1
DA:72,1
DA:73,1
DA:74,1
DA:75,1
DA:76,1
DA:77,1
DA:78,1
DA:79,1
DA:80,1
DA:81,1
DA:82,1
DA:83,1
DA:84,1
DA:85,1
DA:86,1
DA:87,1
DA:88,1
DA:89,1
DA:90,1
DA:91,1
DA:92,1
DA:93,1
DA:94,1
DA:95,1
DA:96,1
DA:97,1
DA:98,1
DA:99,1
DA:100,1
DA:101,1
DA:102,1
DA:103,1
DA:104,1
DA:105,1
DA:106,1
DA:107,1
DA:108,1
DA:109,1
DA:110,1
DA:111,1
DA:112,1
DA:113,1
DA:114,1
DA:115,1
DA:116,1
DA:117,1
DA:118,1
DA:119,1
DA:120,1
DA:121,1
DA:122,1
DA:123,1
DA:124,1
DA:125,1
DA:126,1
DA:127,1
DA:128,1
DA:129,1
DA:130,1
DA:131,1
DA:132,1
DA:133,1
DA:134,1
DA:135,1
DA:137,1
LF:123
LH:123
BRF:0
BRH:0
FNF:1
FNH:1
end_of_record
SF:/home/runner/work/wangkanai/wangkanai/Detection/src/Collections/TabletCollection.cs
FN:8,System.Void Wangkanai.Detection.Collections.TabletCollection::.cctor()
FNDA:1,System.Void Wangkanai.Detection.Collections.TabletCollection::.cctor()
DA:9,1
DA:10,1
DA:11,1
DA:12,1
DA:13,1
DA:14,1
DA:15,1
DA:16,1
DA:17,1
DA:18,1
DA:20,1
LF:11
LH:11
BRF:0
BRH:0
FNF:1
FNH:1
end_of_record
SF:/home/runner/work/wangkanai/wangkanai/System/src/Checks/ExceptionActivator.cs
FN:8,T Wangkanai.ExceptionActivator::CreateGenericInstance(System.String)
FNDA:0,T Wangkanai.ExceptionActivator::CreateGenericInstance(System.String)
DA:9,0
FN:12,T Wangkanai.ExceptionActivator::CreateGenericInstance(System.String,System.String)
FNDA:0,T Wangkanai.ExceptionActivator::CreateGenericInstance(System.String,System.String)
DA:13,0
FN:16,T Wangkanai.ExceptionActivator::CreateArgumentInstance(System.String)
FNDA:5,T Wangkanai.ExceptionActivator::CreateArgumentInstance(System.String)
DA:17,5
FN:20,T Wangkanai.ExceptionActivator::CreateArgumentInstance(System.String,System.String)
FNDA:0,T Wangkanai.ExceptionActivator::CreateArgumentInstance(System.String,System.String)
DA:21,0
LF:4
LH:1
BRF:0
BRH:0
FNF:4
FNH:1
end_of_record
SF:/home/runner/work/wangkanai/wangkanai/System/src/Checks/NullConditionalExtensions.cs
FN:19,System.Boolean Wangkanai.NullConditionalExtensions::TrueIfNull(T)
FNDA:37317,System.Boolean Wangkanai.NullConditionalExtensions::TrueIfNull(T)
DA:20,37317
FN:28,System.Boolean Wangkanai.NullConditionalExtensions::FalseIfNull(T)
FNDA:0,System.Boolean Wangkanai.NullConditionalExtensions::FalseIfNull(T)
DA:29,0
LF:2
LH:1
BRF:0
BRH:0
FNF:2
FNH:1
end_of_record
SF:/home/runner/work/wangkanai/wangkanai/System/src/Checks/ThrowIfEmptyEnumerableExtensions.cs
FN:21,System.Collections.Generic.IEnumerable`1<T> Wangkanai.ThrowIfEmptyExtensions::ThrowIfEmpty(System.Collections.Generic.IEnumerable`1<T>)
FNDA:0,System.Collections.Generic.IEnumerable`1<T> Wangkanai.ThrowIfEmptyExtensions::ThrowIfEmpty(System.Collections.Generic.IEnumerable`1<T>)
DA:22,0
BRDA:22,6,0,0
BRDA:22,6,1,0
FN:31,System.Collections.Generic.IEnumerable`1<T> Wangkanai.ThrowIfEmptyExtensions::ThrowIfEmpty(System.Collections.Generic.IEnumerable`1<T>,System.String)
FNDA:0,System.Collections.Generic.IEnumerable`1<T> Wangkanai.ThrowIfEmptyExtensions::ThrowIfEmpty(System.Collections.Generic.IEnumerable`1<T>,System.String)
DA:32,0
BRDA:32,6,0,0
BRDA:32,6,1,0
FN:43,System.Collections.Generic.IEnumerable`1<TType> Wangkanai.ThrowIfEmptyExtensions::ThrowIfEmpty(System.Collections.Generic.IEnumerable`1<TType>)
FNDA:0,System.Collections.Generic.IEnumerable`1<TType> Wangkanai.ThrowIfEmptyExtensions::ThrowIfEmpty(System.Collections.Generic.IEnumerable`1<TType>)
DA:44,0
DA:45,0
DA:46,0
DA:47,0
DA:48,0
DA:49,0
BRDA:46,14,0,0
BRDA:46,14,1,0
FN:60,System.Collections.Generic.IEnumerable`1<TType> Wangkanai.ThrowIfEmptyExtensions::ThrowIfEmpty(System.Collections.Generic.IEnumerable`1<TType>,System.String)
FNDA:0,System.Collections.Generic.IEnumerable`1<TType> Wangkanai.ThrowIfEmptyExtensions::ThrowIfEmpty(System.Collections.Generic.IEnumerable`1<TType>,System.String)
DA:61,0
DA:62,0
DA:63,0
DA:64,0
DA:65,0
DA:66,0
BRDA:63,14,0,0
BRDA:63,14,1,0
LF:14
LH:0
BRF:8
BRH:0
FNF:4
FNH:0
end_of_record
SF:/home/runner/work/wangkanai/wangkanai/System/src/Checks/ThrowIfEmptyStringExtensions.cs
FN:19,System.String Wangkanai.ThrowIfEmptyStringExtensions::ThrowIfEmpty(System.String)
FNDA:0,System.String Wangkanai.ThrowIfEmptyStringExtensions::ThrowIfEmpty(System.String)
DA:20,0
DA:39,0
DA:40,0
DA:41,0
BRDA:39,11,0,0
BRDA:39,11,1,0
FN:29,System.String Wangkanai.ThrowIfEmptyStringExtensions::ThrowIfEmpty(System.String,System.String)
FNDA:0,System.String Wangkanai.ThrowIfEmptyStringExtensions::ThrowIfEmpty(System.String,System.String)
DA:30,0
DA:53,0
DA:54,0
DA:55,0
BRDA:53,11,0,0
BRDA:53,11,1,0
FN:66,System.String Wangkanai.ThrowIfEmptyStringExtensions::ThrowIfEmpty(System.String,System.String,System.String)
FNDA:0,System.String Wangkanai.ThrowIfEmptyStringExtensions::ThrowIfEmpty(System.String,System.String,System.String)
DA:67,0
DA:68,0
DA:69,0
BRDA:67,11,0,0
BRDA:67,11,1,0
LF:11
LH:0
BRF:6
BRH:0
FNF:3
FNH:0
end_of_record
SF:/home/runner/work/wangkanai/wangkanai/System/src/Checks/ThrowIfEqualExtensions.cs
FN:19,System.Boolean Wangkanai.ThrowIfEqualExtensions::ThrowIfEqual(System.Int32,System.Int32)
FNDA:0,System.Boolean Wangkanai.ThrowIfEqualExtensions::ThrowIfEqual(System.Int32,System.Int32)
DA:20,0
DA:31,0
FN:42,System.Boolean Wangkanai.ThrowIfEqualExtensions::ThrowIfEqual(System.Int32,System.Int32,System.String)
FNDA:0,System.Boolean Wangkanai.ThrowIfEqualExtensions::ThrowIfEqual(System.Int32,System.Int32,System.String)
DA:43,0
DA:44,0
DA:45,0
BRDA:43,2,0,0
BRDA:43,2,1,0
LF:5
LH:0
BRF:2
BRH:0
FNF:2
FNH:0
end_of_record
SF:/home/runner/work/wangkanai/wangkanai/System/src/Checks/ThrowIfLessThanExtensions.cs
FN:19,System.Boolean Wangkanai.ThrowIfLessThanExtensions::ThrowIfLessThan(System.Int32,System.Int32)
FNDA:0,System.Boolean Wangkanai.ThrowIfLessThanExtensions::ThrowIfLessThan(System.Int32,System.Int32)
DA:20,0
DA:43,0
FN:30,System.Boolean Wangkanai.ThrowIfLessThanExtensions::ThrowIfLessThan(System.Int32,System.Int32,System.String)
FNDA:0,System.Boolean Wangkanai.ThrowIfLessThanExtensions::ThrowIfLessThan(System.Int32,System.Int32,System.String)
DA:31,0
DA:56,0
DA:57,0
DA:58,0
BRDA:56,2,0,0
BRDA:56,2,1,0
LF:6
LH:0
BRF:2
BRH:0
FNF:2
FNH:0
end_of_record
SF:/home/runner/work/wangkanai/wangkanai/System/src/Checks/ThrowIfMoreThanExtensions.cs
FN:20,System.Boolean Wangkanai.ThrowIfMoreThanExtensions::ThrowIfMoreThan(System.Int32,System.Int32)
FNDA:0,System.Boolean Wangkanai.ThrowIfMoreThanExtensions::ThrowIfMoreThan(System.Int32,System.Int32)
DA:21,0
DA:44,0
FN:31,System.Boolean Wangkanai.ThrowIfMoreThanExtensions::ThrowIfMoreThan(System.Int32,System.Int32,System.String)
FNDA:0,System.Boolean Wangkanai.ThrowIfMoreThanExtensions::ThrowIfMoreThan(System.Int32,System.Int32,System.String)
DA:32,0
DA:57,0
DA:58,0
DA:59,0
BRDA:57,2,0,0
BRDA:57,2,1,0
LF:6
LH:0
BRF:2
BRH:0
FNF:2
FNH:0
end_of_record
SF:/home/runner/work/wangkanai/wangkanai/System/src/Checks/ThrowIfNegativeExtensions.cs
FN:18,System.Int32 Wangkanai.ThrowIfNegativeExtensions::ThrowIfNegative(System.Int32)
FNDA:0,System.Int32 Wangkanai.ThrowIfNegativeExtensions::ThrowIfNegative(System.Int32)
DA:19,0
DA:38,0
FN:27,System.Int32 Wangkanai.ThrowIfNegativeExtensions::ThrowIfNegative(System.Int32,System.String)
FNDA:0,System.Int32 Wangkanai.ThrowIfNegativeExtensions::ThrowIfNegative(System.Int32,System.String)
DA:28,0
DA:49,0
DA:50,0
DA:51,0
BRDA:49,2,0,0
BRDA:49,2,1,0
LF:6
LH:0
BRF:2
BRH:0
FNF:2
FNH:0
end_of_record
SF:/home/runner/work/wangkanai/wangkanai/System/src/Checks/ThrowIfNotEqualExtensions.cs
FN:20,System.Boolean Wangkanai.ThrowIfNotEqualExtensions::ThrowIfNotEqual(System.Int32,System.Int32)
FNDA:0,System.Boolean Wangkanai.ThrowIfNotEqualExtensions::ThrowIfNotEqual(System.Int32,System.Int32)
DA:21,0
DA:33,0
FN:45,System.Boolean Wangkanai.ThrowIfNotEqualExtensions::ThrowIfNotEqual(System.Int32,System.Int32,System.String)
FNDA:0,System.Boolean Wangkanai.ThrowIfNotEqualExtensions::ThrowIfNotEqual(System.Int32,System.Int32,System.String)
DA:46,0
DA:47,0
DA:48,0
BRDA:46,2,0,0
BRDA:46,2,1,0
LF:5
LH:0
BRF:2
BRH:0
FNF:2
FNH:0
end_of_record
SF:/home/runner/work/wangkanai/wangkanai/System/src/Checks/ThrowIfNullExtensions.cs
FN:17,System.Boolean Wangkanai.CheckThrowIfNullExtensions::ThrowIfNull(System.Nullable`1<System.Boolean>)
FNDA:0,System.Boolean Wangkanai.CheckThrowIfNullExtensions::ThrowIfNull(System.Nullable`1<System.Boolean>)
DA:18,0
DA:174,0
BRDA:174,9,0,0
BRDA:174,9,1,0
FN:26,System.Byte Wangkanai.CheckThrowIfNullExtensions::ThrowIfNull(System.Nullable`1<System.Byte>)
FNDA:0,System.Byte Wangkanai.CheckThrowIfNullExtensions::ThrowIfNull(System.Nullable`1<System.Byte>)
DA:27,0
DA:196,0
BRDA:196,9,0,0
BRDA:196,9,1,0
FN:35,System.SByte Wangkanai.CheckThrowIfNullExtensions::ThrowIfNull(System.Nullable`1<System.SByte>)
FNDA:0,System.SByte Wangkanai.CheckThrowIfNullExtensions::ThrowIfNull(System.Nullable`1<System.SByte>)
DA:36,0
DA:185,0
BRDA:185,9,0,0
BRDA:185,9,1,0
FN:44,System.Int16 Wangkanai.CheckThrowIfNullExtensions::ThrowIfNull(System.Nullable`1<System.Int16>)
FNDA:0,System.Int16 Wangkanai.CheckThrowIfNullExtensions::ThrowIfNull(System.Nullable`1<System.Int16>)
DA:45,0
DA:207,0
BRDA:207,9,0,0
BRDA:207,9,1,0
FN:53,System.UInt16 Wangkanai.CheckThrowIfNullExtensions::ThrowIfNull(System.Nullable`1<System.UInt16>)
FNDA:0,System.UInt16 Wangkanai.CheckThrowIfNullExtensions::ThrowIfNull(System.Nullable`1<System.UInt16>)
DA:54,0
DA:218,0
BRDA:218,9,0,0
BRDA:218,9,1,0
FN:62,System.Int32 Wangkanai.CheckThrowIfNullExtensions::ThrowIfNull(System.Nullable`1<System.Int32>)
FNDA:0,System.Int32 Wangkanai.CheckThrowIfNullExtensions::ThrowIfNull(System.Nullable`1<System.Int32>)
DA:63,0
DA:229,0
BRDA:229,9,0,0
BRDA:229,9,1,0
FN:71,System.UInt32 Wangkanai.CheckThrowIfNullExtensions::ThrowIfNull(System.Nullable`1<System.UInt32>)
FNDA:0,System.UInt32 Wangkanai.CheckThrowIfNullExtensions::ThrowIfNull(System.Nullable`1<System.UInt32>)
DA:72,0
DA:240,0
BRDA:240,9,0,0
BRDA:240,9,1,0
FN:80,System.IntPtr Wangkanai.CheckThrowIfNullExtensions::ThrowIfNull(System.Nullable`1<System.IntPtr>)
FNDA:0,System.IntPtr Wangkanai.CheckThrowIfNullExtensions::ThrowIfNull(System.Nullable`1<System.IntPtr>)
DA:81,0
DA:251,0
BRDA:251,9,0,0
BRDA:251,9,1,0
FN:89,System.UIntPtr Wangkanai.CheckThrowIfNullExtensions::ThrowIfNull(System.Nullable`1<System.UIntPtr>)
FNDA:0,System.UIntPtr Wangkanai.CheckThrowIfNullExtensions::ThrowIfNull(System.Nullable`1<System.UIntPtr>)
DA:90,0
DA:262,0
BRDA:262,9,0,0
BRDA:262,9,1,0
FN:98,System.Int64 Wangkanai.CheckThrowIfNullExtensions::ThrowIfNull(System.Nullable`1<System.Int64>)
FNDA:0,System.Int64 Wangkanai.CheckThrowIfNullExtensions::ThrowIfNull(System.Nullable`1<System.Int64>)
DA:99,0
DA:273,0
BRDA:273,9,0,0
BRDA:273,9,1,0
FN:107,System.UInt64 Wangkanai.CheckThrowIfNullExtensions::ThrowIfNull(System.Nullable`1<System.UInt64>)
FNDA:0,System.UInt64 Wangkanai.CheckThrowIfNullExtensions::ThrowIfNull(System.Nullable`1<System.UInt64>)
DA:108,0
DA:284,0
BRDA:284,9,0,0
BRDA:284,9,1,0
FN:116,System.Single Wangkanai.CheckThrowIfNullExtensions::ThrowIfNull(System.Nullable`1<System.Single>)
FNDA:0,System.Single Wangkanai.CheckThrowIfNullExtensions::ThrowIfNull(System.Nullable`1<System.Single>)
DA:117,0
DA:295,0
BRDA:295,9,0,0
BRDA:295,9,1,0
FN:125,System.Decimal Wangkanai.CheckThrowIfNullExtensions::ThrowIfNull(System.Nullable`1<System.Decimal>)
FNDA:0,System.Decimal Wangkanai.CheckThrowIfNullExtensions::ThrowIfNull(System.Nullable`1<System.Decimal>)
DA:126,0
DA:317,0
BRDA:317,9,0,0
BRDA:317,9,1,0
FN:134,System.Double Wangkanai.CheckThrowIfNullExtensions::ThrowIfNull(System.Nullable`1<System.Double>)
FNDA:0,System.Double Wangkanai.CheckThrowIfNullExtensions::ThrowIfNull(System.Nullable`1<System.Double>)
DA:135,0
DA:306,0
BRDA:306,9,0,0
BRDA:306,9,1,0
FN:143,System.Char Wangkanai.CheckThrowIfNullExtensions::ThrowIfNull(System.Nullable`1<System.Char>)
FNDA:0,System.Char Wangkanai.CheckThrowIfNullExtensions::ThrowIfNull(System.Nullable`1<System.Char>)
DA:144,0
DA:328,0
BRDA:328,9,0,0
BRDA:328,9,1,0
FN:152,System.String Wangkanai.CheckThrowIfNullExtensions::ThrowIfNull(System.String)
FNDA:138,System.String Wangkanai.CheckThrowIfNullExtensions::ThrowIfNull(System.String)
DA:153,138
DA:339,138
BRDA:339,2,0,0
BRDA:339,2,1,138
FN:162,System.String Wangkanai.CheckThrowIfNullExtensions::ThrowIfNull(System.String,System.String)
FNDA:0,System.String Wangkanai.CheckThrowIfNullExtensions::ThrowIfNull(System.String,System.String)
DA:163,0
DA:351,0
BRDA:351,2,0,0
BRDA:351,2,1,0
LF:34
LH:2
BRF:34
BRH:1
FNF:17
FNH:1
end_of_record
SF:/home/runner/work/wangkanai/wangkanai/System/src/Checks/ThrowIfNullGenericExtensions.cs
FN:18,T Wangkanai.ThrowIfNullGenericExtensions::ThrowIfNull(T)
FNDA:86,T Wangkanai.ThrowIfNullGenericExtensions::ThrowIfNull(T)
DA:19,86
BRDA:19,8,0,5
BRDA:19,8,1,81
FN:29,T Wangkanai.ThrowIfNullGenericExtensions::ThrowIfNull(T,System.String)
FNDA:0,T Wangkanai.ThrowIfNullGenericExtensions::ThrowIfNull(T,System.String)
DA:30,0
BRDA:30,8,0,0
BRDA:30,8,1,0
LF:2
LH:1
BRF:4
BRH:2
FNF:2
FNH:1
end_of_record
SF:/home/runner/work/wangkanai/wangkanai/System/src/Checks/ThrowIfNullObjectExtensions.cs
FN:19,System.Object Wangkanai.ThrowIfNullObjectExtensions::ThrowIfNull(System.Object)
FNDA:0,System.Object Wangkanai.ThrowIfNullObjectExtensions::ThrowIfNull(System.Object)
DA:20,0
BRDA:20,2,0,0
BRDA:20,2,1,0
FN:31,System.Object Wangkanai.ThrowIfNullObjectExtensions::ThrowIfNull(System.Object,System.String)
FNDA:0,System.Object Wangkanai.ThrowIfNullObjectExtensions::ThrowIfNull(System.Object,System.String)
DA:32,0
BRDA:32,2,0,0
BRDA:32,2,1,0
LF:2
LH:0
BRF:4
BRH:0
FNF:2
FNH:0
end_of_record
SF:/home/runner/work/wangkanai/wangkanai/System/src/Checks/ThrowIfNullOrEmptyExtensions.cs
FN:19,System.String Wangkanai.ThrowIfNullOrEmptyExtensions::ThrowIfNullOrEmpty(System.String)
FNDA:0,System.String Wangkanai.ThrowIfNullOrEmptyExtensions::ThrowIfNullOrEmpty(System.String)
DA:20,0
DA:49,0
DA:50,0
DA:51,0
BRDA:49,6,0,0
BRDA:49,6,1,0
FN:28,System.String Wangkanai.ThrowIfNullOrEmptyExtensions::ThrowIfNullOrEmpty(System.String,System.String)
FNDA:0,System.String Wangkanai.ThrowIfNullOrEmptyExtensions::ThrowIfNullOrEmpty(System.String,System.String)
DA:29,0
DA:62,0
DA:63,0
DA:64,0
BRDA:62,6,0,0
BRDA:62,6,1,0
FN:38,System.String Wangkanai.ThrowIfNullOrEmptyExtensions::ThrowIfNullOrEmpty(System.String,System.String,System.String)
FNDA:0,System.String Wangkanai.ThrowIfNullOrEmptyExtensions::ThrowIfNullOrEmpty(System.String,System.String,System.String)
DA:39,0
DA:76,0
DA:77,0
DA:78,0
BRDA:76,6,0,0
BRDA:76,6,1,0
LF:12
LH:0
BRF:6
BRH:0
FNF:3
FNH:0
end_of_record
SF:/home/runner/work/wangkanai/wangkanai/System/src/Checks/ThrowIfNullOrWhitespaceExtensions.cs
FN:19,System.String Wangkanai.ThrowIfNullOrWhitespaceExtensions::ThrowIfNullOrWhitespace(System.String)
FNDA:0,System.String Wangkanai.ThrowIfNullOrWhitespaceExtensions::ThrowIfNullOrWhitespace(System.String)
DA:20,0
DA:39,0
FN:28,System.String Wangkanai.ThrowIfNullOrWhitespaceExtensions::ThrowIfNullOrWhitespace(System.String,System.String)
FNDA:0,System.String Wangkanai.ThrowIfNullOrWhitespaceExtensions::ThrowIfNullOrWhitespace(System.String,System.String)
DA:29,0
DA:50,0
FN:61,System.String Wangkanai.ThrowIfNullOrWhitespaceExtensions::ThrowIfNullOrWhitespace(System.String,System.String,System.String)
FNDA:0,System.String Wangkanai.ThrowIfNullOrWhitespaceExtensions::ThrowIfNullOrWhitespace(System.String,System.String,System.String)
DA:62,0
DA:63,0
DA:64,0
BRDA:62,6,0,0
BRDA:62,6,1,0
LF:7
LH:0
BRF:2
BRH:0
FNF:3
FNH:0
end_of_record
SF:/home/runner/work/wangkanai/wangkanai/System/src/Checks/ThrowIfOutOfRangeExtension.cs
FN:23,T Wangkanai.ThrowIfOutOfRangeExtension::ThrowIfOutOfRange(T,T,T)
FNDA:0,T Wangkanai.ThrowIfOutOfRangeExtension::ThrowIfOutOfRange(T,T,T)
DA:24,0
DA:25,0
DA:26,0
BRDA:24,13,0,0
BRDA:24,28,0,0
BRDA:24,13,1,0
BRDA:24,28,1,0
LF:3
LH:0
BRF:4
BRH:0
FNF:1
FNH:0
end_of_record
SF:/home/runner/work/wangkanai/wangkanai/System/src/Checks/ThrowIfPositiveExtensions.cs
FN:18,System.Int32 Wangkanai.ThrowIfPositiveExtensions::ThrowIfPositive(System.Int32)
FNDA:0,System.Int32 Wangkanai.ThrowIfPositiveExtensions::ThrowIfPositive(System.Int32)
DA:19,0
DA:38,0
FN:27,System.Int32 Wangkanai.ThrowIfPositiveExtensions::ThrowIfPositive(System.Int32,System.String)
FNDA:0,System.Int32 Wangkanai.ThrowIfPositiveExtensions::ThrowIfPositive(System.Int32,System.String)
DA:28,0
DA:49,0
DA:50,0
DA:51,0
BRDA:49,2,0,0
BRDA:49,2,1,0
LF:6
LH:0
BRF:2
BRH:0
FNF:2
FNH:0
end_of_record
SF:/home/runner/work/wangkanai/wangkanai/System/src/Checks/ThrowIfWhitespaceExtensions.cs
FN:19,System.String Wangkanai.ThrowIfWhitespaceExtensions::ThrowIfWhitespace(System.String)
FNDA:0,System.String Wangkanai.ThrowIfWhitespaceExtensions::ThrowIfWhitespace(System.String)
DA:20,0
DA:39,0
FN:28,System.String Wangkanai.ThrowIfWhitespaceExtensions::ThrowIfWhitespace(System.String,System.String)
FNDA:0,System.String Wangkanai.ThrowIfWhitespaceExtensions::ThrowIfWhitespace(System.String,System.String)
DA:29,0
DA:50,0
FN:61,System.String Wangkanai.ThrowIfWhitespaceExtensions::ThrowIfWhitespace(System.String,System.String,System.String)
FNDA:0,System.String Wangkanai.ThrowIfWhitespaceExtensions::ThrowIfWhitespace(System.String,System.String,System.String)
DA:62,0
DA:63,0
DA:64,0
BRDA:62,6,0,0
BRDA:62,6,1,0
LF:7
LH:0
BRF:2
BRH:0
FNF:3
FNH:0
end_of_record
SF:/home/runner/work/wangkanai/wangkanai/System/src/Checks/ThrowIfZeroExtensions.cs
FN:19,System.Int32 Wangkanai.ThrowIfZeroExtensions::ThrowIfZero(System.Int32)
FNDA:0,System.Int32 Wangkanai.ThrowIfZeroExtensions::ThrowIfZero(System.Int32)
DA:20,0
DA:41,0
DA:42,0
DA:43,0
BRDA:41,1,0,0
BRDA:41,1,1,0
FN:29,System.Int32 Wangkanai.ThrowIfZeroExtensions::ThrowIfZero(System.Int32,System.String)
FNDA:0,System.Int32 Wangkanai.ThrowIfZeroExtensions::ThrowIfZero(System.Int32,System.String)
DA:30,0
DA:55,0
DA:56,0
DA:57,0
BRDA:55,1,0,0
BRDA:55,1,1,0
LF:8
LH:0
BRF:4
BRH:0
FNF:2
FNH:0
end_of_record
SF:/home/runner/work/wangkanai/wangkanai/System/src/Constants.cs
[...]
DA:209,0
DA:210,0
DA:212,0
DA:213,0
BRDA:209,26,1,0
BRDA:209,26,0,0
FN:219,System.Void Wangkanai.Collections.RandomAccessQueue`1::Enqueue(T)
FNDA:0,System.Void Wangkanai.Collections.RandomAccessQueue`1::Enqueue(T)
DA:220,0
FN:227,System.Void Wangkanai.Collections.RandomAccessQueue`1::Enqueue(T,System.Int32)
FNDA:0,System.Void Wangkanai.Collections.RandomAccessQueue`1::Enqueue(T,System.Int32)
DA:228,0
DA:229,0
DA:230,0
DA:231,0
DA:232,0
DA:233,0
DA:235,0
DA:236,0
DA:238,0
DA:239,0
DA:240,0
DA:242,0
DA:243,0
BRDA:229,17,0,0
BRDA:229,17,1,0
BRDA:238,109,1,0
BRDA:238,109,0,0
FN:250,T Wangkanai.Collections.RandomAccessQueue`1::Dequeue()
FNDA:0,T Wangkanai.Collections.RandomAccessQueue`1::Dequeue()
DA:251,0
DA:252,0
DA:253,0
DA:255,0
DA:256,0
DA:258,0
DA:259,0
DA:260,0
DA:262,0
DA:263,0
DA:264,0
BRDA:252,12,0,0
BRDA:252,12,1,0
BRDA:259,80,0,0
BRDA:259,80,1,0
FN:271,System.Void Wangkanai.Collections.RandomAccessQueue`1::Resize(System.Int32,System.Int32)
FNDA:0,System.Void Wangkanai.Collections.RandomAccessQueue`1::Resize(System.Int32,System.Int32)
DA:272,0
DA:273,0
DA:274,0
DA:275,0
DA:278,0
DA:279,0
DA:280,0
DA:281,0
DA:282,0
DA:284,0
DA:285,0
DA:286,0
DA:287,0
DA:289,0
DA:290,0
DA:291,0
DA:293,0
DA:294,0
DA:295,0
DA:297,0
DA:298,0
DA:299,0
DA:300,0
DA:302,0
DA:303,0
DA:304,0
DA:305,0
DA:306,0
DA:307,0
DA:308,0
DA:310,0
DA:311,0
DA:312,0
BRDA:274,14,0,0
BRDA:278,47,0,0
BRDA:278,47,1,0
BRDA:274,14,1,0
BRDA:297,239,1,0
BRDA:299,156,0,0
BRDA:299,156,1,0
BRDA:305,213,0,0
BRDA:305,213,1,0
BRDA:297,239,0,0
FN:319,T Wangkanai.Collections.RandomAccessQueue`1::RemoveAt(System.Int32)
FNDA:0,T Wangkanai.Collections.RandomAccessQueue`1::RemoveAt(System.Int32)
DA:320,0
DA:321,0
DA:323,0
DA:324,0
DA:326,0
DA:328,0
DA:329,0
DA:330,0
DA:331,0
DA:332,0
DA:335,0
DA:336,0
DA:337,0
DA:338,0
DA:339,0
DA:340,0
DA:342,0
DA:343,0
DA:345,0
DA:346,0
DA:347,0
DA:348,0
DA:349,0
DA:351,0
DA:352,0
DA:353,0
DA:354,0
BRDA:323,21,0,0
BRDA:323,21,1,0
BRDA:328,56,0,0
BRDA:328,56,1,0
BRDA:335,121,0,0
BRDA:335,121,1,0
FN:356,System.Collections.IEnumerator Wangkanai.Collections.RandomAccessQueue`1::System.Collections.IEnumerable.GetEnumerator()
FNDA:0,System.Collections.IEnumerator Wangkanai.Collections.RandomAccessQueue`1::System.Collections.IEnumerable.GetEnumerator()
DA:357,0
FN:374,System.Int32 Wangkanai.Collections.RandomAccessQueue`1::BinarySearch(T)
FNDA:0,System.Int32 Wangkanai.Collections.RandomAccessQueue`1::BinarySearch(T)
DA:375,0
DA:376,0
DA:377,0
DA:378,0
DA:380,0
DA:382,0
DA:383,0
DA:385,0
DA:386,0
DA:388,0
DA:389,0
DA:390,0
DA:391,0
DA:392,0
BRDA:376,25,0,0
BRDA:377,33,0,0
BRDA:377,33,1,0
BRDA:377,65,0,0
BRDA:377,65,1,0
BRDA:376,25,1,0
BRDA:385,122,0,0
BRDA:385,122,1,0
BRDA:390,20,0,0
BRDA:390,20,1,0
FN:394,System.Int32 Wangkanai.Collections.RandomAccessQueue`1::BinarySearch(T,System.Comparison`1<T>)
FNDA:0,System.Int32 Wangkanai.Collections.RandomAccessQueue`1::BinarySearch(T,System.Comparison`1<T>)
DA:395,0
FN:397,System.Int32 Wangkanai.Collections.RandomAccessQueue`1::BinarySearch(T,System.Func`3<T,T,System.Int32>)
FNDA:0,System.Int32 Wangkanai.Collections.RandomAccessQueue`1::BinarySearch(T,System.Func`3<T,T,System.Int32>)
DA:398,0
FN:400,System.Int32 Wangkanai.Collections.RandomAccessQueue`1::BinarySearch(T,System.Collections.Generic.IComparer`1<T>)
FNDA:0,System.Int32 Wangkanai.Collections.RandomAccessQueue`1::BinarySearch(T,System.Collections.Generic.IComparer`1<T>)
DA:401,0
DA:402,0
DA:404,0
DA:405,0
DA:407,0
DA:408,0
BRDA:404,51,0,0
BRDA:404,51,1,0
FN:410,System.Int32 Wangkanai.Collections.RandomAccessQueue`1::BinarySearch(System.Func`2<System.Int32,System.Int32>)
FNDA:0,System.Int32 Wangkanai.Collections.RandomAccessQueue`1::BinarySearch(System.Func`2<System.Int32,System.Int32>)
DA:411,0
DA:412,0
DA:413,0
DA:415,0
DA:416,0
DA:417,0
DA:418,0
DA:420,0
DA:421,0
DA:422,0
DA:423,0
DA:424,0
DA:425,0
DA:426,0
DA:428,0
DA:429,0
BRDA:415,84,1,0
BRDA:420,37,0,0
BRDA:420,37,1,0
BRDA:422,52,0,0
BRDA:422,52,1,0
BRDA:424,66,0,0
BRDA:424,66,1,0
BRDA:415,84,0,0
FN:45,System.Void Wangkanai.Collections.RandomAccessQueue`1::.ctor()
FNDA:0,System.Void Wangkanai.Collections.RandomAccessQueue`1::.ctor()
DA:46,0
FN:40,System.Void Wangkanai.Collections.RandomAccessQueue`1::.ctor(System.Int32)
FNDA:0,System.Void Wangkanai.Collections.RandomAccessQueue`1::.ctor(System.Int32)
DA:41,0
DA:52,0
DA:53,0
FN:60,System.Void Wangkanai.Collections.RandomAccessQueue`1::.ctor(T[],System.Int32,System.Int32)
FNDA:0,System.Void Wangkanai.Collections.RandomAccessQueue`1::.ctor(T[],System.Int32,System.Int32)
DA:61,0
DA:62,0
DA:63,0
DA:64,0
DA:65,0
DA:66,0
FN:359,System.Boolean Wangkanai.Collections.RandomAccessQueue`1/<GetEnumerator>d__37::MoveNext()
FNDA:0,System.Boolean Wangkanai.Collections.RandomAccessQueue`1/<GetEnumerator>d__37::MoveNext()
DA:360,0
DA:361,0
DA:363,0
DA:364,0
DA:365,0
DA:367,0
DA:368,0
DA:369,0
DA:370,0
BRDA:363,173,1,0
BRDA:367,122,0,0
BRDA:367,122,1,0
BRDA:363,173,0,0
LF:218
LH:0
BRF:74
BRH:0
FNF:31
FNH:0
end_of_record
SF:/home/runner/work/wangkanai/wangkanai/System/src/Collections/Range.cs
FN:13,T Wangkanai.Collections.Range`1::get_Start()
FNDA:0,T Wangkanai.Collections.Range`1::get_Start()
DA:14,0
FN:18,T Wangkanai.Collections.Range`1::get_End()
FNDA:0,T Wangkanai.Collections.Range`1::get_End()
DA:19,0
FN:23,System.Collections.Generic.IComparer`1<T> Wangkanai.Collections.Range`1::get_Comparer()
FNDA:0,System.Collections.Generic.IComparer`1<T> Wangkanai.Collections.Range`1::get_Comparer()
DA:24,0
FN:28,System.Boolean Wangkanai.Collections.Range`1::get_IncludesStart()
FNDA:0,System.Boolean Wangkanai.Collections.Range`1::get_IncludesStart()
DA:29,0
FN:33,System.Boolean Wangkanai.Collections.Range`1::get_IncludesEnd()
FNDA:0,System.Boolean Wangkanai.Collections.Range`1::get_IncludesEnd()
DA:34,0
FN:61,Wangkanai.Collections.Range`1<T> Wangkanai.Collections.Range`1::ExcludeEnd()
FNDA:0,Wangkanai.Collections.Range`1<T> Wangkanai.Collections.Range`1::ExcludeEnd()
DA:62,0
DA:63,0
DA:64,0
BRDA:62,6,0,0
BRDA:62,6,1,0
FN:70,Wangkanai.Collections.Range`1<T> Wangkanai.Collections.Range`1::ExcludeStart()
FNDA:0,Wangkanai.Collections.Range`1<T> Wangkanai.Collections.Range`1::ExcludeStart()
DA:71,0
DA:72,0
DA:73,0
BRDA:71,6,0,0
BRDA:71,6,1,0
FN:79,Wangkanai.Collections.Range`1<T> Wangkanai.Collections.Range`1::IncludeEnd()
FNDA:0,Wangkanai.Collections.Range`1<T> Wangkanai.Collections.Range`1::IncludeEnd()
DA:80,0
DA:81,0
DA:82,0
BRDA:80,6,0,0
BRDA:80,6,1,0
FN:88,Wangkanai.Collections.Range`1<T> Wangkanai.Collections.Range`1::IncludeStart()
FNDA:0,Wangkanai.Collections.Range`1<T> Wangkanai.Collections.Range`1::IncludeStart()
DA:89,0
DA:90,0
DA:91,0
BRDA:89,6,0,0
BRDA:89,6,1,0
FN:96,System.Boolean Wangkanai.Collections.Range`1::Contains(T)
FNDA:0,System.Boolean Wangkanai.Collections.Range`1::Contains(T)
DA:97,0
DA:98,0
DA:99,0
DA:100,0
DA:102,0
DA:104,0
DA:105,0
DA:107,0
DA:108,0
BRDA:99,22,0,0
BRDA:99,25,0,0
BRDA:99,25,1,0
BRDA:99,22,1,0
BRDA:99,44,0,0
BRDA:99,44,1,0
BRDA:104,71,0,0
BRDA:104,74,0,0
BRDA:104,74,1,0
BRDA:104,71,1,0
BRDA:104,92,0,0
BRDA:104,92,1,0
FN:115,Wangkanai.Collections.RangeIterator`1<T> Wangkanai.Collections.Range`1::FromStart(System.Func`2<T,T>)
FNDA:0,Wangkanai.Collections.RangeIterator`1<T> Wangkanai.Collections.Range`1::FromStart(System.Func`2<T,T>)
DA:116,0
FN:123,Wangkanai.Collections.RangeIterator`1<T> Wangkanai.Collections.Range`1::FromEnd(System.Func`2<T,T>)
FNDA:0,Wangkanai.Collections.RangeIterator`1<T> Wangkanai.Collections.Range`1::FromEnd(System.Func`2<T,T>)
DA:124,0
FN:133,Wangkanai.Collections.RangeIterator`1<T> Wangkanai.Collections.Range`1::Step(System.Func`2<T,T>)
FNDA:0,Wangkanai.Collections.RangeIterator`1<T> Wangkanai.Collections.Range`1::Step(System.Func`2<T,T>)
DA:134,0
DA:135,0
DA:137,0
DA:139,0
DA:140,0
BRDA:139,42,0,0
BRDA:139,42,1,0
FN:39,System.Void Wangkanai.Collections.Range`1::.ctor(T,T)
FNDA:0,System.Void Wangkanai.Collections.Range`1::.ctor(T,T)
DA:40,0
FN:44,System.Void Wangkanai.Collections.Range`1::.ctor(T,T,System.Collections.Generic.IComparer`1<T>,System.Boolean,System.Boolean)
FNDA:0,System.Void Wangkanai.Collections.Range`1::.ctor(T,T,System.Collections.Generic.IComparer`1<T>,System.Boolean,System.Boolean)
DA:45,0
DA:46,0
DA:47,0
DA:48,0
DA:50,0
DA:51,0
DA:52,0
DA:53,0
DA:54,0
DA:55,0
BRDA:47,21,0,0
BRDA:47,21,1,0
LF:44
LH:0
BRF:24
BRH:0
FNF:15
FNH:0
end_of_record
SF:/home/runner/work/wangkanai/wangkanai/System/src/Collections/RangeIterator.cs
FN:14,Wangkanai.Collections.Range`1<T> Wangkanai.Collections.RangeIterator`1::get_Range()
FNDA:0,Wangkanai.Collections.Range`1<T> Wangkanai.Collections.RangeIterator`1::get_Range()
DA:15,0
FN:19,System.Func`2<T,T> Wangkanai.Collections.RangeIterator`1::get_Step()
FNDA:0,System.Func`2<T,T> Wangkanai.Collections.RangeIterator`1::get_Step()
DA:20,0
FN:24,System.Boolean Wangkanai.Collections.RangeIterator`1::get_Ascending()
FNDA:0,System.Boolean Wangkanai.Collections.RangeIterator`1::get_Ascending()
DA:25,0
FN:74,System.Collections.IEnumerator Wangkanai.Collections.RangeIterator`1::System.Collections.IEnumerable.GetEnumerator()
FNDA:0,System.Collections.IEnumerator Wangkanai.Collections.RangeIterator`1::System.Collections.IEnumerable.GetEnumerator()
DA:75,0
FN:29,System.Void Wangkanai.Collections.RangeIterator`1::.ctor(Wangkanai.Collections.Range`1<T>,System.Func`2<T,T>,System.Boolean)
FNDA:0,System.Void Wangkanai.Collections.RangeIterator`1::.ctor(Wangkanai.Collections.Range`1<T>,System.Func`2<T,T>,System.Boolean)
DA:30,0
DA:31,0
DA:32,0
DA:34,0
DA:35,0
DA:36,0
DA:38,0
DA:39,0
DA:40,0
DA:41,0
BRDA:34,16,0,0
BRDA:34,16,1,0
BRDA:34,48,0,0
BRDA:34,51,0,0
BRDA:34,51,1,0
BRDA:34,48,1,0
BRDA:34,96,0,0
BRDA:34,96,1,0
FN:46,System.Boolean Wangkanai.Collections.RangeIterator`1/<GetEnumerator>d__10::MoveNext()
FNDA:0,System.Boolean Wangkanai.Collections.RangeIterator`1/<GetEnumerator>d__10::MoveNext()
DA:47,0
DA:48,0
DA:49,0
DA:51,0
DA:52,0
DA:53,0
DA:55,0
DA:57,0
DA:58,0
DA:60,0
DA:62,0
DA:63,0
DA:64,0
DA:65,0
DA:66,0
DA:68,0
DA:69,0
DA:70,0
BRDA:48,70,0,0
BRDA:48,70,1,0
BRDA:49,123,0,0
BRDA:49,123,1,0
BRDA:51,176,0,0
BRDA:51,176,1,0
BRDA:52,229,0,0
BRDA:52,229,1,0
BRDA:53,282,0,0
BRDA:53,282,1,0
BRDA:57,348,0,0
BRDA:57,356,0,0
BRDA:57,356,1,0
BRDA:57,348,1,0
BRDA:57,392,0,0
BRDA:57,392,1,0
BRDA:62,538,1,0
BRDA:62,538,0,0
BRDA:68,546,0,0
BRDA:68,546,1,0
BRDA:68,581,0,0
BRDA:68,581,1,0
LF:32
LH:0
BRF:30
BRH:0
FNF:6
FNH:0
end_of_record
SF:/home/runner/work/wangkanai/wangkanai/System/src/Collections/ReverseComparer.cs
FN:13,System.Collections.Generic.IComparer`1<T> Wangkanai.Collections.ReverseComparer`1::get_Original()
FNDA:0,System.Collections.Generic.IComparer`1<T> Wangkanai.Collections.ReverseComparer`1::get_Original()
DA:14,0
FN:34,System.Int32 Wangkanai.Collections.ReverseComparer`1::Compare(T,T)
FNDA:0,System.Int32 Wangkanai.Collections.ReverseComparer`1::Compare(T,T)
DA:35,0
FN:19,System.Void Wangkanai.Collections.ReverseComparer`1::.ctor(System.Collections.Generic.IComparer`1<T>)
FNDA:0,System.Void Wangkanai.Collections.ReverseComparer`1::.ctor(System.Collections.Generic.IComparer`1<T>)
DA:20,0
LF:3
LH:0
BRF:0
BRH:0
FNF:3
FNH:0
end_of_record
SF:/home/runner/work/wangkanai/wangkanai/System/src/Collections/StringArrayComparer.cs
FN:23,System.Boolean Wangkanai.Collections.StringArrayComparer::Equals(System.String[],System.String[])
FNDA:0,System.Boolean Wangkanai.Collections.StringArrayComparer::Equals(System.String[],System.String[])
DA:24,0
DA:25,0
DA:26,0
DA:28,0
DA:29,0
DA:31,0
DA:32,0
DA:34,0
DA:35,0
DA:37,0
DA:38,0
DA:39,0
DA:40,0
DA:42,0
DA:43,0
DA:44,0
DA:46,0
DA:47,0
BRDA:25,7,0,0
BRDA:25,7,1,0
BRDA:28,17,0,0
BRDA:28,17,1,0
BRDA:28,28,0,0
BRDA:28,28,1,0
BRDA:31,38,0,0
BRDA:31,38,1,0
BRDA:31,49,0,0
BRDA:31,49,1,0
BRDA:34,70,0,0
BRDA:34,70,1,0
BRDA:37,163,1,0
BRDA:39,91,0,0
BRDA:39,91,1,0
BRDA:39,109,1,0
BRDA:42,139,0,0
BRDA:42,139,1,0
BRDA:39,109,0,0
BRDA:37,163,0,0
FN:54,System.Int32 Wangkanai.Collections.StringArrayComparer::GetHashCode(System.String[])
FNDA:0,System.Int32 Wangkanai.Collections.StringArrayComparer::GetHashCode(System.String[])
DA:55,0
DA:56,0
DA:57,0
DA:59,0
DA:60,0
DA:61,0
DA:63,0
DA:64,0
BRDA:56,7,0,0
BRDA:56,7,1,0
BRDA:60,65,1,0
BRDA:61,31,0,0
BRDA:61,31,1,0
BRDA:60,65,0,0
FN:17,System.Void Wangkanai.Collections.StringArrayComparer::.ctor(System.StringComparer)
FNDA:0,System.Void Wangkanai.Collections.StringArrayComparer::.ctor(System.StringComparer)
DA:18,0
DA:19,0
DA:20,0
DA:21,0
FN:9,System.Void Wangkanai.Collections.StringArrayComparer::.cctor()
FNDA:0,System.Void Wangkanai.Collections.StringArrayComparer::.cctor()
DA:10,0
DA:11,0
LF:32
LH:0
BRF:26
BRH:0
FNF:4
FNH:0
end_of_record
SF:/home/runner/.nuget/packages/microsoft.net.test.sdk/17.13.0/build/netcoreapp3.1/Microsoft.NET.Test.Sdk.Program.cs
FN:3,System.Void AutoGeneratedProgram::Main(System.String[])
FNDA:0,System.Void AutoGeneratedProgram::Main(System.String[])
DA:4,0
LF:1
LH:0
BRF:0
BRH:0
FNF:1
FNH:0
end_of_record
SF:/home/runner/work/wangkanai/wangkanai/Testing/src/DependencyInjection/AssertionBuilderExtensions.cs
FN:14,Wangkanai.Testing.Builders.IAssertionBuilder Microsoft.Extensions.DependencyInjection.AssertionBuilderExtensions::AddRequiredService(Wangkanai.Testing.Builders.IAssertionBuilder)
FNDA:0,Wangkanai.Testing.Builders.IAssertionBuilder Microsoft.Extensions.DependencyInjection.AssertionBuilderExtensions::AddRequiredService(Wangkanai.Testing.Builders.IAssertionBuilder)
DA:15,0
DA:16,0
DA:17,0
DA:18,0
DA:19,0
DA:20,0
DA:21,0
FN:23,Wangkanai.Testing.Builders.IAssertionBuilder Microsoft.Extensions.DependencyInjection.AssertionBuilderExtensions::AddLifetimeService(Wangkanai.Testing.Builders.IAssertionBuilder)
FNDA:0,Wangkanai.Testing.Builders.IAssertionBuilder Microsoft.Extensions.DependencyInjection.AssertionBuilderExtensions::AddLifetimeService(Wangkanai.Testing.Builders.IAssertionBuilder)
DA:24,0
DA:25,0
DA:26,0
DA:27,0
DA:28,0
DA:29,0
FN:31,Wangkanai.Testing.Builders.IAssertionBuilder Microsoft.Extensions.DependencyInjection.AssertionBuilderExtensions::AddMockService(Wangkanai.Testing.Builders.IAssertionBuilder)
FNDA:0,Wangkanai.Testing.Builders.IAssertionBuilder Microsoft.Extensions.DependencyInjection.AssertionBuilderExtensions::AddMockService(Wangkanai.Testing.Builders.IAssertionBuilder)
DA:32,0
DA:33,0
DA:34,0
DA:35,0
FN:38,Wangkanai.Testing.Builders.IAssertionBuilder Microsoft.Extensions.DependencyInjection.AssertionBuilderExtensions::AddMarkerService(Wangkanai.Testing.Builders.IAssertionBuilder)
FNDA:0,Wangkanai.Testing.Builders.IAssertionBuilder Microsoft.Extensions.DependencyInjection.AssertionBuilderExtensions::AddMarkerService(Wangkanai.Testing.Builders.IAssertionBuilder)
DA:39,0
DA:40,0
DA:41,0
DA:42,0
LF:21
LH:0
BRF:0
BRH:0
FNF:4
FNH:0
end_of_record
SF:/home/runner/work/wangkanai/wangkanai/Testing/src/DependencyInjection/AssertionCollectionExtensions.cs
FN:14,Wangkanai.Testing.Builders.IAssertionBuilder Microsoft.Extensions.DependencyInjection.AssertionCollectionExtensions::AddAssertion(Microsoft.Extensions.DependencyInjection.IServiceCollection)
FNDA:0,Wangkanai.Testing.Builders.IAssertionBuilder Microsoft.Extensions.DependencyInjection.AssertionCollectionExtensions::AddAssertion(Microsoft.Extensions.DependencyInjection.IServiceCollection)
DA:15,0
DA:16,0
DA:17,0
DA:18,0
DA:19,0
FN:28,Wangkanai.Testing.Builders.IAssertionBuilder Microsoft.Extensions.DependencyInjection.AssertionCollectionExtensions::AddAssertion(Microsoft.Extensions.DependencyInjection.IServiceCollection,System.Action`1<Wangkanai.Testing.AssertionOptions>)
FNDA:0,Wangkanai.Testing.Builders.IAssertionBuilder Microsoft.Extensions.DependencyInjection.AssertionCollectionExtensions::AddAssertion(Microsoft.Extensions.DependencyInjection.IServiceCollection,System.Action`1<Wangkanai.Testing.AssertionOptions>)
DA:29,0
DA:30,0
FN:33,Wangkanai.Testing.Builders.IAssertionBuilder Microsoft.Extensions.DependencyInjection.AssertionCollectionExtensions::AddAssertionBuilder(Microsoft.Extensions.DependencyInjection.IServiceCollection)
FNDA:0,Wangkanai.Testing.Builders.IAssertionBuilder Microsoft.Extensions.DependencyInjection.AssertionCollectionExtensions::AddAssertionBuilder(Microsoft.Extensions.DependencyInjection.IServiceCollection)
DA:34,0
LF:8
LH:0
BRF:0
BRH:0
FNF:3
FNH:0
end_of_record
SF:/home/runner/work/wangkanai/wangkanai/Testing/src/Extensions/AssertionHelperExtensions.cs
FN:9,System.Void Wangkanai.Testing.AssertionHelperExtensions::AssertServices(System.Collections.Generic.List`1<Microsoft.Extensions.DependencyInjection.ServiceDescriptor>,Microsoft.Extensions.DependencyInjection.IServiceCollection)
FNDA:3,System.Void Wangkanai.Testing.AssertionHelperExtensions::AssertServices(System.Collections.Generic.List`1<Microsoft.Extensions.DependencyInjection.ServiceDescriptor>,Microsoft.Extensions.DependencyInjection.IServiceCollection)
DA:10,3
DA:11,38
DA:12,16
DA:13,16
DA:14,16
DA:15,16
DA:16,16
DA:17,3
BRDA:11,112,1,16
BRDA:11,112,0,3
LF:8
LH:8
BRF:2
BRH:2
FNF:1
FNH:1
end_of_record
SF:/home/runner/work/wangkanai/wangkanai/Testing/src/Services/ScopedService.cs
FN:8,System.DateTime Wangkanai.Testing.ScopedService::get_Start()
FNDA:0,System.DateTime Wangkanai.Testing.ScopedService::get_Start()
DA:9,0
FN:9,System.DateTime Wangkanai.Testing.ScopedService::get_Stop()
FNDA:0,System.DateTime Wangkanai.Testing.ScopedService::get_Stop()
DA:10,0
FN:10,System.TimeSpan Wangkanai.Testing.ScopedService::get_Elapsed()
FNDA:0,System.TimeSpan Wangkanai.Testing.ScopedService::get_Elapsed()
DA:11,0
FN:11,Microsoft.Extensions.DependencyInjection.ServiceLifetime Wangkanai.Testing.ScopedService::get_Lifetime()
FNDA:0,Microsoft.Extensions.DependencyInjection.ServiceLifetime Wangkanai.Testing.ScopedService::get_Lifetime()
DA:12,0
LF:4
LH:0
BRF:0
BRH:0
FNF:4
FNH:0
end_of_record
SF:/home/runner/work/wangkanai/wangkanai/Testing/src/Services/SingletonService.cs
FN:8,System.DateTime Wangkanai.Testing.SingletonService::get_Start()
FNDA:0,System.DateTime Wangkanai.Testing.SingletonService::get_Start()
DA:9,0
FN:9,System.DateTime Wangkanai.Testing.SingletonService::get_Stop()
FNDA:0,System.DateTime Wangkanai.Testing.SingletonService::get_Stop()
DA:10,0
FN:10,System.TimeSpan Wangkanai.Testing.SingletonService::get_Elapsed()
FNDA:0,System.TimeSpan Wangkanai.Testing.SingletonService::get_Elapsed()
DA:11,0
FN:11,Microsoft.Extensions.DependencyInjection.ServiceLifetime Wangkanai.Testing.SingletonService::get_Lifetime()
FNDA:0,Microsoft.Extensions.DependencyInjection.ServiceLifetime Wangkanai.Testing.SingletonService::get_Lifetime()
DA:12,0
LF:4
LH:0
BRF:0
BRH:0
FNF:4
FNH:0
end_of_record
SF:/home/runner/work/wangkanai/wangkanai/Testing/src/Services/TransientService.cs
FN:8,System.DateTime Wangkanai.Testing.TransientService::get_Start()
FNDA:0,System.DateTime Wangkanai.Testing.TransientService::get_Start()
DA:9,0
FN:9,System.DateTime Wangkanai.Testing.TransientService::get_Stop()
FNDA:0,System.DateTime Wangkanai.Testing.TransientService::get_Stop()
DA:10,0
FN:10,System.TimeSpan Wangkanai.Testing.TransientService::get_Elapsed()
FNDA:0,System.TimeSpan Wangkanai.Testing.TransientService::get_Elapsed()
DA:11,0
FN:11,Microsoft.Extensions.DependencyInjection.ServiceLifetime Wangkanai.Testing.TransientService::get_Lifetime()
FNDA:0,Microsoft.Extensions.DependencyInjection.ServiceLifetime Wangkanai.Testing.TransientService::get_Lifetime()
DA:12,0
LF:4
LH:0
BRF:0
BRH:0
FNF:4
FNH:0
end_of_record
SF:/home/runner/work/wangkanai/wangkanai/Testing/src/Builders/AssertionBuilder.cs
FN:16,Microsoft.Extensions.DependencyInjection.IServiceCollection Wangkanai.Testing.Builders.AssertionBuilder::get_Services()
FNDA:0,Microsoft.Extensions.DependencyInjection.IServiceCollection Wangkanai.Testing.Builders.AssertionBuilder::get_Services()
DA:17,0
FN:11,System.Void Wangkanai.Testing.Builders.AssertionBuilder::.ctor(Microsoft.Extensions.DependencyInjection.IServiceCollection)
FNDA:0,System.Void Wangkanai.Testing.Builders.AssertionBuilder::.ctor(Microsoft.Extensions.DependencyInjection.IServiceCollection)
DA:12,0
DA:13,0
LF:3
LH:0
BRF:0
BRH:0
FNF:2
FNH:0
end_of_record