SF:/home/runner/work/wangkanai/wangkanai/Responsive/src/Options/ResponsiveOptions.cs
FN:14,Wangkanai.Detection.Models.Device Wangkanai.Responsive.ResponsiveOptions::get_DefaultMobile()
FNDA:57,Wangkanai.Detection.Models.Device Wangkanai.Responsive.ResponsiveOptions::get_DefaultMobile()
DA:15,57
FN:19,Wangkanai.Detection.Models.Device Wangkanai.Responsive.ResponsiveOptions::get_DefaultTablet()
FNDA:48,Wangkanai.Detection.Models.Device Wangkanai.Responsive.ResponsiveOptions::get_DefaultTablet()
DA:20,48
FN:24,Wangkanai.Detection.Models.Device Wangkanai.Responsive.ResponsiveOptions::get_DefaultDesktop()
FNDA:60,Wangkanai.Detection.Models.Device Wangkanai.Responsive.ResponsiveOptions::get_DefaultDesktop()
DA:25,60
FN:29,System.Boolean Wangkanai.Responsive.ResponsiveOptions::get_IncludeWebApi()
FNDA:70,System.Boolean Wangkanai.Responsive.ResponsiveOptions::get_IncludeWebApi()
DA:30,70
FN:34,System.String Wangkanai.Responsive.ResponsiveOptions::get_WebApiPath()
FNDA:26,System.String Wangkanai.Responsive.ResponsiveOptions::get_WebApiPath()
DA:35,26
FN:39,System.Boolean Wangkanai.Responsive.ResponsiveOptions::get_Disable()
FNDA:66,System.Boolean Wangkanai.Responsive.ResponsiveOptions::get_Disable()
DA:40,66
LF:6
LH:6
BRF:0
BRH:0
FNF:6
FNH:6
end_of_record
SF:/home/runner/work/wangkanai/wangkanai/Responsive/src/Services/ResponsiveService.cs
FN:32,Wangkanai.Detection.Models.Device Wangkanai.Responsive.Services.ResponsiveService::get_View()
FNDA:30,Wangkanai.Detection.Models.Device Wangkanai.Responsive.Services.ResponsiveService::get_View()
DA:33,30
FN:35,System.Void Wangkanai.Responsive.Services.ResponsiveService::PreferSet(Wangkanai.Detection.Models.Device)
FNDA:0,System.Void Wangkanai.Responsive.Services.ResponsiveService::PreferSet(Wangkanai.Detection.Models.Device)
DA:36,0
FN:38,System.Void Wangkanai.Responsive.Services.ResponsiveService::PreferClear()
FNDA:0,System.Void Wangkanai.Responsive.Services.ResponsiveService::PreferClear()
DA:39,0
FN:41,System.Boolean Wangkanai.Responsive.Services.ResponsiveService::HasPreferred()
FNDA:0,System.Boolean Wangkanai.Responsive.Services.ResponsiveService::HasPreferred()
DA:42,0
DA:43,0
BRDA:42,11,0,0
BRDA:42,11,1,0
FN:45,Wangkanai.Detection.Models.Device Wangkanai.Responsive.Services.ResponsiveService::PreferView(Microsoft.AspNetCore.Http.HttpContext,Wangkanai.Detection.Models.Device)
FNDA:30,Wangkanai.Detection.Models.Device Wangkanai.Responsive.Services.ResponsiveService::PreferView(Microsoft.AspNetCore.Http.HttpContext,Wangkanai.Detection.Models.Device)
DA:46,30
DA:47,30
DA:48,11
DA:50,19
DA:52,19
DA:53,19
DA:55,0
DA:57,0
DA:58,0
DA:60,0
DA:61,30
BRDA:47,12,0,11
BRDA:47,12,1,19
BRDA:52,45,0,19
BRDA:52,45,1,0
BRDA:57,72,0,0
BRDA:57,72,1,0
BRDA:57,88,0,0
BRDA:57,88,1,0
FN:63,Wangkanai.Detection.Models.Device Wangkanai.Responsive.Services.ResponsiveService::DefaultView(Wangkanai.Detection.Models.Device,Wangkanai.Responsive.ResponsiveOptions)
FNDA:30,Wangkanai.Detection.Models.Device Wangkanai.Responsive.Services.ResponsiveService::DefaultView(Wangkanai.Detection.Models.Device,Wangkanai.Responsive.ResponsiveOptions)
DA:64,30
DA:65,30
DA:66,30
DA:67,12
DA:68,3
DA:69,15
DA:70,0
DA:71,30
DA:72,30
BRDA:65,7,0,15
BRDA:65,13,0,12
BRDA:65,19,1,12
BRDA:65,13,1,3
BRDA:65,7,1,15
BRDA:65,19,0,0
FN:19,System.Void Wangkanai.Responsive.Services.ResponsiveService::.ctor(Microsoft.AspNetCore.Http.IHttpContextAccessor,Wangkanai.Detection.Services.IDeviceService,Wangkanai.Responsive.ResponsiveOptions)
FNDA:30,System.Void Wangkanai.Responsive.Services.ResponsiveService::.ctor(Microsoft.AspNetCore.Http.IHttpContextAccessor,Wangkanai.Detection.Services.IDeviceService,Wangkanai.Responsive.ResponsiveOptions)
DA:20,30
DA:21,30
DA:22,30
DA:23,30
DA:24,30
DA:26,30
DA:28,30
DA:29,30
DA:30,30
BRDA:26,35,0,2
BRDA:26,35,1,30
LF:34
LH:25
BRF:18
BRH:10
FNF:7
FNH:4
end_of_record
SF:/home/runner/work/wangkanai/wangkanai/Responsive/src/Hosting/PageLocationExpander.cs
FN:14,System.Collections.Generic.IEnumerable`1<System.String> Wangkanai.Responsive.Hosting.ResponsivePageLocationExpander::ExpandViewLocations(Microsoft.AspNetCore.Mvc.Razor.ViewLocationExpanderContext,System.Collections.Generic.IEnumerable`1<System.String>)
FNDA:0,System.Collections.Generic.IEnumerable`1<System.String> Wangkanai.Responsive.Hosting.ResponsivePageLocationExpander::ExpandViewLocations(Microsoft.AspNetCore.Mvc.Razor.ViewLocationExpanderContext,System.Collections.Generic.IEnumerable`1<System.String>)
DA:15,0
DA:16,0
DA:18,0
DA:19,0
DA:21,0
DA:22,0
DA:24,0
DA:26,0
DA:45,0
BRDA:18,57,0,0
BRDA:18,57,1,0
BRDA:21,80,0,0
BRDA:21,80,1,0
BRDA:21,95,0,0
BRDA:21,95,1,0
FN:47,System.Void Wangkanai.Responsive.Hosting.ResponsivePageLocationExpander::PopulateValues(Microsoft.AspNetCore.Mvc.Razor.ViewLocationExpanderContext)
FNDA:0,System.Void Wangkanai.Responsive.Hosting.ResponsivePageLocationExpander::PopulateValues(Microsoft.AspNetCore.Mvc.Razor.ViewLocationExpanderContext)
DA:48,0
DA:49,0
DA:50,0
FN:28,System.Boolean Wangkanai.Responsive.Hosting.ResponsivePageLocationExpander/<>c__DisplayClass1_0/<<ExpandViewLocations>g__ExpandPageHierarchy|0>d::MoveNext()
FNDA:0,System.Boolean Wangkanai.Responsive.Hosting.ResponsivePageLocationExpander/<>c__DisplayClass1_0/<<ExpandViewLocations>g__ExpandPageHierarchy|0>d::MoveNext()
DA:29,0
DA:30,0
DA:31,0
DA:33,0
DA:34,0
DA:35,0
DA:36,0
DA:42,0
DA:43,0
DA:44,0
BRDA:29,8,0,0
BRDA:29,8,1,0
BRDA:30,210,1,0
BRDA:33,124,0,0
BRDA:29,8,2,0
BRDA:33,124,1,0
BRDA:29,8,3,0
BRDA:30,210,0,0
LF:22
LH:0
BRF:14
BRH:0
FNF:3
FNH:0
end_of_record
SF:/home/runner/work/wangkanai/wangkanai/Responsive/src/Hosting/PageMatcherPolicy.cs
FN:17,System.Int32 Wangkanai.Responsive.Hosting.ResponsivePageMatcherPolicy::get_Order()
FNDA:0,System.Int32 Wangkanai.Responsive.Hosting.ResponsivePageMatcherPolicy::get_Order()
DA:18,0
FN:19,System.Collections.Generic.IComparer`1<Microsoft.AspNetCore.Http.Endpoint> Wangkanai.Responsive.Hosting.ResponsivePageMatcherPolicy::get_Comparer()
FNDA:0,System.Collections.Generic.IComparer`1<Microsoft.AspNetCore.Http.Endpoint> Wangkanai.Responsive.Hosting.ResponsivePageMatcherPolicy::get_Comparer()
DA:20,0
FN:22,System.Boolean Wangkanai.Responsive.Hosting.ResponsivePageMatcherPolicy::AppliesToEndpoints(System.Collections.Generic.IReadOnlyList`1<Microsoft.AspNetCore.Http.Endpoint>)
FNDA:0,System.Boolean Wangkanai.Responsive.Hosting.ResponsivePageMatcherPolicy::AppliesToEndpoints(System.Collections.Generic.IReadOnlyList`1<Microsoft.AspNetCore.Http.Endpoint>)
DA:23,0
DA:24,0
DA:26,0
DA:27,0
FN:29,System.Threading.Tasks.Task Wangkanai.Responsive.Hosting.ResponsivePageMatcherPolicy::ApplyAsync(Microsoft.AspNetCore.Http.HttpContext,Microsoft.AspNetCore.Routing.Matching.CandidateSet)
FNDA:0,System.Threading.Tasks.Task Wangkanai.Responsive.Hosting.ResponsivePageMatcherPolicy::ApplyAsync(Microsoft.AspNetCore.Http.HttpContext,Microsoft.AspNetCore.Routing.Matching.CandidateSet)
DA:30,0
DA:31,0
DA:32,0
DA:34,0
DA:36,0
DA:37,0
DA:38,0
DA:39,0
DA:40,0
DA:41,0
DA:43,0
DA:44,0
DA:45,0
DA:47,0
DA:48,0
BRDA:36,122,1,0
BRDA:40,60,1,0
BRDA:43,65,0,0
BRDA:43,65,1,0
BRDA:43,93,0,0
BRDA:43,93,1,0
BRDA:40,60,0,0
BRDA:36,122,0,0
FN:12,System.Void Wangkanai.Responsive.Hosting.ResponsivePageMatcherPolicy::.ctor()
FNDA:0,System.Void Wangkanai.Responsive.Hosting.ResponsivePageMatcherPolicy::.ctor()
DA:13,0
DA:14,0
DA:15,0
DA:16,0
LF:25
LH:0
BRF:8
BRH:0
FNF:5
FNH:0
end_of_record
SF:/home/runner/work/wangkanai/wangkanai/Responsive/src/Hosting/PageRouteModelConvention.cs
FN:12,System.Void Wangkanai.Responsive.Hosting.ResponsivePageRouteModelConvention::Apply(Microsoft.AspNetCore.Mvc.ApplicationModels.PageRouteModel)
FNDA:10,System.Void Wangkanai.Responsive.Hosting.ResponsivePageRouteModelConvention::Apply(Microsoft.AspNetCore.Mvc.ApplicationModels.PageRouteModel)
DA:13,10
DA:16,10
DA:18,10
DA:19,2
DA:22,8
DA:23,8
DA:24,0
DA:26,8
DA:27,8
DA:28,8
DA:30,8
DA:31,0
DA:35,8
DA:38,8
DA:46,8
DA:51,8
DA:52,8
DA:54,8
DA:55,4
DA:60,4
DA:61,4
DA:62,4
DA:65,4
DA:68,4
DA:69,4
DA:71,8
DA:73,8
DA:76,8
DA:77,10
BRDA:18,37,1,8
BRDA:23,67,0,0
BRDA:23,67,1,8
BRDA:30,129,0,0
BRDA:30,129,1,8
BRDA:38,177,0,4
BRDA:38,177,1,4
BRDA:54,287,0,4
BRDA:54,287,1,8
BRDA:18,37,0,10
LF:29
LH:27
BRF:10
BRH:8
FNF:1
FNH:1
end_of_record
SF:/home/runner/work/wangkanai/wangkanai/Responsive/src/Hosting/PreferenceController.cs
FN:22,Microsoft.AspNetCore.Mvc.IActionResult Wangkanai.Responsive.Hosting.PreferenceController::Index()
FNDA:0,Microsoft.AspNetCore.Mvc.IActionResult Wangkanai.Responsive.Hosting.PreferenceController::Index()
DA:23,0
DA:24,0
DA:25,0
FN:28,Microsoft.AspNetCore.Mvc.IActionResult Wangkanai.Responsive.Hosting.PreferenceController::Prefer(System.String)
FNDA:0,Microsoft.AspNetCore.Mvc.IActionResult Wangkanai.Responsive.Hosting.PreferenceController::Prefer(System.String)
DA:29,0
DA:30,0
DA:32,0
DA:33,0
BRDA:32,17,0,0
BRDA:32,17,1,0
FN:36,Microsoft.AspNetCore.Mvc.IActionResult Wangkanai.Responsive.Hosting.PreferenceController::Clear(System.String)
FNDA:0,Microsoft.AspNetCore.Mvc.IActionResult Wangkanai.Responsive.Hosting.PreferenceController::Clear(System.String)
DA:37,0
DA:38,0
DA:40,0
DA:41,0
BRDA:40,16,0,0
BRDA:40,16,1,0
FN:15,System.Void Wangkanai.Responsive.Hosting.PreferenceController::.ctor(Wangkanai.Responsive.Services.IResponsiveService)
FNDA:0,System.Void Wangkanai.Responsive.Hosting.PreferenceController::.ctor(Wangkanai.Responsive.Services.IResponsiveService)
DA:16,0
DA:17,0
DA:18,0
DA:19,0
LF:15
LH:0
BRF:4
BRH:0
FNF:4
FNH:0
end_of_record
SF:/home/runner/work/wangkanai/wangkanai/Responsive/src/Hosting/ResponsiveAttribute.cs
FN:13,Wangkanai.Detection.Models.Device Wangkanai.Responsive.Hosting.ResponsiveAttribute::get_Device()
FNDA:0,Wangkanai.Detection.Models.Device Wangkanai.Responsive.Hosting.ResponsiveAttribute::get_Device()
DA:14,0
FN:8,System.Void Wangkanai.Responsive.Hosting.ResponsiveAttribute::.ctor(Wangkanai.Detection.Models.Device)
FNDA:12,System.Void Wangkanai.Responsive.Hosting.ResponsiveAttribute::.ctor(Wangkanai.Detection.Models.Device)
DA:9,12
DA:10,12
DA:11,12
DA:12,12
LF:5
LH:4
BRF:0
BRH:0
FNF:2
FNH:1
end_of_record
SF:/home/runner/work/wangkanai/wangkanai/Responsive/src/Hosting/ResponsiveMiddleware.cs
FN:13,System.Void Wangkanai.Responsive.Hosting.ResponsiveMiddleware::.ctor(Microsoft.AspNetCore.Http.RequestDelegate)
FNDA:28,System.Void Wangkanai.Responsive.Hosting.ResponsiveMiddleware::.ctor(Microsoft.AspNetCore.Http.RequestDelegate)
DA:14,28
DA:15,28
DA:16,28
DA:17,27
FN:19,System.Void Wangkanai.Responsive.Hosting.ResponsiveMiddleware/<InvokeAsync>d__2::MoveNext()
FNDA:21,System.Void Wangkanai.Responsive.Hosting.ResponsiveMiddleware/<InvokeAsync>d__2::MoveNext()
DA:20,21
DA:21,21
DA:23,20
DA:25,19
DA:26,19
LF:9
LH:9
BRF:0
BRH:0
FNF:2
FNH:2
end_of_record
SF:/home/runner/work/wangkanai/wangkanai/Responsive/src/Hosting/ViewLocationExpander.cs
FN:36,System.Void Wangkanai.Responsive.Hosting.ResponsiveViewLocationExpander::PopulateValues(Microsoft.AspNetCore.Mvc.Razor.ViewLocationExpanderContext)
FNDA:4,System.Void Wangkanai.Responsive.Hosting.ResponsiveViewLocationExpander::PopulateValues(Microsoft.AspNetCore.Mvc.Razor.ViewLocationExpanderContext)
DA:37,4
DA:38,4
DA:40,3
DA:41,3
FN:43,System.Collections.Generic.IEnumerable`1<System.String> Wangkanai.Responsive.Hosting.ResponsiveViewLocationExpander::ExpandViewLocations(Microsoft.AspNetCore.Mvc.Razor.ViewLocationExpanderContext,System.Collections.Generic.IEnumerable`1<System.String>)
FNDA:5,System.Collections.Generic.IEnumerable`1<System.String> Wangkanai.Responsive.Hosting.ResponsiveViewLocationExpander::ExpandViewLocations(Microsoft.AspNetCore.Mvc.Razor.ViewLocationExpanderContext,System.Collections.Generic.IEnumerable`1<System.String>)
DA:44,5
DA:45,5
DA:46,4
DA:48,3
DA:50,3
DA:51,3
DA:52,3
DA:53,3
BRDA:50,40,0,2
BRDA:50,40,1,1
FN:27,System.Void Wangkanai.Responsive.Hosting.ResponsiveViewLocationExpander::.ctor(Wangkanai.Responsive.Hosting.ResponsiveViewLocationFormat)
FNDA:9,System.Void Wangkanai.Responsive.Hosting.ResponsiveViewLocationExpander::.ctor(Wangkanai.Responsive.Hosting.ResponsiveViewLocationFormat)
DA:28,9
DA:29,9
DA:30,9
DA:31,1
DA:33,8
DA:34,8
BRDA:30,34,0,1
BRDA:30,34,1,8
FN:55,System.Boolean Wangkanai.Responsive.Hosting.ResponsiveViewLocationExpander/<ExpandViewLocationsCore>d__5::MoveNext()
FNDA:2,System.Boolean Wangkanai.Responsive.Hosting.ResponsiveViewLocationExpander/<ExpandViewLocationsCore>d__5::MoveNext()
DA:56,2
DA:57,14
DA:58,4
DA:59,4
DA:60,4
DA:61,4
DA:63,4
DA:64,4
DA:65,2
BRDA:57,258,1,4
BRDA:59,116,0,2
BRDA:59,116,1,2
BRDA:57,258,0,2
LF:27
LH:27
BRF:8
BRH:8
FNF:4
FNH:4
end_of_record
SF:/home/runner/work/wangkanai/wangkanai/Responsive/src/Extensions/HttpContextExtensions.cs
FN:14,Wangkanai.Detection.Models.Device Wangkanai.Responsive.Extensions.HttpContextExtensions::GetDevice(Microsoft.AspNetCore.Http.HttpContext)
FNDA:27,Wangkanai.Detection.Models.Device Wangkanai.Responsive.Extensions.HttpContextExtensions::GetDevice(Microsoft.AspNetCore.Http.HttpContext)
DA:15,27
DA:16,27
DA:17,26
DA:19,26
DA:20,26
DA:21,26
DA:22,26
BRDA:19,38,0,2
BRDA:19,38,1,24
BRDA:19,45,0,0
BRDA:19,45,1,24
FN:24,System.Void Wangkanai.Responsive.Extensions.HttpContextExtensions::SetDevice(Microsoft.AspNetCore.Http.HttpContext,Wangkanai.Detection.Models.Device)
FNDA:25,System.Void Wangkanai.Responsive.Extensions.HttpContextExtensions::SetDevice(Microsoft.AspNetCore.Http.HttpContext,Wangkanai.Detection.Models.Device)
DA:25,25
FN:27,Microsoft.AspNetCore.Http.ISession Wangkanai.Responsive.Extensions.HttpContextExtensions::SafeSession(Microsoft.AspNetCore.Http.HttpContext)
FNDA:30,Microsoft.AspNetCore.Http.ISession Wangkanai.Responsive.Extensions.HttpContextExtensions::SafeSession(Microsoft.AspNetCore.Http.HttpContext)
DA:28,30
DA:29,30
DA:30,30
BRDA:28,11,0,19
BRDA:28,11,1,11
FN:32,System.Boolean Wangkanai.Responsive.Extensions.HttpContextExtensions::IsWebApi(Microsoft.AspNetCore.Http.HttpContext,Wangkanai.Responsive.ResponsiveOptions)
FNDA:0,System.Boolean Wangkanai.Responsive.Extensions.HttpContextExtensions::IsWebApi(Microsoft.AspNetCore.Http.HttpContext,Wangkanai.Responsive.ResponsiveOptions)
DA:33,0
LF:12
LH:11
BRF:6
BRH:5
FNF:4
FNH:3
end_of_record
SF:/home/runner/work/wangkanai/wangkanai/Responsive/src/TagHelpers/PreferenceTagHelper.cs
FN:27,Microsoft.AspNetCore.Mvc.ViewFeatures.IHtmlGenerator Microsoft.AspNetCore.Mvc.TagHelpers.PreferenceTagHelper::get_Generator()
FNDA:0,Microsoft.AspNetCore.Mvc.ViewFeatures.IHtmlGenerator Microsoft.AspNetCore.Mvc.TagHelpers.PreferenceTagHelper::get_Generator()
DA:28,0
FN:30,System.String Microsoft.AspNetCore.Mvc.TagHelpers.PreferenceTagHelper::get_Only()
FNDA:0,System.String Microsoft.AspNetCore.Mvc.TagHelpers.PreferenceTagHelper::get_Only()
DA:31,0
FN:32,System.Boolean Microsoft.AspNetCore.Mvc.TagHelpers.PreferenceTagHelper::get_DisplayOnlyDevice()
FNDA:0,System.Boolean Microsoft.AspNetCore.Mvc.TagHelpers.PreferenceTagHelper::get_DisplayOnlyDevice()
DA:33,0
FN:34,Wangkanai.Detection.Models.Device Microsoft.AspNetCore.Mvc.TagHelpers.PreferenceTagHelper::get_OnlyDevice()
FNDA:0,Wangkanai.Detection.Models.Device Microsoft.AspNetCore.Mvc.TagHelpers.PreferenceTagHelper::get_OnlyDevice()
DA:35,0
BRDA:35,7,0,0
BRDA:35,7,1,0
FN:37,System.Void Microsoft.AspNetCore.Mvc.TagHelpers.PreferenceTagHelper::Process(Microsoft.AspNetCore.Razor.TagHelpers.TagHelperContext,Microsoft.AspNetCore.Razor.TagHelpers.TagHelperOutput)
FNDA:0,System.Void Microsoft.AspNetCore.Mvc.TagHelpers.PreferenceTagHelper::Process(Microsoft.AspNetCore.Razor.TagHelpers.TagHelperContext,Microsoft.AspNetCore.Razor.TagHelpers.TagHelperOutput)
DA:38,0
DA:39,0
DA:40,0
DA:41,0
DA:42,0
DA:44,0
DA:46,0
DA:47,0
DA:49,0
DA:50,0
DA:52,0
DA:53,0
DA:55,0
DA:56,0
BRDA:39,7,0,0
BRDA:39,7,1,0
BRDA:41,26,0,0
BRDA:41,26,1,0
BRDA:46,60,1,0
BRDA:49,77,1,0
BRDA:52,91,1,0
BRDA:46,60,0,0
BRDA:49,77,0,0
BRDA:52,91,0,0
FN:20,System.Void Microsoft.AspNetCore.Mvc.TagHelpers.PreferenceTagHelper::.ctor(Microsoft.AspNetCore.Mvc.ViewFeatures.IHtmlGenerator,Wangkanai.Responsive.Services.IResponsiveService,Wangkanai.Detection.Services.IDeviceService)
FNDA:0,System.Void Microsoft.AspNetCore.Mvc.TagHelpers.PreferenceTagHelper::.ctor(Microsoft.AspNetCore.Mvc.ViewFeatures.IHtmlGenerator,Wangkanai.Responsive.Services.IResponsiveService,Wangkanai.Detection.Services.IDeviceService)
DA:21,0
DA:22,0
DA:23,0
DA:24,0
DA:25,0
DA:26,0
BRDA:23,11,0,0
BRDA:23,11,1,0
BRDA:24,33,0,0
BRDA:24,33,1,0
BRDA:25,55,0,0
BRDA:25,55,1,0
LF:24
LH:0
BRF:18
BRH:0
FNF:6
FNH:0
end_of_record
SF:/home/runner/work/wangkanai/wangkanai/Responsive/src/DependencyInjection/Builders/Core.cs
FN:16,Microsoft.Extensions.DependencyInjection.IResponsiveBuilder Microsoft.Extensions.DependencyInjection.ResponsiveCoreBuilderExtensions::AddRequiredServices(Microsoft.Extensions.DependencyInjection.IResponsiveBuilder)
FNDA:23,Microsoft.Extensions.DependencyInjection.IResponsiveBuilder Microsoft.Extensions.DependencyInjection.ResponsiveCoreBuilderExtensions::AddRequiredServices(Microsoft.Extensions.DependencyInjection.IResponsiveBuilder)
DA:17,23
DA:18,23
DA:20,23
DA:21,23
DA:22,44
DA:24,23
DA:26,23
DA:27,23
FN:29,Microsoft.Extensions.DependencyInjection.IResponsiveBuilder Microsoft.Extensions.DependencyInjection.ResponsiveCoreBuilderExtensions::AddCoreServices(Microsoft.Extensions.DependencyInjection.IResponsiveBuilder)
FNDA:23,Microsoft.Extensions.DependencyInjection.IResponsiveBuilder Microsoft.Extensions.DependencyInjection.ResponsiveCoreBuilderExtensions::AddCoreServices(Microsoft.Extensions.DependencyInjection.IResponsiveBuilder)
DA:30,23
DA:31,23
DA:33,23
DA:34,23
FN:36,Microsoft.Extensions.DependencyInjection.IResponsiveBuilder Microsoft.Extensions.DependencyInjection.ResponsiveCoreBuilderExtensions::AddResponsiveService(Microsoft.Extensions.DependencyInjection.IResponsiveBuilder)
FNDA:22,Microsoft.Extensions.DependencyInjection.IResponsiveBuilder Microsoft.Extensions.DependencyInjection.ResponsiveCoreBuilderExtensions::AddResponsiveService(Microsoft.Extensions.DependencyInjection.IResponsiveBuilder)
DA:37,22
DA:38,22
DA:40,22
DA:41,22
DA:42,22
DA:43,22
DA:45,22
DA:46,22
FN:48,Microsoft.Extensions.DependencyInjection.IResponsiveBuilder Microsoft.Extensions.DependencyInjection.ResponsiveCoreBuilderExtensions::AddSessionServices(Microsoft.Extensions.DependencyInjection.IResponsiveBuilder)
FNDA:44,Microsoft.Extensions.DependencyInjection.IResponsiveBuilder Microsoft.Extensions.DependencyInjection.ResponsiveCoreBuilderExtensions::AddSessionServices(Microsoft.Extensions.DependencyInjection.IResponsiveBuilder)
DA:49,44
DA:50,44
DA:52,44
DA:53,44
DA:54,40
DA:55,40
DA:56,40
DA:57,40
DA:58,84
DA:60,44
DA:61,44
FN:63,Microsoft.Extensions.DependencyInjection.IResponsiveBuilder Microsoft.Extensions.DependencyInjection.ResponsiveCoreBuilderExtensions::AddMarkerService(Microsoft.Extensions.DependencyInjection.IResponsiveBuilder)
FNDA:23,Microsoft.Extensions.DependencyInjection.IResponsiveBuilder Microsoft.Extensions.DependencyInjection.ResponsiveCoreBuilderExtensions::AddMarkerService(Microsoft.Extensions.DependencyInjection.IResponsiveBuilder)
DA:64,23
DA:65,23
DA:67,23
DA:68,23
FN:70,Microsoft.Extensions.DependencyInjection.IServiceCollection Microsoft.Extensions.DependencyInjection.ResponsiveCoreBuilderExtensions::AddRazorViewLocation(Microsoft.Extensions.DependencyInjection.IServiceCollection)
FNDA:22,Microsoft.Extensions.DependencyInjection.IServiceCollection Microsoft.Extensions.DependencyInjection.ResponsiveCoreBuilderExtensions::AddRazorViewLocation(Microsoft.Extensions.DependencyInjection.IServiceCollection)
DA:71,22
DA:72,22
DA:73,0
DA:74,22
DA:75,0
DA:76,22
DA:77,22
FN:79,Microsoft.Extensions.DependencyInjection.IServiceCollection Microsoft.Extensions.DependencyInjection.ResponsiveCoreBuilderExtensions::AddRazorPagesConventions(Microsoft.Extensions.DependencyInjection.IServiceCollection)
FNDA:22,Microsoft.Extensions.DependencyInjection.IServiceCollection Microsoft.Extensions.DependencyInjection.ResponsiveCoreBuilderExtensions::AddRazorPagesConventions(Microsoft.Extensions.DependencyInjection.IServiceCollection)
DA:80,22
DA:81,22
DA:83,22
DA:85,22
DA:86,22
LF:47
LH:45
BRF:0
BRH:0
FNF:7
FNH:7
end_of_record
SF:/home/runner/work/wangkanai/wangkanai/Responsive/src/DependencyInjection/ResponsiveApplicationExtensions.cs
FN:13,Microsoft.AspNetCore.Builder.IApplicationBuilder Microsoft.Extensions.DependencyInjection.ResponsiveApplicationExtensions::UseResponsive(Microsoft.AspNetCore.Builder.IApplicationBuilder)
FNDA:27,Microsoft.AspNetCore.Builder.IApplicationBuilder Microsoft.Extensions.DependencyInjection.ResponsiveApplicationExtensions::UseResponsive(Microsoft.AspNetCore.Builder.IApplicationBuilder)
DA:14,27
DA:15,27
DA:17,27
DA:18,27
DA:20,27
DA:22,26
DA:23,1
DA:28,25
DA:29,25
DA:31,25
DA:32,26
BRDA:18,32,0,0
BRDA:18,32,1,27
BRDA:22,59,0,1
BRDA:22,59,1,25
FN:34,System.Boolean Microsoft.Extensions.DependencyInjection.ResponsiveApplicationExtensions::IsWebApi(Microsoft.AspNetCore.Http.HttpContext,Wangkanai.Responsive.ResponsiveOptions)
FNDA:0,System.Boolean Microsoft.Extensions.DependencyInjection.ResponsiveApplicationExtensions::IsWebApi(Microsoft.AspNetCore.Http.HttpContext,Wangkanai.Responsive.ResponsiveOptions)
DA:35,0
FN:37,System.Void Microsoft.Extensions.DependencyInjection.ResponsiveApplicationExtensions::ValidateOptions(Wangkanai.Responsive.ResponsiveOptions)
FNDA:27,System.Void Microsoft.Extensions.DependencyInjection.ResponsiveApplicationExtensions::ValidateOptions(Wangkanai.Responsive.ResponsiveOptions)
DA:38,27
DA:39,27
DA:40,0
DA:44,27
DA:45,1
DA:46,26
BRDA:39,7,0,0
BRDA:39,7,1,27
BRDA:44,26,0,11
BRDA:44,26,1,16
BRDA:44,39,0,1
BRDA:44,39,1,26
LF:18
LH:16
BRF:10
BRH:8
FNF:3
FNH:2
end_of_record
SF:/home/runner/work/wangkanai/wangkanai/Responsive/src/DependencyInjection/ResponsiveBuilder.cs
FN:14,Microsoft.Extensions.DependencyInjection.IServiceCollection Microsoft.Extensions.DependencyInjection.ResponsiveBuilder::get_Services()
FNDA:276,Microsoft.Extensions.DependencyInjection.IServiceCollection Microsoft.Extensions.DependencyInjection.ResponsiveBuilder::get_Services()
DA:15,276
FN:9,System.Void Microsoft.Extensions.DependencyInjection.ResponsiveBuilder::.ctor(Microsoft.Extensions.DependencyInjection.IServiceCollection)
FNDA:27,System.Void Microsoft.Extensions.DependencyInjection.ResponsiveBuilder::.ctor(Microsoft.Extensions.DependencyInjection.IServiceCollection)
DA:10,27
DA:11,27
LF:3
LH:3
BRF:0
BRH:0
FNF:2
FNH:2
end_of_record
SF:/home/runner/work/wangkanai/wangkanai/Responsive/src/DependencyInjection/ResponsiveCollectionExtensions.cs
FN:13,Microsoft.Extensions.DependencyInjection.IResponsiveBuilder Microsoft.Extensions.DependencyInjection.ResponsiveCollectionExtensions::AddResponsive(Microsoft.Extensions.DependencyInjection.IServiceCollection)
FNDA:23,Microsoft.Extensions.DependencyInjection.IResponsiveBuilder Microsoft.Extensions.DependencyInjection.ResponsiveCollectionExtensions::AddResponsive(Microsoft.Extensions.DependencyInjection.IServiceCollection)
DA:14,23
DA:15,23
DA:16,23
DA:17,23
DA:18,23
DA:19,23
FN:25,Microsoft.Extensions.DependencyInjection.IResponsiveBuilder Microsoft.Extensions.DependencyInjection.ResponsiveCollectionExtensions::AddResponsive(Microsoft.Extensions.DependencyInjection.IServiceCollection,System.Action`1<Wangkanai.Responsive.ResponsiveOptions>)
FNDA:22,Microsoft.Extensions.DependencyInjection.IResponsiveBuilder Microsoft.Extensions.DependencyInjection.ResponsiveCollectionExtensions::AddResponsive(Microsoft.Extensions.DependencyInjection.IServiceCollection,System.Action`1<Wangkanai.Responsive.ResponsiveOptions>)
DA:26,22
DA:27,22
FN:30,Microsoft.Extensions.DependencyInjection.IResponsiveBuilder Microsoft.Extensions.DependencyInjection.ResponsiveCollectionExtensions::AddResponsiveBuilder(Microsoft.Extensions.DependencyInjection.IServiceCollection)
FNDA:27,Microsoft.Extensions.DependencyInjection.IResponsiveBuilder Microsoft.Extensions.DependencyInjection.ResponsiveCollectionExtensions::AddResponsiveBuilder(Microsoft.Extensions.DependencyInjection.IServiceCollection)
DA:31,27
LF:9
LH:9
BRF:0
BRH:0
FNF:3
FNH:3
end_of_record
SF:/home/runner/work/wangkanai/wangkanai/Hosting/src/DependencyInjection/ApplicationBuilderExtensions.cs
FN:15,System.Void Microsoft.Extensions.DependencyInjection.ApplicationBuilderExtensions::ValidateOption(Microsoft.AspNetCore.Builder.IApplicationBuilder,T)
FNDA:0,System.Void Microsoft.Extensions.DependencyInjection.ApplicationBuilderExtensions::ValidateOption(Microsoft.AspNetCore.Builder.IApplicationBuilder,T)
DA:16,0
DA:17,0
DA:18,0
FN:20,System.Void Microsoft.Extensions.DependencyInjection.ApplicationBuilderExtensions::VerifyMarkerIsRegistered(Microsoft.AspNetCore.Builder.IApplicationBuilder)
FNDA:0,System.Void Microsoft.Extensions.DependencyInjection.ApplicationBuilderExtensions::VerifyMarkerIsRegistered(Microsoft.AspNetCore.Builder.IApplicationBuilder)
DA:21,0
DA:25,27
FN:29,System.Void Microsoft.Extensions.DependencyInjection.ApplicationBuilderExtensions::VerifyServiceIsRegistered(Microsoft.AspNetCore.Builder.IApplicationBuilder)
FNDA:27,System.Void Microsoft.Extensions.DependencyInjection.ApplicationBuilderExtensions::VerifyServiceIsRegistered(Microsoft.AspNetCore.Builder.IApplicationBuilder)
DA:30,27
DA:31,27
DA:32,27
DA:33,0
DA:34,27
BRDA:32,30,0,0
BRDA:32,30,1,27
FN:38,System.Void Microsoft.Extensions.DependencyInjection.ApplicationBuilderExtensions::VerifyEndpointRoutingMiddlewareIsNotRegistered(Microsoft.AspNetCore.Builder.IApplicationBuilder,System.Func`2<Microsoft.AspNetCore.Builder.IApplicationBuilder,Microsoft.AspNetCore.Builder.IApplicationBuilder>)
FNDA:27,System.Void Microsoft.Extensions.DependencyInjection.ApplicationBuilderExtensions::VerifyEndpointRoutingMiddlewareIsNotRegistered(Microsoft.AspNetCore.Builder.IApplicationBuilder,System.Func`2<Microsoft.AspNetCore.Builder.IApplicationBuilder,Microsoft.AspNetCore.Builder.IApplicationBuilder>)
DA:39,27
DA:41,27
DA:42,0
DA:43,27
BRDA:41,25,0,0
BRDA:41,25,1,27
LF:14
LH:8
BRF:4
BRH:2
FNF:4
FNH:3
end_of_record
SF:/home/runner/work/wangkanai/wangkanai/Hosting/src/Extensions/StringExtensions.cs
FN:14,System.String Wangkanai.Hosting.StringExtensions::CleanUrlPath(System.String)
FNDA:0,System.String Wangkanai.Hosting.StringExtensions::CleanUrlPath(System.String)
DA:15,0
DA:16,0
DA:17,0
DA:18,0
DA:20,0
BRDA:15,6,0,0
BRDA:15,6,1,0
BRDA:17,26,0,0
BRDA:17,36,0,0
BRDA:17,26,1,0
BRDA:17,36,1,0
LF:5
LH:0
BRF:6
BRH:0
FNF:1
FNH:0
end_of_record
SF:/home/runner/work/wangkanai/wangkanai/Hosting/src/DependencyInjection/CoreBuilderExtensions.cs
FN:11,System.Void Wangkanai.Hosting.DependencyInjection.CoreBuilderExtensions::AddMarkerService(Microsoft.Extensions.DependencyInjection.IServiceCollection)
FNDA:44,System.Void Wangkanai.Hosting.DependencyInjection.CoreBuilderExtensions::AddMarkerService(Microsoft.Extensions.DependencyInjection.IServiceCollection)
DA:12,44
LF:1
LH:1
BRF:0
BRH:0
FNF:1
FNH:1
end_of_record
SF:/home/runner/work/wangkanai/wangkanai/Detection/src/TagHelpers/BrowserTagHelper.cs
FN:28,System.String Microsoft.AspNetCore.Mvc.TagHelpers.BrowserTagHelper::get_Include()
FNDA:0,System.String Microsoft.AspNetCore.Mvc.TagHelpers.BrowserTagHelper::get_Include()
DA:29,0
FN:31,System.String Microsoft.AspNetCore.Mvc.TagHelpers.BrowserTagHelper::get_Exclude()
FNDA:0,System.String Microsoft.AspNetCore.Mvc.TagHelpers.BrowserTagHelper::get_Exclude()
DA:32,0
FN:34,System.Void Microsoft.AspNetCore.Mvc.TagHelpers.BrowserTagHelper::Process(Microsoft.AspNetCore.Razor.TagHelpers.TagHelperContext,Microsoft.AspNetCore.Razor.TagHelpers.TagHelperOutput)
FNDA:0,System.Void Microsoft.AspNetCore.Mvc.TagHelpers.BrowserTagHelper::Process(Microsoft.AspNetCore.Razor.TagHelpers.TagHelperContext,Microsoft.AspNetCore.Razor.TagHelpers.TagHelperOutput)
DA:35,0
DA:36,0
DA:37,0
DA:39,0
DA:40,0
DA:42,0
DA:43,0
DA:45,0
DA:47,0
DA:48,0
DA:49,0
DA:50,0
DA:51,0
DA:52,0
DA:53,0
DA:54,0
DA:56,0
DA:57,0
DA:59,0
DA:60,0
DA:62,0
DA:64,0
DA:65,0
DA:66,0
DA:67,0
DA:68,0
DA:69,0
DA:70,0
DA:71,0
DA:72,0
DA:73,0
DA:74,0
DA:75,0
DA:76,0
DA:77,0
DA:78,0
DA:80,0
DA:81,0
DA:82,0
BRDA:42,42,0,0
BRDA:42,42,1,0
BRDA:42,60,1,0
BRDA:47,106,0,0
BRDA:50,233,1,0
BRDA:53,168,0,0
BRDA:53,168,1,0
BRDA:53,190,1,0
BRDA:56,210,1,0
BRDA:53,190,0,0
BRDA:56,210,0,0
BRDA:50,233,0,0
BRDA:47,106,1,0
BRDA:65,268,0,0
BRDA:68,377,1,0
BRDA:71,327,0,0
BRDA:71,327,1,0
BRDA:71,346,0,0
BRDA:74,364,0,0
BRDA:74,364,1,0
BRDA:71,346,1,0
BRDA:68,377,0,0
BRDA:65,268,1,0
BRDA:80,402,0,0
BRDA:42,60,0,0
BRDA:80,402,1,0
FN:22,System.Void Microsoft.AspNetCore.Mvc.TagHelpers.BrowserTagHelper::.ctor(Wangkanai.Detection.Services.IBrowserService)
FNDA:0,System.Void Microsoft.AspNetCore.Mvc.TagHelpers.BrowserTagHelper::.ctor(Wangkanai.Detection.Services.IBrowserService)
DA:23,0
DA:24,0
DA:25,0
DA:26,0
FN:20,System.Void Microsoft.AspNetCore.Mvc.TagHelpers.BrowserTagHelper::.cctor()
FNDA:0,System.Void Microsoft.AspNetCore.Mvc.TagHelpers.BrowserTagHelper::.cctor()
DA:21,0
LF:46
LH:0
BRF:26
BRH:0
FNF:5
FNH:0
end_of_record
SF:/home/runner/work/wangkanai/wangkanai/Detection/src/TagHelpers/CrawlerTagHelper.cs
FN:27,System.String Microsoft.AspNetCore.Mvc.TagHelpers.CrawlerTagHelper::get_Include()
FNDA:0,System.String Microsoft.AspNetCore.Mvc.TagHelpers.CrawlerTagHelper::get_Include()
DA:28,0
FN:30,System.String Microsoft.AspNetCore.Mvc.TagHelpers.CrawlerTagHelper::get_Exclude()
FNDA:0,System.String Microsoft.AspNetCore.Mvc.TagHelpers.CrawlerTagHelper::get_Exclude()
DA:31,0
FN:33,System.Void Microsoft.AspNetCore.Mvc.TagHelpers.CrawlerTagHelper::Process(Microsoft.AspNetCore.Razor.TagHelpers.TagHelperContext,Microsoft.AspNetCore.Razor.TagHelpers.TagHelperOutput)
FNDA:0,System.Void Microsoft.AspNetCore.Mvc.TagHelpers.CrawlerTagHelper::Process(Microsoft.AspNetCore.Razor.TagHelpers.TagHelperContext,Microsoft.AspNetCore.Razor.TagHelpers.TagHelperOutput)
DA:34,0
DA:35,0
DA:36,0
DA:38,0
DA:40,0
DA:41,0
DA:43,0
DA:44,0
DA:46,0
DA:48,0
DA:49,0
DA:50,0
DA:51,0
DA:52,0
DA:53,0
DA:54,0
DA:55,0
DA:57,0
DA:58,0
DA:60,0
DA:61,0
DA:63,0
DA:65,0
DA:66,0
DA:67,0
DA:68,0
DA:69,0
DA:70,0
DA:71,0
DA:72,0
DA:73,0
DA:74,0
DA:75,0
DA:76,0
DA:77,0
DA:78,0
DA:79,0
DA:81,0
DA:82,0
DA:83,0
BRDA:40,34,0,0
BRDA:40,34,1,0
BRDA:40,52,1,0
BRDA:43,75,1,0
BRDA:48,122,0,0
BRDA:51,249,1,0
BRDA:54,184,0,0
BRDA:54,184,1,0
BRDA:54,206,1,0
BRDA:57,226,1,0
BRDA:54,206,0,0
BRDA:57,226,0,0
BRDA:51,249,0,0
BRDA:48,122,1,0
BRDA:66,284,0,0
BRDA:69,393,1,0
BRDA:72,343,0,0
BRDA:72,343,1,0
BRDA:72,362,0,0
BRDA:75,380,0,0
BRDA:75,380,1,0
BRDA:72,362,1,0
BRDA:69,393,0,0
BRDA:66,284,1,0
BRDA:81,418,0,0
BRDA:40,52,0,0
BRDA:43,75,0,0
BRDA:81,418,1,0
FN:21,System.Void Microsoft.AspNetCore.Mvc.TagHelpers.CrawlerTagHelper::.ctor(Wangkanai.Detection.Services.ICrawlerService)
FNDA:0,System.Void Microsoft.AspNetCore.Mvc.TagHelpers.CrawlerTagHelper::.ctor(Wangkanai.Detection.Services.ICrawlerService)
DA:22,0
DA:23,0
DA:24,0
DA:25,0
BRDA:24,11,0,0
BRDA:24,11,1,0
FN:18,System.Void Microsoft.AspNetCore.Mvc.TagHelpers.CrawlerTagHelper::.cctor()
FNDA:0,System.Void Microsoft.AspNetCore.Mvc.TagHelpers.CrawlerTagHelper::.cctor()
DA:19,0
LF:47
LH:0
BRF:30
BRH:0
FNF:5
FNH:0
end_of_record
SF:/home/runner/work/wangkanai/wangkanai/Detection/src/TagHelpers/DeviceTagHelper.cs
FN:28,System.String Microsoft.AspNetCore.Mvc.TagHelpers.DeviceTagHelper::get_Include()
FNDA:0,System.String Microsoft.AspNetCore.Mvc.TagHelpers.DeviceTagHelper::get_Include()
DA:29,0
FN:31,System.String Microsoft.AspNetCore.Mvc.TagHelpers.DeviceTagHelper::get_Exclude()
FNDA:0,System.String Microsoft.AspNetCore.Mvc.TagHelpers.DeviceTagHelper::get_Exclude()
DA:32,0
FN:34,System.Void Microsoft.AspNetCore.Mvc.TagHelpers.DeviceTagHelper::Process(Microsoft.AspNetCore.Razor.TagHelpers.TagHelperContext,Microsoft.AspNetCore.Razor.TagHelpers.TagHelperOutput)
FNDA:0,System.Void Microsoft.AspNetCore.Mvc.TagHelpers.DeviceTagHelper::Process(Microsoft.AspNetCore.Razor.TagHelpers.TagHelperContext,Microsoft.AspNetCore.Razor.TagHelpers.TagHelperOutput)
DA:35,0
DA:36,0
DA:37,0
DA:39,0
DA:41,0
DA:42,0
DA:44,0
DA:46,0
DA:47,0
DA:48,0
DA:49,0
DA:50,0
DA:51,0
DA:52,0
DA:53,0
DA:54,0
DA:55,0
DA:56,0
DA:58,0
DA:59,0
DA:61,0
DA:62,0
DA:63,0
DA:64,0
DA:65,0
DA:66,0
DA:67,0
DA:68,0
DA:69,0
DA:70,0
DA:71,0
DA:72,0
DA:73,0
DA:74,0
DA:75,0
DA:77,0
DA:78,0
DA:79,0
BRDA:41,34,0,0
BRDA:41,34,1,0
BRDA:41,52,1,0
BRDA:46,98,0,0
BRDA:49,217,1,0
BRDA:52,160,0,0
BRDA:52,160,1,0
BRDA:52,179,0,0
BRDA:53,194,0,0
BRDA:52,179,1,0
BRDA:53,194,1,0
BRDA:49,217,0,0
BRDA:46,98,1,0
BRDA:62,252,0,0
BRDA:65,361,1,0
BRDA:68,311,0,0
BRDA:68,311,1,0
BRDA:68,330,0,0
BRDA:71,348,0,0
BRDA:71,348,1,0
BRDA:68,330,1,0
BRDA:65,361,0,0
BRDA:62,252,1,0
BRDA:77,386,0,0
BRDA:41,52,0,0
BRDA:77,386,1,0
FN:22,System.Void Microsoft.AspNetCore.Mvc.TagHelpers.DeviceTagHelper::.ctor(Wangkanai.Detection.Services.IDeviceService)
FNDA:0,System.Void Microsoft.AspNetCore.Mvc.TagHelpers.DeviceTagHelper::.ctor(Wangkanai.Detection.Services.IDeviceService)
DA:23,0
DA:24,0
DA:25,0
DA:26,0
BRDA:25,11,0,0
BRDA:25,11,1,0
FN:18,System.Void Microsoft.AspNetCore.Mvc.TagHelpers.DeviceTagHelper::.cctor()
FNDA:0,System.Void Microsoft.AspNetCore.Mvc.TagHelpers.DeviceTagHelper::.cctor()
DA:19,0
LF:45
LH:0
BRF:28
BRH:0
FNF:5
FNH:0
end_of_record
SF:/home/runner/work/wangkanai/wangkanai/Detection/src/TagHelpers/EngineTagHelper.cs
FN:27,System.String Microsoft.AspNetCore.Mvc.TagHelpers.EngineTagHelper::get_Include()
FNDA:0,System.String Microsoft.AspNetCore.Mvc.TagHelpers.EngineTagHelper::get_Include()
DA:28,0
FN:30,System.String Microsoft.AspNetCore.Mvc.TagHelpers.EngineTagHelper::get_Exclude()
FNDA:0,System.String Microsoft.AspNetCore.Mvc.TagHelpers.EngineTagHelper::get_Exclude()
DA:31,0
FN:33,System.Void Microsoft.AspNetCore.Mvc.TagHelpers.EngineTagHelper::Process(Microsoft.AspNetCore.Razor.TagHelpers.TagHelperContext,Microsoft.AspNetCore.Razor.TagHelpers.TagHelperOutput)
FNDA:0,System.Void Microsoft.AspNetCore.Mvc.TagHelpers.EngineTagHelper::Process(Microsoft.AspNetCore.Razor.TagHelpers.TagHelperContext,Microsoft.AspNetCore.Razor.TagHelpers.TagHelperOutput)
DA:34,0
DA:35,0
DA:36,0
DA:38,0
DA:40,0
DA:41,0
DA:43,0
DA:45,0
DA:46,0
DA:47,0
DA:48,0
DA:49,0
DA:50,0
DA:51,0
DA:52,0
DA:54,0
DA:55,0
DA:57,0
DA:58,0
DA:60,0
DA:62,0
DA:63,0
DA:64,0
DA:65,0
DA:66,0
DA:67,0
DA:68,0
DA:69,0
DA:70,0
DA:71,0
DA:72,0
DA:73,0
DA:74,0
DA:75,0
DA:76,0
DA:78,0
DA:79,0
DA:80,0
BRDA:40,34,0,0
BRDA:40,34,1,0
BRDA:40,52,1,0
BRDA:45,98,0,0
BRDA:48,225,1,0
BRDA:51,160,0,0
BRDA:51,160,1,0
BRDA:51,182,1,0
BRDA:54,202,1,0
BRDA:51,182,0,0
BRDA:54,202,0,0
BRDA:48,225,0,0
BRDA:45,98,1,0
BRDA:63,260,0,0
BRDA:66,369,1,0
BRDA:69,319,0,0
BRDA:69,319,1,0
BRDA:69,338,0,0
BRDA:72,356,0,0
BRDA:72,356,1,0
BRDA:69,338,1,0
BRDA:66,369,0,0
BRDA:63,260,1,0
BRDA:78,394,0,0
BRDA:40,52,0,0
BRDA:78,394,1,0
FN:21,System.Void Microsoft.AspNetCore.Mvc.TagHelpers.EngineTagHelper::.ctor(Wangkanai.Detection.Services.IEngineService)
FNDA:0,System.Void Microsoft.AspNetCore.Mvc.TagHelpers.EngineTagHelper::.ctor(Wangkanai.Detection.Services.IEngineService)
DA:22,0
DA:23,0
DA:24,0
DA:25,0
BRDA:24,11,0,0
BRDA:24,11,1,0
FN:18,System.Void Microsoft.AspNetCore.Mvc.TagHelpers.EngineTagHelper::.cctor()
FNDA:0,System.Void Microsoft.AspNetCore.Mvc.TagHelpers.EngineTagHelper::.cctor()
DA:19,0
LF:45
LH:0
BRF:28
BRH:0
FNF:5
FNH:0
end_of_record
SF:/home/runner/work/wangkanai/wangkanai/Detection/src/TagHelpers/PlatformTagHelper.cs
FN:27,System.String Microsoft.AspNetCore.Mvc.TagHelpers.PlatformTagHelper::get_Include()
FNDA:0,System.String Microsoft.AspNetCore.Mvc.TagHelpers.PlatformTagHelper::get_Include()
DA:28,0
FN:30,System.String Microsoft.AspNetCore.Mvc.TagHelpers.PlatformTagHelper::get_Exclude()
FNDA:0,System.String Microsoft.AspNetCore.Mvc.TagHelpers.PlatformTagHelper::get_Exclude()
DA:31,0
FN:33,System.Void Microsoft.AspNetCore.Mvc.TagHelpers.PlatformTagHelper::Process(Microsoft.AspNetCore.Razor.TagHelpers.TagHelperContext,Microsoft.AspNetCore.Razor.TagHelpers.TagHelperOutput)
FNDA:0,System.Void Microsoft.AspNetCore.Mvc.TagHelpers.PlatformTagHelper::Process(Microsoft.AspNetCore.Razor.TagHelpers.TagHelperContext,Microsoft.AspNetCore.Razor.TagHelpers.TagHelperOutput)
DA:34,0
DA:35,0
DA:36,0
DA:38,0
DA:40,0
DA:41,0
DA:43,0
DA:45,0
DA:46,0
DA:47,0
DA:48,0
DA:49,0
DA:50,0
DA:51,0
DA:52,0
DA:54,0
DA:55,0
DA:57,0
DA:58,0
DA:60,0
DA:62,0
DA:63,0
DA:64,0
DA:65,0
DA:66,0
DA:67,0
DA:68,0
DA:69,0
DA:70,0
DA:71,0
DA:72,0
DA:73,0
DA:74,0
DA:75,0
DA:76,0
DA:78,0
DA:79,0
DA:80,0
BRDA:40,34,0,0
BRDA:40,34,1,0
BRDA:40,52,1,0
BRDA:45,98,0,0
BRDA:48,225,1,0
BRDA:51,160,0,0
BRDA:51,160,1,0
BRDA:51,182,1,0
BRDA:54,202,1,0
BRDA:51,182,0,0
BRDA:54,202,0,0
BRDA:48,225,0,0
BRDA:45,98,1,0
BRDA:63,260,0,0
BRDA:66,369,1,0
BRDA:69,319,0,0
BRDA:69,319,1,0
BRDA:69,338,0,0
BRDA:72,356,0,0
BRDA:72,356,1,0
BRDA:69,338,1,0
BRDA:66,369,0,0
BRDA:63,260,1,0
BRDA:78,394,0,0
BRDA:40,52,0,0
BRDA:78,394,1,0
FN:21,System.Void Microsoft.AspNetCore.Mvc.TagHelpers.PlatformTagHelper::.ctor(Wangkanai.Detection.Services.IPlatformService)
FNDA:0,System.Void Microsoft.AspNetCore.Mvc.TagHelpers.PlatformTagHelper::.ctor(Wangkanai.Detection.Services.IPlatformService)
DA:22,0
DA:23,0
DA:24,0
DA:25,0
BRDA:24,11,0,0
BRDA:24,11,1,0
FN:18,System.Void Microsoft.AspNetCore.Mvc.TagHelpers.PlatformTagHelper::.cctor()
FNDA:0,System.Void Microsoft.AspNetCore.Mvc.TagHelpers.PlatformTagHelper::.cctor()
DA:19,0
LF:45
LH:0
BRF:28
BRH:0
FNF:5
FNH:0
end_of_record
SF:/home/runner/work/wangkanai/wangkanai/Detection/src/DependencyInjection/Builders/Core.cs
FN:17,Microsoft.Extensions.DependencyInjection.IDetectionBuilder Microsoft.Extensions.DependencyInjection.DetectionCoreBuilderExtensions::AddRequiredServices(Microsoft.Extensions.DependencyInjection.IDetectionBuilder)
FNDA:44,Microsoft.Extensions.DependencyInjection.IDetectionBuilder Microsoft.Extensions.DependencyInjection.DetectionCoreBuilderExtensions::AddRequiredServices(Microsoft.Extensions.DependencyInjection.IDetectionBuilder)
DA:18,44
DA:19,44
DA:22,44
DA:25,44
DA:26,65
DA:28,44
DA:29,44
FN:31,Microsoft.Extensions.DependencyInjection.IDetectionBuilder Microsoft.Extensions.DependencyInjection.DetectionCoreBuilderExtensions::AddCoreServices(Microsoft.Extensions.DependencyInjection.IDetectionBuilder)
FNDA:44,Microsoft.Extensions.DependencyInjection.IDetectionBuilder Microsoft.Extensions.DependencyInjection.DetectionCoreBuilderExtensions::AddCoreServices(Microsoft.Extensions.DependencyInjection.IDetectionBuilder)
DA:32,44
DA:34,44
DA:35,44
DA:36,44
DA:37,44
DA:38,44
DA:39,44
DA:40,44
DA:41,44
DA:43,44
DA:44,44
FN:46,Microsoft.Extensions.DependencyInjection.IDetectionBuilder Microsoft.Extensions.DependencyInjection.DetectionCoreBuilderExtensions::AddMarkerService(Microsoft.Extensions.DependencyInjection.IDetectionBuilder)
FNDA:44,Microsoft.Extensions.DependencyInjection.IDetectionBuilder Microsoft.Extensions.DependencyInjection.DetectionCoreBuilderExtensions::AddMarkerService(Microsoft.Extensions.DependencyInjection.IDetectionBuilder)
DA:47,44
DA:48,44
DA:50,44
DA:51,44
LF:22
LH:22
BRF:0
BRH:0
FNF:3
FNH:3
end_of_record
SF:/home/runner/work/wangkanai/wangkanai/Detection/src/DependencyInjection/DetectionApplicationExtensions.cs
FN:18,Microsoft.AspNetCore.Builder.IApplicationBuilder Microsoft.Extensions.DependencyInjection.DetectionApplicationExtensions::UseDetection(Microsoft.AspNetCore.Builder.IApplicationBuilder)
FNDA:27,Microsoft.AspNetCore.Builder.IApplicationBuilder Microsoft.Extensions.DependencyInjection.DetectionApplicationExtensions::UseDetection(Microsoft.AspNetCore.Builder.IApplicationBuilder)
DA:19,27
DA:20,27
DA:22,27
DA:23,27
DA:24,27
DA:26,27
DA:27,27
DA:29,27
DA:30,27
FN:31,System.Void Microsoft.Extensions.DependencyInjection.DetectionApplicationExtensions::ValidateOptions(Wangkanai.Detection.DetectionOptions)
FNDA:54,System.Void Microsoft.Extensions.DependencyInjection.DetectionApplicationExtensions::ValidateOptions(Wangkanai.Detection.DetectionOptions)
DA:32,54
FN:34,System.Void Microsoft.Extensions.DependencyInjection.DetectionApplicationExtensions::Validate(Microsoft.AspNetCore.Builder.IApplicationBuilder)
FNDA:27,System.Void Microsoft.Extensions.DependencyInjection.DetectionApplicationExtensions::Validate(Microsoft.AspNetCore.Builder.IApplicationBuilder)
DA:35,27
DA:36,27
DA:38,27
DA:39,27
DA:41,27
DA:42,27
DA:53,27
LF:17
LH:17
BRF:0
BRH:0
FNF:3
FNH:3
end_of_record
SF:/home/runner/work/wangkanai/wangkanai/Detection/src/DependencyInjection/DetectionBuilder.cs
FN:14,Microsoft.Extensions.DependencyInjection.IServiceCollection Microsoft.Extensions.DependencyInjection.DetectionBuilder::get_Services()
FNDA:528,Microsoft.Extensions.DependencyInjection.IServiceCollection Microsoft.Extensions.DependencyInjection.DetectionBuilder::get_Services()
DA:15,528
FN:9,System.Void Microsoft.Extensions.DependencyInjection.DetectionBuilder::.ctor(Microsoft.Extensions.DependencyInjection.IServiceCollection)
FNDA:44,System.Void Microsoft.Extensions.DependencyInjection.DetectionBuilder::.ctor(Microsoft.Extensions.DependencyInjection.IServiceCollection)
DA:10,44
DA:11,44
LF:3
LH:3
BRF:0
BRH:0
FNF:2
FNH:2
end_of_record
SF:/home/runner/work/wangkanai/wangkanai/Detection/src/DependencyInjection/DetectionCollectionExtensions.cs
FN:13,Microsoft.Extensions.DependencyInjection.IDetectionBuilder Microsoft.Extensions.DependencyInjection.DetectionCollectionExtensions::AddDetection(Microsoft.Extensions.DependencyInjection.IServiceCollection)
FNDA:44,Microsoft.Extensions.DependencyInjection.IDetectionBuilder Microsoft.Extensions.DependencyInjection.DetectionCollectionExtensions::AddDetection(Microsoft.Extensions.DependencyInjection.IServiceCollection)
DA:14,44
DA:15,44
DA:16,44
DA:17,44
FN:23,Microsoft.Extensions.DependencyInjection.IDetectionBuilder Microsoft.Extensions.DependencyInjection.DetectionCollectionExtensions::AddDetection(Microsoft.Extensions.DependencyInjection.IServiceCollection,System.Action`1<Wangkanai.Detection.DetectionOptions>)
FNDA:0,Microsoft.Extensions.DependencyInjection.IDetectionBuilder Microsoft.Extensions.DependencyInjection.DetectionCollectionExtensions::AddDetection(Microsoft.Extensions.DependencyInjection.IServiceCollection,System.Action`1<Wangkanai.Detection.DetectionOptions>)
DA:24,0
DA:25,0
FN:27,Microsoft.Extensions.DependencyInjection.IDetectionBuilder Microsoft.Extensions.DependencyInjection.DetectionCollectionExtensions::AddDetectionBuilder(Microsoft.Extensions.DependencyInjection.IServiceCollection)
FNDA:44,Microsoft.Extensions.DependencyInjection.IDetectionBuilder Microsoft.Extensions.DependencyInjection.DetectionCollectionExtensions::AddDetectionBuilder(Microsoft.Extensions.DependencyInjection.IServiceCollection)
DA:28,44
LF:7
LH:5
BRF:0
BRH:0
FNF:3
FNH:2
end_of_record
SF:/home/runner/work/wangkanai/wangkanai/Detection/src/Constants.cs
FN:6,System.Void Wangkanai.Detection.Constants::.cctor()
FNDA:0,System.Void Wangkanai.Detection.Constants::.cctor()
DA:7,0
LF:1
LH:0
BRF:0
BRH:0
FNF:1
FNH:0
end_of_record
SF:/home/runner/work/wangkanai/wangkanai/Detection/src/DependencyInjection/Options/CrawlerOptions.cs
FN:13,System.Collections.Generic.List`1<System.String> Wangkanai.Detection.CrawlerOptions::get_Others()
FNDA:21,System.Collections.Generic.List`1<System.String> Wangkanai.Detection.CrawlerOptions::get_Others()
DA:14,21
LF:1
LH:1
BRF:0
BRH:0
FNF:1
FNH:1
end_of_record
SF:/home/runner/work/wangkanai/wangkanai/Detection/src/DependencyInjection/Options/DetectionOptions.cs
FN:12,Wangkanai.Detection.CrawlerOptions Wangkanai.Detection.DetectionOptions::get_Crawler()
FNDA:21,Wangkanai.Detection.CrawlerOptions Wangkanai.Detection.DetectionOptions::get_Crawler()
DA:13,21
LF:1
LH:1
BRF:0
BRH:0
FNF:1
FNH:1
end_of_record
SF:/home/runner/work/wangkanai/wangkanai/Detection/src/Services/BrowserService.cs
FN:14,Wangkanai.Detection.Models.Browser Wangkanai.Detection.Services.BrowserService::get_Name()
FNDA:0,Wangkanai.Detection.Models.Browser Wangkanai.Detection.Services.BrowserService::get_Name()
DA:15,0
BRDA:15,23,0,0
BRDA:15,23,1,0
FN:15,System.Version Wangkanai.Detection.Services.BrowserService::get_Version()
FNDA:0,System.Version Wangkanai.Detection.Services.BrowserService::get_Version()
DA:16,0
BRDA:16,7,0,0
BRDA:16,7,1,0
FN:18,Wangkanai.Detection.Models.Browser Wangkanai.Detection.Services.BrowserService::GetBrowser()
FNDA:0,Wangkanai.Detection.Models.Browser Wangkanai.Detection.Services.BrowserService::GetBrowser()
DA:19,0
DA:20,0
DA:21,0
DA:23,0
DA:24,0
DA:25,0
DA:26,0
DA:27,0
DA:28,0
DA:29,0
DA:30,0
DA:31,0
DA:32,0
DA:33,0
DA:34,0
DA:35,0
DA:36,0
DA:37,0
DA:38,0
DA:39,0
DA:40,0
DA:42,0
DA:43,0
BRDA:23,38,0,0
BRDA:23,38,1,0
BRDA:25,57,0,0
BRDA:25,57,1,0
BRDA:27,77,0,0
BRDA:27,77,1,0
BRDA:29,94,0,0
BRDA:29,94,1,0
BRDA:31,114,0,0
BRDA:31,114,1,0
BRDA:33,131,0,0
BRDA:33,131,1,0
BRDA:35,147,0,0
BRDA:35,147,1,0
BRDA:37,168,0,0
BRDA:37,168,1,0
BRDA:39,186,0,0
BRDA:39,186,1,0
FN:45,System.Version Wangkanai.Detection.Services.BrowserService::GetVersion()
FNDA:0,System.Version Wangkanai.Detection.Services.BrowserService::GetVersion()
DA:46,0
DA:47,0
DA:48,0
DA:50,0
DA:51,0
DA:52,0
DA:53,0
DA:54,0
DA:55,0
DA:56,0
DA:57,0
DA:58,0
DA:59,0
DA:60,0
DA:61,0
DA:62,0
DA:63,0
DA:64,0
DA:65,0
DA:66,0
DA:67,0
DA:68,0
DA:69,0
DA:70,0
DA:71,0
DA:72,0
DA:73,0
DA:74,0
DA:75,0
DA:77,0
DA:78,0
BRDA:50,28,0,0
BRDA:50,28,1,0
BRDA:50,47,0,0
BRDA:50,47,1,0
BRDA:52,74,0,0
BRDA:52,74,1,0
BRDA:52,98,0,0
BRDA:52,98,1,0
BRDA:54,126,0,0
BRDA:54,126,1,0
BRDA:56,152,0,0
BRDA:56,152,1,0
BRDA:58,178,0,0
BRDA:58,178,1,0
BRDA:60,194,0,0
BRDA:60,194,1,0
BRDA:60,215,0,0
BRDA:60,215,1,0
BRDA:62,237,0,0
BRDA:62,237,1,0
BRDA:64,253,0,0
BRDA:64,253,1,0
BRDA:64,274,0,0
BRDA:64,274,1,0
BRDA:66,296,0,0
BRDA:66,296,1,0
BRDA:68,319,0,0
BRDA:68,319,1,0
BRDA:70,343,0,0
BRDA:70,343,1,0
BRDA:70,364,0,0
BRDA:70,364,1,0
BRDA:72,393,0,0
BRDA:72,393,1,0
BRDA:74,422,0,0
BRDA:74,422,1,0
FN:80,System.Version Wangkanai.Detection.Services.BrowserService::GetVersionOpera(System.String,Wangkanai.Detection.Models.Browser)
FNDA:0,System.Version Wangkanai.Detection.Services.BrowserService::GetVersionOpera(System.String,Wangkanai.Detection.Models.Browser)
DA:81,0
DA:82,0
DA:83,0
DA:84,0
DA:86,0
DA:87,0
DA:88,0
DA:90,0
DA:91,0
DA:92,0
DA:93,0
DA:94,0
DA:95,0
DA:96,0
DA:97,0
BRDA:83,25,0,0
BRDA:83,25,1,0
BRDA:87,81,0,0
BRDA:87,81,1,0
BRDA:92,142,0,0
BRDA:92,142,1,0
BRDA:95,200,0,0
BRDA:95,200,1,0
FN:99,System.Version Wangkanai.Detection.Services.BrowserService::GetVersionOf(System.String,System.String)
FNDA:0,System.Version Wangkanai.Detection.Services.BrowserService::GetVersionOf(System.String,System.String)
DA:100,0
DA:101,0
DA:102,0
DA:104,0
DA:105,0
DA:107,0
DA:108,0
BRDA:104,61,0,0
BRDA:104,61,1,0
FN:110,System.Version Wangkanai.Detection.Services.BrowserService::GetVersionEdge(System.String)
FNDA:0,System.Version Wangkanai.Detection.Services.BrowserService::GetVersionEdge(System.String)
DA:111,0
DA:112,0
DA:113,0
DA:115,0
DA:116,0
DA:118,0
DA:119,0
BRDA:115,49,0,0
BRDA:115,49,1,0
FN:121,System.Version Wangkanai.Detection.Services.BrowserService::GetVersionGoogleSearchApp(System.String)
FNDA:0,System.Version Wangkanai.Detection.Services.BrowserService::GetVersionGoogleSearchApp(System.String)
DA:122,0
DA:123,0
DA:124,0
DA:126,0
DA:127,0
DA:129,0
DA:130,0
BRDA:126,49,0,0
BRDA:126,49,1,0
FN:132,System.Version Wangkanai.Detection.Services.BrowserService::GetVersionSamsungInternetBrowser(System.String)
FNDA:0,System.Version Wangkanai.Detection.Services.BrowserService::GetVersionSamsungInternetBrowser(System.String)
DA:133,0
DA:134,0
DA:135,0
DA:137,0
DA:138,0
DA:140,0
DA:141,0
BRDA:137,49,0,0
BRDA:137,49,1,0
FN:143,System.Version Wangkanai.Detection.Services.BrowserService::GetVersionSafariVersion(System.String)
FNDA:0,System.Version Wangkanai.Detection.Services.BrowserService::GetVersionSafariVersion(System.String)
DA:144,0
DA:145,0
DA:146,0
DA:147,0
DA:148,0
DA:150,0
DA:151,0
BRDA:147,49,0,0
BRDA:147,49,1,0
FN:153,System.Version Wangkanai.Detection.Services.BrowserService::GetVersionSafariSafari(System.String)
FNDA:0,System.Version Wangkanai.Detection.Services.BrowserService::GetVersionSafariSafari(System.String)
DA:154,0
DA:155,0
DA:156,0
DA:157,0
DA:158,0
DA:160,0
DA:162,0
DA:163,0
BRDA:157,49,0,0
BRDA:157,49,1,0
FN:165,System.Version Wangkanai.Detection.Services.BrowserService::GetVersionChromeOs(System.String)
FNDA:0,System.Version Wangkanai.Detection.Services.BrowserService::GetVersionChromeOs(System.String)
DA:166,0
DA:167,0
DA:168,0
DA:170,0
DA:171,0
DA:173,0
DA:174,0
BRDA:170,49,0,0
BRDA:170,49,1,0
FN:176,System.Version Wangkanai.Detection.Services.BrowserService::GetVersionChrome(System.String)
FNDA:0,System.Version Wangkanai.Detection.Services.BrowserService::GetVersionChrome(System.String)
DA:177,0
DA:178,0
DA:179,0
DA:181,0
DA:182,0
DA:184,0
DA:185,0
BRDA:181,49,0,0
BRDA:181,49,1,0
FN:187,System.Version Wangkanai.Detection.Services.BrowserService::GetVersionCommon(System.String,Wangkanai.Detection.Models.Browser)
FNDA:0,System.Version Wangkanai.Detection.Services.BrowserService::GetVersionCommon(System.String,Wangkanai.Detection.Models.Browser)
DA:188,0
DA:189,0
DA:190,0
DA:192,0
DA:193,0
DA:195,0
DA:197,0
DA:198,0
DA:199,0
DA:200,0
BRDA:192,19,0,0
BRDA:192,19,1,0
BRDA:192,44,0,0
BRDA:192,44,1,0
BRDA:195,71,0,0
BRDA:195,71,1,0
BRDA:198,117,0,0
BRDA:198,117,1,0
FN:203,System.Boolean Wangkanai.Detection.Services.BrowserService::IsEdge(System.String)
FNDA:0,System.Boolean Wangkanai.Detection.Services.BrowserService::IsEdge(System.String)
DA:204,0
DA:205,0
DA:206,0
DA:207,0
BRDA:204,8,0,0
BRDA:204,22,0,0
BRDA:204,36,0,0
BRDA:204,36,1,0
BRDA:204,8,1,0
BRDA:204,22,1,0
FN:209,System.Boolean Wangkanai.Detection.Services.BrowserService::IsChrome(System.String)
FNDA:0,System.Boolean Wangkanai.Detection.Services.BrowserService::IsChrome(System.String)
DA:210,0
DA:211,0
BRDA:210,7,0,0
BRDA:210,7,1,0
FN:213,System.Boolean Wangkanai.Detection.Services.BrowserService::IsInternetExplorer(System.String,Wangkanai.Detection.Models.Engine)
FNDA:0,System.Boolean Wangkanai.Detection.Services.BrowserService::IsInternetExplorer(System.String,Wangkanai.Detection.Models.Engine)
DA:214,0
DA:215,0
DA:216,0
BRDA:214,3,0,0
BRDA:214,17,0,0
BRDA:214,17,1,0
BRDA:214,3,1,0
FN:218,System.Boolean Wangkanai.Detection.Services.BrowserService::IsOpera(System.String)
FNDA:0,System.Boolean Wangkanai.Detection.Services.BrowserService::IsOpera(System.String)
DA:219,0
DA:220,0
BRDA:219,8,0,0
BRDA:219,8,1,0
FN:222,System.Boolean Wangkanai.Detection.Services.BrowserService::IsGoogleSearchApp(System.String)
FNDA:0,System.Boolean Wangkanai.Detection.Services.BrowserService::IsGoogleSearchApp(System.String)
DA:223,0
FN:225,System.Boolean Wangkanai.Detection.Services.BrowserService::IsSamsungInternetBrowser(System.String)
FNDA:0,System.Boolean Wangkanai.Detection.Services.BrowserService::IsSamsungInternetBrowser(System.String)
DA:226,0
FN:8,System.Void Wangkanai.Detection.Services.BrowserService::.ctor(Wangkanai.Detection.Services.IUserAgentService,Wangkanai.Detection.Services.IEngineService)
FNDA:0,System.Void Wangkanai.Detection.Services.BrowserService::.ctor(Wangkanai.Detection.Services.IUserAgentService,Wangkanai.Detection.Services.IEngineService)
DA:9,0
LF:152
LH:0
BRF:104
BRH:0
FNF:21
FNH:0
end_of_record
SF:/home/runner/work/wangkanai/wangkanai/Detection/src/Services/CrawlerService.cs
FN:22,System.Boolean Wangkanai.Detection.Services.CrawlerService::get_IsCrawler()
FNDA:0,System.Boolean Wangkanai.Detection.Services.CrawlerService::get_IsCrawler()
DA:23,0
FN:23,Wangkanai.Detection.Models.Crawler Wangkanai.Detection.Services.CrawlerService::get_Name()
FNDA:0,Wangkanai.Detection.Models.Crawler Wangkanai.Detection.Services.CrawlerService::get_Name()
DA:24,0
BRDA:24,23,0,0
BRDA:24,23,1,0
FN:24,System.Version Wangkanai.Detection.Services.CrawlerService::get_Version()
FNDA:0,System.Version Wangkanai.Detection.Services.CrawlerService::get_Version()
DA:25,0
BRDA:25,7,0,0
BRDA:25,7,1,0
FN:28,Wangkanai.Detection.Models.Crawler Wangkanai.Detection.Services.CrawlerService::GetCrawler()
FNDA:0,Wangkanai.Detection.Models.Crawler Wangkanai.Detection.Services.CrawlerService::GetCrawler()
DA:29,0
DA:30,0
DA:32,0
DA:33,0
DA:35,0
DA:36,0
DA:37,0
DA:39,0
DA:40,0
DA:41,0
DA:42,0
BRDA:32,26,0,0
BRDA:32,26,1,0
BRDA:35,91,1,0
BRDA:36,72,0,0
BRDA:36,72,1,0
BRDA:35,91,0,0
BRDA:39,133,0,0
BRDA:39,133,1,0
FN:44,System.Version Wangkanai.Detection.Services.CrawlerService::GetVersion()
FNDA:0,System.Version Wangkanai.Detection.Services.CrawlerService::GetVersion()
DA:45,0
DA:46,0
DA:47,0
DA:48,0
DA:49,0
DA:51,0
DA:52,0
DA:53,0
DA:55,0
DA:56,0
DA:57,0
DA:59,0
DA:60,0
BRDA:48,36,0,0
BRDA:48,36,1,0
BRDA:52,64,0,0
BRDA:52,64,1,0
BRDA:56,83,0,0
BRDA:56,83,1,0
BRDA:56,103,0,0
BRDA:56,103,1,0
FN:68,System.Boolean Wangkanai.Detection.Services.CrawlerService::HasOthers(System.String,System.Collections.Generic.IEnumerable`1<System.String>)
FNDA:0,System.Boolean Wangkanai.Detection.Services.CrawlerService::HasOthers(System.String,System.Collections.Generic.IEnumerable`1<System.String>)
DA:69,0
DA:70,0
BRDA:69,30,0,0
BRDA:69,30,1,0
FN:72,System.String Wangkanai.Detection.Services.CrawlerService::FindBot(System.String)
FNDA:0,System.String Wangkanai.Detection.Services.CrawlerService::FindBot(System.String)
DA:73,0
DA:74,0
BRDA:73,46,0,0
BRDA:73,46,1,0
FN:16,System.Void Wangkanai.Detection.Services.CrawlerService::.ctor(Wangkanai.Detection.Services.IUserAgentService,Wangkanai.Detection.DetectionOptions)
FNDA:0,System.Void Wangkanai.Detection.Services.CrawlerService::.ctor(Wangkanai.Detection.Services.IUserAgentService,Wangkanai.Detection.DetectionOptions)
DA:17,0
DA:18,0
DA:19,0
DA:20,0
DA:21,0
FN:61,System.Void Wangkanai.Detection.Services.CrawlerService::.cctor()
FNDA:0,System.Void Wangkanai.Detection.Services.CrawlerService::.cctor()
DA:62,0
DA:63,0
DA:65,0
DA:66,0
LF:40
LH:0
BRF:24
BRH:0
FNF:9
FNH:0
end_of_record
SF:/home/runner/work/wangkanai/wangkanai/Detection/src/Services/DetectionService.cs
FN:24,Wangkanai.Detection.Models.UserAgent Wangkanai.Detection.Services.DetectionService::get_UserAgent()
FNDA:0,Wangkanai.Detection.Models.UserAgent Wangkanai.Detection.Services.DetectionService::get_UserAgent()
DA:25,0
FN:25,Wangkanai.Detection.Services.IDeviceService Wangkanai.Detection.Services.DetectionService::get_Device()
FNDA:0,Wangkanai.Detection.Services.IDeviceService Wangkanai.Detection.Services.DetectionService::get_Device()
DA:26,0
FN:26,Wangkanai.Detection.Services.ICrawlerService Wangkanai.Detection.Services.DetectionService::get_Crawler()
FNDA:0,Wangkanai.Detection.Services.ICrawlerService Wangkanai.Detection.Services.DetectionService::get_Crawler()
DA:27,0
FN:27,Wangkanai.Detection.Services.IBrowserService Wangkanai.Detection.Services.DetectionService::get_Browser()
FNDA:0,Wangkanai.Detection.Services.IBrowserService Wangkanai.Detection.Services.DetectionService::get_Browser()
DA:28,0
FN:28,Wangkanai.Detection.Services.IEngineService Wangkanai.Detection.Services.DetectionService::get_Engine()
FNDA:0,Wangkanai.Detection.Services.IEngineService Wangkanai.Detection.Services.DetectionService::get_Engine()
DA:29,0
FN:29,Wangkanai.Detection.Services.IPlatformService Wangkanai.Detection.Services.DetectionService::get_Platform()
FNDA:0,Wangkanai.Detection.Services.IPlatformService Wangkanai.Detection.Services.DetectionService::get_Platform()
DA:30,0
FN:8,System.Void Wangkanai.Detection.Services.DetectionService::.ctor(Wangkanai.Detection.Services.IUserAgentService,Wangkanai.Detection.Services.IDeviceService,Wangkanai.Detection.Services.ICrawlerService,Wangkanai.Detection.Services.IBrowserService,Wangkanai.Detection.Services.IEngineService,Wangkanai.Detection.Services.IPlatformService)
FNDA:0,System.Void Wangkanai.Detection.Services.DetectionService::.ctor(Wangkanai.Detection.Services.IUserAgentService,Wangkanai.Detection.Services.IDeviceService,Wangkanai.Detection.Services.ICrawlerService,Wangkanai.Detection.Services.IBrowserService,Wangkanai.Detection.Services.IEngineService,Wangkanai.Detection.Services.IPlatformService)
DA:9,0
DA:10,0
DA:11,0
DA:12,0
DA:13,0
DA:14,0
DA:15,0
DA:16,0
DA:17,0
DA:18,0
DA:19,0
DA:20,0
DA:21,0
DA:22,0
DA:23,0
LF:21
LH:0
BRF:0
BRH:0
FNF:7
FNH:0
end_of_record
SF:/home/runner/work/wangkanai/wangkanai/Detection/src/Services/DeviceService.cs
FN:20,Wangkanai.Detection.Models.Device Wangkanai.Detection.Services.DeviceService::get_Type()
FNDA:30,Wangkanai.Detection.Models.Device Wangkanai.Detection.Services.DeviceService::get_Type()
DA:21,30
BRDA:21,23,0,30
BRDA:21,23,1,0
FN:23,Wangkanai.Detection.Models.Device Wangkanai.Detection.Services.DeviceService::DeviceFromUserAgent()
FNDA:30,Wangkanai.Detection.Models.Device Wangkanai.Detection.Services.DeviceService::DeviceFromUserAgent()
DA:24,30
DA:25,30
DA:27,30
DA:28,3
DA:29,27
DA:30,0
DA:31,27
DA:32,12
DA:33,15
DA:34,0
DA:35,15
DA:36,0
DA:37,15
DA:38,0
DA:39,15
DA:40,0
DA:42,15
DA:43,30
BRDA:27,26,0,3
BRDA:27,26,1,27
BRDA:29,40,0,0
BRDA:29,40,1,27
BRDA:31,57,0,12
BRDA:31,57,1,15
BRDA:33,75,0,0
BRDA:33,75,1,15
BRDA:35,94,0,0
BRDA:35,94,1,15
BRDA:37,116,0,0
BRDA:37,116,1,15
BRDA:39,141,0,0
BRDA:39,141,1,15
FN:45,System.Boolean Wangkanai.Detection.Services.DeviceService::IsTablet(System.String)
FNDA:30,System.Boolean Wangkanai.Detection.Services.DeviceService::IsTablet(System.String)
DA:46,30
DA:47,30
DA:48,30
FN:50,System.Boolean Wangkanai.Detection.Services.DeviceService::IsMobile(System.String)
FNDA:27,System.Boolean Wangkanai.Detection.Services.DeviceService::IsMobile(System.String)
DA:51,27
DA:52,27
DA:53,27
DA:54,27
BRDA:52,8,0,24
BRDA:52,8,1,15
BRDA:52,21,0,15
BRDA:52,21,1,12
FN:56,System.Boolean Wangkanai.Detection.Services.DeviceService::IsTV(System.String)
FNDA:27,System.Boolean Wangkanai.Detection.Services.DeviceService::IsTV(System.String)
DA:57,27
DA:58,27
DA:59,27
BRDA:58,9,0,27
BRDA:58,9,1,0
FN:15,System.Void Wangkanai.Detection.Services.DeviceService::.ctor(Wangkanai.Detection.Services.IUserAgentService)
FNDA:30,System.Void Wangkanai.Detection.Services.DeviceService::.ctor(Wangkanai.Detection.Services.IUserAgentService)
DA:16,30
DA:17,30
DA:18,30
DA:19,30
LF:33
LH:28
BRF:22
BRH:15
FNF:6
FNH:6
end_of_record
SF:/home/runner/work/wangkanai/wangkanai/Detection/src/Services/EngineService.cs
FN:20,Wangkanai.Detection.Models.Engine Wangkanai.Detection.Services.EngineService::get_Name()
FNDA:0,Wangkanai.Detection.Models.Engine Wangkanai.Detection.Services.EngineService::get_Name()
DA:21,0
BRDA:21,23,0,0
BRDA:21,23,1,0
FN:23,Wangkanai.Detection.Models.Engine Wangkanai.Detection.Services.EngineService::GetEngine()
FNDA:0,Wangkanai.Detection.Models.Engine Wangkanai.Detection.Services.EngineService::GetEngine()
DA:24,0
DA:25,0
DA:26,0
DA:28,0
DA:29,0
DA:30,0
DA:31,0
DA:32,0
DA:33,0
DA:34,0
DA:35,0
DA:36,0
DA:37,0
DA:38,0
DA:39,0
DA:40,0
DA:41,0
DA:42,0
DA:43,0
BRDA:28,38,0,0
BRDA:28,38,1,0
BRDA:30,55,0,0
BRDA:30,55,1,0
BRDA:32,72,0,0
BRDA:32,72,1,0
BRDA:34,89,0,0
BRDA:34,89,1,0
BRDA:36,107,0,0
BRDA:36,107,1,0
BRDA:38,125,0,0
BRDA:38,125,1,0
BRDA:40,143,0,0
BRDA:40,143,1,0
FN:45,System.Boolean Wangkanai.Detection.Services.EngineService::IsBlink(System.String)
FNDA:0,System.Boolean Wangkanai.Detection.Services.EngineService::IsBlink(System.String)
DA:46,0
DA:47,0
DA:48,0
DA:49,0
BRDA:47,8,0,0
BRDA:47,8,1,0
FN:51,System.Boolean Wangkanai.Detection.Services.EngineService::IsEdge(System.String,Wangkanai.Detection.Models.Platform)
FNDA:0,System.Boolean Wangkanai.Detection.Services.EngineService::IsEdge(System.String,Wangkanai.Detection.Models.Platform)
DA:52,0
DA:53,0
DA:54,0
DA:55,0
DA:56,0
BRDA:53,9,0,0
BRDA:53,23,0,0
BRDA:53,23,1,0
BRDA:53,9,1,0
FN:14,System.Void Wangkanai.Detection.Services.EngineService::.ctor(Wangkanai.Detection.Services.IUserAgentService,Wangkanai.Detection.Services.IPlatformService)
FNDA:0,System.Void Wangkanai.Detection.Services.EngineService::.ctor(Wangkanai.Detection.Services.IUserAgentService,Wangkanai.Detection.Services.IPlatformService)
DA:15,0
DA:16,0
DA:17,0
DA:18,0
DA:19,0
LF:34
LH:0
BRF:22
BRH:0
FNF:5
FNH:0
end_of_record
SF:/home/runner/work/wangkanai/wangkanai/Detection/src/Services/HttpContextService.cs
FN:8,Microsoft.AspNetCore.Http.HttpContext Wangkanai.Detection.Services.HttpContextService::get_Context()
FNDA:19,Microsoft.AspNetCore.Http.HttpContext Wangkanai.Detection.Services.HttpContextService::get_Context()
DA:9,19
FN:9,Microsoft.AspNetCore.Http.HttpRequest Wangkanai.Detection.Services.HttpContextService::get_Request()
FNDA:19,Microsoft.AspNetCore.Http.HttpRequest Wangkanai.Detection.Services.HttpContextService::get_Request()
DA:10,19
FN:11,System.Void Wangkanai.Detection.Services.HttpContextService::.ctor(Microsoft.AspNetCore.Http.IHttpContextAccessor)
FNDA:19,System.Void Wangkanai.Detection.Services.HttpContextService::.ctor(Microsoft.AspNetCore.Http.IHttpContextAccessor)
DA:12,19
DA:13,19
DA:14,19
DA:16,19
DA:17,19
BRDA:16,17,0,0
BRDA:16,17,1,19
BRDA:16,29,0,0
BRDA:16,29,1,19
LF:7
LH:7
BRF:4
BRH:2
FNF:3
FNH:3
end_of_record
SF:/home/runner/work/wangkanai/wangkanai/Detection/src/Services/PlatformService.cs
FN:23,Wangkanai.Detection.Models.Processor Wangkanai.Detection.Services.PlatformService::get_Processor()
FNDA:0,Wangkanai.Detection.Models.Processor Wangkanai.Detection.Services.PlatformService::get_Processor()
DA:24,0
BRDA:24,23,0,0
BRDA:24,23,1,0
FN:24,Wangkanai.Detection.Models.Platform Wangkanai.Detection.Services.PlatformService::get_Name()
FNDA:0,Wangkanai.Detection.Models.Platform Wangkanai.Detection.Services.PlatformService::get_Name()
DA:25,0
BRDA:25,23,0,0
BRDA:25,23,1,0
FN:25,System.Version Wangkanai.Detection.Services.PlatformService::get_Version()
FNDA:0,System.Version Wangkanai.Detection.Services.PlatformService::get_Version()
DA:26,0
BRDA:26,7,0,0
BRDA:26,7,1,0
FN:29,Wangkanai.Detection.Models.Platform Wangkanai.Detection.Services.PlatformService::GetPlatform()
FNDA:0,Wangkanai.Detection.Models.Platform Wangkanai.Detection.Services.PlatformService::GetPlatform()
DA:30,0
DA:31,0
DA:33,0
DA:34,0
DA:36,0
DA:37,0
DA:38,0
DA:39,0
DA:40,0
DA:41,0
DA:42,0
DA:43,0
DA:44,0
DA:45,0
DA:46,0
DA:47,0
DA:48,0
DA:49,0
DA:51,0
DA:52,0
BRDA:33,26,0,0
BRDA:33,26,1,0
BRDA:36,45,0,0
BRDA:36,45,1,0
BRDA:38,63,0,0
BRDA:38,63,1,0
BRDA:40,79,0,0
BRDA:40,79,1,0
BRDA:42,96,0,0
BRDA:42,96,1,0
BRDA:44,113,0,0
BRDA:44,113,1,0
BRDA:46,131,0,0
BRDA:46,131,1,0
BRDA:48,148,0,0
BRDA:48,148,1,0
FN:54,System.Version Wangkanai.Detection.Services.PlatformService::GetVersion()
FNDA:0,System.Version Wangkanai.Detection.Services.PlatformService::GetVersion()
DA:55,0
DA:56,0
DA:57,0
DA:58,0
DA:59,0
DA:60,0
DA:61,0
DA:62,0
DA:63,0
DA:64,0
DA:65,0
DA:66,0
DA:67,0
DA:68,0
DA:69,0
DA:70,0
BRDA:58,32,0,0
BRDA:58,37,0,0
BRDA:58,62,0,0
BRDA:58,32,1,0
BRDA:58,76,0,0
BRDA:58,83,0,0
BRDA:58,37,1,0
BRDA:58,93,1,0
BRDA:58,37,2,0
BRDA:58,83,1,0
BRDA:58,37,4,0
BRDA:58,62,1,0
BRDA:58,69,1,0
BRDA:58,76,1,0
BRDA:58,37,3,0
BRDA:58,69,0,0
BRDA:58,93,0,0
FN:72,Wangkanai.Detection.Models.Processor Wangkanai.Detection.Services.PlatformService::GetProcessor()
FNDA:0,Wangkanai.Detection.Models.Processor Wangkanai.Detection.Services.PlatformService::GetProcessor()
DA:73,0
DA:74,0
DA:75,0
DA:77,0
DA:78,0
DA:79,0
DA:80,0
DA:81,0
DA:82,0
DA:83,0
DA:84,0
DA:86,0
DA:87,0
BRDA:77,34,0,0
BRDA:77,34,1,0
BRDA:79,50,0,0
BRDA:79,50,1,0
BRDA:81,66,0,0
BRDA:81,66,1,0
BRDA:83,83,0,0
BRDA:83,83,1,0
FN:89,System.Boolean Wangkanai.Detection.Services.PlatformService::IsX86(System.String)
FNDA:0,System.Boolean Wangkanai.Detection.Services.PlatformService::IsX86(System.String)
DA:90,0
FN:92,System.Boolean Wangkanai.Detection.Services.PlatformService::IsX64(System.String)
FNDA:0,System.Boolean Wangkanai.Detection.Services.PlatformService::IsX64(System.String)
DA:93,0
FN:95,System.Boolean Wangkanai.Detection.Services.PlatformService::IsiOS(System.String)
FNDA:0,System.Boolean Wangkanai.Detection.Services.PlatformService::IsiOS(System.String)
DA:96,0
BRDA:96,11,0,0
BRDA:96,11,1,0
FN:98,System.Boolean Wangkanai.Detection.Services.PlatformService::IsiPadOS(System.String)
FNDA:0,System.Boolean Wangkanai.Detection.Services.PlatformService::IsiPadOS(System.String)
DA:99,0
BRDA:99,11,0,0
BRDA:99,11,1,0
FN:101,System.Boolean Wangkanai.Detection.Services.PlatformService::IsChromeOS(System.String)
FNDA:0,System.Boolean Wangkanai.Detection.Services.PlatformService::IsChromeOS(System.String)
DA:102,0
FN:104,System.Boolean Wangkanai.Detection.Services.PlatformService::IsArm(System.String,Wangkanai.Detection.Models.Platform)
FNDA:0,System.Boolean Wangkanai.Detection.Services.PlatformService::IsArm(System.String,Wangkanai.Detection.Models.Platform)
DA:105,0
DA:106,0
DA:107,0
BRDA:105,7,0,0
BRDA:105,7,1,0
BRDA:105,24,0,0
BRDA:105,28,0,0
BRDA:105,28,1,0
BRDA:105,35,1,0
BRDA:105,35,0,0
BRDA:105,24,1,0
FN:109,System.Boolean Wangkanai.Detection.Services.PlatformService::IsPowerPC(System.String,Wangkanai.Detection.Models.Platform)
FNDA:0,System.Boolean Wangkanai.Detection.Services.PlatformService::IsPowerPC(System.String,Wangkanai.Detection.Models.Platform)
DA:110,0
DA:111,0
BRDA:110,2,0,0
BRDA:110,2,1,0
FN:118,System.Version Wangkanai.Detection.Services.PlatformService::ParseOsVersion(System.String,System.String)
FNDA:0,System.Version Wangkanai.Detection.Services.PlatformService::ParseOsVersion(System.String,System.String)
DA:119,0
DA:120,0
DA:121,0
DA:122,0
DA:123,0
FN:125,System.String Wangkanai.Detection.Services.PlatformService::ReplaceUnderscore(System.String)
FNDA:0,System.String Wangkanai.Detection.Services.PlatformService::ReplaceUnderscore(System.String)
DA:126,0
FN:128,System.String Wangkanai.Detection.Services.PlatformService::AgentSourceParse(System.String,System.String)
FNDA:0,System.String Wangkanai.Detection.Services.PlatformService::AgentSourceParse(System.String,System.String)
DA:129,0
BRDA:129,8,0,0
BRDA:129,8,1,0
FN:131,System.String Wangkanai.Detection.Services.PlatformService::AgentSourceStart(System.String,System.String)
FNDA:0,System.String Wangkanai.Detection.Services.PlatformService::AgentSourceStart(System.String,System.String)
DA:132,0
DA:133,0
DA:134,0
DA:135,0
DA:136,0
DA:137,0
DA:138,0
DA:139,0
BRDA:132,35,0,0
BRDA:132,35,1,0
FN:18,System.Void Wangkanai.Detection.Services.PlatformService::.ctor(Wangkanai.Detection.Services.IUserAgentService)
FNDA:0,System.Void Wangkanai.Detection.Services.PlatformService::.ctor(Wangkanai.Detection.Services.IUserAgentService)
DA:19,0
DA:20,0
DA:21,0
DA:22,0
FN:114,System.Void Wangkanai.Detection.Services.PlatformService::.cctor()
FNDA:0,System.Void Wangkanai.Detection.Services.PlatformService::.cctor()
DA:115,0
DA:116,0
DA:142,0
DA:143,0
DA:144,0
DA:145,0
DA:146,0
DA:147,0
DA:148,0
DA:150,0
DA:151,0
DA:152,0
DA:153,0
DA:154,0
LF:95
LH:0
BRF:65
BRH:0
FNF:19
FNH:0
end_of_record
SF:/home/runner/work/wangkanai/wangkanai/Detection/src/Services/UserAgentService.cs
FN:13,Wangkanai.Detection.Models.UserAgent Wangkanai.Detection.Services.UserAgentService::get_UserAgent()
FNDA:19,Wangkanai.Detection.Models.UserAgent Wangkanai.Detection.Services.UserAgentService::get_UserAgent()
DA:14,19
FN:8,System.Void Wangkanai.Detection.Services.UserAgentService::.ctor(Wangkanai.Detection.Services.IHttpContextService)
FNDA:19,System.Void Wangkanai.Detection.Services.UserAgentService::.ctor(Wangkanai.Detection.Services.IHttpContextService)
DA:9,19
DA:10,19
DA:11,19
DA:12,19
BRDA:11,41,0,1
BRDA:11,41,1,19
LF:5
LH:5
BRF:2
BRH:2
FNF:2
FNH:2
end_of_record
SF:/home/runner/work/wangkanai/wangkanai/Detection/src/Models/UserAgent.cs
FN:28,System.String Wangkanai.Detection.Models.UserAgent::ToString()
FNDA:0,System.String Wangkanai.Detection.Models.UserAgent::ToString()
DA:29,0
DA:30,0
DA:31,0
FN:34,System.String Wangkanai.Detection.Models.UserAgent::ToLower()
FNDA:30,System.String Wangkanai.Detection.Models.UserAgent::ToLower()
DA:35,30
DA:36,30
DA:37,30
FN:40,System.Int32 Wangkanai.Detection.Models.UserAgent::Length()
FNDA:0,System.Int32 Wangkanai.Detection.Models.UserAgent::Length()
DA:41,0
DA:42,0
DA:43,0
FN:12,System.Void Wangkanai.Detection.Models.UserAgent::.ctor()
FNDA:30,System.Void Wangkanai.Detection.Models.UserAgent::.ctor()
DA:13,30
DA:14,30
DA:15,30
DA:16,30
DA:17,30
DA:18,30
FN:19,System.Void Wangkanai.Detection.Models.UserAgent::.ctor(System.String)
FNDA:30,System.Void Wangkanai.Detection.Models.UserAgent::.ctor(System.String)
DA:20,30
DA:21,30
DA:22,30
DA:23,30
DA:24,30
DA:25,30
BRDA:22,11,0,2
BRDA:22,11,1,30
LF:21
LH:15
BRF:2
BRH:2
FNF:5
FNH:3
end_of_record
SF:/home/runner/work/wangkanai/wangkanai/Detection/src/Extensions/KmpPrefixTrie.cs
FN:72,System.Boolean Wangkanai.Detection.Extensions.KmpPrefixTrie::ContainsWithAnyIn(System.ReadOnlySpan`1<System.Char>)
FNDA:45,System.Boolean Wangkanai.Detection.Extensions.KmpPrefixTrie::ContainsWithAnyIn(System.ReadOnlySpan`1<System.Char>)
DA:73,45
DA:74,45
DA:75,45
DA:76,45
DA:78,348
DA:79,306
DA:80,306
DA:82,306
DA:83,198
DA:85,108
DA:87,306
DA:88,114
DA:89,114
DA:90,114
DA:91,114
DA:92,3
DA:93,111
DA:95,192
DA:96,192
DA:97,192
DA:98,144
DA:99,144
DA:100,144
DA:101,144
DA:102,192
DA:103,303
DA:105,42
DA:106,45
BRDA:78,182,1,306
BRDA:82,35,0,306
BRDA:82,46,0,222
BRDA:82,35,1,84
BRDA:82,46,1,84
BRDA:82,73,0,198
BRDA:82,73,1,108
BRDA:87,106,0,114
BRDA:91,132,0,3
BRDA:91,132,1,111
BRDA:87,106,1,192
BRDA:97,160,0,144
BRDA:97,160,1,192
BRDA:78,182,0,42
FN:108,System.Boolean Wangkanai.Detection.Extensions.KmpPrefixTrie::StartsWithAnyIn(System.ReadOnlySpan`1<System.Char>)
FNDA:24,System.Boolean Wangkanai.Detection.Extensions.KmpPrefixTrie::StartsWithAnyIn(System.ReadOnlySpan`1<System.Char>)
DA:109,24
DA:110,24
DA:111,24
DA:112,24
DA:114,72
DA:115,72
DA:116,72
DA:118,72
DA:119,12
DA:120,60
DA:121,12
DA:123,48
DA:124,48
DA:126,0
DA:127,24
BRDA:114,88,1,72
BRDA:118,40,0,12
BRDA:118,40,1,60
BRDA:120,48,0,60
BRDA:120,48,1,0
BRDA:120,66,0,12
BRDA:120,66,1,48
BRDA:114,88,0,0
FN:128,System.Boolean Wangkanai.Detection.Extensions.KmpPrefixTrie::get_IsEnd()
FNDA:0,System.Boolean Wangkanai.Detection.Extensions.KmpPrefixTrie::get_IsEnd()
DA:129,0
FN:132,Wangkanai.Detection.Extensions.KmpPrefixTrie Wangkanai.Detection.Extensions.KmpPrefixTrie::GetNext(System.Char)
FNDA:702,Wangkanai.Detection.Extensions.KmpPrefixTrie Wangkanai.Detection.Extensions.KmpPrefixTrie::GetNext(System.Char)
DA:133,702
DA:134,702
DA:135,0
DA:137,702
DA:138,0
DA:140,702
DA:141,702
BRDA:134,14,0,0
BRDA:134,14,1,702
BRDA:137,29,0,702
BRDA:137,29,1,0
BRDA:137,57,0,0
BRDA:137,57,1,702
FN:144,System.Boolean Wangkanai.Detection.Extensions.KmpPrefixTrie::HasNext(System.Char)
FNDA:632,System.Boolean Wangkanai.Detection.Extensions.KmpPrefixTrie::HasNext(System.Char)
DA:145,632
DA:146,632
DA:147,0
DA:149,632
DA:150,270
DA:152,362
DA:153,632
BRDA:146,14,0,0
BRDA:146,14,1,632
BRDA:149,29,0,447
BRDA:149,29,1,185
BRDA:149,57,0,270
BRDA:149,57,1,362
BRDA:152,79,0,154
BRDA:152,79,1,208
FN:155,System.Void Wangkanai.Detection.Extensions.KmpPrefixTrie::BuildKmpTable(Wangkanai.Detection.Extensions.KmpPrefixTrie,Wangkanai.Detection.Extensions.KmpPrefixTrie,Wangkanai.Detection.Extensions.KmpPrefixTrie)
FNDA:430,System.Void Wangkanai.Detection.Extensions.KmpPrefixTrie::BuildKmpTable(Wangkanai.Detection.Extensions.KmpPrefixTrie,Wangkanai.Detection.Extensions.KmpPrefixTrie,Wangkanai.Detection.Extensions.KmpPrefixTrie)
DA:156,430
DA:157,430
DA:158,0
DA:160,430
DA:161,0
DA:162,0
DA:163,0
DA:166,430
DA:167,120
DA:169,2076
DA:170,393
DA:171,393
DA:172,393
DA:173,393
DA:174,184
DA:176,209
DA:177,209
DA:178,432
DA:179,223
DA:180,209
DA:182,393
DA:183,393
DA:184,393
DA:185,393
DA:186,430
BRDA:157,9,1,430
BRDA:160,24,0,0
BRDA:160,24,1,430
BRDA:166,55,0,120
BRDA:166,55,1,430
BRDA:169,229,1,393
BRDA:173,111,0,184
BRDA:173,111,1,209
BRDA:178,173,1,223
BRDA:178,152,0,239
BRDA:178,152,1,193
BRDA:178,173,0,209
BRDA:182,178,0,193
BRDA:182,178,1,200
BRDA:182,193,0,193
BRDA:182,193,1,393
BRDA:169,229,0,430
BRDA:157,9,0,430
FN:22,System.Void Wangkanai.Detection.Extensions.KmpPrefixTrie::.ctor(System.String[])
FNDA:9,System.Void Wangkanai.Detection.Extensions.KmpPrefixTrie::.ctor(System.String[])
DA:23,9
FN:32,System.Void Wangkanai.Detection.Extensions.KmpPrefixTrie::.ctor(System.String[],System.Int32)
FNDA:433,System.Void Wangkanai.Detection.Extensions.KmpPrefixTrie::.ctor(System.String[],System.Int32)
DA:33,433
DA:34,433
DA:35,433
DA:36,893
DA:37,430
DA:39,433
DA:40,433
DA:41,120
DA:42,120
DA:43,120
DA:44,120
DA:47,898
DA:48,898
DA:50,313
DA:51,313
DA:53,2384
DA:54,743
DA:55,430
DA:56,430
DA:57,430
DA:58,1013
DA:59,120
DA:61,310
DA:62,430
DA:64,313
DA:65,3
DA:66,3
DA:67,83
DA:68,37
DA:69,3
DA:70,433
BRDA:35,32,0,430
BRDA:36,35,0,120
BRDA:36,35,1,310
BRDA:35,32,1,433
BRDA:40,86,0,120
BRDA:40,86,1,313
BRDA:53,178,0,313
BRDA:53,178,1,313
BRDA:53,410,1,430
BRDA:58,312,0,313
BRDA:58,312,1,430
BRDA:58,347,0,120
BRDA:58,347,1,310
BRDA:53,410,0,313
BRDA:64,443,0,3
BRDA:67,501,1,37
BRDA:67,501,0,3
BRDA:64,443,1,433
LF:115
LH:106
BRF:72
BRH:65
FNF:8
FNH:7
end_of_record
SF:/home/runner/work/wangkanai/wangkanai/Detection/src/Extensions/PrefixTrie.cs
FN:52,System.Boolean Wangkanai.Detection.Extensions.PrefixTrie::get_IsEnd()
FNDA:0,System.Boolean Wangkanai.Detection.Extensions.PrefixTrie::get_IsEnd()
DA:53,0
BRDA:53,7,0,0
BRDA:53,7,1,0
FN:55,System.Boolean Wangkanai.Detection.Extensions.PrefixTrie::StartsWithAnyIn(System.ReadOnlySpan`1<System.Char>)
FNDA:0,System.Boolean Wangkanai.Detection.Extensions.PrefixTrie::StartsWithAnyIn(System.ReadOnlySpan`1<System.Char>)
DA:56,0
DA:57,0
DA:59,0
DA:60,0
DA:62,0
DA:63,0
DA:64,0
DA:66,0
DA:67,0
DA:69,0
DA:70,0
DA:72,0
DA:73,0
DA:75,0
DA:77,0
DA:78,0
DA:80,0
DA:81,0
DA:83,0
DA:84,0
BRDA:59,15,0,0
BRDA:59,15,1,0
BRDA:59,29,0,0
BRDA:62,202,1,0
BRDA:66,58,0,0
BRDA:66,58,1,0
BRDA:66,71,0,0
BRDA:66,71,1,0
BRDA:72,105,0,0
BRDA:72,105,1,0
BRDA:72,127,0,0
BRDA:72,127,1,0
BRDA:77,158,0,0
BRDA:77,158,1,0
BRDA:59,29,1,0
BRDA:62,202,0,0
FN:86,System.Boolean Wangkanai.Detection.Extensions.PrefixTrie::ContainsWithAnyIn(System.ReadOnlySpan`1<System.Char>)
FNDA:0,System.Boolean Wangkanai.Detection.Extensions.PrefixTrie::ContainsWithAnyIn(System.ReadOnlySpan`1<System.Char>)
DA:87,0
DA:88,0
DA:89,0
DA:90,0
DA:91,0
DA:92,0
DA:94,0
DA:95,0
DA:97,0
DA:98,0
DA:100,0
DA:101,0
BRDA:88,69,1,0
BRDA:94,24,0,0
BRDA:94,24,1,0
BRDA:88,69,0,0
FN:103,System.Boolean Wangkanai.Detection.Extensions.PrefixTrie::SearchCurrentSource(Wangkanai.Detection.Extensions.PrefixTrie,System.ReadOnlySpan`1<System.Char>)
FNDA:0,System.Boolean Wangkanai.Detection.Extensions.PrefixTrie::SearchCurrentSource(Wangkanai.Detection.Extensions.PrefixTrie,System.ReadOnlySpan`1<System.Char>)
DA:104,0
DA:105,0
DA:107,0
DA:108,0
DA:110,0
DA:111,0
DA:112,0
DA:114,0
DA:115,0
DA:116,0
DA:117,0
DA:120,0
DA:121,0
DA:123,0
DA:124,0
DA:125,0
DA:126,0
DA:129,0
DA:131,0
DA:132,0
DA:133,0
DA:134,0
DA:137,0
DA:138,0
DA:140,0
DA:141,0
BRDA:107,10,0,0
BRDA:107,10,1,0
BRDA:107,24,0,0
BRDA:110,201,1,0
BRDA:114,53,0,0
BRDA:114,53,1,0
BRDA:114,66,0,0
BRDA:114,66,1,0
BRDA:123,101,0,0
BRDA:123,101,1,0
BRDA:123,123,0,0
BRDA:123,123,1,0
BRDA:131,156,0,0
BRDA:131,156,1,0
BRDA:107,24,1,0
BRDA:110,201,0,0
FN:143,System.Collections.Generic.IEnumerable`1<System.ValueTuple`2<System.Char,System.Linq.IGrouping`2<System.Char,System.String>>> Wangkanai.Detection.Extensions.PrefixTrie::KeywordsGroupByCharAtPosition(System.Collections.Generic.IEnumerable`1<System.String>,System.Int32)
FNDA:0,System.Collections.Generic.IEnumerable`1<System.ValueTuple`2<System.Char,System.Linq.IGrouping`2<System.Char,System.String>>> Wangkanai.Detection.Extensions.PrefixTrie::KeywordsGroupByCharAtPosition(System.Collections.Generic.IEnumerable`1<System.String>,System.Int32)
DA:144,0
DA:145,0
FN:16,System.Void Wangkanai.Detection.Extensions.PrefixTrie::.ctor(System.String[])
FNDA:0,System.Void Wangkanai.Detection.Extensions.PrefixTrie::.ctor(System.String[])
DA:17,0
FN:25,System.Void Wangkanai.Detection.Extensions.PrefixTrie::.ctor(System.String[],System.Int32)
FNDA:0,System.Void Wangkanai.Detection.Extensions.PrefixTrie::.ctor(System.String[],System.Int32)
DA:26,0
DA:27,0
DA:28,0
DA:29,0
DA:31,0
DA:32,0
DA:33,0
DA:34,0
DA:35,0
DA:38,0
DA:39,0
DA:41,0
DA:42,0
DA:44,0
DA:45,0
DA:46,0
DA:47,0
DA:48,0
DA:49,0
DA:50,0
DA:51,0
BRDA:27,25,0,0
BRDA:28,28,0,0
BRDA:28,28,1,0
BRDA:27,25,1,0
BRDA:31,68,0,0
BRDA:31,68,1,0
BRDA:44,305,1,0
BRDA:47,228,0,0
BRDA:47,228,1,0
BRDA:47,259,0,0
BRDA:47,259,1,0
BRDA:44,305,0,0
LF:83
LH:0
BRF:50
BRH:0
FNF:7
FNH:0
end_of_record
SF:/home/runner/work/wangkanai/wangkanai/Detection/src/Extensions/SearchExtensions.cs
FN:7,System.Boolean Wangkanai.Detection.Extensions.SearchExtensions::SearchStartsWith(System.String,Wangkanai.Detection.Extensions.IPrefixTrie)
FNDA:24,System.Boolean Wangkanai.Detection.Extensions.SearchExtensions::SearchStartsWith(System.String,Wangkanai.Detection.Extensions.IPrefixTrie)
DA:8,24
FN:10,System.Boolean Wangkanai.Detection.Extensions.SearchExtensions::SearchStartsWith(System.ReadOnlySpan`1<System.Char>,Wangkanai.Detection.Extensions.IPrefixTrie)
FNDA:24,System.Boolean Wangkanai.Detection.Extensions.SearchExtensions::SearchStartsWith(System.ReadOnlySpan`1<System.Char>,Wangkanai.Detection.Extensions.IPrefixTrie)
DA:11,24
FN:13,System.Boolean Wangkanai.Detection.Extensions.SearchExtensions::SearchContains(System.String,Wangkanai.Detection.Extensions.IPrefixTrie)
FNDA:45,System.Boolean Wangkanai.Detection.Extensions.SearchExtensions::SearchContains(System.String,Wangkanai.Detection.Extensions.IPrefixTrie)
DA:14,45
FN:16,System.Boolean Wangkanai.Detection.Extensions.SearchExtensions::SearchContains(System.ReadOnlySpan`1<System.Char>,Wangkanai.Detection.Extensions.IPrefixTrie)
FNDA:45,System.Boolean Wangkanai.Detection.Extensions.SearchExtensions::SearchContains(System.ReadOnlySpan`1<System.Char>,Wangkanai.Detection.Extensions.IPrefixTrie)
DA:17,45
FN:19,Wangkanai.Detection.Extensions.KmpPrefixTrie Wangkanai.Detection.Extensions.SearchExtensions::BuildSearchTrie(System.String[])
FNDA:3,Wangkanai.Detection.Extensions.KmpPrefixTrie Wangkanai.Detection.Extensions.SearchExtensions::BuildSearchTrie(System.String[])
DA:20,3
FN:22,Wangkanai.Detection.Extensions.KmpPrefixTrie Wangkanai.Detection.Extensions.SearchExtensions::BuildSearchTrie(System.Collections.Generic.IEnumerable`1<System.String>)
FNDA:0,Wangkanai.Detection.Extensions.KmpPrefixTrie Wangkanai.Detection.Extensions.SearchExtensions::BuildSearchTrie(System.Collections.Generic.IEnumerable`1<System.String>)
DA:23,0
FN:25,Wangkanai.Detection.Extensions.PrefixTrie Wangkanai.Detection.Extensions.SearchExtensions::BuildLegacySearchTrie(System.String[])
FNDA:0,Wangkanai.Detection.Extensions.PrefixTrie Wangkanai.Detection.Extensions.SearchExtensions::BuildLegacySearchTrie(System.String[])
DA:26,0
FN:28,Wangkanai.Detection.Extensions.PrefixTrie Wangkanai.Detection.Extensions.SearchExtensions::BuildLegacySearchTrie(System.Collections.Generic.IEnumerable`1<System.String>)
FNDA:0,Wangkanai.Detection.Extensions.PrefixTrie Wangkanai.Detection.Extensions.SearchExtensions::BuildLegacySearchTrie(System.Collections.Generic.IEnumerable`1<System.String>)
DA:29,0
LF:8
LH:5
BRF:0
BRH:0
FNF:8
FNH:5
end_of_record
SF:/home/runner/work/wangkanai/wangkanai/Detection/src/Extensions/UserAgentExtensions.cs
FN:10,System.Boolean Wangkanai.Detection.Extensions.UserAgentExtensions::IsNullOrEmpty(Wangkanai.Detection.Models.UserAgent)
FNDA:0,System.Boolean Wangkanai.Detection.Extensions.UserAgentExtensions::IsNullOrEmpty(Wangkanai.Detection.Models.UserAgent)
DA:11,0
FN:13,System.Boolean Wangkanai.Detection.Extensions.UserAgentExtensions::Contains(Wangkanai.Detection.Models.UserAgent,System.String)
FNDA:0,System.Boolean Wangkanai.Detection.Extensions.UserAgentExtensions::Contains(Wangkanai.Detection.Models.UserAgent,System.String)
DA:14,0
DA:15,0
DA:16,0
BRDA:14,6,0,0
BRDA:14,14,0,0
BRDA:14,6,1,0
BRDA:14,14,1,0
FN:18,System.Boolean Wangkanai.Detection.Extensions.UserAgentExtensions::Contains(Wangkanai.Detection.Models.UserAgent,System.String[])
FNDA:0,System.Boolean Wangkanai.Detection.Extensions.UserAgentExtensions::Contains(Wangkanai.Detection.Models.UserAgent,System.String[])
DA:19,0
DA:20,0
DA:21,0
BRDA:19,6,0,0
BRDA:19,10,0,0
BRDA:19,6,1,0
BRDA:19,10,1,0
FN:23,System.Boolean Wangkanai.Detection.Extensions.UserAgentExtensions::Contains(Wangkanai.Detection.Models.UserAgent,T)
[...]
DA:208,0
DA:209,0
DA:210,0
DA:212,0
DA:213,0
BRDA:209,26,1,0
BRDA:209,26,0,0
FN:219,System.Void Wangkanai.Collections.RandomAccessQueue`1::Enqueue(T)
FNDA:0,System.Void Wangkanai.Collections.RandomAccessQueue`1::Enqueue(T)
DA:220,0
FN:227,System.Void Wangkanai.Collections.RandomAccessQueue`1::Enqueue(T,System.Int32)
FNDA:0,System.Void Wangkanai.Collections.RandomAccessQueue`1::Enqueue(T,System.Int32)
DA:228,0
DA:229,0
DA:230,0
DA:231,0
DA:232,0
DA:233,0
DA:235,0
DA:236,0
DA:238,0
DA:239,0
DA:240,0
DA:242,0
DA:243,0
BRDA:229,17,0,0
BRDA:229,17,1,0
BRDA:238,109,1,0
BRDA:238,109,0,0
FN:250,T Wangkanai.Collections.RandomAccessQueue`1::Dequeue()
FNDA:0,T Wangkanai.Collections.RandomAccessQueue`1::Dequeue()
DA:251,0
DA:252,0
DA:253,0
DA:255,0
DA:256,0
DA:258,0
DA:259,0
DA:260,0
DA:262,0
DA:263,0
DA:264,0
BRDA:252,12,0,0
BRDA:252,12,1,0
BRDA:259,80,0,0
BRDA:259,80,1,0
FN:271,System.Void Wangkanai.Collections.RandomAccessQueue`1::Resize(System.Int32,System.Int32)
FNDA:0,System.Void Wangkanai.Collections.RandomAccessQueue`1::Resize(System.Int32,System.Int32)
DA:272,0
DA:273,0
DA:274,0
DA:275,0
DA:278,0
DA:279,0
DA:280,0
DA:281,0
DA:282,0
DA:284,0
DA:285,0
DA:286,0
DA:287,0
DA:289,0
DA:290,0
DA:291,0
DA:293,0
DA:294,0
DA:295,0
DA:297,0
DA:298,0
DA:299,0
DA:300,0
DA:302,0
DA:303,0
DA:304,0
DA:305,0
DA:306,0
DA:307,0
DA:308,0
DA:310,0
DA:311,0
DA:312,0
BRDA:274,14,0,0
BRDA:278,47,0,0
BRDA:278,47,1,0
BRDA:274,14,1,0
BRDA:297,239,1,0
BRDA:299,156,0,0
BRDA:299,156,1,0
BRDA:305,213,0,0
BRDA:305,213,1,0
BRDA:297,239,0,0
FN:319,T Wangkanai.Collections.RandomAccessQueue`1::RemoveAt(System.Int32)
FNDA:0,T Wangkanai.Collections.RandomAccessQueue`1::RemoveAt(System.Int32)
DA:320,0
DA:321,0
DA:323,0
DA:324,0
DA:326,0
DA:328,0
DA:329,0
DA:330,0
DA:331,0
DA:332,0
DA:335,0
DA:336,0
DA:337,0
DA:338,0
DA:339,0
DA:340,0
DA:342,0
DA:343,0
DA:345,0
DA:346,0
DA:347,0
DA:348,0
DA:349,0
DA:351,0
DA:352,0
DA:353,0
DA:354,0
BRDA:323,21,0,0
BRDA:323,21,1,0
BRDA:328,56,0,0
BRDA:328,56,1,0
BRDA:335,121,0,0
BRDA:335,121,1,0
FN:356,System.Collections.IEnumerator Wangkanai.Collections.RandomAccessQueue`1::System.Collections.IEnumerable.GetEnumerator()
FNDA:0,System.Collections.IEnumerator Wangkanai.Collections.RandomAccessQueue`1::System.Collections.IEnumerable.GetEnumerator()
DA:357,0
FN:374,System.Int32 Wangkanai.Collections.RandomAccessQueue`1::BinarySearch(T)
FNDA:0,System.Int32 Wangkanai.Collections.RandomAccessQueue`1::BinarySearch(T)
DA:375,0
DA:376,0
DA:377,0
DA:378,0
DA:380,0
DA:382,0
DA:383,0
DA:385,0
DA:386,0
DA:388,0
DA:389,0
DA:390,0
DA:391,0
DA:392,0
BRDA:376,25,0,0
BRDA:377,33,0,0
BRDA:377,33,1,0
BRDA:377,65,0,0
BRDA:377,65,1,0
BRDA:376,25,1,0
BRDA:385,122,0,0
BRDA:385,122,1,0
BRDA:390,20,0,0
BRDA:390,20,1,0
FN:394,System.Int32 Wangkanai.Collections.RandomAccessQueue`1::BinarySearch(T,System.Comparison`1<T>)
FNDA:0,System.Int32 Wangkanai.Collections.RandomAccessQueue`1::BinarySearch(T,System.Comparison`1<T>)
DA:395,0
FN:397,System.Int32 Wangkanai.Collections.RandomAccessQueue`1::BinarySearch(T,System.Func`3<T,T,System.Int32>)
FNDA:0,System.Int32 Wangkanai.Collections.RandomAccessQueue`1::BinarySearch(T,System.Func`3<T,T,System.Int32>)
DA:398,0
FN:400,System.Int32 Wangkanai.Collections.RandomAccessQueue`1::BinarySearch(T,System.Collections.Generic.IComparer`1<T>)
FNDA:0,System.Int32 Wangkanai.Collections.RandomAccessQueue`1::BinarySearch(T,System.Collections.Generic.IComparer`1<T>)
DA:401,0
DA:402,0
DA:404,0
DA:405,0
DA:407,0
DA:408,0
BRDA:404,51,0,0
BRDA:404,51,1,0
FN:410,System.Int32 Wangkanai.Collections.RandomAccessQueue`1::BinarySearch(System.Func`2<System.Int32,System.Int32>)
FNDA:0,System.Int32 Wangkanai.Collections.RandomAccessQueue`1::BinarySearch(System.Func`2<System.Int32,System.Int32>)
DA:411,0
DA:412,0
DA:413,0
DA:415,0
DA:416,0
DA:417,0
DA:418,0
DA:420,0
DA:421,0
DA:422,0
DA:423,0
DA:424,0
DA:425,0
DA:426,0
DA:428,0
DA:429,0
BRDA:415,84,1,0
BRDA:420,37,0,0
BRDA:420,37,1,0
BRDA:422,52,0,0
BRDA:422,52,1,0
BRDA:424,66,0,0
BRDA:424,66,1,0
BRDA:415,84,0,0
FN:45,System.Void Wangkanai.Collections.RandomAccessQueue`1::.ctor()
FNDA:0,System.Void Wangkanai.Collections.RandomAccessQueue`1::.ctor()
DA:46,0
FN:40,System.Void Wangkanai.Collections.RandomAccessQueue`1::.ctor(System.Int32)
FNDA:0,System.Void Wangkanai.Collections.RandomAccessQueue`1::.ctor(System.Int32)
DA:41,0
DA:52,0
DA:53,0
FN:60,System.Void Wangkanai.Collections.RandomAccessQueue`1::.ctor(T[],System.Int32,System.Int32)
FNDA:0,System.Void Wangkanai.Collections.RandomAccessQueue`1::.ctor(T[],System.Int32,System.Int32)
DA:61,0
DA:62,0
DA:63,0
DA:64,0
DA:65,0
DA:66,0
FN:359,System.Boolean Wangkanai.Collections.RandomAccessQueue`1/<GetEnumerator>d__37::MoveNext()
FNDA:0,System.Boolean Wangkanai.Collections.RandomAccessQueue`1/<GetEnumerator>d__37::MoveNext()
DA:360,0
DA:361,0
DA:363,0
DA:364,0
DA:365,0
DA:367,0
DA:368,0
DA:369,0
DA:370,0
BRDA:363,173,1,0
BRDA:367,122,0,0
BRDA:367,122,1,0
BRDA:363,173,0,0
LF:218
LH:0
BRF:74
BRH:0
FNF:31
FNH:0
end_of_record
SF:/home/runner/work/wangkanai/wangkanai/System/src/Collections/Range.cs
FN:13,T Wangkanai.Collections.Range`1::get_Start()
FNDA:0,T Wangkanai.Collections.Range`1::get_Start()
DA:14,0
FN:18,T Wangkanai.Collections.Range`1::get_End()
FNDA:0,T Wangkanai.Collections.Range`1::get_End()
DA:19,0
FN:23,System.Collections.Generic.IComparer`1<T> Wangkanai.Collections.Range`1::get_Comparer()
FNDA:0,System.Collections.Generic.IComparer`1<T> Wangkanai.Collections.Range`1::get_Comparer()
DA:24,0
FN:28,System.Boolean Wangkanai.Collections.Range`1::get_IncludesStart()
FNDA:0,System.Boolean Wangkanai.Collections.Range`1::get_IncludesStart()
DA:29,0
FN:33,System.Boolean Wangkanai.Collections.Range`1::get_IncludesEnd()
FNDA:0,System.Boolean Wangkanai.Collections.Range`1::get_IncludesEnd()
DA:34,0
FN:61,Wangkanai.Collections.Range`1<T> Wangkanai.Collections.Range`1::ExcludeEnd()
FNDA:0,Wangkanai.Collections.Range`1<T> Wangkanai.Collections.Range`1::ExcludeEnd()
DA:62,0
DA:63,0
DA:64,0
BRDA:62,6,0,0
BRDA:62,6,1,0
FN:70,Wangkanai.Collections.Range`1<T> Wangkanai.Collections.Range`1::ExcludeStart()
FNDA:0,Wangkanai.Collections.Range`1<T> Wangkanai.Collections.Range`1::ExcludeStart()
DA:71,0
DA:72,0
DA:73,0
BRDA:71,6,0,0
BRDA:71,6,1,0
FN:79,Wangkanai.Collections.Range`1<T> Wangkanai.Collections.Range`1::IncludeEnd()
FNDA:0,Wangkanai.Collections.Range`1<T> Wangkanai.Collections.Range`1::IncludeEnd()
DA:80,0
DA:81,0
DA:82,0
BRDA:80,6,0,0
BRDA:80,6,1,0
FN:88,Wangkanai.Collections.Range`1<T> Wangkanai.Collections.Range`1::IncludeStart()
FNDA:0,Wangkanai.Collections.Range`1<T> Wangkanai.Collections.Range`1::IncludeStart()
DA:89,0
DA:90,0
DA:91,0
BRDA:89,6,0,0
BRDA:89,6,1,0
FN:96,System.Boolean Wangkanai.Collections.Range`1::Contains(T)
FNDA:0,System.Boolean Wangkanai.Collections.Range`1::Contains(T)
DA:97,0
DA:98,0
DA:99,0
DA:100,0
DA:102,0
DA:104,0
DA:105,0
DA:107,0
DA:108,0
BRDA:99,22,0,0
BRDA:99,25,0,0
BRDA:99,25,1,0
BRDA:99,22,1,0
BRDA:99,44,0,0
BRDA:99,44,1,0
BRDA:104,71,0,0
BRDA:104,74,0,0
BRDA:104,74,1,0
BRDA:104,71,1,0
BRDA:104,92,0,0
BRDA:104,92,1,0
FN:115,Wangkanai.Collections.RangeIterator`1<T> Wangkanai.Collections.Range`1::FromStart(System.Func`2<T,T>)
FNDA:0,Wangkanai.Collections.RangeIterator`1<T> Wangkanai.Collections.Range`1::FromStart(System.Func`2<T,T>)
DA:116,0
FN:123,Wangkanai.Collections.RangeIterator`1<T> Wangkanai.Collections.Range`1::FromEnd(System.Func`2<T,T>)
FNDA:0,Wangkanai.Collections.RangeIterator`1<T> Wangkanai.Collections.Range`1::FromEnd(System.Func`2<T,T>)
DA:124,0
FN:133,Wangkanai.Collections.RangeIterator`1<T> Wangkanai.Collections.Range`1::Step(System.Func`2<T,T>)
FNDA:0,Wangkanai.Collections.RangeIterator`1<T> Wangkanai.Collections.Range`1::Step(System.Func`2<T,T>)
DA:134,0
DA:135,0
DA:137,0
DA:139,0
DA:140,0
BRDA:139,42,0,0
BRDA:139,42,1,0
FN:39,System.Void Wangkanai.Collections.Range`1::.ctor(T,T)
FNDA:0,System.Void Wangkanai.Collections.Range`1::.ctor(T,T)
DA:40,0
FN:44,System.Void Wangkanai.Collections.Range`1::.ctor(T,T,System.Collections.Generic.IComparer`1<T>,System.Boolean,System.Boolean)
FNDA:0,System.Void Wangkanai.Collections.Range`1::.ctor(T,T,System.Collections.Generic.IComparer`1<T>,System.Boolean,System.Boolean)
DA:45,0
DA:46,0
DA:47,0
DA:48,0
DA:50,0
DA:51,0
DA:52,0
DA:53,0
DA:54,0
DA:55,0
BRDA:47,21,0,0
BRDA:47,21,1,0
LF:44
LH:0
BRF:24
BRH:0
FNF:15
FNH:0
end_of_record
SF:/home/runner/work/wangkanai/wangkanai/System/src/Collections/RangeIterator.cs
FN:14,Wangkanai.Collections.Range`1<T> Wangkanai.Collections.RangeIterator`1::get_Range()
FNDA:0,Wangkanai.Collections.Range`1<T> Wangkanai.Collections.RangeIterator`1::get_Range()
DA:15,0
FN:19,System.Func`2<T,T> Wangkanai.Collections.RangeIterator`1::get_Step()
FNDA:0,System.Func`2<T,T> Wangkanai.Collections.RangeIterator`1::get_Step()
DA:20,0
FN:24,System.Boolean Wangkanai.Collections.RangeIterator`1::get_Ascending()
FNDA:0,System.Boolean Wangkanai.Collections.RangeIterator`1::get_Ascending()
DA:25,0
FN:74,System.Collections.IEnumerator Wangkanai.Collections.RangeIterator`1::System.Collections.IEnumerable.GetEnumerator()
FNDA:0,System.Collections.IEnumerator Wangkanai.Collections.RangeIterator`1::System.Collections.IEnumerable.GetEnumerator()
DA:75,0
FN:29,System.Void Wangkanai.Collections.RangeIterator`1::.ctor(Wangkanai.Collections.Range`1<T>,System.Func`2<T,T>,System.Boolean)
FNDA:0,System.Void Wangkanai.Collections.RangeIterator`1::.ctor(Wangkanai.Collections.Range`1<T>,System.Func`2<T,T>,System.Boolean)
DA:30,0
DA:31,0
DA:32,0
DA:34,0
DA:35,0
DA:36,0
DA:38,0
DA:39,0
DA:40,0
DA:41,0
BRDA:34,16,0,0
BRDA:34,16,1,0
BRDA:34,48,0,0
BRDA:34,51,0,0
BRDA:34,51,1,0
BRDA:34,48,1,0
BRDA:34,96,0,0
BRDA:34,96,1,0
FN:46,System.Boolean Wangkanai.Collections.RangeIterator`1/<GetEnumerator>d__10::MoveNext()
FNDA:0,System.Boolean Wangkanai.Collections.RangeIterator`1/<GetEnumerator>d__10::MoveNext()
DA:47,0
DA:48,0
DA:49,0
DA:51,0
DA:52,0
DA:53,0
DA:55,0
DA:57,0
DA:58,0
DA:60,0
DA:62,0
DA:63,0
DA:64,0
DA:65,0
DA:66,0
DA:68,0
DA:69,0
DA:70,0
BRDA:48,70,0,0
BRDA:48,70,1,0
BRDA:49,123,0,0
BRDA:49,123,1,0
BRDA:51,176,0,0
BRDA:51,176,1,0
BRDA:52,229,0,0
BRDA:52,229,1,0
BRDA:53,282,0,0
BRDA:53,282,1,0
BRDA:57,348,0,0
BRDA:57,356,0,0
BRDA:57,356,1,0
BRDA:57,348,1,0
BRDA:57,392,0,0
BRDA:57,392,1,0
BRDA:62,538,1,0
BRDA:62,538,0,0
BRDA:68,546,0,0
BRDA:68,546,1,0
BRDA:68,581,0,0
BRDA:68,581,1,0
LF:32
LH:0
BRF:30
BRH:0
FNF:6
FNH:0
end_of_record
SF:/home/runner/work/wangkanai/wangkanai/System/src/Collections/ReverseComparer.cs
FN:13,System.Collections.Generic.IComparer`1<T> Wangkanai.Collections.ReverseComparer`1::get_Original()
FNDA:0,System.Collections.Generic.IComparer`1<T> Wangkanai.Collections.ReverseComparer`1::get_Original()
DA:14,0
FN:34,System.Int32 Wangkanai.Collections.ReverseComparer`1::Compare(T,T)
FNDA:0,System.Int32 Wangkanai.Collections.ReverseComparer`1::Compare(T,T)
DA:35,0
FN:19,System.Void Wangkanai.Collections.ReverseComparer`1::.ctor(System.Collections.Generic.IComparer`1<T>)
FNDA:0,System.Void Wangkanai.Collections.ReverseComparer`1::.ctor(System.Collections.Generic.IComparer`1<T>)
DA:20,0
LF:3
LH:0
BRF:0
BRH:0
FNF:3
FNH:0
end_of_record
SF:/home/runner/work/wangkanai/wangkanai/System/src/Collections/StringArrayComparer.cs
FN:23,System.Boolean Wangkanai.Collections.StringArrayComparer::Equals(System.String[],System.String[])
FNDA:0,System.Boolean Wangkanai.Collections.StringArrayComparer::Equals(System.String[],System.String[])
DA:24,0
DA:25,0
DA:26,0
DA:28,0
DA:29,0
DA:31,0
DA:32,0
DA:34,0
DA:35,0
DA:37,0
DA:38,0
DA:39,0
DA:40,0
DA:42,0
DA:43,0
DA:44,0
DA:46,0
DA:47,0
BRDA:25,7,0,0
BRDA:25,7,1,0
BRDA:28,17,0,0
BRDA:28,17,1,0
BRDA:28,28,0,0
BRDA:28,28,1,0
BRDA:31,38,0,0
BRDA:31,38,1,0
BRDA:31,49,0,0
BRDA:31,49,1,0
BRDA:34,70,0,0
BRDA:34,70,1,0
BRDA:37,163,1,0
BRDA:39,91,0,0
BRDA:39,91,1,0
BRDA:39,109,1,0
BRDA:42,139,0,0
BRDA:42,139,1,0
BRDA:39,109,0,0
BRDA:37,163,0,0
FN:54,System.Int32 Wangkanai.Collections.StringArrayComparer::GetHashCode(System.String[])
FNDA:0,System.Int32 Wangkanai.Collections.StringArrayComparer::GetHashCode(System.String[])
DA:55,0
DA:56,0
DA:57,0
DA:59,0
DA:60,0
DA:61,0
DA:63,0
DA:64,0
BRDA:56,7,0,0
BRDA:56,7,1,0
BRDA:60,65,1,0
BRDA:61,31,0,0
BRDA:61,31,1,0
BRDA:60,65,0,0
FN:17,System.Void Wangkanai.Collections.StringArrayComparer::.ctor(System.StringComparer)
FNDA:0,System.Void Wangkanai.Collections.StringArrayComparer::.ctor(System.StringComparer)
DA:18,0
DA:19,0
DA:20,0
DA:21,0
FN:9,System.Void Wangkanai.Collections.StringArrayComparer::.cctor()
FNDA:0,System.Void Wangkanai.Collections.StringArrayComparer::.cctor()
DA:10,0
DA:11,0
LF:32
LH:0
BRF:26
BRH:0
FNF:4
FNH:0
end_of_record
SF:/home/runner/.nuget/packages/microsoft.net.test.sdk/17.13.0/build/netcoreapp3.1/Microsoft.NET.Test.Sdk.Program.cs
FN:3,System.Void AutoGeneratedProgram::Main(System.String[])
FNDA:0,System.Void AutoGeneratedProgram::Main(System.String[])
DA:4,0
LF:1
LH:0
BRF:0
BRH:0
FNF:1
FNH:0
end_of_record
SF:/home/runner/work/wangkanai/wangkanai/Testing/src/DependencyInjection/AssertionBuilderExtensions.cs
FN:14,Wangkanai.Testing.Builders.IAssertionBuilder Microsoft.Extensions.DependencyInjection.AssertionBuilderExtensions::AddRequiredService(Wangkanai.Testing.Builders.IAssertionBuilder)
FNDA:0,Wangkanai.Testing.Builders.IAssertionBuilder Microsoft.Extensions.DependencyInjection.AssertionBuilderExtensions::AddRequiredService(Wangkanai.Testing.Builders.IAssertionBuilder)
DA:15,0
DA:16,0
DA:17,0
DA:18,0
DA:19,0
DA:20,0
DA:21,0
FN:23,Wangkanai.Testing.Builders.IAssertionBuilder Microsoft.Extensions.DependencyInjection.AssertionBuilderExtensions::AddLifetimeService(Wangkanai.Testing.Builders.IAssertionBuilder)
FNDA:0,Wangkanai.Testing.Builders.IAssertionBuilder Microsoft.Extensions.DependencyInjection.AssertionBuilderExtensions::AddLifetimeService(Wangkanai.Testing.Builders.IAssertionBuilder)
DA:24,0
DA:25,0
DA:26,0
DA:27,0
DA:28,0
DA:29,0
FN:31,Wangkanai.Testing.Builders.IAssertionBuilder Microsoft.Extensions.DependencyInjection.AssertionBuilderExtensions::AddMockService(Wangkanai.Testing.Builders.IAssertionBuilder)
FNDA:0,Wangkanai.Testing.Builders.IAssertionBuilder Microsoft.Extensions.DependencyInjection.AssertionBuilderExtensions::AddMockService(Wangkanai.Testing.Builders.IAssertionBuilder)
DA:32,0
DA:33,0
DA:34,0
DA:35,0
FN:38,Wangkanai.Testing.Builders.IAssertionBuilder Microsoft.Extensions.DependencyInjection.AssertionBuilderExtensions::AddMarkerService(Wangkanai.Testing.Builders.IAssertionBuilder)
FNDA:0,Wangkanai.Testing.Builders.IAssertionBuilder Microsoft.Extensions.DependencyInjection.AssertionBuilderExtensions::AddMarkerService(Wangkanai.Testing.Builders.IAssertionBuilder)
DA:39,0
DA:40,0
DA:41,0
DA:42,0
LF:21
LH:0
BRF:0
BRH:0
FNF:4
FNH:0
end_of_record
SF:/home/runner/work/wangkanai/wangkanai/Testing/src/DependencyInjection/AssertionCollectionExtensions.cs
FN:14,Wangkanai.Testing.Builders.IAssertionBuilder Microsoft.Extensions.DependencyInjection.AssertionCollectionExtensions::AddAssertion(Microsoft.Extensions.DependencyInjection.IServiceCollection)
FNDA:0,Wangkanai.Testing.Builders.IAssertionBuilder Microsoft.Extensions.DependencyInjection.AssertionCollectionExtensions::AddAssertion(Microsoft.Extensions.DependencyInjection.IServiceCollection)
DA:15,0
DA:16,0
DA:17,0
DA:18,0
DA:19,0
FN:28,Wangkanai.Testing.Builders.IAssertionBuilder Microsoft.Extensions.DependencyInjection.AssertionCollectionExtensions::AddAssertion(Microsoft.Extensions.DependencyInjection.IServiceCollection,System.Action`1<Wangkanai.Testing.AssertionOptions>)
FNDA:0,Wangkanai.Testing.Builders.IAssertionBuilder Microsoft.Extensions.DependencyInjection.AssertionCollectionExtensions::AddAssertion(Microsoft.Extensions.DependencyInjection.IServiceCollection,System.Action`1<Wangkanai.Testing.AssertionOptions>)
DA:29,0
DA:30,0
FN:33,Wangkanai.Testing.Builders.IAssertionBuilder Microsoft.Extensions.DependencyInjection.AssertionCollectionExtensions::AddAssertionBuilder(Microsoft.Extensions.DependencyInjection.IServiceCollection)
FNDA:0,Wangkanai.Testing.Builders.IAssertionBuilder Microsoft.Extensions.DependencyInjection.AssertionCollectionExtensions::AddAssertionBuilder(Microsoft.Extensions.DependencyInjection.IServiceCollection)
DA:34,0
LF:8
LH:0
BRF:0
BRH:0
FNF:3
FNH:0
end_of_record
SF:/home/runner/work/wangkanai/wangkanai/Testing/src/Extensions/AssertionHelperExtensions.cs
FN:9,System.Void Wangkanai.Testing.AssertionHelperExtensions::AssertServices(System.Collections.Generic.List`1<Microsoft.Extensions.DependencyInjection.ServiceDescriptor>,Microsoft.Extensions.DependencyInjection.IServiceCollection)
FNDA:3,System.Void Wangkanai.Testing.AssertionHelperExtensions::AssertServices(System.Collections.Generic.List`1<Microsoft.Extensions.DependencyInjection.ServiceDescriptor>,Microsoft.Extensions.DependencyInjection.IServiceCollection)
DA:10,3
DA:11,22
DA:12,8
DA:13,8
DA:14,8
DA:15,8
DA:16,8
DA:17,3
BRDA:11,112,1,8
BRDA:11,112,0,3
LF:8
LH:8
BRF:2
BRH:2
FNF:1
FNH:1
end_of_record
SF:/home/runner/work/wangkanai/wangkanai/Testing/src/Services/ScopedService.cs
FN:8,System.DateTime Wangkanai.Testing.ScopedService::get_Start()
FNDA:0,System.DateTime Wangkanai.Testing.ScopedService::get_Start()
DA:9,0
FN:9,System.DateTime Wangkanai.Testing.ScopedService::get_Stop()
FNDA:0,System.DateTime Wangkanai.Testing.ScopedService::get_Stop()
DA:10,0
FN:10,System.TimeSpan Wangkanai.Testing.ScopedService::get_Elapsed()
FNDA:0,System.TimeSpan Wangkanai.Testing.ScopedService::get_Elapsed()
DA:11,0
FN:11,Microsoft.Extensions.DependencyInjection.ServiceLifetime Wangkanai.Testing.ScopedService::get_Lifetime()
FNDA:0,Microsoft.Extensions.DependencyInjection.ServiceLifetime Wangkanai.Testing.ScopedService::get_Lifetime()
DA:12,0
LF:4
LH:0
BRF:0
BRH:0
FNF:4
FNH:0
end_of_record
SF:/home/runner/work/wangkanai/wangkanai/Testing/src/Services/SingletonService.cs
FN:8,System.DateTime Wangkanai.Testing.SingletonService::get_Start()
FNDA:0,System.DateTime Wangkanai.Testing.SingletonService::get_Start()
DA:9,0
FN:9,System.DateTime Wangkanai.Testing.SingletonService::get_Stop()
FNDA:0,System.DateTime Wangkanai.Testing.SingletonService::get_Stop()
DA:10,0
FN:10,System.TimeSpan Wangkanai.Testing.SingletonService::get_Elapsed()
FNDA:0,System.TimeSpan Wangkanai.Testing.SingletonService::get_Elapsed()
DA:11,0
FN:11,Microsoft.Extensions.DependencyInjection.ServiceLifetime Wangkanai.Testing.SingletonService::get_Lifetime()
FNDA:0,Microsoft.Extensions.DependencyInjection.ServiceLifetime Wangkanai.Testing.SingletonService::get_Lifetime()
DA:12,0
LF:4
LH:0
BRF:0
BRH:0
FNF:4
FNH:0
end_of_record
SF:/home/runner/work/wangkanai/wangkanai/Testing/src/Services/TransientService.cs
FN:8,System.DateTime Wangkanai.Testing.TransientService::get_Start()
FNDA:0,System.DateTime Wangkanai.Testing.TransientService::get_Start()
DA:9,0
FN:9,System.DateTime Wangkanai.Testing.TransientService::get_Stop()
FNDA:0,System.DateTime Wangkanai.Testing.TransientService::get_Stop()
DA:10,0
FN:10,System.TimeSpan Wangkanai.Testing.TransientService::get_Elapsed()
FNDA:0,System.TimeSpan Wangkanai.Testing.TransientService::get_Elapsed()
DA:11,0
FN:11,Microsoft.Extensions.DependencyInjection.ServiceLifetime Wangkanai.Testing.TransientService::get_Lifetime()
FNDA:0,Microsoft.Extensions.DependencyInjection.ServiceLifetime Wangkanai.Testing.TransientService::get_Lifetime()
DA:12,0
LF:4
LH:0
BRF:0
BRH:0
FNF:4
FNH:0
end_of_record
SF:/home/runner/work/wangkanai/wangkanai/Testing/src/Builders/AssertionBuilder.cs
FN:16,Microsoft.Extensions.DependencyInjection.IServiceCollection Wangkanai.Testing.Builders.AssertionBuilder::get_Services()
FNDA:0,Microsoft.Extensions.DependencyInjection.IServiceCollection Wangkanai.Testing.Builders.AssertionBuilder::get_Services()
DA:17,0
FN:11,System.Void Wangkanai.Testing.Builders.AssertionBuilder::.ctor(Microsoft.Extensions.DependencyInjection.IServiceCollection)
FNDA:0,System.Void Wangkanai.Testing.Builders.AssertionBuilder::.ctor(Microsoft.Extensions.DependencyInjection.IServiceCollection)
DA:12,0
DA:13,0
LF:3
LH:0
BRF:0
BRH:0
FNF:2
FNH:0
end_of_record